[2025-12-08 20:55:23] INPUT #1 [handler] (+5.102s): {"key":"Down","char":null}
[2025-12-08 20:55:23] INPUT #2 [handler] (+0.534s): {"key":"Enter","char":"\r"}
[2025-12-08 20:55:25] INPUT #3 [handler] (+1.411s): {"key":"Enter","char":"\r"}
[2025-12-08 20:55:27] INPUT #4 [handler] (+1.834s): {"key":"Enter","char":"\r"}
[2025-12-08 20:55:27] INPUT #5 [handler] (+0.441s): {"key":"Down","char":null}
[2025-12-08 20:55:27] INPUT #6 [handler] (+0.459s): {"key":"Enter","char":"\r"}
[2025-12-08 20:55:28] INPUT #7 [handler] (+0.732s): {"key":"Escape","char":"\u001b"}
[2025-12-08 20:55:29] INPUT #8 [handler] (+0.519s): {"key":"Escape","char":"\u001b"}
[2025-12-08 20:55:29] INPUT #9 [handler] (+0.325s): {"key":"Up","char":null}
[2025-12-08 20:55:30] INPUT #10 [handler] (+0.765s): {"key":"Enter","char":"\r"}
[2025-12-08 20:55:31] INPUT #11 [handler] (+1.249s): {"key":"Escape","char":"\u001b"}
[2025-12-08 20:55:32] INPUT #12 [handler] (+0.525s): {"key":"Enter","char":"\r"}
[2025-12-08 20:55:33] INPUT #13 [handler] (+1.023s): {"key":"Down","char":null}
[2025-12-08 20:55:34] INPUT #14 [handler] (+0.954s): {"key":"Enter","char":"\r"}
[2025-12-08 20:55:35] INPUT #15 [handler] (+0.961s): {"key":"Up","char":null}
[2025-12-08 20:55:35] INPUT #16 [handler] (+0.392s): {"key":"Up","char":null}
[2025-12-08 20:55:35] INPUT #17 [handler] (+0.199s): {"key":"Up","char":null}
[2025-12-08 20:55:35] INPUT #18 [handler] (+0.201s): {"key":"Up","char":null}
[2025-12-08 20:55:36] INPUT #19 [handler] (+0.266s): {"key":"Up","char":null}
[2025-12-08 20:55:37] INPUT #20 [handler] (+1.349s): {"key":"Enter","char":"\r"}
[2025-12-08 20:55:37] INPUT #21 [handler] (+0.512s): {"key":"Escape","char":"\u001b"}
[2025-12-08 20:55:38] INPUT #22 [handler] (+0.299s): {"key":"Down","char":null}
[2025-12-08 20:55:38] INPUT #23 [handler] (+0.455s): {"key":"Enter","char":"\r"}
[2025-12-08 20:55:39] INPUT #24 [handler] (+1.067s): {"key":"Escape","char":"\u001b"}
[2025-12-08 20:55:40] INPUT #25 [handler] (+0.323s): {"key":"Down","char":null}
[2025-12-08 20:55:40] INPUT #26 [handler] (+0.216s): {"key":"Down","char":null}
[2025-12-08 20:55:40] INPUT #27 [handler] (+0.333s): {"key":"Enter","char":"\r"}
[2025-12-08 20:55:41] INPUT #28 [handler] (+0.461s): {"key":"Up","char":null}
[2025-12-08 20:55:42] INPUT #29 [handler] (+0.897s): {"key":"Enter","char":"\r"}
[2025-12-08 20:55:43] INPUT #30 [handler] (+1.796s): {"key":"Escape","char":"\u001b"}
[2025-12-08 20:55:45] INPUT #31 [handler] (+1.437s): {"key":"Enter","char":"\r"}
[2025-12-08 20:55:46] INPUT #32 [handler] (+0.865s): {"key":"Up","char":null}
[2025-12-08 20:55:46] INPUT #33 [handler] (+0.387s): {"key":"Up","char":null}
[2025-12-08 20:55:47] INPUT #34 [handler] (+1.234s): {"key":"Enter","char":"\r"}
[2025-12-08 20:55:48] INPUT #35 [handler] (+0.398s): {"key":"Escape","char":"\u001b"}
[2025-12-08 20:55:48] INPUT #36 [handler] (+0.337s): {"key":"Up","char":null}
[2025-12-08 20:55:50] INPUT #37 [handler] (+2.520s) [DELAY: 2.52s - MANUAL INPUT SUSPECTED]: {"key":"Enter","char":"\r"}
[2025-12-08 20:55:51] INPUT #38 [handler] (+0.944s): {"key":"Escape","char":"\u001b"}
[2025-12-08 20:55:52] INPUT #39 [handler] (+0.528s): {"key":"Down","char":null}
[2025-12-08 20:55:52] INPUT #40 [handler] (+0.522s): {"key":"Enter","char":"\r"}
[2025-12-08 20:55:53] INPUT #41 [handler] (+0.579s): {"key":"Enter","char":"\r"}
[2025-12-08 20:55:55] INPUT #42 [handler] (+1.631s): {"key":"Enter","char":"\r"}
[2025-12-08 20:55:55] INPUT #43 [handler] (+0.454s): {"key":"Down","char":null}
[2025-12-08 20:55:56] INPUT #44 [handler] (+0.452s): {"key":"Enter","char":"\r"}
[2025-12-08 20:55:56] INPUT #45 [handler] (+0.632s): {"key":"Down","char":null}
[2025-12-08 20:55:57] INPUT #46 [handler] (+0.322s): {"key":"Escape","char":"\u001b"}
[2025-12-08 20:55:57] INPUT #47 [handler] (+0.592s): {"key":"Escape","char":"\u001b"}
[2025-12-08 20:55:58] INPUT #48 [handler] (+0.826s): {"key":"Enter","char":"\r"}
[2025-12-08 20:55:59] INPUT #49 [handler] (+0.708s): {"key":"Up","char":null}
[2025-12-08 20:56:00] INPUT #50 [handler] (+1.099s): {"key":"Up","char":null}
[2025-12-08 20:56:00] INPUT #51 [handler] (+0.323s): {"key":"Up","char":null}
[2025-12-08 20:56:00] INPUT #52 [handler] (+0.274s): {"key":"Up","char":null}
[2025-12-08 20:56:01] INPUT #53 [handler] (+0.449s): {"key":"Up","char":null}
[2025-12-08 20:56:02] INPUT #54 [handler] (+0.961s): {"key":"Down","char":null}
[2025-12-08 20:56:04] INPUT #55 [handler] (+1.759s): {"key":"Up","char":null}
[2025-12-08 20:56:04] INPUT #56 [handler] (+0.652s): {"key":"Up","char":null}
[2025-12-08 20:56:05] INPUT #57 [handler] (+0.401s): {"key":"Up","char":null}
[2025-12-08 20:56:05] INPUT #58 [handler] (+0.643s): {"key":"Up","char":null}
[2025-12-08 20:56:06] INPUT #59 [handler] (+0.394s): {"key":"Enter","char":"\r"}
[2025-12-08 20:56:07] INPUT #60 [handler] (+1.062s): {"key":"Up","char":null}
[2025-12-08 20:56:08] INPUT #61 [handler] (+1.119s): {"key":"Enter","char":"\r"}
[2025-12-08 20:56:08] INPUT #62 [handler] (+0.402s): {"key":"Up","char":null}
[2025-12-08 20:56:08] INPUT #63 [handler] (+0.263s): {"key":"Escape","char":"\u001b"}
[2025-12-08 20:56:09] INPUT #64 [handler] (+0.385s): {"key":"Up","char":null}
[2025-12-08 20:56:10] INPUT #65 [handler] (+1.444s): {"key":"Enter","char":"\r"}
[2025-12-08 20:56:11] INPUT #66 [handler] (+1.086s): {"key":"Enter","char":"\r"}
[2025-12-08 20:56:12] INPUT #67 [handler] (+0.629s): {"key":"Down","char":null}
[2025-12-08 20:56:13] INPUT #68 [handler] (+0.654s): {"key":"Enter","char":"\r"}
[2025-12-08 20:56:13] INPUT #69 [handler] (+0.469s): {"key":"Up","char":null}
[2025-12-08 20:56:13] INPUT #70 [handler] (+0.278s): {"key":"Up","char":null}
[2025-12-08 20:56:15] INPUT #71 [handler] (+1.506s): {"key":"Enter","char":"\r"}
[2025-12-08 20:56:15] INPUT #72 [handler] (+0.383s): {"key":"Up","char":null}
[2025-12-08 20:56:16] INPUT #73 [handler] (+0.517s): {"key":"Enter","char":"\r"}
[2025-12-08 20:56:16] INPUT #74 [handler] (+0.333s): {"key":"Escape","char":"\u001b"}
[2025-12-08 20:56:17] INPUT #75 [handler] (+0.340s): {"key":"Up","char":null}
[2025-12-08 20:56:18] INPUT #76 [handler] (+1.153s): {"key":"Enter","char":"\r"}
[2025-12-08 20:56:18] INPUT #77 [handler] (+0.506s): {"key":"Down","char":null}
[2025-12-08 20:56:18] INPUT #78 [handler] (+0.327s): {"key":"Enter","char":"\r"}
[2025-12-08 20:56:19] INPUT #79 [handler] (+0.395s): {"key":"Up","char":null}
[2025-12-08 20:56:19] INPUT #80 [handler] (+0.463s): {"key":"Escape","char":"\u001b"}
[2025-12-08 20:56:20] INPUT #81 [handler] (+0.501s): {"key":"Down","char":null}
[2025-12-08 20:56:20] INPUT #82 [handler] (+0.392s): {"key":"Enter","char":"\r"}
[2025-12-08 20:56:21] INPUT #83 [handler] (+0.578s): {"key":"Up","char":null}
[2025-12-08 20:56:21] INPUT #84 [handler] (+0.589s): {"key":"Enter","char":"\r"}
[2025-12-08 20:56:22] INPUT #85 [handler] (+0.533s): {"key":"Escape","char":"\u001b"}
[2025-12-08 20:56:22] INPUT #86 [handler] (+0.387s): {"key":"Up","char":null}
[2025-12-08 20:56:25] INPUT #87 [handler] (+3.105s) [DELAY: 3.10s - MANUAL INPUT SUSPECTED]: {"key":"Enter","char":"\r"}
[2025-12-08 20:56:26] INPUT #88 [handler] (+0.479s): {"key":"Up","char":null}
[2025-12-08 20:56:26] INPUT #89 [handler] (+0.261s): {"key":"Escape","char":"\u001b"}
[2025-12-08 20:56:27] INPUT #90 [handler] (+0.812s): {"key":"Down","char":null}
[2025-12-08 20:56:30] INPUT #91 [handler] (+2.538s) [DELAY: 2.54s - MANUAL INPUT SUSPECTED]: {"key":"Char","char":"1"}
[2025-12-08 20:56:30] INPUT #92 [handler] (+0.442s): {"key":"Enter","char":"\r"}
[2025-12-08 20:56:32] INPUT #93 [handler] (+1.716s): {"key":"Char","char":"3"}
[2025-12-08 20:56:33] INPUT #94 [handler] (+1.420s): {"key":"Enter","char":"\r"}
[2025-12-08 20:56:34] INPUT #95 [handler] (+0.650s): {"key":"Char","char":"3"}
[2025-12-08 20:56:34] INPUT #96 [handler] (+0.203s): {"key":"Char","char":"4"}
[2025-12-08 20:56:35] INPUT #97 [handler] (+0.826s): {"key":"Char","char":"3"}
[2025-12-08 20:56:36] INPUT #98 [handler] (+1.278s): {"key":"Enter","char":"\r"}
[2025-12-08 20:56:39] INPUT #99 [handler] (+2.623s) [DELAY: 2.62s - MANUAL INPUT SUSPECTED]: {"key":"Char","char":"4"}
[2025-12-08 20:56:39] INPUT #100 [handler] (+0.198s): {"key":"Char","char":"3"}
[2025-12-08 20:56:39] INPUT #101 [handler] (+0.150s): {"key":"Char","char":"2"}
[2025-12-08 20:56:40] INPUT #102 [handler] (+0.534s): {"key":"Enter","char":"\r"}
[2025-12-08 20:56:42] INPUT #103 [handler] (+1.969s): {"key":"Char","char":"6"}
[2025-12-08 20:56:43] INPUT #104 [handler] (+1.378s): {"key":"Enter","char":"\r"}
[2025-12-08 20:56:48] INPUT #105 [handler] (+4.970s) [DELAY: 4.97s - MANUAL INPUT SUSPECTED]: {"key":"Escape","char":"\u001b"}
[2025-12-08 20:56:50] INPUT #106 [handler] (+2.183s) [DELAY: 2.18s - MANUAL INPUT SUSPECTED]: {"key":"Up","char":null}
[2025-12-08 20:56:50] INPUT #107 [handler] (+0.252s): {"key":"Down","char":null}
[2025-12-08 20:56:51] INPUT #108 [handler] (+0.252s): {"key":"Up","char":null}
[2025-12-08 20:56:51] INPUT #109 [handler] (+0.145s): {"key":"Down","char":null}
[2025-12-08 20:56:51] INPUT #110 [handler] (+0.133s): {"key":"Up","char":null}
[2025-12-08 20:56:51] INPUT #111 [handler] (+0.196s): {"key":"Down","char":null}
[2025-12-08 20:56:51] INPUT #112 [handler] (+0.138s): {"key":"Up","char":null}
[2025-12-08 20:56:51] INPUT #113 [handler] (+0.133s): {"key":"Down","char":null}
[2025-12-08 20:56:51] INPUT #114 [handler] (+0.150s): {"key":"Up","char":null}
[2025-12-08 20:56:52] INPUT #115 [handler] (+0.134s): {"key":"Down","char":null}
[2025-12-08 20:56:52] INPUT #116 [handler] (+0.086s): {"key":"Up","char":null}
[2025-12-08 20:56:52] INPUT #117 [handler] (+0.149s): {"key":"Down","char":null}
[2025-12-08 20:56:52] INPUT #118 [handler] (+0.132s): {"key":"Up","char":null}
[2025-12-08 20:56:52] INPUT #119 [handler] (+0.134s): {"key":"Down","char":null}
[2025-12-08 20:56:52] INPUT #120 [handler] (+0.134s): {"key":"Up","char":null}
[2025-12-08 20:56:52] INPUT #121 [handler] (+0.151s): {"key":"Down","char":null}
[2025-12-08 20:56:53] INPUT #122 [handler] (+0.130s): {"key":"Up","char":null}
[2025-12-08 20:56:53] INPUT #123 [handler] (+0.139s): {"key":"Down","char":null}
[2025-12-08 20:56:53] INPUT #124 [handler] (+0.078s): {"key":"Up","char":null}
[2025-12-08 20:56:53] INPUT #125 [handler] (+0.139s): {"key":"Down","char":null}
[2025-12-08 20:56:53] INPUT #126 [handler] (+0.140s): {"key":"Up","char":null}
[2025-12-08 20:56:53] INPUT #127 [handler] (+0.140s): {"key":"Down","char":null}
[2025-12-08 20:56:53] INPUT #128 [handler] (+0.078s): {"key":"Up","char":null}
[2025-12-08 20:56:53] INPUT #129 [handler] (+0.140s): {"key":"Down","char":null}
[2025-12-08 20:56:54] INPUT #130 [handler] (+0.140s): {"key":"Up","char":null}
[2025-12-08 20:56:54] INPUT #131 [handler] (+0.077s): {"key":"Down","char":null}
[2025-12-08 20:56:54] INPUT #132 [handler] (+0.138s): {"key":"Up","char":null}
[2025-12-08 20:56:54] INPUT #133 [handler] (+0.078s): {"key":"Down","char":null}
[2025-12-08 20:56:54] INPUT #134 [handler] (+0.141s): {"key":"Up","char":null}
[2025-12-08 20:56:54] INPUT #135 [handler] (+0.138s): {"key":"Down","char":null}
[2025-12-08 20:56:54] INPUT #136 [handler] (+0.139s): {"key":"Up","char":null}
[2025-12-08 20:56:54] INPUT #137 [handler] (+0.138s): {"key":"Down","char":null}
[2025-12-08 20:56:54] INPUT #138 [handler] (+0.135s): {"key":"Up","char":null}
[2025-12-08 20:56:55] INPUT #139 [handler] (+0.076s): {"key":"Down","char":null}
[2025-12-08 20:56:55] INPUT #140 [handler] (+0.132s): {"key":"Up","char":null}
[2025-12-08 20:56:55] INPUT #141 [handler] (+0.133s): {"key":"Down","char":null}
[2025-12-08 20:56:55] INPUT #142 [handler] (+0.133s): {"key":"Up","char":null}
[2025-12-08 20:56:55] INPUT #143 [handler] (+0.133s): {"key":"Down","char":null}
[2025-12-08 20:56:55] INPUT #144 [handler] (+0.086s): {"key":"Up","char":null}
[2025-12-08 20:56:55] INPUT #145 [handler] (+0.131s): {"key":"Down","char":null}
[2025-12-08 20:56:55] INPUT #146 [handler] (+0.149s): {"key":"Up","char":null}
[2025-12-08 20:56:56] INPUT #147 [handler] (+0.133s): {"key":"Down","char":null}
[2025-12-08 20:56:56] INPUT #148 [handler] (+0.134s): {"key":"Up","char":null}
[2025-12-08 20:56:56] INPUT #149 [handler] (+0.148s): {"key":"Down","char":null}
[2025-12-08 20:56:56] INPUT #150 [handler] (+0.071s): {"key":"Up","char":null}
[2025-12-08 20:56:56] INPUT #151 [handler] (+0.195s): {"key":"Down","char":null}
[2025-12-08 20:56:56] INPUT #152 [handler] (+0.137s): {"key":"Up","char":null}
[2025-12-08 20:56:56] INPUT #153 [handler] (+0.150s): {"key":"Down","char":null}
[2025-12-08 20:56:57] INPUT #154 [handler] (+0.146s): {"key":"Up","char":null}
[2025-12-08 20:56:57] INPUT #155 [handler] (+0.263s): {"key":"Down","char":null}
[2025-12-08 20:56:57] INPUT #156 [handler] (+0.264s): {"key":"Up","char":null}
[2025-12-08 20:56:57] INPUT #157 [handler] (+0.141s): {"key":"Down","char":null}
[2025-12-08 20:56:57] INPUT #158 [handler] (+0.139s): {"key":"Up","char":null}
[2025-12-08 20:56:58] INPUT #159 [handler] (+0.203s): {"key":"Down","char":null}
[2025-12-08 20:56:58] INPUT #160 [handler] (+0.078s): {"key":"Up","char":null}
[2025-12-08 20:56:58] INPUT #161 [handler] (+0.140s): {"key":"Down","char":null}
[2025-12-08 20:56:58] INPUT #162 [handler] (+0.140s): {"key":"Up","char":null}
[2025-12-08 20:56:58] INPUT #163 [handler] (+0.138s): {"key":"Down","char":null}
[2025-12-08 20:56:58] INPUT #164 [handler] (+0.142s): {"key":"Up","char":null}
[2025-12-08 20:56:58] INPUT #165 [handler] (+0.141s): {"key":"Down","char":null}
[2025-12-08 20:56:59] INPUT #166 [handler] (+0.139s): {"key":"Up","char":null}
[2025-12-08 20:56:59] INPUT #167 [handler] (+0.256s): {"key":"Up","char":null}
[2025-12-08 20:56:59] INPUT #168 [handler] (+0.137s): {"key":"Down","char":null}
[2025-12-08 20:56:59] INPUT #169 [handler] (+0.132s): {"key":"Up","char":null}
[2025-12-08 20:56:59] INPUT #170 [handler] (+0.186s): {"key":"Down","char":null}
[2025-12-08 20:56:59] INPUT #171 [handler] (+0.149s): {"key":"Up","char":null}
[2025-12-08 20:57:00] INPUT #172 [handler] (+0.147s): {"key":"Down","char":null}
[2025-12-08 20:57:00] INPUT #173 [handler] (+0.135s): {"key":"Up","char":null}
[2025-12-08 20:57:00] INPUT #174 [handler] (+0.151s): {"key":"Down","char":null}
[2025-12-08 20:57:00] INPUT #175 [handler] (+0.133s): {"key":"Up","char":null}
[2025-12-08 20:57:00] INPUT #176 [handler] (+0.214s): {"key":"Up","char":null}
[2025-12-08 20:57:00] INPUT #177 [handler] (+0.267s): {"key":"Up","char":null}
[2025-12-08 20:57:01] INPUT #178 [handler] (+0.266s): {"key":"Down","char":null}
[2025-12-08 20:57:02] INPUT #179 [handler] (+1.188s): {"key":"Enter","char":"\r"}
[2025-12-08 20:57:04] INPUT #180 [handler] (+2.001s) [DELAY: 2.00s - MANUAL INPUT SUSPECTED]: {"key":"Up","char":null}
[2025-12-08 20:57:05] INPUT #181 [handler] (+0.640s): {"key":"Down","char":null}
[2025-12-08 20:57:05] INPUT #182 [handler] (+0.845s): {"key":"Down","char":null}
[2025-12-08 20:57:06] INPUT #183 [handler] (+0.330s): {"key":"Down","char":null}
[2025-12-08 20:57:07] INPUT #184 [handler] (+0.953s): {"key":"Enter","char":"\r"}
[2025-12-08 20:57:07] INPUT #185 [handler] (+0.532s): {"key":"Up","char":null}
[2025-12-08 20:57:08] INPUT #186 [handler] (+0.339s): {"key":"Up","char":null}
[2025-12-08 20:57:08] INPUT #187 [handler] (+0.259s): {"key":"Up","char":null}
[2025-12-08 20:57:08] INPUT #188 [handler] (+0.086s): {"key":"Escape","char":"\u001b"}
[2025-12-08 20:57:09] INPUT #189 [handler] (+0.719s): {"key":"Escape","char":"\u001b"}
[2025-12-08 20:57:09] INPUT #190 [handler] (+0.456s): {"key":"Up","char":null}
[2025-12-08 20:57:10] INPUT #191 [handler] (+1.357s): {"key":"Down","char":null}
[2025-12-08 20:57:11] INPUT #192 [handler] (+0.254s): {"key":"Enter","char":"\r"}
[2025-12-08 20:57:12] INPUT #193 [handler] (+1.116s): {"key":"Up","char":null}
[2025-12-08 20:57:15] INPUT #194 [handler] (+3.234s) [DELAY: 3.23s - MANUAL INPUT SUSPECTED]: {"key":"Enter","char":"\r"}
[2025-12-08 20:57:17] INPUT #195 [handler] (+1.524s): {"key":"Q","char":"q"}
[2025-12-08 21:06:14] INPUT #1 [handler] (+1.930s): {"key":"Up","char":null}
[2025-12-08 21:06:15] INPUT #2 [handler] (+0.200s): {"key":"Up","char":null}
[2025-12-08 21:06:15] INPUT #3 [handler] (+0.264s): {"key":"Up","char":null}
[2025-12-08 21:06:15] INPUT #4 [handler] (+0.201s): {"key":"Up","char":null}
[2025-12-08 21:06:16] INPUT #5 [handler] (+0.521s): {"key":"Enter","char":"\r"}
[2025-12-08 21:06:17] INPUT #6 [handler] (+1.816s): {"key":"Enter","char":"\r"}
[2025-12-08 21:06:18] INPUT #7 [handler] (+0.832s): {"key":"Escape","char":"\u001b"}
[2025-12-08 21:06:19] INPUT #8 [handler] (+1.065s): {"key":"Up","char":null}
[2025-12-08 21:06:20] INPUT #9 [handler] (+0.142s): {"key":"Enter","char":"\r"}
[2025-12-08 21:06:20] INPUT #10 [handler] (+0.696s): {"key":"Enter","char":"\r"}
[2025-12-08 21:06:21] INPUT #11 [handler] (+0.972s): {"key":"Enter","char":"\r"}
[2025-12-08 21:06:24] INPUT #12 [handler] (+2.639s) [DELAY: 2.64s - MANUAL INPUT SUSPECTED]: {"key":"Escape","char":"\u001b"}
[2025-12-08 21:06:24] INPUT #13 [handler] (+0.262s): {"key":"Escape","char":"\u001b"}
[2025-12-08 21:06:28] INPUT #14 [handler] (+3.824s) [DELAY: 3.82s - MANUAL INPUT SUSPECTED]: {"key":"Q","char":"q"}
[2025-12-08 21:11:24] INPUT #1 [handler] (+1.520s): {"key":"Enter","char":"\r"}
[2025-12-08 21:11:25] INPUT #2 [handler] (+0.779s): {"key":"Down","char":null}
[2025-12-08 21:11:25] INPUT #3 [handler] (+0.578s): {"key":"Up","char":null}
[2025-12-08 21:11:26] INPUT #4 [handler] (+0.278s): {"key":"Up","char":null}
[2025-12-08 21:11:27] INPUT #5 [handler] (+1.618s): {"key":"Up","char":null}
[2025-12-08 21:11:28] INPUT #6 [handler] (+0.222s): {"key":"Up","char":null}
[2025-12-08 21:11:28] INPUT #7 [handler] (+0.199s): {"key":"Up","char":null}
[2025-12-08 21:11:28] INPUT #8 [handler] (+0.202s): {"key":"Up","char":null}
[2025-12-08 21:11:29] INPUT #9 [handler] (+0.895s): {"key":"Up","char":null}
[2025-12-08 21:11:29] INPUT #10 [handler] (+0.269s): {"key":"Up","char":null}
[2025-12-08 21:11:29] INPUT #11 [handler] (+0.272s): {"key":"Up","char":null}
[2025-12-08 21:11:30] INPUT #12 [handler] (+0.751s): {"key":"Down","char":null}
[2025-12-08 21:11:30] INPUT #13 [handler] (+0.216s): {"key":"Enter","char":"\r"}
[2025-12-08 21:11:31] INPUT #14 [handler] (+0.723s): {"key":"Up","char":null}
[2025-12-08 21:11:31] INPUT #15 [handler] (+0.281s): {"key":"Up","char":null}
[2025-12-08 21:11:32] INPUT #16 [handler] (+0.528s): {"key":"Up","char":null}
[2025-12-08 21:11:32] INPUT #17 [handler] (+0.279s): {"key":"Up","char":null}
[2025-12-08 21:11:32] INPUT #18 [handler] (+0.218s): {"key":"Up","char":null}
[2025-12-08 21:11:33] INPUT #19 [handler] (+0.268s): {"key":"Up","char":null}
[2025-12-08 21:11:33] INPUT #20 [handler] (+0.251s): {"key":"Up","char":null}
[2025-12-08 21:11:33] INPUT #21 [handler] (+0.251s): {"key":"Up","char":null}
[2025-12-08 21:11:34] INPUT #22 [handler] (+0.318s): {"key":"Up","char":null}
[2025-12-08 21:11:35] INPUT #23 [handler] (+1.513s): {"key":"Enter","char":"\r"}
[2025-12-08 21:11:36] INPUT #24 [handler] (+0.765s): {"key":"Up","char":null}
[2025-12-08 21:11:36] INPUT #25 [handler] (+0.385s): {"key":"Char","char":"1"}
[2025-12-08 21:11:37] INPUT #26 [handler] (+0.745s): {"key":"Char","char":"1"}
[2025-12-08 21:11:48] INPUT #27 [handler] (+11.132s) [DELAY: 11.13s - MANUAL INPUT SUSPECTED]: {"key":"Enter","char":"\r"}
[2025-12-08 21:11:51] INPUT #28 [handler] (+2.738s) [DELAY: 2.74s - MANUAL INPUT SUSPECTED]: {"key":"Escape","char":"\u001b"}
[2025-12-08 21:11:53] INPUT #29 [handler] (+2.282s) [DELAY: 2.28s - MANUAL INPUT SUSPECTED]: {"key":"Enter","char":"\r"}
[2025-12-08 21:11:55] INPUT #30 [handler] (+1.957s): {"key":"Down","char":null}
[2025-12-08 21:11:55] INPUT #31 [handler] (+0.311s): {"key":"Down","char":null}
[2025-12-08 21:11:56] INPUT #32 [handler] (+0.251s): {"key":"Down","char":null}
[2025-12-08 21:11:56] INPUT #33 [handler] (+0.253s): {"key":"Down","char":null}
[2025-12-08 21:11:57] INPUT #34 [handler] (+1.125s): {"key":"Enter","char":"\r"}
[2025-12-08 21:11:57] INPUT #35 [handler] (+0.330s): {"key":"Escape","char":"\u001b"}
[2025-12-08 21:11:58] INPUT #36 [handler] (+0.633s): {"key":"Down","char":null}
[2025-12-08 21:11:58] INPUT #37 [handler] (+0.220s): {"key":"Down","char":null}
[2025-12-08 21:11:58] INPUT #38 [handler] (+0.141s): {"key":"Enter","char":"\r"}
[2025-12-08 21:11:59] INPUT #39 [handler] (+0.592s): {"key":"Down","char":null}
[2025-12-08 21:11:59] INPUT #40 [handler] (+0.468s): {"key":"Up","char":null}
[2025-12-08 21:12:00] INPUT #41 [handler] (+0.280s): {"key":"Up","char":null}
[2025-12-08 21:12:01] INPUT #42 [handler] (+1.203s): {"key":"Enter","char":"\r"}
[2025-12-08 21:12:01] INPUT #43 [handler] (+0.323s): {"key":"Escape","char":"\u001b"}
[2025-12-08 21:12:02] INPUT #44 [handler] (+0.775s): {"key":"Down","char":null}
[2025-12-08 21:12:02] INPUT #45 [handler] (+0.211s): {"key":"Down","char":null}
[2025-12-08 21:12:03] INPUT #46 [handler] (+0.878s): {"key":"Down","char":null}
[2025-12-08 21:12:05] INPUT #47 [handler] (+1.853s): {"key":"Enter","char":"\r"}
[2025-12-08 21:12:05] INPUT #48 [handler] (+0.282s): {"key":"Escape","char":"\u001b"}
[2025-12-08 21:12:12] INPUT #49 [handler] (+6.556s) [DELAY: 6.56s - MANUAL INPUT SUSPECTED]: {"key":"Q","char":"q"}
[2025-12-08 21:17:20] INPUT #1 [handler] (+1.267s): {"key":"Enter","char":"\r"}
[2025-12-08 21:17:21] INPUT #2 [handler] (+0.982s): {"key":"Enter","char":"\r"}
[2025-12-08 21:17:21] INPUT #3 [handler] (+0.397s): {"key":"Down","char":null}
[2025-12-08 21:17:22] INPUT #4 [handler] (+0.458s): {"key":"Up","char":null}
[2025-12-08 21:17:23] INPUT #5 [handler] (+0.828s): {"key":"Enter","char":"\r"}
[2025-12-08 21:17:23] INPUT #6 [handler] (+0.455s): {"key":"Down","char":null}
[2025-12-08 21:17:24] INPUT #7 [handler] (+0.809s): {"key":"Enter","char":"\r"}
[2025-12-08 21:17:24] INPUT #8 [handler] (+0.451s): {"key":"Down","char":null}
[2025-12-08 21:17:26] INPUT #9 [handler] (+1.657s): {"key":"Escape","char":"\u001b"}
[2025-12-08 21:17:26] INPUT #10 [handler] (+0.262s): {"key":"Down","char":null}
[2025-12-08 21:17:27] INPUT #11 [handler] (+0.325s): {"key":"Enter","char":"\r"}
[2025-12-08 21:17:27] INPUT #12 [handler] (+0.591s): {"key":"Up","char":null}
[2025-12-08 21:17:27] INPUT #13 [handler] (+0.029s): {"key":"Down","char":null}
[2025-12-08 21:17:28] INPUT #14 [handler] (+0.391s): {"key":"Up","char":null}
[2025-12-08 21:17:28] INPUT #15 [handler] (+0.646s): {"key":"Enter","char":"\r"}
[2025-12-08 21:17:29] INPUT #16 [handler] (+0.329s): {"key":"Escape","char":"\u001b"}
[2025-12-08 21:17:29] INPUT #17 [handler] (+0.374s): {"key":"Down","char":null}
[2025-12-08 21:17:29] INPUT #18 [handler] (+0.400s): {"key":"Down","char":null}
[2025-12-08 21:17:30] INPUT #19 [handler] (+0.201s): {"key":"Enter","char":"\r"}
[2025-12-08 21:17:30] INPUT #20 [handler] (+0.380s): {"key":"Up","char":null}
[2025-12-08 21:17:30] INPUT #21 [handler] (+0.252s): {"key":"Up","char":null}
[2025-12-08 21:17:30] INPUT #22 [handler] (+0.201s): {"key":"Up","char":null}
[2025-12-08 21:17:31] INPUT #23 [handler] (+0.200s): {"key":"Up","char":null}
[2025-12-08 21:17:31] INPUT #24 [handler] (+0.434s): {"key":"Enter","char":"\r"}
[2025-12-08 21:17:31] INPUT #25 [handler] (+0.395s): {"key":"Down","char":null}
[2025-12-08 21:17:32] INPUT #26 [handler] (+0.284s): {"key":"Escape","char":"\u001b"}
[2025-12-08 21:17:32] INPUT #27 [handler] (+0.317s): {"key":"Down","char":null}
[2025-12-08 21:17:32] INPUT #28 [handler] (+0.265s): {"key":"Down","char":null}
[2025-12-08 21:17:33] INPUT #29 [handler] (+0.254s): {"key":"Down","char":null}
[2025-12-08 21:17:34] INPUT #30 [handler] (+1.497s): {"key":"Enter","char":"\r"}
[2025-12-08 21:17:34] INPUT #31 [handler] (+0.367s): {"key":"Up","char":null}
[2025-12-08 21:17:35] INPUT #32 [handler] (+0.271s): {"key":"Escape","char":"\u001b"}
[2025-12-08 21:17:36] INPUT #33 [handler] (+1.484s): {"key":"Q","char":"q"}
[2025-12-08 21:29:27] INPUT #1 [handler] (+3.442s): {"key":"Down","char":null}
[2025-12-08 21:29:27] INPUT #2 [handler] (+0.217s): {"key":"Down","char":null}
[2025-12-08 21:29:27] INPUT #3 [handler] (+0.275s): {"key":"Down","char":null}
