[2025-12-11 11:21:05] MENU FRAME Selected=0 Count=2 Path=mainUI
  >>> [1] (option) About
      [2] (option) Test
[2025-12-11 11:21:14] MENU FRAME Selected=0 Count=2 Path=mainUI
  >>> [1] (option) About
      [2] (option) Test
[2025-12-11 11:21:41] MENU FRAME Selected=0 Count=2 Path=mainUI
  >>> [1] (option) About
      [2] (option) Test
[2025-12-11 11:44:30] MENU FRAME Selected=0 Count=2 Path=mainUI
  >>> [1] (option) About
      [2] (option) Test
[2025-12-11 11:44:36] MENU FRAME Selected=1 Count=2 Path=mainUI
      [1] (option) About
  >>> [2] (option) Test
[2025-12-11 11:48:57] MENU FRAME Selected=0 Count=2 Path=mainUI
  >>> [1] (option) About
      [2] (option) Test
[2025-12-11 11:48:59] MENU FRAME Selected=1 Count=2 Path=mainUI
      [1] (option) About
  >>> [2] (option) Test
[2025-12-11 11:48:59] MENU FRAME Selected=0 Count=2 Path=mainUI
  >>> [1] (option) About
      [2] (option) Test
[2025-12-11 11:49:00] MENU FRAME Selected=0 Count=2 Path=mainUI
  >>> [1] (option) About
      [2] (option) Test
[2025-12-11 11:49:01] MENU FRAME Selected=1 Count=2 Path=mainUI
      [1] (option) About
  >>> [2] (option) Test
[2025-12-11 11:49:02] MENU FRAME Selected=1 Count=2 Path=mainUI
      [1] (option) About
  >>> [2] (option) Test
[2025-12-11 11:49:42] MENU FRAME Selected=0 Count=2 Path=mainUI
  >>> [1] (option) About
      [2] (option) Test
[2025-12-11 11:49:50] MENU FRAME Selected=0 Count=2 Path=mainUI
  >>> [1] (option) About
      [2] (option) Test
[2025-12-11 11:49:50] MENU FRAME Selected=1 Count=2 Path=mainUI
      [1] (option) About
  >>> [2] (option) Test
[2025-12-11 11:49:55] MENU FRAME Selected=0 Count=2 Path=mainUI
  >>> [1] (option) About
      [2] (option) Test
[2025-12-11 11:49:56] MENU FRAME Selected=0 Count=2 Path=mainUI
  >>> [1] (option) About
      [2] (option) Test
[2025-12-11 11:49:58] MENU FRAME Selected=1 Count=2 Path=mainUI
      [1] (option) About
  >>> [2] (option) Test
[2025-12-11 11:49:58] MENU FRAME Selected=1 Count=2 Path=mainUI
      [1] (option) About
  >>> [2] (option) Test
[2025-12-11 11:50:13] MENU FRAME Selected=1 Count=2 Path=mainUI
      [1] (option) About
  >>> [2] (option) Test
[2025-12-11 11:50:17] MENU FRAME Selected=1 Count=2 Path=mainUI
      [1] (option) About
  >>> [2] (option) Test
[2025-12-11 11:50:17] MENU FRAME Selected=0 Count=2 Path=mainUI
  >>> [1] (option) About
      [2] (option) Test
[2025-12-11 11:50:20] MENU FRAME Selected=0 Count=2 Path=mainUI
  >>> [1] (option) About
      [2] (option) Test
[2025-12-11 11:50:20] MENU FRAME Selected=1 Count=2 Path=mainUI
      [1] (option) About
  >>> [2] (option) Test
[2025-12-11 11:50:28] MENU FRAME Selected=0 Count=2 Path=mainUI
  >>> [1] (option) About
      [2] (option) Test
[2025-12-11 11:50:42] MENU FRAME Selected=0 Count=2 Path=mainUI
  >>> [1] (option) About
      [2] (option) Test
[2025-12-11 11:50:51] MENU FRAME Selected=0 Count=2 Path=mainUI
  >>> [1] (option) About
      [2] (option) Test
