**********************
Windows PowerShell transcript start
Start time: 20251212213826
Username: THEHULK\cmand
RunAs User: THEHULK\cmand
Configuration Name: 
Machine: THEHULK (Microsoft Windows NT 10.0.26200.0)
Host Application: powershell -NoProfile -ExecutionPolicy Bypass -File powershell\termUI.ps1 --test-file _debug\test_basic.json
Process ID: 31188
PSVersion: 5.1.26100.7462
PSEdition: Desktop
PSCompatibleVersions: 1.0, 2.0, 3.0, 4.0, 5.0, 5.1.26100.7462
BuildVersion: 10.0.26100.7462
CLRVersion: 4.0.30319.42000
WSManStackVersion: 3.0
PSRemotingProtocolVersion: 2.3
SerializationVersion: 1.1.0.1
**********************
[DEBUG] Initializing settings...
[DEBUG] Loading menu tree...
[2J[H
=== termUI
1.5.7
 ===
Path: mainUI

> [1] (option) About
  [2] (option) Test

[Up/Down] Navigate  [#] Quick Select  [Escape] Back  [Q] Quit

========================================
 SELECTED: About
 Path: mainUI/About
========================================
[2J[H
=== About termUI ===
A lightweight terminal UI framework for PowerShell

This is the standalone termUI framework.
Programs using termUI create their own buttons via InitializeButtons.ps1

[2J[H
=== termUI
1.5.7
 ===
Path: mainUI

> [1] (option) About
  [2] (option) Test

[Up/Down] Navigate  [#] Quick Select  [Escape] Back  [Q] Quit
**********************
Windows PowerShell transcript end
End time: 20251212213828
**********************
