[2025-12-08 22:55:18] INFO: Running in interactive mode (no subprocess)
[2025-12-08 22:55:25] INFO: Running in interactive mode (no subprocess)
[2025-12-08 23:10:27] INFO: Running in interactive mode (no subprocess)
[2025-12-08 23:11:30] INFO: Running in interactive mode (no subprocess)
[2025-12-08 23:11:57] INFO: Running in interactive mode (no subprocess)
[2025-12-08 23:12:02] INFO: Entered submenu: mainUI/SettingsCommand
[2025-12-08 23:12:04] INFO: Entered submenu: mainUI/SettingsCommand/Operation
[2025-12-08 23:12:06] INFO: Navigated back to: mainUI/SettingsCommand
[2025-12-08 23:12:06] INFO: Navigated back to: mainUI
[2025-12-08 23:13:52] INFO: User quit with Q key (handler-mapped)
[2025-12-08 23:21:46] INFO: Running in interactive mode (no subprocess)
[2025-12-08 23:21:49] INFO: Entered submenu: mainUI/Settings
[2025-12-08 23:21:53] INFO: Navigated back to: mainUI
[2025-12-08 23:21:56] INFO: Entered submenu: mainUI/Settings
[2025-12-08 23:21:59] INFO: Navigated back to: mainUI
[2025-12-08 23:22:00] INFO: User quit with Q key (handler-mapped)
[2025-12-08 23:22:10] INFO: Running in interactive mode (no subprocess)
[2025-12-08 23:22:22] INFO: Entered submenu: mainUI/Settings
[2025-12-08 23:22:26] INFO: Navigated back to: mainUI
[2025-12-08 23:24:17] INFO: Running in interactive mode (no subprocess)
[2025-12-08 23:24:20] INFO: Entered submenu: mainUI/Settings
[2025-12-08 23:24:22] INFO: Navigated back to: mainUI
[2025-12-08 23:24:34] INFO: Entered submenu: mainUI/Tools
[2025-12-08 23:24:36] INFO: Entered submenu: mainUI/Tools/Backup
[2025-12-08 23:24:37] INFO: Selected option: mainUI/Tools/Backup/one
[2025-12-08 23:24:40] INFO: Navigated back to: mainUI/Tools
[2025-12-08 23:24:40] INFO: Navigated back to: mainUI
[2025-12-08 23:24:41] INFO: Entered submenu: mainUI/Settings
[2025-12-08 23:24:41] INFO: Entered submenu: mainUI/Settings/Logging
[2025-12-08 23:24:42] INFO: Navigated back to: mainUI/Settings
[2025-12-08 23:24:42] INFO: Navigated back to: mainUI
[2025-12-08 23:24:43] INFO: Entered submenu: mainUI/TextInput
[2025-12-08 23:24:46] INFO: Input button 'NumberA' received: 3232
[2025-12-08 23:24:51] INFO: Input button 'UserName' received: 2
[2025-12-08 23:24:53] INFO: Navigated back to: mainUI
[2025-12-08 23:24:53] INFO: Entered submenu: mainUI/Settings
[2025-12-08 23:24:54] INFO: Entered submenu: mainUI/Settings/Logging
[2025-12-08 23:24:54] INFO: Entered submenu: mainUI/Settings/Logging/Debugging
[2025-12-08 23:24:57] INFO: Navigated back to: mainUI/Settings/Logging
[2025-12-08 23:24:57] INFO: Navigated back to: mainUI/Settings
[2025-12-08 23:24:58] INFO: Navigated back to: mainUI
[2025-12-08 23:25:36] INFO: User quit with Q key (handler-mapped)
[2025-12-08 23:33:02] INFO: Running in interactive mode (no subprocess)
[2025-12-08 23:34:32] INFO: Running in interactive mode (no subprocess)
[2025-12-08 23:37:47] INFO: Running in interactive mode (no subprocess)
[2025-12-08 23:39:38] INFO: Started input handler in TEST mode: C:\Users\cmand\OneDrive\Desktop\cmd\termUI\_debug\test_navigation_simple.txt (buffered 8 events)
[2025-12-08 23:39:38] INFO: Entered submenu: mainUI/TextInput
[2025-12-08 23:39:49] INFO: Input button 'NumberA' received: pp
[2025-12-08 23:39:49] INFO: Navigated back to: mainUI
[2025-12-08 23:39:49] INFO: User quit with Q key (handler-mapped)
[2025-12-08 23:39:55] INFO: Started input handler in TEST mode: C:\Users\cmand\OneDrive\Desktop\cmd\termUI\_debug\test_navigation_simple.txt (buffered 8 events)
[2025-12-08 23:39:55] INFO: Entered submenu: mainUI/TextInput
[2025-12-08 23:39:59] INFO: Input button 'NumberA' received: p
[2025-12-08 23:39:59] INFO: Navigated back to: mainUI
[2025-12-08 23:39:59] INFO: User quit with Q key (handler-mapped)
[2025-12-08 23:40:47] INFO: Started input handler in TEST mode: C:\Users\cmand\OneDrive\Desktop\cmd\termUI\_debug\test_text_input.txt (buffered 19 events)
[2025-12-08 23:40:47] INFO: Entered submenu: mainUI/Tools
[2025-12-08 23:40:47] INFO: Entered submenu: mainUI/Tools/Backup
[2025-12-08 23:40:47] INFO: Selected option: mainUI/Tools/Backup/one
[2025-12-08 23:40:47] INFO: Navigated back to: mainUI/Tools
[2025-12-08 23:40:48] INFO: Navigated back to: mainUI
[2025-12-08 23:40:48] INFO: User quit with Q key (handler-mapped)
[2025-12-08 23:41:07] INFO: Started input handler in TEST mode: C:\Users\cmand\OneDrive\Desktop\cmd\termUI\_debug\test_full_workflow.txt (buffered 13 events)
[2025-12-08 23:41:07] INFO: Entered submenu: mainUI/Settings
[2025-12-08 23:41:08] INFO: Entered submenu: mainUI/Settings/Logging
[2025-12-08 23:41:08] INFO: Entered submenu: mainUI/Settings/Logging/Debugging
[2025-12-08 23:41:08] INFO: Selected option: mainUI/Settings/Logging/Debugging/error
[2025-12-08 23:41:08] INFO: Navigated back to: mainUI/Settings/Logging
[2025-12-08 23:41:08] INFO: Navigated back to: mainUI/Settings
[2025-12-08 23:41:08] INFO: Navigated back to: mainUI
[2025-12-08 23:41:08] INFO: User quit with Q key (handler-mapped)
[2025-12-08 23:43:50] INFO: Started input handler in TEST mode: C:\Users\cmand\OneDrive\Desktop\cmd\termUI\_debug\test_navigation_simple.txt (buffered 8 events)
[2025-12-08 23:43:50] INFO: Entered submenu: mainUI/TextInput
[2025-12-08 23:43:50] INFO: Input button 'NumberA' received: 
[2025-12-08 23:43:50] INFO: Navigated back to: mainUI
[2025-12-08 23:43:50] INFO: User quit with Q key (handler-mapped)
[2025-12-08 23:43:57] INFO: Started input handler in TEST mode: C:\Users\cmand\OneDrive\Desktop\cmd\termUI\_debug\test_full_workflow.txt (buffered 13 events)
[2025-12-08 23:43:57] INFO: Entered submenu: mainUI/Settings
[2025-12-08 23:43:57] INFO: Entered submenu: mainUI/Settings/Logging
[2025-12-08 23:43:57] INFO: Entered submenu: mainUI/Settings/Logging/Debugging
[2025-12-08 23:43:57] INFO: Selected option: mainUI/Settings/Logging/Debugging/error
[2025-12-08 23:43:57] INFO: Navigated back to: mainUI/Settings/Logging
[2025-12-08 23:43:57] INFO: Navigated back to: mainUI/Settings
[2025-12-08 23:43:58] INFO: Navigated back to: mainUI
[2025-12-08 23:43:58] INFO: User quit with Q key (handler-mapped)
[2025-12-08 23:46:52] INFO: Started input handler in TEST mode: C:\Users\cmand\OneDrive\Desktop\cmd\termUI\_debug\test_navigation_simple.txt (buffered 8 events)
[2025-12-08 23:46:53] INFO: Entered submenu: mainUI/TextInput
[2025-12-08 23:46:53] INFO: Input button 'NumberA' received: 
[2025-12-08 23:46:53] INFO: Navigated back to: mainUI
[2025-12-08 23:46:53] INFO: User quit with Q key (handler-mapped)
[2025-12-08 23:47:14] INFO: Started input handler in TEST mode: C:\Users\cmand\OneDrive\Desktop\cmd\termUI\_debug\test_navigation_simple.txt (buffered 8 events)
[2025-12-08 23:47:14] INFO: Entered submenu: mainUI/TextInput
[2025-12-08 23:47:14] INFO: Input button 'NumberA' received: 
[2025-12-08 23:47:14] INFO: Navigated back to: mainUI
[2025-12-08 23:47:14] INFO: User quit with Q key (handler-mapped)
[2025-12-08 23:48:47] INFO: Running in interactive mode (no subprocess)
[2025-12-08 23:48:49] INFO: Entered submenu: mainUI/Tools
[2025-12-08 23:48:50] INFO: Entered submenu: mainUI/Tools/Backup
[2025-12-08 23:48:51] INFO: Selected option: mainUI/Tools/Backup/one
[2025-12-08 23:48:53] INFO: Navigated back to: mainUI/Tools
[2025-12-08 23:48:54] INFO: Navigated back to: mainUI
[2025-12-08 23:48:57] INFO: Entered submenu: mainUI/TextInput
[2025-12-08 23:49:01] INFO: Input button 'NumberA' received: 45435
