2025-12-05 22:20:37	Settings Manager started
2025-12-05 22:20:37	Created empty settings.ini
2025-12-05 22:20:37	Loaded settings from C:\Users\cmand\OneDrive\Desktop\cmd\settings\settings.ini
2025-12-05 22:20:44	User input: 1
2025-12-05 22:20:46	User input: 2
2025-12-05 22:20:52	User input: 3
2025-12-05 22:21:16	Added new setting: gen.printVal = helloworld
2025-12-05 22:21:16	Saved settings to C:\Users\cmand\OneDrive\Desktop\cmd\settings\settings.ini
2025-12-05 22:21:25	User input: 3
2025-12-05 22:21:45	Added new setting: gen.printAmt = 10
2025-12-05 22:21:45	Saved settings to C:\Users\cmand\OneDrive\Desktop\cmd\settings\settings.ini
2025-12-05 22:21:51	User input: 6
2025-12-05 22:21:53	DEBUG: Debug mode enabled by user
2025-12-05 22:21:57	User input: 3
2025-12-05 22:22:56	Added new setting: gen.printRandomNumberToo = true
2025-12-05 22:22:56	Saved settings to C:\Users\cmand\OneDrive\Desktop\cmd\settings\settings.ini
2025-12-05 22:23:00	User input: 6
2025-12-05 22:23:02	User input: q
2025-12-05 22:23:02	Settings Manager exited normally
2025-12-05 22:23:02	Cleanup: Starting cleanup procedure
2025-12-05 22:23:02	Cleanup: Cleanup procedure completed
[2025-12-05 22:31:35.780] [INFO] Settings Manager started
[2025-12-05 22:31:35.823] [INFO] Loaded settings from C:\Users\cmand\OneDrive\Desktop\cmd\settings\settings.ini
[2025-12-05 22:31:35.921] [OPERATION] OPERATION=USER_INPUT | INPUT=3 | OUTPUT= | CONTEXT=
Enter choice | STATUS=RECEIVED | DETAILS=
[2025-12-05 22:31:35.924] [INFO] User input: 3
[2025-12-05 22:31:35.934] [OPERATION] OPERATION=USER_INPUT | INPUT=General | OUTPUT= | CONTEXT=Enter section name (General/Logging/Advanced or custom) | STATUS=RECEIVED | DETAILS=
[2025-12-05 22:31:35.937] [OPERATION] OPERATION=USER_INPUT | INPUT=printVal | OUTPUT= | CONTEXT=Enter setting key | STATUS=RECEIVED | DETAILS=
[2025-12-05 22:31:35.942] [OPERATION] OPERATION=USER_INPUT | INPUT=Hello from Settings Manager! | OUTPUT= | CONTEXT=Enter value | STATUS=RECEIVED | DETAILS=
[2025-12-05 22:31:35.948] [OPERATION] OPERATION=USER_INPUT | INPUT=The value to print when test program runs | OUTPUT= | CONTEXT=Enter description | STATUS=RECEIVED | DETAILS=
[2025-12-05 22:31:35.971] [OPERATION] OPERATION=ADD_SETTING | INPUT= | OUTPUT= | CONTEXT=General | STATUS=SECTION_CREATED | DETAILS=
[2025-12-05 22:31:35.984] [OPERATION] OPERATION=ADD_SETTING | INPUT=Hello from Settings Manager! | OUTPUT= | CONTEXT=General.printVal | STATUS=SUCCESS | DETAILS=Description: The value to print when test program runs
[2025-12-05 22:31:35.987] [INFO] Added new setting: General.printVal = Hello from Settings Manager!
[2025-12-05 22:31:36.063] [OPERATION] OPERATION=SAVE_SETTINGS | INPUT= | OUTPUT=C:\Users\cmand\OneDrive\Desktop\cmd\settings\settings.ini | CONTEXT=4 settings | STATUS=SUCCESS | DETAILS=File size: 391 bytes, Lines: 12
[2025-12-05 22:31:36.065] [INFO] Saved settings to C:\Users\cmand\OneDrive\Desktop\cmd\settings\settings.ini (4 settings, 12 lines, 391 bytes)
[2025-12-05 22:31:36.088] [OPERATION] OPERATION=USER_INPUT | INPUT=5 | OUTPUT= | CONTEXT=
Enter choice | STATUS=RECEIVED | DETAILS=
[2025-12-05 22:31:36.090] [INFO] User input: 5
[2025-12-05 22:31:36.101] [OPERATION] OPERATION=SAVE_SETTINGS | INPUT= | OUTPUT=C:\Users\cmand\OneDrive\Desktop\cmd\settings\settings.ini | CONTEXT=4 settings | STATUS=SUCCESS | DETAILS=File size: 391 bytes, Lines: 12
[2025-12-05 22:31:36.105] [INFO] Saved settings to C:\Users\cmand\OneDrive\Desktop\cmd\settings\settings.ini (4 settings, 12 lines, 391 bytes)
[2025-12-05 22:31:36.126] [OPERATION] OPERATION=USER_INPUT | INPUT=q | OUTPUT= | CONTEXT=
Enter choice | STATUS=RECEIVED | DETAILS=
[2025-12-05 22:31:36.129] [INFO] User input: q
[2025-12-05 22:31:36.132] [INFO] Settings Manager exited normally
[2025-12-05 22:31:36.139] [INFO] Cleanup: Starting cleanup procedure
[2025-12-05 22:31:36.144] [INFO] Cleanup: Cleanup procedure completed
[2025-12-05 22:31:42.284] [INFO] Settings Manager started
[2025-12-05 22:31:42.330] [INFO] Loaded settings from C:\Users\cmand\OneDrive\Desktop\cmd\settings\settings.ini
[2025-12-05 22:31:42.423] [OPERATION] OPERATION=USER_INPUT | INPUT=3 | OUTPUT= | CONTEXT=
Enter choice | STATUS=RECEIVED | DETAILS=
[2025-12-05 22:31:42.423] [INFO] User input: 3
[2025-12-05 22:31:42.441] [OPERATION] OPERATION=USER_INPUT | INPUT=General | OUTPUT= | CONTEXT=Enter section name (General/Logging/Advanced or custom) | STATUS=RECEIVED | DETAILS=
[2025-12-05 22:31:42.442] [OPERATION] OPERATION=USER_INPUT | INPUT=printAmount | OUTPUT= | CONTEXT=Enter setting key | STATUS=RECEIVED | DETAILS=
[2025-12-05 22:31:42.445] [OPERATION] OPERATION=USER_INPUT | INPUT=5 | OUTPUT= | CONTEXT=Enter value | STATUS=RECEIVED | DETAILS=
[2025-12-05 22:31:42.451] [OPERATION] OPERATION=USER_INPUT | INPUT=Number of times to print the value | OUTPUT= | CONTEXT=Enter description | STATUS=RECEIVED | DETAILS=
[2025-12-05 22:31:42.477] [OPERATION] OPERATION=ADD_SETTING | INPUT=5 | OUTPUT= | CONTEXT=General.printAmount | STATUS=SUCCESS | DETAILS=Description: Number of times to print the value
[2025-12-05 22:31:42.484] [INFO] Added new setting: General.printAmount = 5
[2025-12-05 22:31:42.552] [OPERATION] OPERATION=SAVE_SETTINGS | INPUT= | OUTPUT=C:\Users\cmand\OneDrive\Desktop\cmd\settings\settings.ini | CONTEXT=5 settings | STATUS=SUCCESS | DETAILS=File size: 444 bytes, Lines: 13
[2025-12-05 22:31:42.562] [INFO] Saved settings to C:\Users\cmand\OneDrive\Desktop\cmd\settings\settings.ini (5 settings, 13 lines, 444 bytes)
[2025-12-05 22:31:42.579] [OPERATION] OPERATION=USER_INPUT | INPUT=5 | OUTPUT= | CONTEXT=
Enter choice | STATUS=RECEIVED | DETAILS=
[2025-12-05 22:31:42.585] [INFO] User input: 5
[2025-12-05 22:31:42.596] [OPERATION] OPERATION=SAVE_SETTINGS | INPUT= | OUTPUT=C:\Users\cmand\OneDrive\Desktop\cmd\settings\settings.ini | CONTEXT=5 settings | STATUS=SUCCESS | DETAILS=File size: 444 bytes, Lines: 13
[2025-12-05 22:31:42.596] [INFO] Saved settings to C:\Users\cmand\OneDrive\Desktop\cmd\settings\settings.ini (5 settings, 13 lines, 444 bytes)
[2025-12-05 22:31:42.619] [OPERATION] OPERATION=USER_INPUT | INPUT=q | OUTPUT= | CONTEXT=
Enter choice | STATUS=RECEIVED | DETAILS=
[2025-12-05 22:31:42.621] [INFO] User input: q
[2025-12-05 22:31:42.624] [INFO] Settings Manager exited normally
[2025-12-05 22:31:42.629] [INFO] Cleanup: Starting cleanup procedure
[2025-12-05 22:31:42.636] [INFO] Cleanup: Cleanup procedure completed
[2025-12-05 22:31:54.135] [INFO] Settings Manager started
[2025-12-05 22:31:54.196] [INFO] Loaded settings from C:\Users\cmand\OneDrive\Desktop\cmd\settings\settings.ini
[2025-12-05 22:31:54.323] [OPERATION] OPERATION=USER_INPUT | INPUT=6 | OUTPUT= | CONTEXT=
Enter choice | STATUS=RECEIVED | DETAILS=
[2025-12-05 22:31:54.327] [INFO] User input: 6
[2025-12-05 22:31:54.339] [INFO] DEBUG: Running test program
[2025-12-05 22:31:55.052] [OPERATION] OPERATION=USER_INPUT | INPUT=admin | OUTPUT= | CONTEXT=
Enter choice | STATUS=RECEIVED | DETAILS=
[2025-12-05 22:31:55.055] [INFO] User input: admin
[2025-12-05 22:31:55.083] [OPERATION] OPERATION=USER_INPUT | INPUT=6 | OUTPUT= | CONTEXT=
Enter choice | STATUS=RECEIVED | DETAILS=
[2025-12-05 22:31:55.087] [INFO] User input: 6
[2025-12-05 22:31:55.098] [INFO] DEBUG: Running test program
[2025-12-05 22:31:55.769] [OPERATION] OPERATION=USER_INPUT | INPUT=q | OUTPUT= | CONTEXT=
Enter choice | STATUS=RECEIVED | DETAILS=
[2025-12-05 22:31:55.773] [INFO] User input: q
[2025-12-05 22:31:55.777] [INFO] Settings Manager exited normally
[2025-12-05 22:31:55.784] [INFO] Cleanup: Starting cleanup procedure
[2025-12-05 22:31:55.789] [INFO] Cleanup: Cleanup procedure completed
[2025-12-05 22:32:40.685] [INFO] Settings Manager started
[2025-12-05 22:32:40.742] [INFO] Loaded settings from C:\Users\cmand\OneDrive\Desktop\cmd\settings\settings.ini
[2025-12-05 22:32:40.854] [OPERATION] OPERATION=USER_INPUT | INPUT=6 | OUTPUT= | CONTEXT=
Enter choice | STATUS=RECEIVED | DETAILS=
[2025-12-05 22:32:40.859] [INFO] User input: 6
[2025-12-05 22:32:40.870] [INFO] DEBUG: Running test program
[2025-12-05 22:32:41.652] [OPERATION] OPERATION=USER_INPUT | INPUT=q | OUTPUT= | CONTEXT=
Enter choice | STATUS=RECEIVED | DETAILS=
[2025-12-05 22:32:41.655] [INFO] User input: q
[2025-12-05 22:32:41.659] [INFO] Settings Manager exited normally
[2025-12-05 22:32:41.665] [INFO] Cleanup: Starting cleanup procedure
[2025-12-05 22:32:41.672] [INFO] Cleanup: Cleanup procedure completed
[2025-12-05 22:32:55.670] [INFO] Settings Manager started
[2025-12-05 22:32:55.719] [INFO] Loaded settings from C:\Users\cmand\OneDrive\Desktop\cmd\settings\settings.ini
[2025-12-05 22:32:55.827] [OPERATION] OPERATION=USER_INPUT | INPUT=6 | OUTPUT= | CONTEXT=
Enter choice | STATUS=RECEIVED | DETAILS=
[2025-12-05 22:32:55.831] [INFO] User input: 6
[2025-12-05 22:32:55.841] [INFO] DEBUG: Running test program
[2025-12-05 22:32:56.692] [OPERATION] OPERATION=USER_INPUT | INPUT=q | OUTPUT= | CONTEXT=
Enter choice | STATUS=RECEIVED | DETAILS=
[2025-12-05 22:32:56.695] [INFO] User input: q
[2025-12-05 22:32:56.699] [INFO] Settings Manager exited normally
[2025-12-05 22:32:56.706] [INFO] Cleanup: Starting cleanup procedure
[2025-12-05 22:32:56.711] [INFO] Cleanup: Cleanup procedure completed
[2025-12-05 22:34:38.374] [INFO] Settings Manager started
[2025-12-05 22:34:38.430] [INFO] Loaded settings from C:\Users\cmand\OneDrive\Desktop\cmd\settings\settings.ini
[2025-12-05 22:34:57.623] [OPERATION] OPERATION=USER_INPUT | INPUT=1 | OUTPUT= | CONTEXT=
Enter choice | STATUS=RECEIVED | DETAILS=
[2025-12-05 22:34:57.627] [INFO] User input: 1
[2025-12-05 22:35:06.631] [OPERATION] OPERATION=USER_INPUT | INPUT=6 | OUTPUT= | CONTEXT=
Enter choice | STATUS=RECEIVED | DETAILS=
[2025-12-05 22:35:06.634] [INFO] User input: 6
[2025-12-05 22:35:06.639] [INFO] DEBUG: Running test program
[2025-12-05 22:35:15.392] [OPERATION] OPERATION=USER_INPUT | INPUT=2 | OUTPUT= | CONTEXT=
Enter choice | STATUS=RECEIVED | DETAILS=
[2025-12-05 22:35:15.395] [INFO] User input: 2
[2025-12-05 22:35:32.049] [OPERATION] OPERATION=USER_INPUT | INPUT=4 | OUTPUT= | CONTEXT=Enter number (or Q to cancel) | STATUS=RECEIVED | DETAILS=
[2025-12-05 22:35:42.927] [OPERATION] OPERATION=USER_INPUT | INPUT=2 | OUTPUT= | CONTEXT=Enter choice | STATUS=RECEIVED | DETAILS=
[2025-12-05 22:35:47.334] [OPERATION] OPERATION=USER_INPUT | INPUT=10 | OUTPUT= | CONTEXT=Enter new value | STATUS=RECEIVED | DETAILS=
[2025-12-05 22:35:47.342] [INFO] Updated setting value: General.printAmount = 10
[2025-12-05 22:35:47.443] [OPERATION] OPERATION=SAVE_SETTINGS | INPUT= | OUTPUT=C:\Users\cmand\OneDrive\Desktop\cmd\settings\settings.ini | CONTEXT=5 settings | STATUS=SUCCESS | DETAILS=File size: 445 bytes, Lines: 13
[2025-12-05 22:35:47.449] [INFO] Saved settings to C:\Users\cmand\OneDrive\Desktop\cmd\settings\settings.ini (5 settings, 13 lines, 445 bytes)
[2025-12-05 22:35:50.785] [OPERATION] OPERATION=USER_INPUT | INPUT=6 | OUTPUT= | CONTEXT=
Enter choice | STATUS=RECEIVED | DETAILS=
[2025-12-05 22:35:50.788] [INFO] User input: 6
[2025-12-05 22:35:50.797] [INFO] DEBUG: Running test program
[2025-12-05 22:36:01.212] [OPERATION] OPERATION=USER_INPUT | INPUT=q | OUTPUT= | CONTEXT=
Enter choice | STATUS=RECEIVED | DETAILS=
[2025-12-05 22:36:01.222] [INFO] User input: q
[2025-12-05 22:36:01.227] [INFO] Settings Manager exited normally
[2025-12-05 22:36:01.236] [INFO] Cleanup: Starting cleanup procedure
[2025-12-05 22:36:01.242] [INFO] Cleanup: Cleanup procedure completed
[2025-12-05 22:40:12.730] [INFO] Settings Manager started
[2025-12-05 22:40:12.773] [INFO] Loaded settings from C:\Users\cmand\OneDrive\Desktop\cmd\settings\settings.ini
[2025-12-05 22:40:12.886] [OPERATION] OPERATION=USER_INPUT | INPUT=7 | OUTPUT= | CONTEXT=
Enter choice | STATUS=RECEIVED | DETAILS=
[2025-12-05 22:40:12.890] [INFO] User input: 7
[2025-12-05 22:40:12.945] [OPERATION] OPERATION=USER_INPUT | INPUT=<NULL_OR_EMPTY> | OUTPUT= | CONTEXT=
Select setting to edit | STATUS=RECEIVED | DETAILS=
[2025-12-05 22:40:12.977] [OPERATION] OPERATION=USER_INPUT | INPUT=<NULL_OR_EMPTY> | OUTPUT= | CONTEXT=
Enter choice | STATUS=RECEIVED | DETAILS=
[2025-12-05 22:40:12.981] [INFO] Settings Manager exited (empty input or pipe exhausted)
[2025-12-05 22:40:12.989] [INFO] Cleanup: Starting cleanup procedure
[2025-12-05 22:40:12.996] [INFO] Cleanup: Cleanup procedure completed
[2025-12-05 22:40:20.274] [INFO] Settings Manager started
[2025-12-05 22:40:20.322] [INFO] Loaded settings from C:\Users\cmand\OneDrive\Desktop\cmd\settings\settings.ini
[2025-12-05 22:40:20.431] [OPERATION] OPERATION=USER_INPUT | INPUT=7 | OUTPUT= | CONTEXT=
Enter choice | STATUS=RECEIVED | DETAILS=
[2025-12-05 22:40:20.438] [INFO] User input: 7
[2025-12-05 22:40:20.493] [OPERATION] OPERATION=USER_INPUT | INPUT=1 | OUTPUT= | CONTEXT=
Select setting to edit | STATUS=RECEIVED | DETAILS=
[2025-12-05 22:40:20.500] [OPERATION] OPERATION=USER_INPUT | INPUT=false | OUTPUT= | CONTEXT=Enter new value for debug_mode | STATUS=RECEIVED | DETAILS=
[2025-12-05 22:40:20.528] [INFO] DEBUG: Updated internal setting debug_mode from 'True' to 'false'
[2025-12-05 22:40:20.549] [OPERATION] OPERATION=USER_INPUT | INPUT=8 | OUTPUT= | CONTEXT=
Enter choice | STATUS=RECEIVED | DETAILS=
[2025-12-05 22:40:20.554] [INFO] User input: 8
[2025-12-05 22:40:20.559] [INFO] Settings Manager exited normally
[2025-12-05 22:40:20.566] [INFO] Cleanup: Starting cleanup procedure
[2025-12-05 22:40:20.572] [INFO] Cleanup: Cleanup procedure completed
[2025-12-05 22:40:26.143] [INFO] Settings Manager started
[2025-12-05 22:40:26.250] [INFO] Loaded settings from C:\Users\cmand\OneDrive\Desktop\cmd\settings\settings.ini
[2025-12-05 22:40:26.364] [OPERATION] OPERATION=USER_INPUT | INPUT=7 | OUTPUT= | CONTEXT=
Enter choice | STATUS=RECEIVED | DETAILS=
[2025-12-05 22:40:26.370] [INFO] User input: 7
[2025-12-05 22:40:26.378] [INFO] Settings Manager exited normally
[2025-12-05 22:40:26.384] [INFO] Cleanup: Starting cleanup procedure
[2025-12-05 22:40:26.389] [INFO] Cleanup: Cleanup procedure completed
[2025-12-05 22:40:31.678] [INFO] Settings Manager started
[2025-12-05 22:40:31.724] [INFO] Loaded settings from C:\Users\cmand\OneDrive\Desktop\cmd\settings\settings.ini
[2025-12-05 22:40:31.826] [OPERATION] OPERATION=USER_INPUT | INPUT=6 | OUTPUT= | CONTEXT=
Enter choice | STATUS=RECEIVED | DETAILS=
[2025-12-05 22:40:31.832] [INFO] User input: 6
[2025-12-05 22:40:31.840] [OPERATION] OPERATION=USER_INPUT | INPUT=<PASSWORD_MASKED> | OUTPUT= | CONTEXT=Enter admin password | STATUS=RECEIVED | DETAILS=
[2025-12-05 22:40:31.852] [INFO] DEBUG: Debug mode enabled by user
[2025-12-05 22:40:31.888] [OPERATION] OPERATION=USER_INPUT | INPUT=8 | OUTPUT= | CONTEXT=
Enter choice | STATUS=RECEIVED | DETAILS=
[2025-12-05 22:40:31.892] [INFO] User input: 8
[2025-12-05 22:40:31.897] [INFO] Settings Manager exited normally
[2025-12-05 22:40:31.905] [INFO] Cleanup: Starting cleanup procedure
[2025-12-05 22:40:31.911] [INFO] Cleanup: Cleanup procedure completed
[2025-12-05 22:45:55.566] [INFO] Settings Manager started
[2025-12-05 22:45:55.631] [INFO] Loaded settings from C:\Users\cmand\OneDrive\Desktop\cmd\settings\settings.ini
[2025-12-05 22:45:55.732] [OPERATION] OPERATION=USER_INPUT | INPUT=7 | OUTPUT= | CONTEXT=
Enter choice | STATUS=RECEIVED | DETAILS=
[2025-12-05 22:45:55.738] [INFO] User input: 7
[2025-12-05 22:45:55.747] [INFO] Settings Manager exited normally
[2025-12-05 22:45:55.756] [INFO] Cleanup: Starting cleanup procedure
[2025-12-05 22:45:55.762] [INFO] Cleanup: Created run_space directory
[2025-12-05 22:45:55.770] [INFO] Cleanup: Cleanup procedure completed
[2025-12-05 22:53:48.460] [INFO] Settings Manager started
[2025-12-05 22:53:48.487] [INFO] Created empty settings.ini
[2025-12-05 22:53:48.532] [INFO] Loaded settings from C:\Users\cmand\OneDrive\Desktop\cmd\settings\settings.ini
[2025-12-05 22:53:52.154] [OPERATION] OPERATION=USER_INPUT | INPUT=6 | OUTPUT= | CONTEXT=
Enter choice | STATUS=RECEIVED | DETAILS=
[2025-12-05 22:53:52.168] [INFO] User input: 6
[2025-12-05 22:53:54.770] [OPERATION] OPERATION=USER_INPUT | INPUT=<PASSWORD_MASKED> | OUTPUT= | CONTEXT=Enter admin password | STATUS=RECEIVED | DETAILS=
[2025-12-05 22:53:54.820] [INFO] DEBUG: Debug mode enabled by user
[2025-12-05 22:53:56.867] [OPERATION] OPERATION=USER_INPUT | INPUT=7 | OUTPUT= | CONTEXT=
Enter choice | STATUS=RECEIVED | DETAILS=
[2025-12-05 22:53:56.869] [INFO] User input: 7
[2025-12-05 22:53:58.745] [OPERATION] OPERATION=USER_INPUT | INPUT=7 | OUTPUT= | CONTEXT=
Select setting to edit | STATUS=RECEIVED | DETAILS=
[2025-12-05 22:54:05.015] [OPERATION] OPERATION=USER_INPUT | INPUT=<PASSWORD_MASKED> | OUTPUT= | CONTEXT=Enter current admin password | STATUS=RECEIVED | DETAILS=
[2025-12-05 22:54:05.020] [INFO] WARN: Failed admin password change attempt (incorrect current password)
[2025-12-05 22:54:10.989] [OPERATION] OPERATION=USER_INPUT | INPUT=7 | OUTPUT= | CONTEXT=
Enter choice | STATUS=RECEIVED | DETAILS=
[2025-12-05 22:54:10.989] [INFO] User input: 7
[2025-12-05 22:54:12.502] [OPERATION] OPERATION=USER_INPUT | INPUT=7 | OUTPUT= | CONTEXT=
Select setting to edit | STATUS=RECEIVED | DETAILS=
[2025-12-05 22:54:15.314] [OPERATION] OPERATION=USER_INPUT | INPUT=<PASSWORD_MASKED> | OUTPUT= | CONTEXT=Enter current admin password | STATUS=RECEIVED | DETAILS=
[2025-12-05 22:54:18.982] [OPERATION] OPERATION=USER_INPUT | INPUT=<PASSWORD_MASKED> | OUTPUT= | CONTEXT=Enter new value for admin_password | STATUS=RECEIVED | DETAILS=
[2025-12-05 22:54:19.016] [INFO] DEBUG: Updated internal setting admin_password from 'admin' to 'advanced admin'
[2025-12-05 22:54:28.430] [OPERATION] OPERATION=USER_INPUT | INPUT=1 | OUTPUT= | CONTEXT=
Enter choice | STATUS=RECEIVED | DETAILS=
[2025-12-05 22:54:28.434] [INFO] User input: 1
[2025-12-05 22:54:33.443] [OPERATION] OPERATION=USER_INPUT | INPUT=6 | OUTPUT= | CONTEXT=
Enter choice | STATUS=RECEIVED | DETAILS=
[2025-12-05 22:54:33.456] [INFO] User input: 6
[2025-12-05 22:54:33.497] [INFO] DEBUG: Test program aborted - missing required settings
[2025-12-05 22:54:52.796] [OPERATION] OPERATION=USER_INPUT | INPUT=3 | OUTPUT= | CONTEXT=
Enter choice | STATUS=RECEIVED | DETAILS=
[2025-12-05 22:54:52.801] [INFO] User input: 3
[2025-12-05 22:54:57.444] [OPERATION] OPERATION=USER_INPUT | INPUT=General | OUTPUT= | CONTEXT=Enter section name (General/Logging/Advanced or custom) | STATUS=RECEIVED | DETAILS=
[2025-12-05 22:55:03.599] [OPERATION] OPERATION=USER_INPUT | INPUT=printVal | OUTPUT= | CONTEXT=Enter setting key | STATUS=RECEIVED | DETAILS=
[2025-12-05 22:55:17.429] [OPERATION] OPERATION=USER_INPUT | INPUT=Hello AI GUIDED MEEEEEEE | OUTPUT= | CONTEXT=Enter value | STATUS=RECEIVED | DETAILS=
[2025-12-05 22:55:27.121] [OPERATION] OPERATION=USER_INPUT | INPUT=Prints the value | OUTPUT= | CONTEXT=Enter description | STATUS=RECEIVED | DETAILS=
[2025-12-05 22:55:27.151] [OPERATION] OPERATION=ADD_SETTING | INPUT= | OUTPUT= | CONTEXT=General | STATUS=SECTION_CREATED | DETAILS=
[2025-12-05 22:55:27.162] [OPERATION] OPERATION=ADD_SETTING | INPUT=Hello AI GUIDED MEEEEEEE | OUTPUT= | CONTEXT=General.printVal | STATUS=SUCCESS | DETAILS=Description: Prints the value
[2025-12-05 22:55:27.165] [INFO] Added new setting: General.printVal = Hello AI GUIDED MEEEEEEE
[2025-12-05 22:55:27.251] [OPERATION] OPERATION=SAVE_SETTINGS | INPUT= | OUTPUT=C:\Users\cmand\OneDrive\Desktop\cmd\settings\settings.ini | CONTEXT=1 settings | STATUS=SUCCESS | DETAILS=File size: 194 bytes, Lines: 7
[2025-12-05 22:55:27.255] [INFO] Saved settings to C:\Users\cmand\OneDrive\Desktop\cmd\settings\settings.ini (1 settings, 7 lines, 194 bytes)
[2025-12-05 22:55:32.011] [OPERATION] OPERATION=USER_INPUT | INPUT=3 | OUTPUT= | CONTEXT=
Enter choice | STATUS=RECEIVED | DETAILS=
[2025-12-05 22:55:32.015] [INFO] User input: 3
[2025-12-05 22:55:35.992] [OPERATION] OPERATION=USER_INPUT | INPUT=General | OUTPUT= | CONTEXT=Enter section name (General/Logging/Advanced or custom) | STATUS=RECEIVED | DETAILS=
[2025-12-05 22:55:59.257] [OPERATION] OPERATION=USER_INPUT | INPUT=printAmount | OUTPUT= | CONTEXT=Enter setting key | STATUS=RECEIVED | DETAILS=
[2025-12-05 22:56:02.614] [OPERATION] OPERATION=USER_INPUT | INPUT=20 | OUTPUT= | CONTEXT=Enter value | STATUS=RECEIVED | DETAILS=
[2025-12-05 22:56:08.865] [OPERATION] OPERATION=USER_INPUT | INPUT=prints specified times | OUTPUT= | CONTEXT=Enter description | STATUS=RECEIVED | DETAILS=
[2025-12-05 22:56:08.871] [OPERATION] OPERATION=ADD_SETTING | INPUT=20 | OUTPUT= | CONTEXT=General.printAmount | STATUS=SUCCESS | DETAILS=Description: prints specified times
[2025-12-05 22:56:08.874] [INFO] Added new setting: General.printAmount = 20
[2025-12-05 22:56:08.918] [OPERATION] OPERATION=SAVE_SETTINGS | INPUT= | OUTPUT=C:\Users\cmand\OneDrive\Desktop\cmd\settings\settings.ini | CONTEXT=2 settings | STATUS=SUCCESS | DETAILS=File size: 236 bytes, Lines: 8
[2025-12-05 22:56:08.921] [INFO] Saved settings to C:\Users\cmand\OneDrive\Desktop\cmd\settings\settings.ini (2 settings, 8 lines, 236 bytes)
[2025-12-05 22:56:11.396] [OPERATION] OPERATION=USER_INPUT | INPUT=6 | OUTPUT= | CONTEXT=
Enter choice | STATUS=RECEIVED | DETAILS=
[2025-12-05 22:56:11.429] [INFO] User input: 6
[2025-12-05 22:56:11.436] [INFO] DEBUG: Running test program
[2025-12-05 22:56:19.914] [OPERATION] OPERATION=USER_INPUT | INPUT=1 | OUTPUT= | CONTEXT=
Enter choice | STATUS=RECEIVED | DETAILS=
[2025-12-05 22:56:19.917] [INFO] User input: 1
[2025-12-05 22:56:28.865] [OPERATION] OPERATION=USER_INPUT | INPUT=4 | OUTPUT= | CONTEXT=
Enter choice | STATUS=RECEIVED | DETAILS=
[2025-12-05 22:56:28.868] [INFO] User input: 4
[2025-12-05 22:56:28.883] [INFO] Loaded settings from C:\Users\cmand\OneDrive\Desktop\cmd\settings\settings.ini
[2025-12-05 22:56:31.892] [OPERATION] OPERATION=USER_INPUT | INPUT=5 | OUTPUT= | CONTEXT=
Enter choice | STATUS=RECEIVED | DETAILS=
[2025-12-05 22:56:31.895] [INFO] User input: 5
[2025-12-05 22:56:31.908] [OPERATION] OPERATION=SAVE_SETTINGS | INPUT= | OUTPUT=C:\Users\cmand\OneDrive\Desktop\cmd\settings\settings.ini | CONTEXT=2 settings | STATUS=SUCCESS | DETAILS=File size: 236 bytes, Lines: 8
[2025-12-05 22:56:31.911] [INFO] Saved settings to C:\Users\cmand\OneDrive\Desktop\cmd\settings\settings.ini (2 settings, 8 lines, 236 bytes)
[2025-12-05 22:56:33.269] [OPERATION] OPERATION=USER_INPUT | INPUT=4 | OUTPUT= | CONTEXT=
Enter choice | STATUS=RECEIVED | DETAILS=
[2025-12-05 22:56:33.272] [INFO] User input: 4
[2025-12-05 22:56:33.278] [INFO] Loaded settings from C:\Users\cmand\OneDrive\Desktop\cmd\settings\settings.ini
[2025-12-05 22:56:33.852] [OPERATION] OPERATION=USER_INPUT | INPUT=5 | OUTPUT= | CONTEXT=
Enter choice | STATUS=RECEIVED | DETAILS=
[2025-12-05 22:56:33.854] [INFO] User input: 5
[2025-12-05 22:56:33.866] [OPERATION] OPERATION=SAVE_SETTINGS | INPUT= | OUTPUT=C:\Users\cmand\OneDrive\Desktop\cmd\settings\settings.ini | CONTEXT=2 settings | STATUS=SUCCESS | DETAILS=File size: 236 bytes, Lines: 8
[2025-12-05 22:56:33.867] [INFO] Saved settings to C:\Users\cmand\OneDrive\Desktop\cmd\settings\settings.ini (2 settings, 8 lines, 236 bytes)
[2025-12-05 22:58:58.544] [OPERATION] OPERATION=USER_INPUT | INPUT=8 | OUTPUT= | CONTEXT=
Enter choice | STATUS=RECEIVED | DETAILS=
[2025-12-05 22:58:58.548] [INFO] User input: 8
[2025-12-05 22:58:58.553] [INFO] Settings Manager exited normally
[2025-12-05 22:58:58.561] [INFO] Cleanup: Starting cleanup procedure
[2025-12-05 22:58:58.566] [INFO] Cleanup: Created run_space directory
[2025-12-05 22:58:58.581] [INFO] Cleanup: Removed temp files from run_space (debug mode)
[2025-12-05 22:58:58.586] [INFO] Cleanup: Cleanup procedure completed
