2025-12-05 23:49:32,[control],
2025-12-05 23:49:33,S,
2025-12-05 23:49:33,a,
2025-12-05 23:49:33,v,
2025-12-05 23:49:33,e,
2025-12-05 23:49:34, ,
2025-12-05 23:49:34,t,
2025-12-05 23:49:34,j,
2025-12-05 23:49:35,[control],
2025-12-05 23:49:36,h,
2025-12-05 23:49:36,i,
2025-12-05 23:49:37,s,
2025-12-05 23:49:50,i,
2025-12-05 23:49:50,t,
2025-12-05 23:49:50, ,
2025-12-05 23:49:51,t,
2025-12-05 23:49:52, ,
2025-12-05 23:51:04,[control],
2025-12-05 23:51:05,e,
2025-12-05 23:51:05,x,
2025-12-05 23:51:05,i,
2025-12-05 23:51:06,t,
2025-12-05 23:51:06,e,
2025-12-05 23:51:06,d,
2025-12-05 23:51:07,[control],
2025-12-05 23:51:08,[control],
2025-12-05 23:51:08,[control],
2025-12-05 23:51:08,[control],
2025-12-05 23:51:08,[control],
2025-12-05 23:51:08,[control],
2025-12-05 23:51:08,[control],
2025-12-05 23:51:08,[control],
2025-12-05 23:51:08,[control],
2025-12-05 23:51:08,[control],
2025-12-05 23:51:08,[control],
2025-12-05 23:51:08,[control],
2025-12-05 23:51:08,[control],
2025-12-05 23:51:08,e,
2025-12-05 23:51:09,c,
2025-12-05 23:51:09,[control],
2025-12-05 23:51:09,d,
2025-12-05 23:51:09,i,
2025-12-05 23:51:10,t,
2025-12-05 23:51:10,e,
2025-12-05 23:51:10,d,
2025-12-05 23:51:11, ,
2025-12-05 23:51:12,p,
2025-12-05 23:51:12,r,
2025-12-05 23:51:12,i,
2025-12-05 23:51:13,n,
2025-12-05 23:51:13,t,
2025-12-05 23:51:13,e,
2025-12-05 23:51:13,d,
2025-12-05 23:51:13, ,
2025-12-05 23:51:14,v,
2025-12-05 23:51:14,a,
2025-12-05 23:51:14,l,
2025-12-05 23:51:14,u,
2025-12-05 23:51:15,e,
2025-12-05 23:51:30,[control],
2025-12-05 23:51:32,4,
2025-12-05 23:55:18,[control],
2025-12-05 23:55:18,[control],
2025-12-05 23:55:18,6,
2025-12-05 23:55:19,[control],
2025-12-05 23:55:19,5,
2025-12-05 23:55:25,p,
2025-12-05 23:55:25,r,
2025-12-05 23:55:26,i,
2025-12-05 23:55:26,n,
2025-12-05 23:55:26,t,
2025-12-05 23:55:26,e,
2025-12-05 23:55:27,d,
2025-12-05 23:55:27, ,
2025-12-05 23:55:28,s,
2025-12-05 23:55:28,u,
2025-12-05 23:55:28,c,
2025-12-05 23:55:28,c,
2025-12-05 23:55:29,e,
2025-12-05 23:55:29,s,
2025-12-05 23:55:29,s,
2025-12-05 23:56:38,6,
2025-12-05 23:56:43,[control],
2025-12-05 23:56:45,v,
2025-12-05 23:56:45,a,
2025-12-05 23:56:45,l,
2025-12-05 23:56:45,u,
2025-12-05 23:56:45,e,
2025-12-05 23:56:46,s,
2025-12-05 23:56:46,s,
2025-12-05 23:56:46,s,
2025-12-05 23:58:40,5,
2025-12-05 23:58:48,g,
2025-12-05 23:58:49,e,
2025-12-05 23:58:49,l,
2025-12-05 23:58:49,l,
2025-12-05 23:58:49,o,
2025-12-06 00:09:26,2,
2025-12-06 00:09:32,w,
2025-12-06 00:09:32,q,
2025-12-06 00:09:33,[control],
2025-12-06 00:09:34,[control],
2025-12-06 00:09:34,[control],
2025-12-06 00:09:34,s,
2025-12-06 00:09:34,a,
2025-12-06 00:09:34,v,
2025-12-06 00:09:35,e,
2025-12-06 00:09:37,d,
