[2025-12-07 01:07:14] === MENU FRAME === SelectedIdx=-1 Shift=False Enter=False ItemCount=13
      [1] (submenu) About
      [2] (submenu) Automation
      [3] (submenu) Export
      [4] (submenu) Help
      [5] (submenu) Import
      [6] (submenu) Logs
      [7] (submenu) Maintenance
      [8] (submenu) Notifications
      [9] (submenu) Preferences
      [10] (submenu) Reports
      [11] (submenu) Settings
      [12] (submenu) Tools
      [13] (submenu) User Management
  ---
[2025-12-07 01:07:15] === MENU FRAME === SelectedIdx=-1 Shift=False Enter=False ItemCount=9
      [1] (submenu) Display Settings
      [2] (option) Edit Settings
      [3] (option) Export Settings
      [4] (option) Import Settings
      [5] (submenu) Network
      [6] (submenu) Performance
      [7] (option) Reset Factory
      [8] (submenu) Security
      [9] (option) View Logs
  ---
[2025-12-07 01:08:17] === MENU FRAME === SelectedIdx=0 Shift=False Enter=False ItemCount=13
  >>> [1] (submenu) About
      [2] (submenu) Automation
      [3] (submenu) Export
      [4] (submenu) Help
      [5] (submenu) Import
      [6] (submenu) Logs
      [7] (submenu) Maintenance
      [8] (submenu) Notifications
      [9] (submenu) Preferences
      [10] (submenu) Reports
      [11] (submenu) Settings
      [12] (submenu) Tools
      [13] (submenu) User Management
  ---
[2025-12-07 01:08:19] === MENU FRAME === SelectedIdx=1 Shift=False Enter=False ItemCount=13
      [1] (submenu) About
  >>> [2] (submenu) Automation
      [3] (submenu) Export
      [4] (submenu) Help
      [5] (submenu) Import
      [6] (submenu) Logs
      [7] (submenu) Maintenance
      [8] (submenu) Notifications
      [9] (submenu) Preferences
      [10] (submenu) Reports
      [11] (submenu) Settings
      [12] (submenu) Tools
      [13] (submenu) User Management
  ---
[2025-12-07 01:08:20] === MENU FRAME === SelectedIdx=2 Shift=False Enter=False ItemCount=13
      [1] (submenu) About
      [2] (submenu) Automation
  >>> [3] (submenu) Export
      [4] (submenu) Help
      [5] (submenu) Import
      [6] (submenu) Logs
      [7] (submenu) Maintenance
      [8] (submenu) Notifications
      [9] (submenu) Preferences
      [10] (submenu) Reports
      [11] (submenu) Settings
      [12] (submenu) Tools
      [13] (submenu) User Management
  ---
[2025-12-07 01:08:20] === MENU FRAME === SelectedIdx=3 Shift=False Enter=False ItemCount=13
      [1] (submenu) About
      [2] (submenu) Automation
      [3] (submenu) Export
  >>> [4] (submenu) Help
      [5] (submenu) Import
      [6] (submenu) Logs
      [7] (submenu) Maintenance
      [8] (submenu) Notifications
      [9] (submenu) Preferences
      [10] (submenu) Reports
      [11] (submenu) Settings
      [12] (submenu) Tools
      [13] (submenu) User Management
  ---
[2025-12-07 01:08:20] === MENU FRAME === SelectedIdx=4 Shift=False Enter=False ItemCount=13
      [1] (submenu) About
      [2] (submenu) Automation
      [3] (submenu) Export
      [4] (submenu) Help
  >>> [5] (submenu) Import
      [6] (submenu) Logs
      [7] (submenu) Maintenance
      [8] (submenu) Notifications
      [9] (submenu) Preferences
      [10] (submenu) Reports
      [11] (submenu) Settings
      [12] (submenu) Tools
      [13] (submenu) User Management
  ---
[2025-12-07 01:08:20] === MENU FRAME === SelectedIdx=5 Shift=False Enter=False ItemCount=13
      [1] (submenu) About
      [2] (submenu) Automation
      [3] (submenu) Export
      [4] (submenu) Help
      [5] (submenu) Import
  >>> [6] (submenu) Logs
      [7] (submenu) Maintenance
      [8] (submenu) Notifications
      [9] (submenu) Preferences
      [10] (submenu) Reports
      [11] (submenu) Settings
      [12] (submenu) Tools
      [13] (submenu) User Management
  ---
[2025-12-07 01:08:20] === MENU FRAME === SelectedIdx=6 Shift=False Enter=False ItemCount=13
      [1] (submenu) About
      [2] (submenu) Automation
      [3] (submenu) Export
      [4] (submenu) Help
      [5] (submenu) Import
      [6] (submenu) Logs
  >>> [7] (submenu) Maintenance
      [8] (submenu) Notifications
      [9] (submenu) Preferences
      [10] (submenu) Reports
      [11] (submenu) Settings
      [12] (submenu) Tools
      [13] (submenu) User Management
  ---
[2025-12-07 01:08:21] === MENU FRAME === SelectedIdx=7 Shift=False Enter=False ItemCount=13
      [1] (submenu) About
      [2] (submenu) Automation
      [3] (submenu) Export
      [4] (submenu) Help
      [5] (submenu) Import
      [6] (submenu) Logs
      [7] (submenu) Maintenance
  >>> [8] (submenu) Notifications
      [9] (submenu) Preferences
      [10] (submenu) Reports
      [11] (submenu) Settings
      [12] (submenu) Tools
      [13] (submenu) User Management
  ---
[2025-12-07 01:08:22] === MENU FRAME === SelectedIdx=7 Shift=True Enter=False ItemCount=13
      [1] (submenu) About
      [2] (submenu) Automation
      [3] (submenu) Export
      [4] (submenu) Help
      [5] (submenu) Import
      [6] (submenu) Logs
      [7] (submenu) Maintenance
  >>> [8] (submenu) Notifications
      [9] (submenu) Preferences
      [10] (submenu) Reports
      [11] (submenu) Settings
      [12] (submenu) Tools
      [13] (submenu) User Management
  ---
[2025-12-07 01:08:23] === MENU FRAME === SelectedIdx=8 Shift=True Enter=False ItemCount=13
      [1] (submenu) About
      [2] (submenu) Automation
      [3] (submenu) Export
      [4] (submenu) Help
      [5] (submenu) Import
      [6] (submenu) Logs
      [7] (submenu) Maintenance
      [8] (submenu) Notifications
  >>> [9] (submenu) Preferences
      [10] (submenu) Reports
      [11] (submenu) Settings
      [12] (submenu) Tools
      [13] (submenu) User Management
  ---
[2025-12-07 01:08:23] === MENU FRAME === SelectedIdx=8 Shift=True Enter=False ItemCount=13
      [1] (submenu) About
      [2] (submenu) Automation
      [3] (submenu) Export
      [4] (submenu) Help
      [5] (submenu) Import
      [6] (submenu) Logs
      [7] (submenu) Maintenance
      [8] (submenu) Notifications
  >>> [9] (submenu) Preferences
      [10] (submenu) Reports
      [11] (submenu) Settings
      [12] (submenu) Tools
      [13] (submenu) User Management
  ---
[2025-12-07 01:08:24] === MENU FRAME === SelectedIdx=9 Shift=True Enter=False ItemCount=13
      [1] (submenu) About
      [2] (submenu) Automation
      [3] (submenu) Export
      [4] (submenu) Help
      [5] (submenu) Import
      [6] (submenu) Logs
      [7] (submenu) Maintenance
      [8] (submenu) Notifications
      [9] (submenu) Preferences
  >>> [10] (submenu) Reports
      [11] (submenu) Settings
      [12] (submenu) Tools
      [13] (submenu) User Management
  ---
[2025-12-07 01:08:24] === MENU FRAME === SelectedIdx=9 Shift=True Enter=False ItemCount=13
      [1] (submenu) About
      [2] (submenu) Automation
      [3] (submenu) Export
      [4] (submenu) Help
      [5] (submenu) Import
      [6] (submenu) Logs
      [7] (submenu) Maintenance
      [8] (submenu) Notifications
      [9] (submenu) Preferences
  >>> [10] (submenu) Reports
      [11] (submenu) Settings
      [12] (submenu) Tools
      [13] (submenu) User Management
  ---
[2025-12-07 01:08:24] === MENU FRAME === SelectedIdx=10 Shift=True Enter=False ItemCount=13
      [1] (submenu) About
      [2] (submenu) Automation
      [3] (submenu) Export
      [4] (submenu) Help
      [5] (submenu) Import
      [6] (submenu) Logs
      [7] (submenu) Maintenance
      [8] (submenu) Notifications
      [9] (submenu) Preferences
      [10] (submenu) Reports
  >>> [11] (submenu) Settings
      [12] (submenu) Tools
      [13] (submenu) User Management
  ---
[2025-12-07 01:08:25] === MENU FRAME === SelectedIdx=10 Shift=True Enter=False ItemCount=13
      [1] (submenu) About
      [2] (submenu) Automation
      [3] (submenu) Export
      [4] (submenu) Help
      [5] (submenu) Import
      [6] (submenu) Logs
      [7] (submenu) Maintenance
      [8] (submenu) Notifications
      [9] (submenu) Preferences
      [10] (submenu) Reports
  >>> [11] (submenu) Settings
      [12] (submenu) Tools
      [13] (submenu) User Management
  ---
[2025-12-07 01:08:25] === MENU FRAME === SelectedIdx=11 Shift=True Enter=False ItemCount=13
      [1] (submenu) About
      [2] (submenu) Automation
      [3] (submenu) Export
      [4] (submenu) Help
      [5] (submenu) Import
      [6] (submenu) Logs
      [7] (submenu) Maintenance
      [8] (submenu) Notifications
      [9] (submenu) Preferences
      [10] (submenu) Reports
      [11] (submenu) Settings
  >>> [12] (submenu) Tools
      [13] (submenu) User Management
  ---
[2025-12-07 01:08:26] === MENU FRAME === SelectedIdx=0 Shift=False Enter=False ItemCount=7
  >>> [1] (submenu) Advanced
      [2] (submenu) Database Tools
      [3] (submenu) File Operations
      [4] (submenu) Plugins
      [5] (option) Python Runner
      [6] (submenu) Script Manager
      [7] (option) Run Tests
  ---
[2025-12-07 01:08:27] === MENU FRAME === SelectedIdx=6 Shift=False Enter=False ItemCount=7
      [1] (submenu) Advanced
      [2] (submenu) Database Tools
      [3] (submenu) File Operations
      [4] (submenu) Plugins
      [5] (option) Python Runner
      [6] (submenu) Script Manager
  >>> [7] (option) Run Tests
  ---
[2025-12-07 01:08:33] === MENU FRAME === SelectedIdx=0 Shift=False Enter=False ItemCount=13
  >>> [1] (submenu) About
      [2] (submenu) Automation
      [3] (submenu) Export
      [4] (submenu) Help
      [5] (submenu) Import
      [6] (submenu) Logs
      [7] (submenu) Maintenance
      [8] (submenu) Notifications
      [9] (submenu) Preferences
      [10] (submenu) Reports
      [11] (submenu) Settings
      [12] (submenu) Tools
      [13] (submenu) User Management
  ---
[2025-12-07 01:08:34] === MENU FRAME === SelectedIdx=12 Shift=False Enter=False ItemCount=13
      [1] (submenu) About
      [2] (submenu) Automation
      [3] (submenu) Export
      [4] (submenu) Help
      [5] (submenu) Import
      [6] (submenu) Logs
      [7] (submenu) Maintenance
      [8] (submenu) Notifications
      [9] (submenu) Preferences
      [10] (submenu) Reports
      [11] (submenu) Settings
      [12] (submenu) Tools
  >>> [13] (submenu) User Management
  ---
[2025-12-07 01:08:35] === MENU FRAME === SelectedIdx=0 Shift=False Enter=False ItemCount=7
  >>> [1] (option) Create User
      [2] (option) Delete User
      [3] (option) Edit User
      [4] (submenu) User Groups
      [5] (option) List Users
      [6] (submenu) User Permissions
      [7] (submenu) User Roles
  ---
[2025-12-07 01:08:36] === MENU FRAME === SelectedIdx=6 Shift=False Enter=False ItemCount=7
      [1] (option) Create User
      [2] (option) Delete User
      [3] (option) Edit User
      [4] (submenu) User Groups
      [5] (option) List Users
      [6] (submenu) User Permissions
  >>> [7] (submenu) User Roles
  ---
[2025-12-07 01:08:36] === MENU FRAME === SelectedIdx=0 Shift=False Enter=False ItemCount=7
  >>> [1] (option) Create User
      [2] (option) Delete User
      [3] (option) Edit User
      [4] (submenu) User Groups
      [5] (option) List Users
      [6] (submenu) User Permissions
      [7] (submenu) User Roles
  ---
[2025-12-07 01:08:37] === MENU FRAME === SelectedIdx=0 Shift=True Enter=False ItemCount=7
  >>> [1] (option) Create User
      [2] (option) Delete User
      [3] (option) Edit User
      [4] (submenu) User Groups
      [5] (option) List Users
      [6] (submenu) User Permissions
      [7] (submenu) User Roles
  ---
[2025-12-07 01:08:37] === MENU FRAME === SelectedIdx=1 Shift=True Enter=False ItemCount=7
      [1] (option) Create User
  >>> [2] (option) Delete User
      [3] (option) Edit User
      [4] (submenu) User Groups
      [5] (option) List Users
      [6] (submenu) User Permissions
      [7] (submenu) User Roles
  ---
[2025-12-07 01:08:37] === MENU FRAME === SelectedIdx=1 Shift=True Enter=False ItemCount=7
      [1] (option) Create User
  >>> [2] (option) Delete User
      [3] (option) Edit User
      [4] (submenu) User Groups
      [5] (option) List Users
      [6] (submenu) User Permissions
      [7] (submenu) User Roles
  ---
[2025-12-07 01:08:37] === MENU FRAME === SelectedIdx=0 Shift=True Enter=False ItemCount=7
  >>> [1] (option) Create User
      [2] (option) Delete User
      [3] (option) Edit User
      [4] (submenu) User Groups
      [5] (option) List Users
      [6] (submenu) User Permissions
      [7] (submenu) User Roles
  ---
[2025-12-07 01:08:38] === MENU FRAME === SelectedIdx=0 Shift=False Enter=False ItemCount=7
  >>> [1] (option) Create User
      [2] (option) Delete User
      [3] (option) Edit User
      [4] (submenu) User Groups
      [5] (option) List Users
      [6] (submenu) User Permissions
      [7] (submenu) User Roles
  ---
[2025-12-07 01:08:38] === MENU FRAME === SelectedIdx=0 Shift=False Enter=False ItemCount=7
  >>> [1] (option) Create User
      [2] (option) Delete User
      [3] (option) Edit User
      [4] (submenu) User Groups
      [5] (option) List Users
      [6] (submenu) User Permissions
      [7] (submenu) User Roles
  ---
[2025-12-07 01:08:40] === MENU FRAME === SelectedIdx=0 Shift=False Enter=False ItemCount=7
  >>> [1] (option) Create User
      [2] (option) Delete User
      [3] (option) Edit User
      [4] (submenu) User Groups
      [5] (option) List Users
      [6] (submenu) User Permissions
      [7] (submenu) User Roles
  ---
[2025-12-07 01:08:40] === MENU FRAME === SelectedIdx=0 Shift=False Enter=False ItemCount=7
  >>> [1] (option) Create User
      [2] (option) Delete User
      [3] (option) Edit User
      [4] (submenu) User Groups
      [5] (option) List Users
      [6] (submenu) User Permissions
      [7] (submenu) User Roles
  ---
[2025-12-07 01:08:40] === MENU FRAME === SelectedIdx=0 Shift=False Enter=False ItemCount=7
  >>> [1] (option) Create User
      [2] (option) Delete User
      [3] (option) Edit User
      [4] (submenu) User Groups
      [5] (option) List Users
      [6] (submenu) User Permissions
      [7] (submenu) User Roles
  ---
[2025-12-07 01:08:40] === MENU FRAME === SelectedIdx=0 Shift=False Enter=False ItemCount=7
  >>> [1] (option) Create User
      [2] (option) Delete User
      [3] (option) Edit User
      [4] (submenu) User Groups
      [5] (option) List Users
      [6] (submenu) User Permissions
      [7] (submenu) User Roles
  ---
[2025-12-07 01:08:40] === MENU FRAME === SelectedIdx=0 Shift=False Enter=False ItemCount=7
  >>> [1] (option) Create User
      [2] (option) Delete User
      [3] (option) Edit User
      [4] (submenu) User Groups
      [5] (option) List Users
      [6] (submenu) User Permissions
      [7] (submenu) User Roles
  ---
[2025-12-07 01:08:40] === MENU FRAME === SelectedIdx=0 Shift=False Enter=False ItemCount=7
  >>> [1] (option) Create User
      [2] (option) Delete User
      [3] (option) Edit User
      [4] (submenu) User Groups
      [5] (option) List Users
      [6] (submenu) User Permissions
      [7] (submenu) User Roles
  ---
[2025-12-07 01:08:41] === MENU FRAME === SelectedIdx=0 Shift=False Enter=False ItemCount=7
  >>> [1] (option) Create User
      [2] (option) Delete User
      [3] (option) Edit User
      [4] (submenu) User Groups
      [5] (option) List Users
      [6] (submenu) User Permissions
      [7] (submenu) User Roles
  ---
[2025-12-07 01:08:41] === MENU FRAME === SelectedIdx=0 Shift=False Enter=False ItemCount=7
  >>> [1] (option) Create User
      [2] (option) Delete User
      [3] (option) Edit User
      [4] (submenu) User Groups
      [5] (option) List Users
      [6] (submenu) User Permissions
      [7] (submenu) User Roles
  ---
[2025-12-07 01:08:41] === MENU FRAME === SelectedIdx=0 Shift=False Enter=False ItemCount=7
  >>> [1] (option) Create User
      [2] (option) Delete User
      [3] (option) Edit User
      [4] (submenu) User Groups
      [5] (option) List Users
      [6] (submenu) User Permissions
      [7] (submenu) User Roles
  ---
[2025-12-07 01:08:41] === MENU FRAME === SelectedIdx=0 Shift=False Enter=False ItemCount=7
  >>> [1] (option) Create User
      [2] (option) Delete User
      [3] (option) Edit User
      [4] (submenu) User Groups
      [5] (option) List Users
      [6] (submenu) User Permissions
      [7] (submenu) User Roles
  ---
[2025-12-07 01:08:41] === MENU FRAME === SelectedIdx=0 Shift=False Enter=False ItemCount=7
  >>> [1] (option) Create User
      [2] (option) Delete User
      [3] (option) Edit User
      [4] (submenu) User Groups
      [5] (option) List Users
      [6] (submenu) User Permissions
      [7] (submenu) User Roles
  ---
[2025-12-07 01:08:41] === MENU FRAME === SelectedIdx=0 Shift=False Enter=False ItemCount=7
  >>> [1] (option) Create User
      [2] (option) Delete User
      [3] (option) Edit User
      [4] (submenu) User Groups
      [5] (option) List Users
      [6] (submenu) User Permissions
      [7] (submenu) User Roles
  ---
[2025-12-07 01:08:41] === MENU FRAME === SelectedIdx=0 Shift=False Enter=False ItemCount=7
  >>> [1] (option) Create User
      [2] (option) Delete User
      [3] (option) Edit User
      [4] (submenu) User Groups
      [5] (option) List Users
      [6] (submenu) User Permissions
      [7] (submenu) User Roles
  ---
[2025-12-07 01:08:42] === MENU FRAME === SelectedIdx=0 Shift=False Enter=False ItemCount=7
  >>> [1] (option) Create User
      [2] (option) Delete User
      [3] (option) Edit User
      [4] (submenu) User Groups
      [5] (option) List Users
      [6] (submenu) User Permissions
      [7] (submenu) User Roles
  ---
[2025-12-07 01:08:42] === MENU FRAME === SelectedIdx=0 Shift=False Enter=False ItemCount=7
  >>> [1] (option) Create User
      [2] (option) Delete User
      [3] (option) Edit User
      [4] (submenu) User Groups
      [5] (option) List Users
      [6] (submenu) User Permissions
      [7] (submenu) User Roles
  ---
[2025-12-07 01:08:42] === MENU FRAME === SelectedIdx=0 Shift=False Enter=False ItemCount=7
  >>> [1] (option) Create User
      [2] (option) Delete User
      [3] (option) Edit User
      [4] (submenu) User Groups
      [5] (option) List Users
      [6] (submenu) User Permissions
      [7] (submenu) User Roles
  ---
[2025-12-07 01:08:42] === MENU FRAME === SelectedIdx=0 Shift=False Enter=False ItemCount=7
  >>> [1] (option) Create User
      [2] (option) Delete User
      [3] (option) Edit User
      [4] (submenu) User Groups
      [5] (option) List Users
      [6] (submenu) User Permissions
      [7] (submenu) User Roles
  ---
[2025-12-07 01:08:42] === MENU FRAME === SelectedIdx=0 Shift=False Enter=False ItemCount=7
  >>> [1] (option) Create User
      [2] (option) Delete User
      [3] (option) Edit User
      [4] (submenu) User Groups
      [5] (option) List Users
      [6] (submenu) User Permissions
      [7] (submenu) User Roles
  ---
[2025-12-07 01:08:42] === MENU FRAME === SelectedIdx=0 Shift=False Enter=False ItemCount=7
  >>> [1] (option) Create User
      [2] (option) Delete User
      [3] (option) Edit User
      [4] (submenu) User Groups
      [5] (option) List Users
      [6] (submenu) User Permissions
      [7] (submenu) User Roles
  ---
[2025-12-07 01:08:42] === MENU FRAME === SelectedIdx=0 Shift=False Enter=False ItemCount=7
  >>> [1] (option) Create User
      [2] (option) Delete User
      [3] (option) Edit User
      [4] (submenu) User Groups
      [5] (option) List Users
      [6] (submenu) User Permissions
      [7] (submenu) User Roles
  ---
[2025-12-07 01:08:42] === MENU FRAME === SelectedIdx=0 Shift=False Enter=False ItemCount=7
  >>> [1] (option) Create User
      [2] (option) Delete User
      [3] (option) Edit User
      [4] (submenu) User Groups
      [5] (option) List Users
      [6] (submenu) User Permissions
      [7] (submenu) User Roles
  ---
[2025-12-07 01:08:42] === MENU FRAME === SelectedIdx=0 Shift=False Enter=False ItemCount=7
  >>> [1] (option) Create User
      [2] (option) Delete User
      [3] (option) Edit User
      [4] (submenu) User Groups
      [5] (option) List Users
      [6] (submenu) User Permissions
      [7] (submenu) User Roles
  ---
[2025-12-07 01:08:43] === MENU FRAME === SelectedIdx=0 Shift=False Enter=False ItemCount=7
  >>> [1] (option) Create User
      [2] (option) Delete User
      [3] (option) Edit User
      [4] (submenu) User Groups
      [5] (option) List Users
      [6] (submenu) User Permissions
      [7] (submenu) User Roles
  ---
[2025-12-07 01:08:43] === MENU FRAME === SelectedIdx=0 Shift=False Enter=False ItemCount=7
  >>> [1] (option) Create User
      [2] (option) Delete User
      [3] (option) Edit User
      [4] (submenu) User Groups
      [5] (option) List Users
      [6] (submenu) User Permissions
      [7] (submenu) User Roles
  ---
[2025-12-07 01:08:43] === MENU FRAME === SelectedIdx=0 Shift=False Enter=False ItemCount=7
  >>> [1] (option) Create User
      [2] (option) Delete User
      [3] (option) Edit User
      [4] (submenu) User Groups
      [5] (option) List Users
      [6] (submenu) User Permissions
      [7] (submenu) User Roles
  ---
[2025-12-07 01:08:43] === MENU FRAME === SelectedIdx=0 Shift=False Enter=False ItemCount=7
  >>> [1] (option) Create User
      [2] (option) Delete User
      [3] (option) Edit User
      [4] (submenu) User Groups
      [5] (option) List Users
      [6] (submenu) User Permissions
      [7] (submenu) User Roles
  ---
[2025-12-07 01:08:43] === MENU FRAME === SelectedIdx=0 Shift=False Enter=False ItemCount=7
  >>> [1] (option) Create User
      [2] (option) Delete User
      [3] (option) Edit User
      [4] (submenu) User Groups
      [5] (option) List Users
      [6] (submenu) User Permissions
      [7] (submenu) User Roles
  ---
[2025-12-07 01:08:43] === MENU FRAME === SelectedIdx=0 Shift=False Enter=False ItemCount=7
  >>> [1] (option) Create User
      [2] (option) Delete User
      [3] (option) Edit User
      [4] (submenu) User Groups
      [5] (option) List Users
      [6] (submenu) User Permissions
      [7] (submenu) User Roles
  ---
[2025-12-07 01:08:43] === MENU FRAME === SelectedIdx=0 Shift=False Enter=False ItemCount=7
  >>> [1] (option) Create User
      [2] (option) Delete User
      [3] (option) Edit User
      [4] (submenu) User Groups
      [5] (option) List Users
      [6] (submenu) User Permissions
      [7] (submenu) User Roles
  ---
[2025-12-07 01:08:43] === MENU FRAME === SelectedIdx=0 Shift=False Enter=False ItemCount=7
  >>> [1] (option) Create User
      [2] (option) Delete User
      [3] (option) Edit User
      [4] (submenu) User Groups
      [5] (option) List Users
      [6] (submenu) User Permissions
      [7] (submenu) User Roles
  ---
[2025-12-07 01:08:43] === MENU FRAME === SelectedIdx=0 Shift=False Enter=False ItemCount=7
  >>> [1] (option) Create User
      [2] (option) Delete User
      [3] (option) Edit User
      [4] (submenu) User Groups
      [5] (option) List Users
      [6] (submenu) User Permissions
      [7] (submenu) User Roles
  ---
[2025-12-07 01:08:44] === MENU FRAME === SelectedIdx=0 Shift=False Enter=False ItemCount=7
  >>> [1] (option) Create User
      [2] (option) Delete User
      [3] (option) Edit User
      [4] (submenu) User Groups
      [5] (option) List Users
      [6] (submenu) User Permissions
      [7] (submenu) User Roles
  ---
[2025-12-07 01:08:44] === MENU FRAME === SelectedIdx=0 Shift=False Enter=False ItemCount=7
  >>> [1] (option) Create User
      [2] (option) Delete User
      [3] (option) Edit User
      [4] (submenu) User Groups
      [5] (option) List Users
      [6] (submenu) User Permissions
      [7] (submenu) User Roles
  ---
[2025-12-07 01:08:44] === MENU FRAME === SelectedIdx=0 Shift=False Enter=False ItemCount=7
  >>> [1] (option) Create User
      [2] (option) Delete User
      [3] (option) Edit User
      [4] (submenu) User Groups
      [5] (option) List Users
      [6] (submenu) User Permissions
      [7] (submenu) User Roles
  ---
[2025-12-07 01:08:44] === MENU FRAME === SelectedIdx=0 Shift=False Enter=False ItemCount=7
  >>> [1] (option) Create User
      [2] (option) Delete User
      [3] (option) Edit User
      [4] (submenu) User Groups
      [5] (option) List Users
      [6] (submenu) User Permissions
      [7] (submenu) User Roles
  ---
[2025-12-07 01:08:44] === MENU FRAME === SelectedIdx=0 Shift=False Enter=False ItemCount=7
  >>> [1] (option) Create User
      [2] (option) Delete User
      [3] (option) Edit User
      [4] (submenu) User Groups
      [5] (option) List Users
      [6] (submenu) User Permissions
      [7] (submenu) User Roles
  ---
[2025-12-07 01:08:44] === MENU FRAME === SelectedIdx=0 Shift=False Enter=False ItemCount=7
  >>> [1] (option) Create User
      [2] (option) Delete User
      [3] (option) Edit User
      [4] (submenu) User Groups
      [5] (option) List Users
      [6] (submenu) User Permissions
      [7] (submenu) User Roles
  ---
[2025-12-07 01:08:44] === MENU FRAME === SelectedIdx=0 Shift=False Enter=False ItemCount=7
  >>> [1] (option) Create User
      [2] (option) Delete User
      [3] (option) Edit User
      [4] (submenu) User Groups
      [5] (option) List Users
      [6] (submenu) User Permissions
      [7] (submenu) User Roles
  ---
[2025-12-07 01:08:45] === MENU FRAME === SelectedIdx=0 Shift=False Enter=False ItemCount=7
  >>> [1] (option) Create User
      [2] (option) Delete User
      [3] (option) Edit User
      [4] (submenu) User Groups
      [5] (option) List Users
      [6] (submenu) User Permissions
      [7] (submenu) User Roles
  ---
[2025-12-07 01:08:45] === MENU FRAME === SelectedIdx=0 Shift=False Enter=False ItemCount=7
  >>> [1] (option) Create User
      [2] (option) Delete User
      [3] (option) Edit User
      [4] (submenu) User Groups
      [5] (option) List Users
      [6] (submenu) User Permissions
      [7] (submenu) User Roles
  ---
[2025-12-07 01:08:45] === MENU FRAME === SelectedIdx=0 Shift=False Enter=False ItemCount=7
  >>> [1] (option) Create User
      [2] (option) Delete User
      [3] (option) Edit User
      [4] (submenu) User Groups
      [5] (option) List Users
      [6] (submenu) User Permissions
      [7] (submenu) User Roles
  ---
[2025-12-07 01:08:45] === MENU FRAME === SelectedIdx=0 Shift=False Enter=False ItemCount=7
  >>> [1] (option) Create User
      [2] (option) Delete User
      [3] (option) Edit User
      [4] (submenu) User Groups
      [5] (option) List Users
      [6] (submenu) User Permissions
      [7] (submenu) User Roles
  ---
[2025-12-07 01:08:45] === MENU FRAME === SelectedIdx=0 Shift=False Enter=False ItemCount=7
  >>> [1] (option) Create User
      [2] (option) Delete User
      [3] (option) Edit User
      [4] (submenu) User Groups
      [5] (option) List Users
      [6] (submenu) User Permissions
      [7] (submenu) User Roles
  ---
[2025-12-07 01:08:46] === MENU FRAME === SelectedIdx=0 Shift=False Enter=False ItemCount=7
  >>> [1] (option) Create User
      [2] (option) Delete User
      [3] (option) Edit User
      [4] (submenu) User Groups
      [5] (option) List Users
      [6] (submenu) User Permissions
      [7] (submenu) User Roles
  ---
[2025-12-07 01:08:47] === MENU FRAME === SelectedIdx=0 Shift=False Enter=False ItemCount=7
  >>> [1] (option) Create User
      [2] (option) Delete User
      [3] (option) Edit User
      [4] (submenu) User Groups
      [5] (option) List Users
      [6] (submenu) User Permissions
      [7] (submenu) User Roles
  ---
[2025-12-07 01:08:47] === MENU FRAME === SelectedIdx=0 Shift=False Enter=False ItemCount=7
  >>> [1] (option) Create User
      [2] (option) Delete User
      [3] (option) Edit User
      [4] (submenu) User Groups
      [5] (option) List Users
      [6] (submenu) User Permissions
      [7] (submenu) User Roles
  ---
[2025-12-07 01:08:47] === MENU FRAME === SelectedIdx=0 Shift=False Enter=False ItemCount=7
  >>> [1] (option) Create User
      [2] (option) Delete User
      [3] (option) Edit User
      [4] (submenu) User Groups
      [5] (option) List Users
      [6] (submenu) User Permissions
      [7] (submenu) User Roles
  ---
[2025-12-07 01:08:47] === MENU FRAME === SelectedIdx=0 Shift=False Enter=False ItemCount=7
  >>> [1] (option) Create User
      [2] (option) Delete User
      [3] (option) Edit User
      [4] (submenu) User Groups
      [5] (option) List Users
      [6] (submenu) User Permissions
      [7] (submenu) User Roles
  ---
[2025-12-07 01:08:47] === MENU FRAME === SelectedIdx=0 Shift=False Enter=False ItemCount=7
  >>> [1] (option) Create User
      [2] (option) Delete User
      [3] (option) Edit User
      [4] (submenu) User Groups
      [5] (option) List Users
      [6] (submenu) User Permissions
      [7] (submenu) User Roles
  ---
[2025-12-07 01:08:47] === MENU FRAME === SelectedIdx=0 Shift=False Enter=False ItemCount=7
  >>> [1] (option) Create User
      [2] (option) Delete User
      [3] (option) Edit User
      [4] (submenu) User Groups
      [5] (option) List Users
      [6] (submenu) User Permissions
      [7] (submenu) User Roles
  ---
[2025-12-07 01:08:48] === MENU FRAME === SelectedIdx=0 Shift=False Enter=False ItemCount=7
  >>> [1] (option) Create User
      [2] (option) Delete User
      [3] (option) Edit User
      [4] (submenu) User Groups
      [5] (option) List Users
      [6] (submenu) User Permissions
      [7] (submenu) User Roles
  ---
[2025-12-07 01:08:48] === MENU FRAME === SelectedIdx=0 Shift=False Enter=False ItemCount=7
  >>> [1] (option) Create User
      [2] (option) Delete User
      [3] (option) Edit User
      [4] (submenu) User Groups
      [5] (option) List Users
      [6] (submenu) User Permissions
      [7] (submenu) User Roles
  ---
[2025-12-07 01:08:48] === MENU FRAME === SelectedIdx=0 Shift=False Enter=False ItemCount=7
  >>> [1] (option) Create User
      [2] (option) Delete User
      [3] (option) Edit User
      [4] (submenu) User Groups
      [5] (option) List Users
      [6] (submenu) User Permissions
      [7] (submenu) User Roles
  ---
[2025-12-07 01:08:48] === MENU FRAME === SelectedIdx=0 Shift=False Enter=False ItemCount=7
  >>> [1] (option) Create User
      [2] (option) Delete User
      [3] (option) Edit User
      [4] (submenu) User Groups
      [5] (option) List Users
      [6] (submenu) User Permissions
      [7] (submenu) User Roles
  ---
[2025-12-07 01:08:48] === MENU FRAME === SelectedIdx=0 Shift=False Enter=False ItemCount=7
  >>> [1] (option) Create User
      [2] (option) Delete User
      [3] (option) Edit User
      [4] (submenu) User Groups
      [5] (option) List Users
      [6] (submenu) User Permissions
      [7] (submenu) User Roles
  ---
[2025-12-07 01:08:48] === MENU FRAME === SelectedIdx=0 Shift=False Enter=False ItemCount=7
  >>> [1] (option) Create User
      [2] (option) Delete User
      [3] (option) Edit User
      [4] (submenu) User Groups
      [5] (option) List Users
      [6] (submenu) User Permissions
      [7] (submenu) User Roles
  ---
[2025-12-07 01:08:48] === MENU FRAME === SelectedIdx=0 Shift=False Enter=False ItemCount=7
  >>> [1] (option) Create User
      [2] (option) Delete User
      [3] (option) Edit User
      [4] (submenu) User Groups
      [5] (option) List Users
      [6] (submenu) User Permissions
      [7] (submenu) User Roles
  ---
[2025-12-07 01:08:49] === MENU FRAME === SelectedIdx=0 Shift=False Enter=False ItemCount=7
  >>> [1] (option) Create User
      [2] (option) Delete User
      [3] (option) Edit User
      [4] (submenu) User Groups
      [5] (option) List Users
      [6] (submenu) User Permissions
      [7] (submenu) User Roles
  ---
[2025-12-07 01:08:49] === MENU FRAME === SelectedIdx=0 Shift=False Enter=False ItemCount=7
  >>> [1] (option) Create User
      [2] (option) Delete User
      [3] (option) Edit User
      [4] (submenu) User Groups
      [5] (option) List Users
      [6] (submenu) User Permissions
      [7] (submenu) User Roles
  ---
[2025-12-07 01:08:49] === MENU FRAME === SelectedIdx=0 Shift=False Enter=False ItemCount=7
  >>> [1] (option) Create User
      [2] (option) Delete User
      [3] (option) Edit User
      [4] (submenu) User Groups
      [5] (option) List Users
      [6] (submenu) User Permissions
      [7] (submenu) User Roles
  ---
[2025-12-07 01:08:49] === MENU FRAME === SelectedIdx=0 Shift=False Enter=False ItemCount=7
  >>> [1] (option) Create User
      [2] (option) Delete User
      [3] (option) Edit User
      [4] (submenu) User Groups
      [5] (option) List Users
      [6] (submenu) User Permissions
      [7] (submenu) User Roles
  ---
[2025-12-07 01:08:49] === MENU FRAME === SelectedIdx=0 Shift=False Enter=False ItemCount=7
  >>> [1] (option) Create User
      [2] (option) Delete User
      [3] (option) Edit User
      [4] (submenu) User Groups
      [5] (option) List Users
      [6] (submenu) User Permissions
      [7] (submenu) User Roles
  ---
[2025-12-07 01:08:49] === MENU FRAME === SelectedIdx=0 Shift=False Enter=False ItemCount=7
  >>> [1] (option) Create User
      [2] (option) Delete User
      [3] (option) Edit User
      [4] (submenu) User Groups
      [5] (option) List Users
      [6] (submenu) User Permissions
      [7] (submenu) User Roles
  ---
[2025-12-07 01:08:49] === MENU FRAME === SelectedIdx=0 Shift=False Enter=False ItemCount=7
  >>> [1] (option) Create User
      [2] (option) Delete User
      [3] (option) Edit User
      [4] (submenu) User Groups
      [5] (option) List Users
      [6] (submenu) User Permissions
      [7] (submenu) User Roles
  ---
[2025-12-07 01:08:50] === MENU FRAME === SelectedIdx=0 Shift=False Enter=False ItemCount=7
  >>> [1] (option) Create User
      [2] (option) Delete User
      [3] (option) Edit User
      [4] (submenu) User Groups
      [5] (option) List Users
      [6] (submenu) User Permissions
      [7] (submenu) User Roles
  ---
[2025-12-07 01:08:50] === MENU FRAME === SelectedIdx=0 Shift=False Enter=False ItemCount=7
  >>> [1] (option) Create User
      [2] (option) Delete User
      [3] (option) Edit User
      [4] (submenu) User Groups
      [5] (option) List Users
      [6] (submenu) User Permissions
      [7] (submenu) User Roles
  ---
[2025-12-07 01:08:50] === MENU FRAME === SelectedIdx=0 Shift=False Enter=False ItemCount=7
  >>> [1] (option) Create User
      [2] (option) Delete User
      [3] (option) Edit User
      [4] (submenu) User Groups
      [5] (option) List Users
      [6] (submenu) User Permissions
      [7] (submenu) User Roles
  ---
[2025-12-07 01:08:50] === MENU FRAME === SelectedIdx=0 Shift=False Enter=False ItemCount=7
  >>> [1] (option) Create User
      [2] (option) Delete User
      [3] (option) Edit User
      [4] (submenu) User Groups
      [5] (option) List Users
      [6] (submenu) User Permissions
      [7] (submenu) User Roles
  ---
[2025-12-07 01:08:50] === MENU FRAME === SelectedIdx=0 Shift=False Enter=False ItemCount=7
  >>> [1] (option) Create User
      [2] (option) Delete User
      [3] (option) Edit User
      [4] (submenu) User Groups
      [5] (option) List Users
      [6] (submenu) User Permissions
      [7] (submenu) User Roles
  ---
[2025-12-07 01:08:50] === MENU FRAME === SelectedIdx=0 Shift=False Enter=False ItemCount=7
  >>> [1] (option) Create User
      [2] (option) Delete User
      [3] (option) Edit User
      [4] (submenu) User Groups
      [5] (option) List Users
      [6] (submenu) User Permissions
      [7] (submenu) User Roles
  ---
[2025-12-07 01:08:51] === MENU FRAME === SelectedIdx=0 Shift=False Enter=False ItemCount=7
  >>> [1] (option) Create User
      [2] (option) Delete User
      [3] (option) Edit User
      [4] (submenu) User Groups
      [5] (option) List Users
      [6] (submenu) User Permissions
      [7] (submenu) User Roles
  ---
[2025-12-07 01:08:51] === MENU FRAME === SelectedIdx=0 Shift=False Enter=False ItemCount=7
  >>> [1] (option) Create User
      [2] (option) Delete User
      [3] (option) Edit User
      [4] (submenu) User Groups
      [5] (option) List Users
      [6] (submenu) User Permissions
      [7] (submenu) User Roles
  ---
[2025-12-07 01:08:51] === MENU FRAME === SelectedIdx=0 Shift=False Enter=False ItemCount=7
  >>> [1] (option) Create User
      [2] (option) Delete User
      [3] (option) Edit User
      [4] (submenu) User Groups
      [5] (option) List Users
      [6] (submenu) User Permissions
      [7] (submenu) User Roles
  ---
[2025-12-07 01:08:51] === MENU FRAME === SelectedIdx=0 Shift=False Enter=False ItemCount=7
  >>> [1] (option) Create User
      [2] (option) Delete User
      [3] (option) Edit User
      [4] (submenu) User Groups
      [5] (option) List Users
      [6] (submenu) User Permissions
      [7] (submenu) User Roles
  ---
[2025-12-07 01:08:52] === MENU FRAME === SelectedIdx=0 Shift=False Enter=False ItemCount=7
  >>> [1] (option) Create User
      [2] (option) Delete User
      [3] (option) Edit User
      [4] (submenu) User Groups
      [5] (option) List Users
      [6] (submenu) User Permissions
      [7] (submenu) User Roles
  ---
[2025-12-07 01:08:52] === MENU FRAME === SelectedIdx=0 Shift=False Enter=False ItemCount=7
  >>> [1] (option) Create User
      [2] (option) Delete User
      [3] (option) Edit User
      [4] (submenu) User Groups
      [5] (option) List Users
      [6] (submenu) User Permissions
      [7] (submenu) User Roles
  ---
[2025-12-07 01:08:52] === MENU FRAME === SelectedIdx=0 Shift=False Enter=False ItemCount=7
  >>> [1] (option) Create User
      [2] (option) Delete User
      [3] (option) Edit User
      [4] (submenu) User Groups
      [5] (option) List Users
      [6] (submenu) User Permissions
      [7] (submenu) User Roles
  ---
[2025-12-07 01:08:52] === MENU FRAME === SelectedIdx=0 Shift=False Enter=False ItemCount=7
  >>> [1] (option) Create User
      [2] (option) Delete User
      [3] (option) Edit User
      [4] (submenu) User Groups
      [5] (option) List Users
      [6] (submenu) User Permissions
      [7] (submenu) User Roles
  ---
[2025-12-07 01:08:52] === MENU FRAME === SelectedIdx=0 Shift=False Enter=False ItemCount=7
  >>> [1] (option) Create User
      [2] (option) Delete User
      [3] (option) Edit User
      [4] (submenu) User Groups
      [5] (option) List Users
      [6] (submenu) User Permissions
      [7] (submenu) User Roles
  ---
[2025-12-07 01:08:52] === MENU FRAME === SelectedIdx=0 Shift=False Enter=False ItemCount=7
  >>> [1] (option) Create User
      [2] (option) Delete User
      [3] (option) Edit User
      [4] (submenu) User Groups
      [5] (option) List Users
      [6] (submenu) User Permissions
      [7] (submenu) User Roles
  ---
[2025-12-07 01:08:52] === MENU FRAME === SelectedIdx=0 Shift=False Enter=False ItemCount=7
  >>> [1] (option) Create User
      [2] (option) Delete User
      [3] (option) Edit User
      [4] (submenu) User Groups
      [5] (option) List Users
      [6] (submenu) User Permissions
      [7] (submenu) User Roles
  ---
[2025-12-07 01:08:52] === MENU FRAME === SelectedIdx=0 Shift=False Enter=False ItemCount=7
  >>> [1] (option) Create User
      [2] (option) Delete User
      [3] (option) Edit User
      [4] (submenu) User Groups
      [5] (option) List Users
      [6] (submenu) User Permissions
      [7] (submenu) User Roles
  ---
[2025-12-07 01:10:28] === MENU FRAME === SelectedIdx=-1 Shift=False Enter=False ItemCount=13
      [1] (submenu) About
      [2] (submenu) Automation
      [3] (submenu) Export
      [4] (submenu) Help
      [5] (submenu) Import
      [6] (submenu) Logs
      [7] (submenu) Maintenance
      [8] (submenu) Notifications
      [9] (submenu) Preferences
      [10] (submenu) Reports
      [11] (submenu) Settings
      [12] (submenu) Tools
      [13] (submenu) User Management
  ---
[2025-12-07 01:10:28] === MENU FRAME === SelectedIdx=-1 Shift=False Enter=False ItemCount=9
      [1] (submenu) Display Settings
      [2] (option) Edit Settings
      [3] (option) Export Settings
      [4] (option) Import Settings
      [5] (submenu) Network
      [6] (submenu) Performance
      [7] (option) Reset Factory
      [8] (submenu) Security
      [9] (option) View Logs
  ---
[2025-12-07 01:10:28] === MENU FRAME === SelectedIdx=-1 Shift=False Enter=False ItemCount=7
      [1] (option) Animation Speed [value=Normal]
      [2] (option) Color Scheme [value=Dark]
      [3] (option) Font Family [value=Consolas]
      [4] (option) Text Size [value=14px]
      [5] (submenu) Theme Customizer
      [6] (option) Transparency [value=100%]
      [7] (option) Window Mode [value=Windowed]
  ---
[2025-12-07 01:10:50] === MENU FRAME === SelectedIdx=0 Shift=False Enter=False ItemCount=13
  >>> [1] (submenu) About
      [2] (submenu) Automation
      [3] (submenu) Export
      [4] (submenu) Help
      [5] (submenu) Import
      [6] (submenu) Logs
      [7] (submenu) Maintenance
      [8] (submenu) Notifications
      [9] (submenu) Preferences
      [10] (submenu) Reports
      [11] (submenu) Settings
      [12] (submenu) Tools
      [13] (submenu) User Management
  ---
[2025-12-07 01:10:51] === MENU FRAME === SelectedIdx=12 Shift=False Enter=False ItemCount=13
      [1] (submenu) About
      [2] (submenu) Automation
      [3] (submenu) Export
      [4] (submenu) Help
      [5] (submenu) Import
      [6] (submenu) Logs
      [7] (submenu) Maintenance
      [8] (submenu) Notifications
      [9] (submenu) Preferences
      [10] (submenu) Reports
      [11] (submenu) Settings
      [12] (submenu) Tools
  >>> [13] (submenu) User Management
  ---
[2025-12-07 01:10:51] === MENU FRAME === SelectedIdx=11 Shift=False Enter=False ItemCount=13
      [1] (submenu) About
      [2] (submenu) Automation
      [3] (submenu) Export
      [4] (submenu) Help
      [5] (submenu) Import
      [6] (submenu) Logs
      [7] (submenu) Maintenance
      [8] (submenu) Notifications
      [9] (submenu) Preferences
      [10] (submenu) Reports
      [11] (submenu) Settings
  >>> [12] (submenu) Tools
      [13] (submenu) User Management
  ---
[2025-12-07 01:10:53] === MENU FRAME === SelectedIdx=11 Shift=True Enter=False ItemCount=13
      [1] (submenu) About
      [2] (submenu) Automation
      [3] (submenu) Export
      [4] (submenu) Help
      [5] (submenu) Import
      [6] (submenu) Logs
      [7] (submenu) Maintenance
      [8] (submenu) Notifications
      [9] (submenu) Preferences
      [10] (submenu) Reports
      [11] (submenu) Settings
  >>> [12] (submenu) Tools
      [13] (submenu) User Management
  ---
[2025-12-07 01:10:53] === MENU FRAME === SelectedIdx=10 Shift=True Enter=False ItemCount=13
      [1] (submenu) About
      [2] (submenu) Automation
      [3] (submenu) Export
      [4] (submenu) Help
      [5] (submenu) Import
      [6] (submenu) Logs
      [7] (submenu) Maintenance
      [8] (submenu) Notifications
      [9] (submenu) Preferences
      [10] (submenu) Reports
  >>> [11] (submenu) Settings
      [12] (submenu) Tools
      [13] (submenu) User Management
  ---
[2025-12-07 01:10:54] === MENU FRAME === SelectedIdx=10 Shift=False Enter=False ItemCount=13
      [1] (submenu) About
      [2] (submenu) Automation
      [3] (submenu) Export
      [4] (submenu) Help
      [5] (submenu) Import
      [6] (submenu) Logs
      [7] (submenu) Maintenance
      [8] (submenu) Notifications
      [9] (submenu) Preferences
      [10] (submenu) Reports
  >>> [11] (submenu) Settings
      [12] (submenu) Tools
      [13] (submenu) User Management
  ---
[2025-12-07 01:10:54] === MENU FRAME === SelectedIdx=10 Shift=False Enter=False ItemCount=13
      [1] (submenu) About
      [2] (submenu) Automation
      [3] (submenu) Export
      [4] (submenu) Help
      [5] (submenu) Import
      [6] (submenu) Logs
      [7] (submenu) Maintenance
      [8] (submenu) Notifications
      [9] (submenu) Preferences
      [10] (submenu) Reports
  >>> [11] (submenu) Settings
      [12] (submenu) Tools
      [13] (submenu) User Management
  ---
[2025-12-07 01:10:55] === MENU FRAME === SelectedIdx=11 Shift=False Enter=False ItemCount=13
      [1] (submenu) About
      [2] (submenu) Automation
      [3] (submenu) Export
      [4] (submenu) Help
      [5] (submenu) Import
      [6] (submenu) Logs
      [7] (submenu) Maintenance
      [8] (submenu) Notifications
      [9] (submenu) Preferences
      [10] (submenu) Reports
      [11] (submenu) Settings
  >>> [12] (submenu) Tools
      [13] (submenu) User Management
  ---
[2025-12-07 01:10:56] === MENU FRAME === SelectedIdx=0 Shift=False Enter=False ItemCount=7
  >>> [1] (submenu) Advanced
      [2] (submenu) Database Tools
      [3] (submenu) File Operations
      [4] (submenu) Plugins
      [5] (option) Python Runner
      [6] (submenu) Script Manager
      [7] (option) Run Tests
  ---
[2025-12-07 01:10:57] === MENU FRAME === SelectedIdx=6 Shift=False Enter=False ItemCount=7
      [1] (submenu) Advanced
      [2] (submenu) Database Tools
      [3] (submenu) File Operations
      [4] (submenu) Plugins
      [5] (option) Python Runner
      [6] (submenu) Script Manager
  >>> [7] (option) Run Tests
  ---
[2025-12-07 01:10:58] === MENU FRAME === SelectedIdx=6 Shift=False Enter=False ItemCount=7
      [1] (submenu) Advanced
      [2] (submenu) Database Tools
      [3] (submenu) File Operations
      [4] (submenu) Plugins
      [5] (option) Python Runner
      [6] (submenu) Script Manager
  >>> [7] (option) Run Tests
  ---
[2025-12-07 01:10:58] === MENU FRAME === SelectedIdx=6 Shift=False Enter=False ItemCount=7
      [1] (submenu) Advanced
      [2] (submenu) Database Tools
      [3] (submenu) File Operations
      [4] (submenu) Plugins
      [5] (option) Python Runner
      [6] (submenu) Script Manager
  >>> [7] (option) Run Tests
  ---
[2025-12-07 01:11:01] === MENU FRAME === SelectedIdx=6 Shift=True Enter=False ItemCount=7
      [1] (submenu) Advanced
      [2] (submenu) Database Tools
      [3] (submenu) File Operations
      [4] (submenu) Plugins
      [5] (option) Python Runner
      [6] (submenu) Script Manager
  >>> [7] (option) Run Tests
  ---
[2025-12-07 01:11:01] === MENU FRAME === SelectedIdx=5 Shift=True Enter=False ItemCount=7
      [1] (submenu) Advanced
      [2] (submenu) Database Tools
      [3] (submenu) File Operations
      [4] (submenu) Plugins
      [5] (option) Python Runner
  >>> [6] (submenu) Script Manager
      [7] (option) Run Tests
  ---
[2025-12-07 01:11:03] === MENU FRAME === SelectedIdx=5 Shift=True Enter=False ItemCount=7
      [1] (submenu) Advanced
      [2] (submenu) Database Tools
      [3] (submenu) File Operations
      [4] (submenu) Plugins
      [5] (option) Python Runner
  >>> [6] (submenu) Script Manager
      [7] (option) Run Tests
  ---
[2025-12-07 01:11:03] === MENU FRAME === SelectedIdx=6 Shift=True Enter=False ItemCount=7
      [1] (submenu) Advanced
      [2] (submenu) Database Tools
      [3] (submenu) File Operations
      [4] (submenu) Plugins
      [5] (option) Python Runner
      [6] (submenu) Script Manager
  >>> [7] (option) Run Tests
  ---
[2025-12-07 01:11:03] === MENU FRAME === SelectedIdx=6 Shift=True Enter=False ItemCount=7
      [1] (submenu) Advanced
      [2] (submenu) Database Tools
      [3] (submenu) File Operations
      [4] (submenu) Plugins
      [5] (option) Python Runner
      [6] (submenu) Script Manager
  >>> [7] (option) Run Tests
  ---
[2025-12-07 01:11:03] === MENU FRAME === SelectedIdx=0 Shift=True Enter=False ItemCount=7
  >>> [1] (submenu) Advanced
      [2] (submenu) Database Tools
      [3] (submenu) File Operations
      [4] (submenu) Plugins
      [5] (option) Python Runner
      [6] (submenu) Script Manager
      [7] (option) Run Tests
  ---
[2025-12-07 01:11:03] === MENU FRAME === SelectedIdx=0 Shift=True Enter=False ItemCount=7
  >>> [1] (submenu) Advanced
      [2] (submenu) Database Tools
      [3] (submenu) File Operations
      [4] (submenu) Plugins
      [5] (option) Python Runner
      [6] (submenu) Script Manager
      [7] (option) Run Tests
  ---
[2025-12-07 01:11:03] === MENU FRAME === SelectedIdx=1 Shift=True Enter=False ItemCount=7
      [1] (submenu) Advanced
  >>> [2] (submenu) Database Tools
      [3] (submenu) File Operations
      [4] (submenu) Plugins
      [5] (option) Python Runner
      [6] (submenu) Script Manager
      [7] (option) Run Tests
  ---
[2025-12-07 01:11:04] === MENU FRAME === SelectedIdx=1 Shift=True Enter=False ItemCount=7
      [1] (submenu) Advanced
  >>> [2] (submenu) Database Tools
      [3] (submenu) File Operations
      [4] (submenu) Plugins
      [5] (option) Python Runner
      [6] (submenu) Script Manager
      [7] (option) Run Tests
  ---
[2025-12-07 01:11:04] === MENU FRAME === SelectedIdx=2 Shift=True Enter=False ItemCount=7
      [1] (submenu) Advanced
      [2] (submenu) Database Tools
  >>> [3] (submenu) File Operations
      [4] (submenu) Plugins
      [5] (option) Python Runner
      [6] (submenu) Script Manager
      [7] (option) Run Tests
  ---
[2025-12-07 01:11:04] === MENU FRAME === SelectedIdx=2 Shift=True Enter=False ItemCount=7
      [1] (submenu) Advanced
      [2] (submenu) Database Tools
  >>> [3] (submenu) File Operations
      [4] (submenu) Plugins
      [5] (option) Python Runner
      [6] (submenu) Script Manager
      [7] (option) Run Tests
  ---
[2025-12-07 01:11:04] === MENU FRAME === SelectedIdx=3 Shift=True Enter=False ItemCount=7
      [1] (submenu) Advanced
      [2] (submenu) Database Tools
      [3] (submenu) File Operations
  >>> [4] (submenu) Plugins
      [5] (option) Python Runner
      [6] (submenu) Script Manager
      [7] (option) Run Tests
  ---
[2025-12-07 01:11:05] === MENU FRAME === SelectedIdx=3 Shift=True Enter=False ItemCount=7
      [1] (submenu) Advanced
      [2] (submenu) Database Tools
      [3] (submenu) File Operations
  >>> [4] (submenu) Plugins
      [5] (option) Python Runner
      [6] (submenu) Script Manager
      [7] (option) Run Tests
  ---
[2025-12-07 01:11:05] === MENU FRAME === SelectedIdx=4 Shift=True Enter=False ItemCount=7
      [1] (submenu) Advanced
      [2] (submenu) Database Tools
      [3] (submenu) File Operations
      [4] (submenu) Plugins
  >>> [5] (option) Python Runner
      [6] (submenu) Script Manager
      [7] (option) Run Tests
  ---
[2025-12-07 01:11:05] === MENU FRAME === SelectedIdx=4 Shift=True Enter=False ItemCount=7
      [1] (submenu) Advanced
      [2] (submenu) Database Tools
      [3] (submenu) File Operations
      [4] (submenu) Plugins
  >>> [5] (option) Python Runner
      [6] (submenu) Script Manager
      [7] (option) Run Tests
  ---
[2025-12-07 01:11:05] === MENU FRAME === SelectedIdx=5 Shift=True Enter=False ItemCount=7
      [1] (submenu) Advanced
      [2] (submenu) Database Tools
      [3] (submenu) File Operations
      [4] (submenu) Plugins
      [5] (option) Python Runner
  >>> [6] (submenu) Script Manager
      [7] (option) Run Tests
  ---
[2025-12-07 01:11:05] === MENU FRAME === SelectedIdx=5 Shift=True Enter=False ItemCount=7
      [1] (submenu) Advanced
      [2] (submenu) Database Tools
      [3] (submenu) File Operations
      [4] (submenu) Plugins
      [5] (option) Python Runner
  >>> [6] (submenu) Script Manager
      [7] (option) Run Tests
  ---
[2025-12-07 01:11:05] === MENU FRAME === SelectedIdx=6 Shift=True Enter=False ItemCount=7
      [1] (submenu) Advanced
      [2] (submenu) Database Tools
      [3] (submenu) File Operations
      [4] (submenu) Plugins
      [5] (option) Python Runner
      [6] (submenu) Script Manager
  >>> [7] (option) Run Tests
  ---
[2025-12-07 01:11:06] === MENU FRAME === SelectedIdx=6 Shift=False Enter=False ItemCount=7
      [1] (submenu) Advanced
      [2] (submenu) Database Tools
      [3] (submenu) File Operations
      [4] (submenu) Plugins
      [5] (option) Python Runner
      [6] (submenu) Script Manager
  >>> [7] (option) Run Tests
  ---
[2025-12-07 01:11:06] === MENU FRAME === SelectedIdx=6 Shift=False Enter=False ItemCount=7
      [1] (submenu) Advanced
      [2] (submenu) Database Tools
      [3] (submenu) File Operations
      [4] (submenu) Plugins
      [5] (option) Python Runner
      [6] (submenu) Script Manager
  >>> [7] (option) Run Tests
  ---
[2025-12-07 01:11:07] === MENU FRAME === SelectedIdx=6 Shift=False Enter=False ItemCount=7
      [1] (submenu) Advanced
      [2] (submenu) Database Tools
      [3] (submenu) File Operations
      [4] (submenu) Plugins
      [5] (option) Python Runner
      [6] (submenu) Script Manager
  >>> [7] (option) Run Tests
  ---
[2025-12-07 01:11:07] === MENU FRAME === SelectedIdx=6 Shift=False Enter=False ItemCount=7
      [1] (submenu) Advanced
      [2] (submenu) Database Tools
      [3] (submenu) File Operations
      [4] (submenu) Plugins
      [5] (option) Python Runner
      [6] (submenu) Script Manager
  >>> [7] (option) Run Tests
  ---
[2025-12-07 01:11:07] === MENU FRAME === SelectedIdx=6 Shift=False Enter=False ItemCount=7
      [1] (submenu) Advanced
      [2] (submenu) Database Tools
      [3] (submenu) File Operations
      [4] (submenu) Plugins
      [5] (option) Python Runner
      [6] (submenu) Script Manager
  >>> [7] (option) Run Tests
  ---
[2025-12-07 01:11:07] === MENU FRAME === SelectedIdx=6 Shift=False Enter=False ItemCount=7
      [1] (submenu) Advanced
      [2] (submenu) Database Tools
      [3] (submenu) File Operations
      [4] (submenu) Plugins
      [5] (option) Python Runner
      [6] (submenu) Script Manager
  >>> [7] (option) Run Tests
  ---
[2025-12-07 01:11:08] === MENU FRAME === SelectedIdx=6 Shift=False Enter=False ItemCount=7
      [1] (submenu) Advanced
      [2] (submenu) Database Tools
      [3] (submenu) File Operations
      [4] (submenu) Plugins
      [5] (option) Python Runner
      [6] (submenu) Script Manager
  >>> [7] (option) Run Tests
  ---
[2025-12-07 01:11:08] === MENU FRAME === SelectedIdx=6 Shift=False Enter=False ItemCount=7
      [1] (submenu) Advanced
      [2] (submenu) Database Tools
      [3] (submenu) File Operations
      [4] (submenu) Plugins
      [5] (option) Python Runner
      [6] (submenu) Script Manager
  >>> [7] (option) Run Tests
  ---
[2025-12-07 01:11:08] === MENU FRAME === SelectedIdx=6 Shift=False Enter=False ItemCount=7
      [1] (submenu) Advanced
      [2] (submenu) Database Tools
      [3] (submenu) File Operations
      [4] (submenu) Plugins
      [5] (option) Python Runner
      [6] (submenu) Script Manager
  >>> [7] (option) Run Tests
  ---
[2025-12-07 01:11:08] === MENU FRAME === SelectedIdx=6 Shift=False Enter=False ItemCount=7
      [1] (submenu) Advanced
      [2] (submenu) Database Tools
      [3] (submenu) File Operations
      [4] (submenu) Plugins
      [5] (option) Python Runner
      [6] (submenu) Script Manager
  >>> [7] (option) Run Tests
  ---
[2025-12-07 01:11:08] === MENU FRAME === SelectedIdx=6 Shift=False Enter=False ItemCount=7
      [1] (submenu) Advanced
      [2] (submenu) Database Tools
      [3] (submenu) File Operations
      [4] (submenu) Plugins
      [5] (option) Python Runner
      [6] (submenu) Script Manager
  >>> [7] (option) Run Tests
  ---
[2025-12-07 01:11:08] === MENU FRAME === SelectedIdx=6 Shift=False Enter=False ItemCount=7
      [1] (submenu) Advanced
      [2] (submenu) Database Tools
      [3] (submenu) File Operations
      [4] (submenu) Plugins
      [5] (option) Python Runner
      [6] (submenu) Script Manager
  >>> [7] (option) Run Tests
  ---
[2025-12-07 01:11:08] === MENU FRAME === SelectedIdx=6 Shift=False Enter=False ItemCount=7
      [1] (submenu) Advanced
      [2] (submenu) Database Tools
      [3] (submenu) File Operations
      [4] (submenu) Plugins
      [5] (option) Python Runner
      [6] (submenu) Script Manager
  >>> [7] (option) Run Tests
  ---
[2025-12-07 01:11:08] === MENU FRAME === SelectedIdx=6 Shift=False Enter=False ItemCount=7
      [1] (submenu) Advanced
      [2] (submenu) Database Tools
      [3] (submenu) File Operations
      [4] (submenu) Plugins
      [5] (option) Python Runner
      [6] (submenu) Script Manager
  >>> [7] (option) Run Tests
  ---
[2025-12-07 01:11:09] === MENU FRAME === SelectedIdx=6 Shift=False Enter=False ItemCount=7
      [1] (submenu) Advanced
      [2] (submenu) Database Tools
      [3] (submenu) File Operations
      [4] (submenu) Plugins
      [5] (option) Python Runner
      [6] (submenu) Script Manager
  >>> [7] (option) Run Tests
  ---
[2025-12-07 01:11:09] === MENU FRAME === SelectedIdx=6 Shift=False Enter=False ItemCount=7
      [1] (submenu) Advanced
      [2] (submenu) Database Tools
      [3] (submenu) File Operations
      [4] (submenu) Plugins
      [5] (option) Python Runner
      [6] (submenu) Script Manager
  >>> [7] (option) Run Tests
  ---
[2025-12-07 01:11:09] === MENU FRAME === SelectedIdx=6 Shift=False Enter=False ItemCount=7
      [1] (submenu) Advanced
      [2] (submenu) Database Tools
      [3] (submenu) File Operations
      [4] (submenu) Plugins
      [5] (option) Python Runner
      [6] (submenu) Script Manager
  >>> [7] (option) Run Tests
  ---
[2025-12-07 01:11:09] === MENU FRAME === SelectedIdx=6 Shift=False Enter=False ItemCount=7
      [1] (submenu) Advanced
      [2] (submenu) Database Tools
      [3] (submenu) File Operations
      [4] (submenu) Plugins
      [5] (option) Python Runner
      [6] (submenu) Script Manager
  >>> [7] (option) Run Tests
  ---
[2025-12-07 01:11:11] === MENU FRAME === SelectedIdx=6 Shift=False Enter=False ItemCount=7
      [1] (submenu) Advanced
      [2] (submenu) Database Tools
      [3] (submenu) File Operations
      [4] (submenu) Plugins
      [5] (option) Python Runner
      [6] (submenu) Script Manager
  >>> [7] (option) Run Tests
  ---
[2025-12-07 01:11:11] === MENU FRAME === SelectedIdx=6 Shift=False Enter=False ItemCount=7
      [1] (submenu) Advanced
      [2] (submenu) Database Tools
      [3] (submenu) File Operations
      [4] (submenu) Plugins
      [5] (option) Python Runner
      [6] (submenu) Script Manager
  >>> [7] (option) Run Tests
  ---
[2025-12-07 01:11:11] === MENU FRAME === SelectedIdx=6 Shift=False Enter=False ItemCount=7
      [1] (submenu) Advanced
      [2] (submenu) Database Tools
      [3] (submenu) File Operations
      [4] (submenu) Plugins
      [5] (option) Python Runner
      [6] (submenu) Script Manager
  >>> [7] (option) Run Tests
  ---
[2025-12-07 01:11:11] === MENU FRAME === SelectedIdx=6 Shift=False Enter=False ItemCount=7
      [1] (submenu) Advanced
      [2] (submenu) Database Tools
      [3] (submenu) File Operations
      [4] (submenu) Plugins
      [5] (option) Python Runner
      [6] (submenu) Script Manager
  >>> [7] (option) Run Tests
  ---
[2025-12-07 01:11:11] === MENU FRAME === SelectedIdx=6 Shift=False Enter=False ItemCount=7
      [1] (submenu) Advanced
      [2] (submenu) Database Tools
      [3] (submenu) File Operations
      [4] (submenu) Plugins
      [5] (option) Python Runner
      [6] (submenu) Script Manager
  >>> [7] (option) Run Tests
  ---
[2025-12-07 01:11:11] === MENU FRAME === SelectedIdx=6 Shift=False Enter=False ItemCount=7
      [1] (submenu) Advanced
      [2] (submenu) Database Tools
      [3] (submenu) File Operations
      [4] (submenu) Plugins
      [5] (option) Python Runner
      [6] (submenu) Script Manager
  >>> [7] (option) Run Tests
  ---
[2025-12-07 01:11:11] === MENU FRAME === SelectedIdx=6 Shift=False Enter=False ItemCount=7
      [1] (submenu) Advanced
      [2] (submenu) Database Tools
      [3] (submenu) File Operations
      [4] (submenu) Plugins
      [5] (option) Python Runner
      [6] (submenu) Script Manager
  >>> [7] (option) Run Tests
  ---
[2025-12-07 01:11:11] === MENU FRAME === SelectedIdx=6 Shift=False Enter=False ItemCount=7
      [1] (submenu) Advanced
      [2] (submenu) Database Tools
      [3] (submenu) File Operations
      [4] (submenu) Plugins
      [5] (option) Python Runner
      [6] (submenu) Script Manager
  >>> [7] (option) Run Tests
  ---
[2025-12-07 01:11:11] === MENU FRAME === SelectedIdx=6 Shift=False Enter=False ItemCount=7
      [1] (submenu) Advanced
      [2] (submenu) Database Tools
      [3] (submenu) File Operations
      [4] (submenu) Plugins
      [5] (option) Python Runner
      [6] (submenu) Script Manager
  >>> [7] (option) Run Tests
  ---
[2025-12-07 01:11:12] === MENU FRAME === SelectedIdx=6 Shift=False Enter=False ItemCount=7
      [1] (submenu) Advanced
      [2] (submenu) Database Tools
      [3] (submenu) File Operations
      [4] (submenu) Plugins
      [5] (option) Python Runner
      [6] (submenu) Script Manager
  >>> [7] (option) Run Tests
  ---
[2025-12-07 01:14:34] === MENU FRAME === SelectedIdx=-1 Shift=False Enter=False ItemCount=13
      [1] (submenu) About
      [2] (submenu) Automation
      [3] (submenu) Export
      [4] (submenu) Help
      [5] (submenu) Import
      [6] (submenu) Logs
      [7] (submenu) Maintenance
      [8] (submenu) Notifications
      [9] (submenu) Preferences
      [10] (submenu) Reports
      [11] (submenu) Settings
      [12] (submenu) Tools
      [13] (submenu) User Management
  ---
[2025-12-07 01:14:34] === MENU FRAME === SelectedIdx=-1 Shift=False Enter=False ItemCount=9
      [1] (submenu) Display Settings
      [2] (option) Edit Settings
      [3] (option) Export Settings
      [4] (option) Import Settings
      [5] (submenu) Network
      [6] (submenu) Performance
      [7] (option) Reset Factory
      [8] (submenu) Security
      [9] (option) View Logs
  ---
[2025-12-07 01:15:07] === MENU FRAME === SelectedIdx=0 Shift=False Enter=False ItemCount=13
  >>> [1] (submenu) About
      [2] (submenu) Automation
      [3] (submenu) Export
      [4] (submenu) Help
      [5] (submenu) Import
      [6] (submenu) Logs
      [7] (submenu) Maintenance
      [8] (submenu) Notifications
      [9] (submenu) Preferences
      [10] (submenu) Reports
      [11] (submenu) Settings
      [12] (submenu) Tools
      [13] (submenu) User Management
  ---
[2025-12-07 01:20:06] === MENU FRAME === SelectedIdx=-1 Shift=False Enter=False ItemCount=13
      [1] (submenu) About
      [2] (submenu) Automation
      [3] (submenu) Export
      [4] (submenu) Help
      [5] (submenu) Import
      [6] (submenu) Logs
      [7] (submenu) Maintenance
      [8] (submenu) Notifications
      [9] (submenu) Preferences
      [10] (submenu) Reports
      [11] (submenu) Settings
      [12] (submenu) Tools
      [13] (submenu) User Management
  ---
[2025-12-07 01:20:06] === MENU FRAME === SelectedIdx=-1 Shift=False Enter=False ItemCount=13
      [1] (submenu) About
      [2] (submenu) Automation
      [3] (submenu) Export
      [4] (submenu) Help
      [5] (submenu) Import
      [6] (submenu) Logs
      [7] (submenu) Maintenance
      [8] (submenu) Notifications
      [9] (submenu) Preferences
      [10] (submenu) Reports
      [11] (submenu) Settings
      [12] (submenu) Tools
      [13] (submenu) User Management
  ---
[2025-12-07 01:25:13] === MENU FRAME === SelectedIdx=0 Shift=False Enter=False ItemCount=13
  >>> [1] (submenu) About
      [2] (submenu) Automation
      [3] (submenu) Export
      [4] (submenu) Help
      [5] (submenu) Import
      [6] (submenu) Logs
      [7] (submenu) Maintenance
      [8] (submenu) Notifications
      [9] (submenu) Preferences
      [10] (submenu) Reports
      [11] (submenu) Settings
      [12] (submenu) Tools
      [13] (submenu) User Management
  ---
[2025-12-07 01:25:14] === MENU FRAME === SelectedIdx=1 Shift=False Enter=False ItemCount=13
      [1] (submenu) About
  >>> [2] (submenu) Automation
      [3] (submenu) Export
      [4] (submenu) Help
      [5] (submenu) Import
      [6] (submenu) Logs
      [7] (submenu) Maintenance
      [8] (submenu) Notifications
      [9] (submenu) Preferences
      [10] (submenu) Reports
      [11] (submenu) Settings
      [12] (submenu) Tools
      [13] (submenu) User Management
  ---
[2025-12-07 01:25:15] === MENU FRAME === SelectedIdx=2 Shift=False Enter=False ItemCount=13
      [1] (submenu) About
      [2] (submenu) Automation
  >>> [3] (submenu) Export
      [4] (submenu) Help
      [5] (submenu) Import
      [6] (submenu) Logs
      [7] (submenu) Maintenance
      [8] (submenu) Notifications
      [9] (submenu) Preferences
      [10] (submenu) Reports
      [11] (submenu) Settings
      [12] (submenu) Tools
      [13] (submenu) User Management
  ---
[2025-12-07 01:25:16] === MENU FRAME === SelectedIdx=3 Shift=False Enter=False ItemCount=13
      [1] (submenu) About
      [2] (submenu) Automation
      [3] (submenu) Export
  >>> [4] (submenu) Help
      [5] (submenu) Import
      [6] (submenu) Logs
      [7] (submenu) Maintenance
      [8] (submenu) Notifications
      [9] (submenu) Preferences
      [10] (submenu) Reports
      [11] (submenu) Settings
      [12] (submenu) Tools
      [13] (submenu) User Management
  ---
[2025-12-07 01:25:17] === MENU FRAME === SelectedIdx=2 Shift=False Enter=False ItemCount=13
      [1] (submenu) About
      [2] (submenu) Automation
  >>> [3] (submenu) Export
      [4] (submenu) Help
      [5] (submenu) Import
      [6] (submenu) Logs
      [7] (submenu) Maintenance
      [8] (submenu) Notifications
      [9] (submenu) Preferences
      [10] (submenu) Reports
      [11] (submenu) Settings
      [12] (submenu) Tools
      [13] (submenu) User Management
  ---
[2025-12-07 01:25:18] === MENU FRAME === SelectedIdx=2 Shift=False Enter=False ItemCount=13
      [1] (submenu) About
      [2] (submenu) Automation
  >>> [3] (submenu) Export
      [4] (submenu) Help
      [5] (submenu) Import
      [6] (submenu) Logs
      [7] (submenu) Maintenance
      [8] (submenu) Notifications
      [9] (submenu) Preferences
      [10] (submenu) Reports
      [11] (submenu) Settings
      [12] (submenu) Tools
      [13] (submenu) User Management
  ---
[2025-12-07 01:25:19] === MENU FRAME === SelectedIdx=0 Shift=False Enter=False ItemCount=6
  >>> [1] (option) Export Database
      [2] (submenu) Export Destination
      [3] (submenu) Export Format
      [4] (option) Export Logs
      [5] (option) Export Report
      [6] (option) Export Settings
  ---
[2025-12-07 01:25:20] === MENU FRAME === SelectedIdx=1 Shift=False Enter=False ItemCount=6
      [1] (option) Export Database
  >>> [2] (submenu) Export Destination
      [3] (submenu) Export Format
      [4] (option) Export Logs
      [5] (option) Export Report
      [6] (option) Export Settings
  ---
[2025-12-07 01:25:21] === MENU FRAME === SelectedIdx=0 Shift=False Enter=False ItemCount=3
  >>> [1] (submenu) Cloud Storage
      [2] (option) Local Folder [value=C:\exports]
      [3] (option) Network Share [value=\\server\share]
  ---
[2025-12-07 01:25:22] === MENU FRAME === SelectedIdx=0 Shift=False Enter=False ItemCount=6
  >>> [1] (option) Export Database
      [2] (submenu) Export Destination
      [3] (submenu) Export Format
      [4] (option) Export Logs
      [5] (option) Export Report
      [6] (option) Export Settings
  ---
[2025-12-07 01:25:23] === MENU FRAME === SelectedIdx=1 Shift=False Enter=False ItemCount=6
      [1] (option) Export Database
  >>> [2] (submenu) Export Destination
      [3] (submenu) Export Format
      [4] (option) Export Logs
      [5] (option) Export Report
      [6] (option) Export Settings
  ---
[2025-12-07 01:25:24] === MENU FRAME === SelectedIdx=0 Shift=False Enter=False ItemCount=3
  >>> [1] (submenu) Cloud Storage
      [2] (option) Local Folder [value=C:\exports]
      [3] (option) Network Share [value=\\server\share]
  ---
[2025-12-07 01:25:42] === MENU FRAME === SelectedIdx=0 Shift=False Enter=False ItemCount=13
  >>> [1] (submenu) About
      [2] (submenu) Automation
      [3] (submenu) Export
      [4] (submenu) Help
      [5] (submenu) Import
      [6] (submenu) Logs
      [7] (submenu) Maintenance
      [8] (submenu) Notifications
      [9] (submenu) Preferences
      [10] (submenu) Reports
      [11] (submenu) Settings
      [12] (submenu) Tools
      [13] (submenu) User Management
  ---
[2025-12-07 01:25:43] === MENU FRAME === SelectedIdx=1 Shift=False Enter=False ItemCount=13
      [1] (submenu) About
  >>> [2] (submenu) Automation
      [3] (submenu) Export
      [4] (submenu) Help
      [5] (submenu) Import
      [6] (submenu) Logs
      [7] (submenu) Maintenance
      [8] (submenu) Notifications
      [9] (submenu) Preferences
      [10] (submenu) Reports
      [11] (submenu) Settings
      [12] (submenu) Tools
      [13] (submenu) User Management
  ---
[2025-12-07 01:25:43] === MENU FRAME === SelectedIdx=2 Shift=False Enter=False ItemCount=13
      [1] (submenu) About
      [2] (submenu) Automation
  >>> [3] (submenu) Export
      [4] (submenu) Help
      [5] (submenu) Import
      [6] (submenu) Logs
      [7] (submenu) Maintenance
      [8] (submenu) Notifications
      [9] (submenu) Preferences
      [10] (submenu) Reports
      [11] (submenu) Settings
      [12] (submenu) Tools
      [13] (submenu) User Management
  ---
[2025-12-07 01:25:44] === MENU FRAME === SelectedIdx=3 Shift=False Enter=False ItemCount=13
      [1] (submenu) About
      [2] (submenu) Automation
      [3] (submenu) Export
  >>> [4] (submenu) Help
      [5] (submenu) Import
      [6] (submenu) Logs
      [7] (submenu) Maintenance
      [8] (submenu) Notifications
      [9] (submenu) Preferences
      [10] (submenu) Reports
      [11] (submenu) Settings
      [12] (submenu) Tools
      [13] (submenu) User Management
  ---
[2025-12-07 01:25:44] === MENU FRAME === SelectedIdx=4 Shift=False Enter=False ItemCount=13
      [1] (submenu) About
      [2] (submenu) Automation
      [3] (submenu) Export
      [4] (submenu) Help
  >>> [5] (submenu) Import
      [6] (submenu) Logs
      [7] (submenu) Maintenance
      [8] (submenu) Notifications
      [9] (submenu) Preferences
      [10] (submenu) Reports
      [11] (submenu) Settings
      [12] (submenu) Tools
      [13] (submenu) User Management
[2025-12-07 01:27:56] === MENU FRAME === SelectedIdx=0 Shift=False Enter=False ItemCount=13
  >>> [1] (submenu) About
      [2] (submenu) Automation
      [3] (submenu) Export
      [4] (submenu) Help
      [5] (submenu) Import
      [6] (submenu) Logs
      [7] (submenu) Maintenance
      [8] (submenu) Notifications
      [9] (submenu) Preferences
      [10] (submenu) Reports
      [11] (submenu) Settings
      [12] (submenu) Tools
      [13] (submenu) User Management
  ---
[2025-12-07 01:33:40] === MENU FRAME === SelectedIdx=0 Shift=False Enter=False ItemCount=13
  >>> [1] (submenu) About
      [2] (submenu) Automation
      [3] (submenu) Export
      [4] (submenu) Help
      [5] (submenu) Import
      [6] (submenu) Logs
      [7] (submenu) Maintenance
      [8] (submenu) Notifications
      [9] (submenu) Preferences
      [10] (submenu) Reports
      [11] (submenu) Settings
      [12] (submenu) Tools
      [13] (submenu) User Management
  ---
[2025-12-07 01:35:26] === MENU FRAME === SelectedIdx=0 Shift=False Enter=False ItemCount=13
  >>> [1] (submenu) About
      [2] (submenu) Automation
      [3] (submenu) Export
      [4] (submenu) Help
      [5] (submenu) Import
      [6] (submenu) Logs
      [7] (submenu) Maintenance
      [8] (submenu) Notifications
      [9] (submenu) Preferences
      [10] (submenu) Reports
      [11] (submenu) Settings
      [12] (submenu) Tools
      [13] (submenu) User Management
  ---
[2025-12-07 01:49:39] === MENU FRAME === SelectedIdx=0 Shift=False Enter=False ItemCount=6
  >>> [1] (submenu) About
      [2] (option) Exit
      [3] (submenu) Help
      [4] (submenu) Logs
      [5] (submenu) Settings
      [6] (submenu) Tools
  ---
