[2025-12-07 00:42:42] DEBUG_KEY_SIMULATED | VK=40
[2025-12-07 00:42:43] DEBUG_KEY_SIMULATED | VK=40
[2025-12-07 00:42:44] DEBUG_KEY_SIMULATED | VK=40
[2025-12-07 00:42:45] DEBUG_KEY_SIMULATED | VK=38
[2025-12-07 00:42:46] DEBUG_KEY_SIMULATED | VK=13
[2025-12-07 00:42:46] DESCRIPTION_WAIT_START | Displaying description box
[2025-12-07 00:42:49] DESCRIPTION_WAIT_END | User pressed key to close description
[2025-12-07 00:42:50] DEBUG_KEY_SIMULATED | VK=13
[2025-12-07 00:42:51] DEBUG_KEY_SIMULATED | VK=40
[2025-12-07 00:42:52] DEBUG_KEY_SIMULATED | VK=13
[2025-12-07 00:43:14] INTERACTIVE_WAIT_START | Waiting for arrow key input
[2025-12-07 00:43:17] INTERACTIVE_WAIT_END | Key received: VK=81
[2025-12-07 00:43:29] INTERACTIVE_WAIT_START | Waiting for arrow key input
[2025-12-07 00:43:35] INTERACTIVE_WAIT_END | Key received: VK=81
[2025-12-07 00:43:45] DEBUG_KEY_SIMULATED | VK=40
[2025-12-07 00:43:46] DEBUG_KEY_SIMULATED | VK=40
[2025-12-07 00:43:47] DEBUG_KEY_SIMULATED | VK=40
[2025-12-07 00:43:48] DEBUG_KEY_SIMULATED | VK=38
[2025-12-07 00:43:49] DEBUG_KEY_SIMULATED | VK=13
[2025-12-07 00:43:49] DESCRIPTION_WAIT_START | Displaying description box
[2025-12-07 00:43:49] DESCRIPTION_WAIT_END | User pressed key to close description
[2025-12-07 00:43:50] DEBUG_KEY_SIMULATED | VK=13
[2025-12-07 00:43:51] DEBUG_KEY_SIMULATED | VK=40
[2025-12-07 00:43:52] DEBUG_KEY_SIMULATED | VK=13
[2025-12-07 00:43:53] DEBUG_KEY_SIMULATED | VK=8
[2025-12-07 00:43:54] DEBUG_KEY_SIMULATED | VK=40
[2025-12-07 00:43:54] DEBUG_KEY_SIMULATED | VK=13
[2025-12-07 00:43:54] DEBUG_KEY_SIMULATED | VK=81
[2025-12-07 00:44:29] INTERACTIVE_WAIT_START | Waiting for arrow key input
[2025-12-07 00:44:29] INTERACTIVE_WAIT_END | Key received: VK=40
[2025-12-07 00:44:29] INTERACTIVE_WAIT_START | Waiting for arrow key input
[2025-12-07 00:44:30] INTERACTIVE_WAIT_END | Key received: VK=40
[2025-12-07 00:44:30] INTERACTIVE_WAIT_START | Waiting for arrow key input
[2025-12-07 00:44:30] INTERACTIVE_WAIT_END | Key received: VK=40
[2025-12-07 00:44:30] INTERACTIVE_WAIT_START | Waiting for arrow key input
[2025-12-07 00:44:31] INTERACTIVE_WAIT_END | Key received: VK=40
[2025-12-07 00:44:31] INTERACTIVE_WAIT_START | Waiting for arrow key input
[2025-12-07 00:44:31] INTERACTIVE_WAIT_END | Key received: VK=40
[2025-12-07 00:44:31] INTERACTIVE_WAIT_START | Waiting for arrow key input
[2025-12-07 00:44:34] INTERACTIVE_WAIT_END | Key received: VK=40
[2025-12-07 00:44:34] INTERACTIVE_WAIT_START | Waiting for arrow key input
[2025-12-07 00:44:35] INTERACTIVE_WAIT_END | Key received: VK=40
[2025-12-07 00:44:35] INTERACTIVE_WAIT_START | Waiting for arrow key input
[2025-12-07 00:44:35] INTERACTIVE_WAIT_END | Key received: VK=40
[2025-12-07 00:44:35] INTERACTIVE_WAIT_START | Waiting for arrow key input
[2025-12-07 00:44:35] INTERACTIVE_WAIT_END | Key received: VK=40
[2025-12-07 00:44:35] INTERACTIVE_WAIT_START | Waiting for arrow key input
[2025-12-07 00:44:35] INTERACTIVE_WAIT_END | Key received: VK=40
[2025-12-07 00:44:35] INTERACTIVE_WAIT_START | Waiting for arrow key input
[2025-12-07 00:44:35] INTERACTIVE_WAIT_END | Key received: VK=40
[2025-12-07 00:44:36] INTERACTIVE_WAIT_START | Waiting for arrow key input
[2025-12-07 00:44:36] INTERACTIVE_WAIT_END | Key received: VK=40
[2025-12-07 00:44:36] INTERACTIVE_WAIT_START | Waiting for arrow key input
[2025-12-07 00:44:40] INTERACTIVE_WAIT_END | Key received: VK=40
[2025-12-07 00:44:40] INTERACTIVE_WAIT_START | Waiting for arrow key input
[2025-12-07 00:44:40] INTERACTIVE_WAIT_END | Key received: VK=40
[2025-12-07 00:44:40] INTERACTIVE_WAIT_START | Waiting for arrow key input
[2025-12-07 00:44:42] INTERACTIVE_WAIT_END | Key received: VK=13
[2025-12-07 00:44:42] INTERACTIVE_WAIT_START | Waiting for arrow key input
[2025-12-07 00:44:43] INTERACTIVE_WAIT_END | Key received: VK=40
[2025-12-07 00:44:43] INTERACTIVE_WAIT_START | Waiting for arrow key input
[2025-12-07 00:44:44] INTERACTIVE_WAIT_END | Key received: VK=16
[2025-12-07 00:44:44] INTERACTIVE_WAIT_START | Waiting for arrow key input
[2025-12-07 00:44:44] INTERACTIVE_WAIT_END | Key received: VK=40
[2025-12-07 00:44:44] INTERACTIVE_WAIT_START | Waiting for arrow key input
[2025-12-07 00:44:45] INTERACTIVE_WAIT_END | Key received: VK=13
[2025-12-07 00:44:45] INTERACTIVE_WAIT_START | Waiting for arrow key input
[2025-12-07 00:44:46] INTERACTIVE_WAIT_END | Key received: VK=123
[2025-12-07 00:44:46] INTERACTIVE_WAIT_START | Waiting for arrow key input
[2025-12-07 00:44:46] INTERACTIVE_WAIT_END | Key received: VK=67
[2025-12-07 00:44:46] INTERACTIVE_WAIT_START | Waiting for arrow key input
[2025-12-07 00:44:50] INTERACTIVE_WAIT_END | Key received: VK=40
[2025-12-07 00:44:50] INTERACTIVE_WAIT_START | Waiting for arrow key input
[2025-12-07 00:44:50] INTERACTIVE_WAIT_END | Key received: VK=123
[2025-12-07 00:44:50] INTERACTIVE_WAIT_START | Waiting for arrow key input
[2025-12-07 00:44:50] INTERACTIVE_WAIT_END | Key received: VK=67
[2025-12-07 00:44:50] INTERACTIVE_WAIT_START | Waiting for arrow key input
[2025-12-07 00:44:52] INTERACTIVE_WAIT_END | Key received: VK=16
[2025-12-07 00:44:52] INTERACTIVE_WAIT_START | Waiting for arrow key input
[2025-12-07 00:44:52] INTERACTIVE_WAIT_END | Key received: VK=38
[2025-12-07 00:44:52] INTERACTIVE_WAIT_START | Waiting for arrow key input
[2025-12-07 00:44:53] INTERACTIVE_WAIT_END | Key received: VK=123
[2025-12-07 00:44:53] INTERACTIVE_WAIT_START | Waiting for arrow key input
[2025-12-07 00:44:53] INTERACTIVE_WAIT_END | Key received: VK=67
[2025-12-07 00:44:53] INTERACTIVE_WAIT_START | Waiting for arrow key input
[2025-12-07 00:44:54] INTERACTIVE_WAIT_END | Key received: VK=16
[2025-12-07 00:44:54] INTERACTIVE_WAIT_START | Waiting for arrow key input
[2025-12-07 00:44:54] INTERACTIVE_WAIT_END | Key received: VK=40
[2025-12-07 00:44:54] INTERACTIVE_WAIT_START | Waiting for arrow key input
[2025-12-07 00:44:55] INTERACTIVE_WAIT_END | Key received: VK=123
[2025-12-07 00:44:55] INTERACTIVE_WAIT_START | Waiting for arrow key input
[2025-12-07 00:44:55] INTERACTIVE_WAIT_END | Key received: VK=67
[2025-12-07 00:44:55] INTERACTIVE_WAIT_START | Waiting for arrow key input
[2025-12-07 00:44:56] INTERACTIVE_WAIT_END | Key received: VK=16
[2025-12-07 00:44:56] INTERACTIVE_WAIT_START | Waiting for arrow key input
[2025-12-07 00:44:56] INTERACTIVE_WAIT_END | Key received: VK=38
[2025-12-07 00:44:56] INTERACTIVE_WAIT_START | Waiting for arrow key input
[2025-12-07 00:44:57] INTERACTIVE_WAIT_END | Key received: VK=123
[2025-12-07 00:44:57] INTERACTIVE_WAIT_START | Waiting for arrow key input
[2025-12-07 00:44:57] INTERACTIVE_WAIT_END | Key received: VK=67
[2025-12-07 00:44:57] INTERACTIVE_WAIT_START | Waiting for arrow key input
[2025-12-07 00:44:58] INTERACTIVE_WAIT_END | Key received: VK=123
[2025-12-07 00:44:58] INTERACTIVE_WAIT_START | Waiting for arrow key input
[2025-12-07 00:44:58] INTERACTIVE_WAIT_END | Key received: VK=67
[2025-12-07 00:44:58] INTERACTIVE_WAIT_START | Waiting for arrow key input
[2025-12-07 00:44:58] INTERACTIVE_WAIT_END | Key received: VK=123
[2025-12-07 00:44:58] INTERACTIVE_WAIT_START | Waiting for arrow key input
[2025-12-07 00:44:58] INTERACTIVE_WAIT_END | Key received: VK=67
[2025-12-07 00:44:58] INTERACTIVE_WAIT_START | Waiting for arrow key input
[2025-12-07 00:44:59] INTERACTIVE_WAIT_END | Key received: VK=123
[2025-12-07 00:44:59] INTERACTIVE_WAIT_START | Waiting for arrow key input
[2025-12-07 00:44:59] INTERACTIVE_WAIT_END | Key received: VK=67
[2025-12-07 00:44:59] INTERACTIVE_WAIT_START | Waiting for arrow key input
[2025-12-07 00:44:59] INTERACTIVE_WAIT_END | Key received: VK=13
[2025-12-07 00:45:05] INTERACTIVE_WAIT_START | Waiting for arrow key input
[2025-12-07 00:45:05] INTERACTIVE_WAIT_END | Key received: VK=40
[2025-12-07 00:45:05] INTERACTIVE_WAIT_START | Waiting for arrow key input
[2025-12-07 00:45:06] INTERACTIVE_WAIT_END | Key received: VK=40
[2025-12-07 00:45:06] INTERACTIVE_WAIT_START | Waiting for arrow key input
[2025-12-07 00:45:06] INTERACTIVE_WAIT_END | Key received: VK=40
[2025-12-07 00:45:06] INTERACTIVE_WAIT_START | Waiting for arrow key input
[2025-12-07 00:45:07] INTERACTIVE_WAIT_END | Key received: VK=16
[2025-12-07 00:45:07] INTERACTIVE_WAIT_START | Waiting for arrow key input
[2025-12-07 00:45:07] INTERACTIVE_WAIT_END | Key received: VK=40
[2025-12-07 00:45:07] INTERACTIVE_WAIT_START | Waiting for arrow key input
[2025-12-07 00:45:07] INTERACTIVE_WAIT_END | Key received: VK=16
[2025-12-07 00:45:07] INTERACTIVE_WAIT_START | Waiting for arrow key input
[2025-12-07 00:45:07] INTERACTIVE_WAIT_END | Key received: VK=40
[2025-12-07 00:45:07] INTERACTIVE_WAIT_START | Waiting for arrow key input
[2025-12-07 00:45:07] INTERACTIVE_WAIT_END | Key received: VK=16
[2025-12-07 00:45:07] INTERACTIVE_WAIT_START | Waiting for arrow key input
[2025-12-07 00:45:07] INTERACTIVE_WAIT_END | Key received: VK=40
[2025-12-07 00:45:07] INTERACTIVE_WAIT_START | Waiting for arrow key input
[2025-12-07 00:45:08] INTERACTIVE_WAIT_END | Key received: VK=40
[2025-12-07 00:45:08] INTERACTIVE_WAIT_START | Waiting for arrow key input
[2025-12-07 00:45:09] INTERACTIVE_WAIT_END | Key received: VK=40
[2025-12-07 00:45:09] INTERACTIVE_WAIT_START | Waiting for arrow key input
[2025-12-07 00:45:09] INTERACTIVE_WAIT_END | Key received: VK=38
[2025-12-07 00:45:09] INTERACTIVE_WAIT_START | Waiting for arrow key input
[2025-12-07 00:45:09] INTERACTIVE_WAIT_END | Key received: VK=13
[2025-12-07 00:45:10] INTERACTIVE_WAIT_START | Waiting for arrow key input
[2025-12-07 00:45:12] INTERACTIVE_WAIT_END | Key received: VK=123
[2025-12-07 00:45:12] INTERACTIVE_WAIT_START | Waiting for arrow key input
[2025-12-07 00:45:12] INTERACTIVE_WAIT_END | Key received: VK=67
[2025-12-07 00:45:12] INTERACTIVE_WAIT_START | Waiting for arrow key input
[2025-12-07 00:45:13] INTERACTIVE_WAIT_END | Key received: VK=40
[2025-12-07 00:45:13] INTERACTIVE_WAIT_START | Waiting for arrow key input
[2025-12-07 00:45:14] INTERACTIVE_WAIT_END | Key received: VK=40
[2025-12-07 00:45:14] INTERACTIVE_WAIT_START | Waiting for arrow key input
[2025-12-07 00:45:14] INTERACTIVE_WAIT_END | Key received: VK=123
[2025-12-07 00:45:14] INTERACTIVE_WAIT_START | Waiting for arrow key input
[2025-12-07 00:45:14] INTERACTIVE_WAIT_END | Key received: VK=67
[2025-12-07 00:45:14] INTERACTIVE_WAIT_START | Waiting for arrow key input
[2025-12-07 00:45:15] INTERACTIVE_WAIT_END | Key received: VK=123
[2025-12-07 00:45:15] INTERACTIVE_WAIT_START | Waiting for arrow key input
[2025-12-07 00:45:15] INTERACTIVE_WAIT_END | Key received: VK=67
[2025-12-07 00:45:15] INTERACTIVE_WAIT_START | Waiting for arrow key input
[2025-12-07 00:45:15] INTERACTIVE_WAIT_END | Key received: VK=13
[2025-12-07 00:45:15] INTERACTIVE_WAIT_START | Waiting for arrow key input
[2025-12-07 00:45:16] INTERACTIVE_WAIT_END | Key received: VK=9
[2025-12-07 00:45:16] INTERACTIVE_WAIT_START | Waiting for arrow key input
[2025-12-07 00:45:17] INTERACTIVE_WAIT_END | Key received: VK=9
[2025-12-07 00:45:17] INTERACTIVE_WAIT_START | Waiting for arrow key input
[2025-12-07 00:45:17] INTERACTIVE_WAIT_END | Key received: VK=9
[2025-12-07 00:45:17] INTERACTIVE_WAIT_START | Waiting for arrow key input
[2025-12-07 00:45:17] INTERACTIVE_WAIT_END | Key received: VK=9
[2025-12-07 00:45:17] INTERACTIVE_WAIT_START | Waiting for arrow key input
[2025-12-07 00:45:18] INTERACTIVE_WAIT_END | Key received: VK=13
[2025-12-07 00:45:21] INTERACTIVE_WAIT_START | Waiting for arrow key input
[2025-12-07 00:45:22] INTERACTIVE_WAIT_END | Key received: VK=40
[2025-12-07 00:45:22] INTERACTIVE_WAIT_START | Waiting for arrow key input
[2025-12-07 00:45:22] INTERACTIVE_WAIT_END | Key received: VK=40
[2025-12-07 00:45:22] INTERACTIVE_WAIT_START | Waiting for arrow key input
[2025-12-07 00:45:22] INTERACTIVE_WAIT_END | Key received: VK=40
[2025-12-07 00:45:23] INTERACTIVE_WAIT_START | Waiting for arrow key input
[2025-12-07 00:45:23] INTERACTIVE_WAIT_END | Key received: VK=40
[2025-12-07 00:45:23] INTERACTIVE_WAIT_START | Waiting for arrow key input
[2025-12-07 00:45:23] INTERACTIVE_WAIT_END | Key received: VK=40
[2025-12-07 00:45:23] INTERACTIVE_WAIT_START | Waiting for arrow key input
[2025-12-07 00:45:23] INTERACTIVE_WAIT_END | Key received: VK=40
[2025-12-07 00:45:23] INTERACTIVE_WAIT_START | Waiting for arrow key input
[2025-12-07 00:45:23] INTERACTIVE_WAIT_END | Key received: VK=40
[2025-12-07 00:45:23] INTERACTIVE_WAIT_START | Waiting for arrow key input
[2025-12-07 00:45:25] INTERACTIVE_WAIT_END | Key received: VK=40
[2025-12-07 00:45:25] INTERACTIVE_WAIT_START | Waiting for arrow key input
[2025-12-07 00:45:25] INTERACTIVE_WAIT_END | Key received: VK=123
[2025-12-07 00:45:25] INTERACTIVE_WAIT_START | Waiting for arrow key input
[2025-12-07 00:45:25] INTERACTIVE_WAIT_END | Key received: VK=67
[2025-12-07 00:45:25] INTERACTIVE_WAIT_START | Waiting for arrow key input
[2025-12-07 00:45:26] INTERACTIVE_WAIT_END | Key received: VK=13
[2025-12-07 00:45:27] INTERACTIVE_WAIT_START | Waiting for arrow key input
[2025-12-07 00:45:28] INTERACTIVE_WAIT_END | Key received: VK=8
[2025-12-07 00:45:28] INTERACTIVE_WAIT_START | Waiting for arrow key input
[2025-12-07 00:45:28] INTERACTIVE_WAIT_END | Key received: VK=40
[2025-12-07 00:45:28] INTERACTIVE_WAIT_START | Waiting for arrow key input
[2025-12-07 00:45:29] INTERACTIVE_WAIT_END | Key received: VK=38
[2025-12-07 00:45:29] INTERACTIVE_WAIT_START | Waiting for arrow key input
[2025-12-07 00:45:29] INTERACTIVE_WAIT_END | Key received: VK=38
[2025-12-07 00:45:29] INTERACTIVE_WAIT_START | Waiting for arrow key input
[2025-12-07 00:45:29] INTERACTIVE_WAIT_END | Key received: VK=38
[2025-12-07 00:45:29] INTERACTIVE_WAIT_START | Waiting for arrow key input
[2025-12-07 00:45:30] INTERACTIVE_WAIT_END | Key received: VK=13
[2025-12-07 00:45:30] INTERACTIVE_WAIT_START | Waiting for arrow key input
[2025-12-07 00:45:30] INTERACTIVE_WAIT_END | Key received: VK=40
[2025-12-07 00:45:30] INTERACTIVE_WAIT_START | Waiting for arrow key input
[2025-12-07 00:45:31] INTERACTIVE_WAIT_END | Key received: VK=38
[2025-12-07 00:45:31] INTERACTIVE_WAIT_START | Waiting for arrow key input
[2025-12-07 00:45:31] INTERACTIVE_WAIT_END | Key received: VK=13
[2025-12-07 00:45:31] INTERACTIVE_WAIT_START | Waiting for arrow key input
[2025-12-07 00:45:32] INTERACTIVE_WAIT_END | Key received: VK=40
[2025-12-07 00:45:32] INTERACTIVE_WAIT_START | Waiting for arrow key input
[2025-12-07 00:45:33] INTERACTIVE_WAIT_END | Key received: VK=13
[2025-12-07 00:45:33] INTERACTIVE_WAIT_START | Waiting for arrow key input
[2025-12-07 00:45:34] INTERACTIVE_WAIT_END | Key received: VK=38
[2025-12-07 00:45:34] INTERACTIVE_WAIT_START | Waiting for arrow key input
[2025-12-07 00:45:34] INTERACTIVE_WAIT_END | Key received: VK=123
[2025-12-07 00:45:35] INTERACTIVE_WAIT_START | Waiting for arrow key input
[2025-12-07 00:45:35] INTERACTIVE_WAIT_END | Key received: VK=67
[2025-12-07 00:45:35] INTERACTIVE_WAIT_START | Waiting for arrow key input
[2025-12-07 00:45:36] INTERACTIVE_WAIT_END | Key received: VK=8
[2025-12-07 00:45:36] INTERACTIVE_WAIT_START | Waiting for arrow key input
[2025-12-07 00:45:37] INTERACTIVE_WAIT_END | Key received: VK=38
[2025-12-07 00:45:37] INTERACTIVE_WAIT_START | Waiting for arrow key input
[2025-12-07 00:45:37] INTERACTIVE_WAIT_END | Key received: VK=38
[2025-12-07 00:45:37] INTERACTIVE_WAIT_START | Waiting for arrow key input
[2025-12-07 00:45:37] INTERACTIVE_WAIT_END | Key received: VK=38
[2025-12-07 00:45:37] INTERACTIVE_WAIT_START | Waiting for arrow key input
[2025-12-07 00:45:38] INTERACTIVE_WAIT_END | Key received: VK=38
[2025-12-07 00:45:38] INTERACTIVE_WAIT_START | Waiting for arrow key input
[2025-12-07 00:45:40] INTERACTIVE_WAIT_END | Key received: VK=13
[2025-12-07 00:59:59] INTERACTIVE_WAIT_START | Waiting for arrow key input
[2025-12-07 01:00:02] INTERACTIVE_WAIT_END | Key received: VK=40
[2025-12-07 01:00:03] INTERACTIVE_WAIT_START | Waiting for arrow key input
[2025-12-07 01:00:03] INTERACTIVE_WAIT_END | Key received: VK=40
[2025-12-07 01:00:03] INTERACTIVE_WAIT_START | Waiting for arrow key input
[2025-12-07 01:00:03] INTERACTIVE_WAIT_END | Key received: VK=40
[2025-12-07 01:00:03] INTERACTIVE_WAIT_START | Waiting for arrow key input
[2025-12-07 01:00:03] INTERACTIVE_WAIT_END | Key received: VK=40
[2025-12-07 01:00:03] INTERACTIVE_WAIT_START | Waiting for arrow key input
[2025-12-07 01:00:04] INTERACTIVE_WAIT_END | Key received: VK=40
[2025-12-07 01:00:04] INTERACTIVE_WAIT_START | Waiting for arrow key input
[2025-12-07 01:00:04] INTERACTIVE_WAIT_END | Key received: VK=40
[2025-12-07 01:00:04] INTERACTIVE_WAIT_START | Waiting for arrow key input
[2025-12-07 01:00:04] INTERACTIVE_WAIT_END | Key received: VK=40
[2025-12-07 01:00:04] INTERACTIVE_WAIT_START | Waiting for arrow key input
[2025-12-07 01:00:05] INTERACTIVE_WAIT_END | Key received: VK=40
[2025-12-07 01:00:05] INTERACTIVE_WAIT_START | Waiting for arrow key input
[2025-12-07 01:00:06] INTERACTIVE_WAIT_END | Key received: VK=123
[2025-12-07 01:00:06] INTERACTIVE_WAIT_START | Waiting for arrow key input
[2025-12-07 01:00:06] INTERACTIVE_WAIT_END | Key received: VK=67
[2025-12-07 01:00:06] INTERACTIVE_WAIT_START | Waiting for arrow key input
[2025-12-07 01:00:07] INTERACTIVE_WAIT_END | Key received: VK=13
[2025-12-07 01:00:07] INTERACTIVE_WAIT_START | Waiting for arrow key input
[2025-12-07 01:00:08] INTERACTIVE_WAIT_END | Key received: VK=40
[2025-12-07 01:00:08] INTERACTIVE_WAIT_START | Waiting for arrow key input
[2025-12-07 01:00:08] INTERACTIVE_WAIT_END | Key received: VK=13
[2025-12-07 01:00:09] INTERACTIVE_WAIT_START | Waiting for arrow key input
[2025-12-07 01:00:09] INTERACTIVE_WAIT_END | Key received: VK=40
[2025-12-07 01:00:09] INTERACTIVE_WAIT_START | Waiting for arrow key input
[2025-12-07 01:00:09] INTERACTIVE_WAIT_END | Key received: VK=40
[2025-12-07 01:00:09] INTERACTIVE_WAIT_START | Waiting for arrow key input
[2025-12-07 01:00:10] INTERACTIVE_WAIT_END | Key received: VK=40
[2025-12-07 01:00:10] INTERACTIVE_WAIT_START | Waiting for arrow key input
[2025-12-07 01:00:10] INTERACTIVE_WAIT_END | Key received: VK=38
[2025-12-07 01:00:10] INTERACTIVE_WAIT_START | Waiting for arrow key input
[2025-12-07 01:00:10] INTERACTIVE_WAIT_END | Key received: VK=13
[2025-12-07 01:00:15] INTERACTIVE_WAIT_START | Waiting for arrow key input
[2025-12-07 01:00:16] INTERACTIVE_WAIT_END | Key received: VK=38
[2025-12-07 01:00:16] INTERACTIVE_WAIT_START | Waiting for arrow key input
[2025-12-07 01:00:17] INTERACTIVE_WAIT_END | Key received: VK=13
[2025-12-07 01:00:17] INTERACTIVE_WAIT_START | Waiting for arrow key input
[2025-12-07 01:00:18] INTERACTIVE_WAIT_END | Key received: VK=38
[2025-12-07 01:00:18] INTERACTIVE_WAIT_START | Waiting for arrow key input
[2025-12-07 01:00:18] INTERACTIVE_WAIT_END | Key received: VK=38
[2025-12-07 01:00:18] INTERACTIVE_WAIT_START | Waiting for arrow key input
[2025-12-07 01:00:20] INTERACTIVE_WAIT_END | Key received: VK=123
[2025-12-07 01:00:20] INTERACTIVE_WAIT_START | Waiting for arrow key input
[2025-12-07 01:00:20] INTERACTIVE_WAIT_END | Key received: VK=67
[2025-12-07 01:00:20] INTERACTIVE_WAIT_START | Waiting for arrow key input
[2025-12-07 01:00:20] INTERACTIVE_WAIT_END | Key received: VK=13
[2025-12-07 01:00:20] INTERACTIVE_WAIT_START | Waiting for arrow key input
[2025-12-07 01:00:22] INTERACTIVE_WAIT_END | Key received: VK=123
[2025-12-07 01:00:22] INTERACTIVE_WAIT_START | Waiting for arrow key input
[2025-12-07 01:00:22] INTERACTIVE_WAIT_END | Key received: VK=67
[2025-12-07 01:00:22] INTERACTIVE_WAIT_START | Waiting for arrow key input
[2025-12-07 01:00:23] INTERACTIVE_WAIT_END | Key received: VK=16
[2025-12-07 01:00:23] INTERACTIVE_WAIT_START | Waiting for arrow key input
[2025-12-07 01:00:23] INTERACTIVE_WAIT_END | Key received: VK=40
[2025-12-07 01:00:23] INTERACTIVE_WAIT_START | Waiting for arrow key input
[2025-12-07 01:00:24] INTERACTIVE_WAIT_END | Key received: VK=123
[2025-12-07 01:00:24] INTERACTIVE_WAIT_START | Waiting for arrow key input
[2025-12-07 01:00:24] INTERACTIVE_WAIT_END | Key received: VK=67
[2025-12-07 01:00:24] INTERACTIVE_WAIT_START | Waiting for arrow key input
[2025-12-07 01:00:25] INTERACTIVE_WAIT_END | Key received: VK=16
[2025-12-07 01:00:25] INTERACTIVE_WAIT_START | Waiting for arrow key input
[2025-12-07 01:00:25] INTERACTIVE_WAIT_END | Key received: VK=40
[2025-12-07 01:00:25] INTERACTIVE_WAIT_START | Waiting for arrow key input
[2025-12-07 01:00:26] INTERACTIVE_WAIT_END | Key received: VK=123
[2025-12-07 01:00:26] INTERACTIVE_WAIT_START | Waiting for arrow key input
[2025-12-07 01:00:26] INTERACTIVE_WAIT_END | Key received: VK=67
[2025-12-07 01:00:26] INTERACTIVE_WAIT_START | Waiting for arrow key input
[2025-12-07 01:00:30] INTERACTIVE_WAIT_END | Key received: VK=16
[2025-12-07 01:00:30] INTERACTIVE_WAIT_START | Waiting for arrow key input
[2025-12-07 01:00:30] INTERACTIVE_WAIT_END | Key received: VK=83
[2025-12-07 01:00:30] INTERACTIVE_WAIT_START | Waiting for arrow key input
[2025-12-07 01:00:34] INTERACTIVE_WAIT_END | Key received: VK=40
[2025-12-07 01:00:34] INTERACTIVE_WAIT_START | Waiting for arrow key input
[2025-12-07 01:00:35] INTERACTIVE_WAIT_END | Key received: VK=40
[2025-12-07 01:00:35] INTERACTIVE_WAIT_START | Waiting for arrow key input
[2025-12-07 01:00:35] INTERACTIVE_WAIT_END | Key received: VK=38
[2025-12-07 01:00:35] INTERACTIVE_WAIT_START | Waiting for arrow key input
[2025-12-07 01:03:47] PROMPT_WAIT_START | Numbered menu awaiting input
[2025-12-07 01:03:47] PROMPT_WAIT_END | Input received
[2025-12-07 01:03:47] PROMPT_WAIT_START | Numbered menu awaiting input
[2025-12-07 01:03:47] PROMPT_WAIT_END | Input received
[2025-12-07 01:03:56] PROMPT_WAIT_START | Numbered menu awaiting input
[2025-12-07 01:03:56] PROMPT_WAIT_END | Input received
[2025-12-07 01:03:57] PROMPT_WAIT_START | Numbered menu awaiting input
[2025-12-07 01:03:57] PROMPT_WAIT_END | Input received
[2025-12-07 01:03:57] PROMPT_WAIT_START | Numbered menu awaiting input
[2025-12-07 01:03:57] PROMPT_WAIT_END | Input received
[2025-12-07 01:06:33] PROMPT_WAIT_START | Numbered menu awaiting input
[2025-12-07 01:06:33] PROMPT_WAIT_END | Input received
[2025-12-07 01:06:33] PROMPT_WAIT_START | Numbered menu awaiting input
[2025-12-07 01:06:33] PROMPT_WAIT_END | Input received
[2025-12-07 01:06:57] PROMPT_WAIT_START | Numbered menu awaiting input
[2025-12-07 01:06:58] PROMPT_WAIT_END | Input received
[2025-12-07 01:06:58] PROMPT_WAIT_START | Numbered menu awaiting input
[2025-12-07 01:06:58] PROMPT_WAIT_END | Input received
[2025-12-07 01:06:59] PROMPT_WAIT_START | Numbered menu awaiting input
[2025-12-07 01:06:59] PROMPT_WAIT_END | Input received
[2025-12-07 01:07:09] PROMPT_WAIT_START | Numbered menu awaiting input
[2025-12-07 01:07:09] PROMPT_WAIT_END | Input received
[2025-12-07 01:07:09] PROMPT_WAIT_START | Numbered menu awaiting input
[2025-12-07 01:07:09] PROMPT_WAIT_END | Input received
[2025-12-07 01:07:15] PROMPT_WAIT_START | Numbered menu awaiting input
[2025-12-07 01:07:15] PROMPT_WAIT_END | Input received
[2025-12-07 01:07:15] PROMPT_WAIT_START | Numbered menu awaiting input
[2025-12-07 01:07:15] PROMPT_WAIT_END | Input received
[2025-12-07 01:08:18] INTERACTIVE_WAIT_START | Waiting for arrow key input
[2025-12-07 01:08:19] INTERACTIVE_WAIT_END | Key received: VK=40
[2025-12-07 01:08:19] INTERACTIVE_WAIT_START | Waiting for arrow key input
[2025-12-07 01:08:19] INTERACTIVE_WAIT_END | Key received: VK=40
[2025-12-07 01:08:20] INTERACTIVE_WAIT_START | Waiting for arrow key input
[2025-12-07 01:08:20] INTERACTIVE_WAIT_END | Key received: VK=40
[2025-12-07 01:08:20] INTERACTIVE_WAIT_START | Waiting for arrow key input
[2025-12-07 01:08:20] INTERACTIVE_WAIT_END | Key received: VK=40
[2025-12-07 01:08:20] INTERACTIVE_WAIT_START | Waiting for arrow key input
[2025-12-07 01:08:20] INTERACTIVE_WAIT_END | Key received: VK=40
[2025-12-07 01:08:20] INTERACTIVE_WAIT_START | Waiting for arrow key input
[2025-12-07 01:08:20] INTERACTIVE_WAIT_END | Key received: VK=40
[2025-12-07 01:08:20] INTERACTIVE_WAIT_START | Waiting for arrow key input
[2025-12-07 01:08:21] INTERACTIVE_WAIT_END | Key received: VK=40
[2025-12-07 01:08:21] INTERACTIVE_WAIT_START | Waiting for arrow key input
[2025-12-07 01:08:22] INTERACTIVE_WAIT_END | Key received: VK=16
[2025-12-07 01:08:23] INTERACTIVE_WAIT_START | Waiting for arrow key input
[2025-12-07 01:08:23] INTERACTIVE_WAIT_END | Key received: VK=40
[2025-12-07 01:08:23] INTERACTIVE_WAIT_START | Waiting for arrow key input
[2025-12-07 01:08:23] INTERACTIVE_WAIT_END | Key received: VK=16
[2025-12-07 01:08:24] INTERACTIVE_WAIT_START | Waiting for arrow key input
[2025-12-07 01:08:24] INTERACTIVE_WAIT_END | Key received: VK=40
[2025-12-07 01:08:24] INTERACTIVE_WAIT_START | Waiting for arrow key input
[2025-12-07 01:08:24] INTERACTIVE_WAIT_END | Key received: VK=16
[2025-12-07 01:08:24] INTERACTIVE_WAIT_START | Waiting for arrow key input
[2025-12-07 01:08:24] INTERACTIVE_WAIT_END | Key received: VK=40
[2025-12-07 01:08:24] INTERACTIVE_WAIT_START | Waiting for arrow key input
[2025-12-07 01:08:25] INTERACTIVE_WAIT_END | Key received: VK=16
[2025-12-07 01:08:25] INTERACTIVE_WAIT_START | Waiting for arrow key input
[2025-12-07 01:08:25] INTERACTIVE_WAIT_END | Key received: VK=40
[2025-12-07 01:08:25] INTERACTIVE_WAIT_START | Waiting for arrow key input
[2025-12-07 01:08:26] INTERACTIVE_WAIT_END | Key received: VK=13
[2025-12-07 01:08:26] INTERACTIVE_WAIT_START | Waiting for arrow key input
[2025-12-07 01:08:27] INTERACTIVE_WAIT_END | Key received: VK=38
[2025-12-07 01:08:27] INTERACTIVE_WAIT_START | Waiting for arrow key input
[2025-12-07 01:08:28] INTERACTIVE_WAIT_END | Key received: VK=13
[2025-12-07 01:08:33] INTERACTIVE_WAIT_START | Waiting for arrow key input
[2025-12-07 01:08:34] INTERACTIVE_WAIT_END | Key received: VK=38
[2025-12-07 01:08:34] INTERACTIVE_WAIT_START | Waiting for arrow key input
[2025-12-07 01:08:35] INTERACTIVE_WAIT_END | Key received: VK=13
[2025-12-07 01:08:35] INTERACTIVE_WAIT_START | Waiting for arrow key input
[2025-12-07 01:08:36] INTERACTIVE_WAIT_END | Key received: VK=38
[2025-12-07 01:08:36] INTERACTIVE_WAIT_START | Waiting for arrow key input
[2025-12-07 01:08:36] INTERACTIVE_WAIT_END | Key received: VK=40
[2025-12-07 01:08:36] INTERACTIVE_WAIT_START | Waiting for arrow key input
[2025-12-07 01:08:37] INTERACTIVE_WAIT_END | Key received: VK=16
[2025-12-07 01:08:37] INTERACTIVE_WAIT_START | Waiting for arrow key input
[2025-12-07 01:08:37] INTERACTIVE_WAIT_END | Key received: VK=40
[2025-12-07 01:08:37] INTERACTIVE_WAIT_START | Waiting for arrow key input
[2025-12-07 01:08:37] INTERACTIVE_WAIT_END | Key received: VK=16
[2025-12-07 01:08:37] INTERACTIVE_WAIT_START | Waiting for arrow key input
[2025-12-07 01:08:37] INTERACTIVE_WAIT_END | Key received: VK=38
[2025-12-07 01:08:38] INTERACTIVE_WAIT_START | Waiting for arrow key input
[2025-12-07 01:08:38] INTERACTIVE_WAIT_END | Key received: VK=123
[2025-12-07 01:08:38] INTERACTIVE_WAIT_START | Waiting for arrow key input
[2025-12-07 01:08:38] INTERACTIVE_WAIT_END | Key received: VK=67
[2025-12-07 01:08:38] INTERACTIVE_WAIT_START | Waiting for arrow key input
[2025-12-07 01:08:40] INTERACTIVE_WAIT_END | Key received: VK=123
[2025-12-07 01:08:40] INTERACTIVE_WAIT_START | Waiting for arrow key input
[2025-12-07 01:08:40] INTERACTIVE_WAIT_END | Key received: VK=67
[2025-12-07 01:08:40] INTERACTIVE_WAIT_START | Waiting for arrow key input
[2025-12-07 01:08:40] INTERACTIVE_WAIT_END | Key received: VK=123
[2025-12-07 01:08:40] INTERACTIVE_WAIT_START | Waiting for arrow key input
[2025-12-07 01:08:40] INTERACTIVE_WAIT_END | Key received: VK=67
[2025-12-07 01:08:40] INTERACTIVE_WAIT_START | Waiting for arrow key input
[2025-12-07 01:08:40] INTERACTIVE_WAIT_END | Key received: VK=123
[2025-12-07 01:08:40] INTERACTIVE_WAIT_START | Waiting for arrow key input
[2025-12-07 01:08:40] INTERACTIVE_WAIT_END | Key received: VK=67
[2025-12-07 01:08:41] INTERACTIVE_WAIT_START | Waiting for arrow key input
[2025-12-07 01:08:41] INTERACTIVE_WAIT_END | Key received: VK=123
[2025-12-07 01:08:41] INTERACTIVE_WAIT_START | Waiting for arrow key input
[2025-12-07 01:08:41] INTERACTIVE_WAIT_END | Key received: VK=67
[2025-12-07 01:08:41] INTERACTIVE_WAIT_START | Waiting for arrow key input
[2025-12-07 01:08:41] INTERACTIVE_WAIT_END | Key received: VK=123
[2025-12-07 01:08:41] INTERACTIVE_WAIT_START | Waiting for arrow key input
[2025-12-07 01:08:41] INTERACTIVE_WAIT_END | Key received: VK=67
[2025-12-07 01:08:41] INTERACTIVE_WAIT_START | Waiting for arrow key input
[2025-12-07 01:08:41] INTERACTIVE_WAIT_END | Key received: VK=123
[2025-12-07 01:08:41] INTERACTIVE_WAIT_START | Waiting for arrow key input
[2025-12-07 01:08:41] INTERACTIVE_WAIT_END | Key received: VK=67
[2025-12-07 01:08:41] INTERACTIVE_WAIT_START | Waiting for arrow key input
[2025-12-07 01:08:41] INTERACTIVE_WAIT_END | Key received: VK=123
[2025-12-07 01:08:41] INTERACTIVE_WAIT_START | Waiting for arrow key input
[2025-12-07 01:08:41] INTERACTIVE_WAIT_END | Key received: VK=67
[2025-12-07 01:08:42] INTERACTIVE_WAIT_START | Waiting for arrow key input
[2025-12-07 01:08:42] INTERACTIVE_WAIT_END | Key received: VK=123
[2025-12-07 01:08:42] INTERACTIVE_WAIT_START | Waiting for arrow key input
[2025-12-07 01:08:42] INTERACTIVE_WAIT_END | Key received: VK=67
[2025-12-07 01:08:42] INTERACTIVE_WAIT_START | Waiting for arrow key input
[2025-12-07 01:08:42] INTERACTIVE_WAIT_END | Key received: VK=123
[2025-12-07 01:08:42] INTERACTIVE_WAIT_START | Waiting for arrow key input
[2025-12-07 01:08:42] INTERACTIVE_WAIT_END | Key received: VK=67
[2025-12-07 01:08:42] INTERACTIVE_WAIT_START | Waiting for arrow key input
[2025-12-07 01:08:42] INTERACTIVE_WAIT_END | Key received: VK=123
[2025-12-07 01:08:42] INTERACTIVE_WAIT_START | Waiting for arrow key input
[2025-12-07 01:08:42] INTERACTIVE_WAIT_END | Key received: VK=67
[2025-12-07 01:08:42] INTERACTIVE_WAIT_START | Waiting for arrow key input
[2025-12-07 01:08:42] INTERACTIVE_WAIT_END | Key received: VK=123
[2025-12-07 01:08:42] INTERACTIVE_WAIT_START | Waiting for arrow key input
[2025-12-07 01:08:42] INTERACTIVE_WAIT_END | Key received: VK=67
[2025-12-07 01:08:42] INTERACTIVE_WAIT_START | Waiting for arrow key input
[2025-12-07 01:08:43] INTERACTIVE_WAIT_END | Key received: VK=123
[2025-12-07 01:08:43] INTERACTIVE_WAIT_START | Waiting for arrow key input
[2025-12-07 01:08:43] INTERACTIVE_WAIT_END | Key received: VK=67
[2025-12-07 01:08:43] INTERACTIVE_WAIT_START | Waiting for arrow key input
[2025-12-07 01:08:43] INTERACTIVE_WAIT_END | Key received: VK=123
[2025-12-07 01:08:43] INTERACTIVE_WAIT_START | Waiting for arrow key input
[2025-12-07 01:08:43] INTERACTIVE_WAIT_END | Key received: VK=67
[2025-12-07 01:08:43] INTERACTIVE_WAIT_START | Waiting for arrow key input
[2025-12-07 01:08:43] INTERACTIVE_WAIT_END | Key received: VK=123
[2025-12-07 01:08:43] INTERACTIVE_WAIT_START | Waiting for arrow key input
[2025-12-07 01:08:43] INTERACTIVE_WAIT_END | Key received: VK=67
[2025-12-07 01:08:43] INTERACTIVE_WAIT_START | Waiting for arrow key input
[2025-12-07 01:08:43] INTERACTIVE_WAIT_END | Key received: VK=123
[2025-12-07 01:08:43] INTERACTIVE_WAIT_START | Waiting for arrow key input
[2025-12-07 01:08:43] INTERACTIVE_WAIT_END | Key received: VK=67
[2025-12-07 01:08:43] INTERACTIVE_WAIT_START | Waiting for arrow key input
[2025-12-07 01:08:43] INTERACTIVE_WAIT_END | Key received: VK=123
[2025-12-07 01:08:43] INTERACTIVE_WAIT_START | Waiting for arrow key input
[2025-12-07 01:08:43] INTERACTIVE_WAIT_END | Key received: VK=67
[2025-12-07 01:08:44] INTERACTIVE_WAIT_START | Waiting for arrow key input
[2025-12-07 01:08:44] INTERACTIVE_WAIT_END | Key received: VK=123
[2025-12-07 01:08:44] INTERACTIVE_WAIT_START | Waiting for arrow key input
[2025-12-07 01:08:44] INTERACTIVE_WAIT_END | Key received: VK=67
[2025-12-07 01:08:44] INTERACTIVE_WAIT_START | Waiting for arrow key input
[2025-12-07 01:08:44] INTERACTIVE_WAIT_END | Key received: VK=123
[2025-12-07 01:08:44] INTERACTIVE_WAIT_START | Waiting for arrow key input
[2025-12-07 01:08:44] INTERACTIVE_WAIT_END | Key received: VK=67
[2025-12-07 01:08:44] INTERACTIVE_WAIT_START | Waiting for arrow key input
[2025-12-07 01:08:44] INTERACTIVE_WAIT_END | Key received: VK=123
[2025-12-07 01:08:44] INTERACTIVE_WAIT_START | Waiting for arrow key input
[2025-12-07 01:08:44] INTERACTIVE_WAIT_END | Key received: VK=67
[2025-12-07 01:08:44] INTERACTIVE_WAIT_START | Waiting for arrow key input
[2025-12-07 01:08:44] INTERACTIVE_WAIT_END | Key received: VK=123
[2025-12-07 01:08:45] INTERACTIVE_WAIT_START | Waiting for arrow key input
[2025-12-07 01:08:45] INTERACTIVE_WAIT_END | Key received: VK=67
[2025-12-07 01:08:45] INTERACTIVE_WAIT_START | Waiting for arrow key input
[2025-12-07 01:08:45] INTERACTIVE_WAIT_END | Key received: VK=123
[2025-12-07 01:08:45] INTERACTIVE_WAIT_START | Waiting for arrow key input
[2025-12-07 01:08:45] INTERACTIVE_WAIT_END | Key received: VK=67
[2025-12-07 01:08:45] INTERACTIVE_WAIT_START | Waiting for arrow key input
[2025-12-07 01:08:45] INTERACTIVE_WAIT_END | Key received: VK=123
[2025-12-07 01:08:46] INTERACTIVE_WAIT_START | Waiting for arrow key input
[2025-12-07 01:08:46] INTERACTIVE_WAIT_END | Key received: VK=67
[2025-12-07 01:08:46] INTERACTIVE_WAIT_START | Waiting for arrow key input
[2025-12-07 01:08:47] INTERACTIVE_WAIT_END | Key received: VK=123
[2025-12-07 01:08:47] INTERACTIVE_WAIT_START | Waiting for arrow key input
[2025-12-07 01:08:47] INTERACTIVE_WAIT_END | Key received: VK=67
[2025-12-07 01:08:47] INTERACTIVE_WAIT_START | Waiting for arrow key input
[2025-12-07 01:08:47] INTERACTIVE_WAIT_END | Key received: VK=123
[2025-12-07 01:08:47] INTERACTIVE_WAIT_START | Waiting for arrow key input
[2025-12-07 01:08:47] INTERACTIVE_WAIT_END | Key received: VK=67
[2025-12-07 01:08:47] INTERACTIVE_WAIT_START | Waiting for arrow key input
[2025-12-07 01:08:47] INTERACTIVE_WAIT_END | Key received: VK=123
[2025-12-07 01:08:47] INTERACTIVE_WAIT_START | Waiting for arrow key input
[2025-12-07 01:08:47] INTERACTIVE_WAIT_END | Key received: VK=67
[2025-12-07 01:08:48] INTERACTIVE_WAIT_START | Waiting for arrow key input
[2025-12-07 01:08:48] INTERACTIVE_WAIT_END | Key received: VK=123
[2025-12-07 01:08:48] INTERACTIVE_WAIT_START | Waiting for arrow key input
[2025-12-07 01:08:48] INTERACTIVE_WAIT_END | Key received: VK=67
[2025-12-07 01:08:48] INTERACTIVE_WAIT_START | Waiting for arrow key input
[2025-12-07 01:08:48] INTERACTIVE_WAIT_END | Key received: VK=123
[2025-12-07 01:08:48] INTERACTIVE_WAIT_START | Waiting for arrow key input
[2025-12-07 01:08:48] INTERACTIVE_WAIT_END | Key received: VK=67
[2025-12-07 01:08:48] INTERACTIVE_WAIT_START | Waiting for arrow key input
[2025-12-07 01:08:48] INTERACTIVE_WAIT_END | Key received: VK=123
[2025-12-07 01:08:48] INTERACTIVE_WAIT_START | Waiting for arrow key input
[2025-12-07 01:08:48] INTERACTIVE_WAIT_END | Key received: VK=67
[2025-12-07 01:08:48] INTERACTIVE_WAIT_START | Waiting for arrow key input
[2025-12-07 01:08:48] INTERACTIVE_WAIT_END | Key received: VK=123
[2025-12-07 01:08:49] INTERACTIVE_WAIT_START | Waiting for arrow key input
[2025-12-07 01:08:49] INTERACTIVE_WAIT_END | Key received: VK=67
[2025-12-07 01:08:49] INTERACTIVE_WAIT_START | Waiting for arrow key input
[2025-12-07 01:08:49] INTERACTIVE_WAIT_END | Key received: VK=123
[2025-12-07 01:08:49] INTERACTIVE_WAIT_START | Waiting for arrow key input
[2025-12-07 01:08:49] INTERACTIVE_WAIT_END | Key received: VK=67
[2025-12-07 01:08:49] INTERACTIVE_WAIT_START | Waiting for arrow key input
[2025-12-07 01:08:49] INTERACTIVE_WAIT_END | Key received: VK=123
[2025-12-07 01:08:49] INTERACTIVE_WAIT_START | Waiting for arrow key input
[2025-12-07 01:08:49] INTERACTIVE_WAIT_END | Key received: VK=67
[2025-12-07 01:08:49] INTERACTIVE_WAIT_START | Waiting for arrow key input
[2025-12-07 01:08:49] INTERACTIVE_WAIT_END | Key received: VK=123
[2025-12-07 01:08:49] INTERACTIVE_WAIT_START | Waiting for arrow key input
[2025-12-07 01:08:49] INTERACTIVE_WAIT_END | Key received: VK=67
[2025-12-07 01:08:49] INTERACTIVE_WAIT_START | Waiting for arrow key input
[2025-12-07 01:08:50] INTERACTIVE_WAIT_END | Key received: VK=123
[2025-12-07 01:08:50] INTERACTIVE_WAIT_START | Waiting for arrow key input
[2025-12-07 01:08:50] INTERACTIVE_WAIT_END | Key received: VK=67
[2025-12-07 01:08:50] INTERACTIVE_WAIT_START | Waiting for arrow key input
[2025-12-07 01:08:50] INTERACTIVE_WAIT_END | Key received: VK=123
[2025-12-07 01:08:50] INTERACTIVE_WAIT_START | Waiting for arrow key input
[2025-12-07 01:08:50] INTERACTIVE_WAIT_END | Key received: VK=67
[2025-12-07 01:08:50] INTERACTIVE_WAIT_START | Waiting for arrow key input
[2025-12-07 01:08:50] INTERACTIVE_WAIT_END | Key received: VK=123
[2025-12-07 01:08:50] INTERACTIVE_WAIT_START | Waiting for arrow key input
[2025-12-07 01:08:50] INTERACTIVE_WAIT_END | Key received: VK=67
[2025-12-07 01:08:50] INTERACTIVE_WAIT_START | Waiting for arrow key input
[2025-12-07 01:08:51] INTERACTIVE_WAIT_END | Key received: VK=123
[2025-12-07 01:08:51] INTERACTIVE_WAIT_START | Waiting for arrow key input
[2025-12-07 01:08:51] INTERACTIVE_WAIT_END | Key received: VK=67
[2025-12-07 01:08:51] INTERACTIVE_WAIT_START | Waiting for arrow key input
[2025-12-07 01:08:51] INTERACTIVE_WAIT_END | Key received: VK=123
[2025-12-07 01:08:51] INTERACTIVE_WAIT_START | Waiting for arrow key input
[2025-12-07 01:08:51] INTERACTIVE_WAIT_END | Key received: VK=67
[2025-12-07 01:08:51] INTERACTIVE_WAIT_START | Waiting for arrow key input
[2025-12-07 01:08:52] INTERACTIVE_WAIT_END | Key received: VK=123
[2025-12-07 01:08:52] INTERACTIVE_WAIT_START | Waiting for arrow key input
[2025-12-07 01:08:52] INTERACTIVE_WAIT_END | Key received: VK=67
[2025-12-07 01:08:52] INTERACTIVE_WAIT_START | Waiting for arrow key input
[2025-12-07 01:08:52] INTERACTIVE_WAIT_END | Key received: VK=123
[2025-12-07 01:08:52] INTERACTIVE_WAIT_START | Waiting for arrow key input
[2025-12-07 01:08:52] INTERACTIVE_WAIT_END | Key received: VK=67
[2025-12-07 01:08:52] INTERACTIVE_WAIT_START | Waiting for arrow key input
[2025-12-07 01:08:52] INTERACTIVE_WAIT_END | Key received: VK=123
[2025-12-07 01:08:52] INTERACTIVE_WAIT_START | Waiting for arrow key input
[2025-12-07 01:08:52] INTERACTIVE_WAIT_END | Key received: VK=67
[2025-12-07 01:08:52] INTERACTIVE_WAIT_START | Waiting for arrow key input
[2025-12-07 01:08:52] INTERACTIVE_WAIT_END | Key received: VK=123
[2025-12-07 01:08:52] INTERACTIVE_WAIT_START | Waiting for arrow key input
[2025-12-07 01:08:52] INTERACTIVE_WAIT_END | Key received: VK=67
[2025-12-07 01:08:53] INTERACTIVE_WAIT_START | Waiting for arrow key input
[2025-12-07 01:10:28] PROMPT_WAIT_START | Numbered menu awaiting input
[2025-12-07 01:10:28] PROMPT_WAIT_END | Input received
[2025-12-07 01:10:28] PROMPT_WAIT_START | Numbered menu awaiting input
[2025-12-07 01:10:28] PROMPT_WAIT_END | Input received
[2025-12-07 01:10:28] PROMPT_WAIT_START | Numbered menu awaiting input
[2025-12-07 01:10:28] PROMPT_WAIT_END | Input received
[2025-12-07 01:10:50] INTERACTIVE_WAIT_START | Waiting for arrow key input
[2025-12-07 01:10:51] INTERACTIVE_WAIT_END | Key received: VK=38
[2025-12-07 01:10:51] INTERACTIVE_WAIT_START | Waiting for arrow key input
[2025-12-07 01:10:51] INTERACTIVE_WAIT_END | Key received: VK=38
[2025-12-07 01:10:51] INTERACTIVE_WAIT_START | Waiting for arrow key input
[2025-12-07 01:10:53] INTERACTIVE_WAIT_END | Key received: VK=16
[2025-12-07 01:10:53] INTERACTIVE_WAIT_START | Waiting for arrow key input
[2025-12-07 01:10:53] INTERACTIVE_WAIT_END | Key received: VK=38
[2025-12-07 01:10:53] INTERACTIVE_WAIT_START | Waiting for arrow key input
[2025-12-07 01:10:54] INTERACTIVE_WAIT_END | Key received: VK=123
[2025-12-07 01:10:54] INTERACTIVE_WAIT_START | Waiting for arrow key input
[2025-12-07 01:10:54] INTERACTIVE_WAIT_END | Key received: VK=67
[2025-12-07 01:10:54] INTERACTIVE_WAIT_START | Waiting for arrow key input
[2025-12-07 01:10:55] INTERACTIVE_WAIT_END | Key received: VK=40
[2025-12-07 01:10:56] INTERACTIVE_WAIT_START | Waiting for arrow key input
[2025-12-07 01:10:56] INTERACTIVE_WAIT_END | Key received: VK=13
[2025-12-07 01:10:56] INTERACTIVE_WAIT_START | Waiting for arrow key input
[2025-12-07 01:10:57] INTERACTIVE_WAIT_END | Key received: VK=38
[2025-12-07 01:10:57] INTERACTIVE_WAIT_START | Waiting for arrow key input
[2025-12-07 01:10:58] INTERACTIVE_WAIT_END | Key received: VK=123
[2025-12-07 01:10:58] INTERACTIVE_WAIT_START | Waiting for arrow key input
[2025-12-07 01:10:58] INTERACTIVE_WAIT_END | Key received: VK=67
[2025-12-07 01:10:59] INTERACTIVE_WAIT_START | Waiting for arrow key input
[2025-12-07 01:11:01] INTERACTIVE_WAIT_END | Key received: VK=16
[2025-12-07 01:11:01] INTERACTIVE_WAIT_START | Waiting for arrow key input
[2025-12-07 01:11:01] INTERACTIVE_WAIT_END | Key received: VK=38
[2025-12-07 01:11:01] INTERACTIVE_WAIT_START | Waiting for arrow key input
[2025-12-07 01:11:03] INTERACTIVE_WAIT_END | Key received: VK=16
[2025-12-07 01:11:03] INTERACTIVE_WAIT_START | Waiting for arrow key input
[2025-12-07 01:11:03] INTERACTIVE_WAIT_END | Key received: VK=40
[2025-12-07 01:11:03] INTERACTIVE_WAIT_START | Waiting for arrow key input
[2025-12-07 01:11:03] INTERACTIVE_WAIT_END | Key received: VK=16
[2025-12-07 01:11:03] INTERACTIVE_WAIT_START | Waiting for arrow key input
[2025-12-07 01:11:03] INTERACTIVE_WAIT_END | Key received: VK=40
[2025-12-07 01:11:03] INTERACTIVE_WAIT_START | Waiting for arrow key input
[2025-12-07 01:11:03] INTERACTIVE_WAIT_END | Key received: VK=16
[2025-12-07 01:11:03] INTERACTIVE_WAIT_START | Waiting for arrow key input
[2025-12-07 01:11:03] INTERACTIVE_WAIT_END | Key received: VK=40
[2025-12-07 01:11:03] INTERACTIVE_WAIT_START | Waiting for arrow key input
[2025-12-07 01:11:04] INTERACTIVE_WAIT_END | Key received: VK=16
[2025-12-07 01:11:04] INTERACTIVE_WAIT_START | Waiting for arrow key input
[2025-12-07 01:11:04] INTERACTIVE_WAIT_END | Key received: VK=40
[2025-12-07 01:11:04] INTERACTIVE_WAIT_START | Waiting for arrow key input
[2025-12-07 01:11:04] INTERACTIVE_WAIT_END | Key received: VK=16
[2025-12-07 01:11:04] INTERACTIVE_WAIT_START | Waiting for arrow key input
[2025-12-07 01:11:04] INTERACTIVE_WAIT_END | Key received: VK=40
[2025-12-07 01:11:04] INTERACTIVE_WAIT_START | Waiting for arrow key input
[2025-12-07 01:11:05] INTERACTIVE_WAIT_END | Key received: VK=16
[2025-12-07 01:11:05] INTERACTIVE_WAIT_START | Waiting for arrow key input
[2025-12-07 01:11:05] INTERACTIVE_WAIT_END | Key received: VK=40
[2025-12-07 01:11:05] INTERACTIVE_WAIT_START | Waiting for arrow key input
[2025-12-07 01:11:05] INTERACTIVE_WAIT_END | Key received: VK=16
[2025-12-07 01:11:05] INTERACTIVE_WAIT_START | Waiting for arrow key input
[2025-12-07 01:11:05] INTERACTIVE_WAIT_END | Key received: VK=40
[2025-12-07 01:11:05] INTERACTIVE_WAIT_START | Waiting for arrow key input
[2025-12-07 01:11:05] INTERACTIVE_WAIT_END | Key received: VK=16
[2025-12-07 01:11:05] INTERACTIVE_WAIT_START | Waiting for arrow key input
[2025-12-07 01:11:05] INTERACTIVE_WAIT_END | Key received: VK=40
[2025-12-07 01:11:05] INTERACTIVE_WAIT_START | Waiting for arrow key input
[2025-12-07 01:11:06] INTERACTIVE_WAIT_END | Key received: VK=123
[2025-12-07 01:11:06] INTERACTIVE_WAIT_START | Waiting for arrow key input
[2025-12-07 01:11:06] INTERACTIVE_WAIT_END | Key received: VK=67
[2025-12-07 01:11:06] INTERACTIVE_WAIT_START | Waiting for arrow key input
[2025-12-07 01:11:07] INTERACTIVE_WAIT_END | Key received: VK=123
[2025-12-07 01:11:07] INTERACTIVE_WAIT_START | Waiting for arrow key input
[2025-12-07 01:11:07] INTERACTIVE_WAIT_END | Key received: VK=67
[2025-12-07 01:11:07] INTERACTIVE_WAIT_START | Waiting for arrow key input
[2025-12-07 01:11:07] INTERACTIVE_WAIT_END | Key received: VK=123
[2025-12-07 01:11:07] INTERACTIVE_WAIT_START | Waiting for arrow key input
[2025-12-07 01:11:07] INTERACTIVE_WAIT_END | Key received: VK=67
[2025-12-07 01:11:08] INTERACTIVE_WAIT_START | Waiting for arrow key input
[2025-12-07 01:11:08] INTERACTIVE_WAIT_END | Key received: VK=123
[2025-12-07 01:11:08] INTERACTIVE_WAIT_START | Waiting for arrow key input
[2025-12-07 01:11:08] INTERACTIVE_WAIT_END | Key received: VK=67
[2025-12-07 01:11:08] INTERACTIVE_WAIT_START | Waiting for arrow key input
[2025-12-07 01:11:08] INTERACTIVE_WAIT_END | Key received: VK=123
[2025-12-07 01:11:08] INTERACTIVE_WAIT_START | Waiting for arrow key input
[2025-12-07 01:11:08] INTERACTIVE_WAIT_END | Key received: VK=67
[2025-12-07 01:11:08] INTERACTIVE_WAIT_START | Waiting for arrow key input
[2025-12-07 01:11:08] INTERACTIVE_WAIT_END | Key received: VK=123
[2025-12-07 01:11:08] INTERACTIVE_WAIT_START | Waiting for arrow key input
[2025-12-07 01:11:08] INTERACTIVE_WAIT_END | Key received: VK=67
[2025-12-07 01:11:08] INTERACTIVE_WAIT_START | Waiting for arrow key input
[2025-12-07 01:11:08] INTERACTIVE_WAIT_END | Key received: VK=123
[2025-12-07 01:11:08] INTERACTIVE_WAIT_START | Waiting for arrow key input
[2025-12-07 01:11:08] INTERACTIVE_WAIT_END | Key received: VK=67
[2025-12-07 01:11:08] INTERACTIVE_WAIT_START | Waiting for arrow key input
[2025-12-07 01:11:09] INTERACTIVE_WAIT_END | Key received: VK=123
[2025-12-07 01:11:09] INTERACTIVE_WAIT_START | Waiting for arrow key input
[2025-12-07 01:11:09] INTERACTIVE_WAIT_END | Key received: VK=67
[2025-12-07 01:11:09] INTERACTIVE_WAIT_START | Waiting for arrow key input
[2025-12-07 01:11:09] INTERACTIVE_WAIT_END | Key received: VK=123
[2025-12-07 01:11:09] INTERACTIVE_WAIT_START | Waiting for arrow key input
[2025-12-07 01:11:09] INTERACTIVE_WAIT_END | Key received: VK=67
[2025-12-07 01:11:09] INTERACTIVE_WAIT_START | Waiting for arrow key input
[2025-12-07 01:11:11] INTERACTIVE_WAIT_END | Key received: VK=123
[2025-12-07 01:11:11] INTERACTIVE_WAIT_START | Waiting for arrow key input
[2025-12-07 01:11:11] INTERACTIVE_WAIT_END | Key received: VK=67
[2025-12-07 01:11:11] INTERACTIVE_WAIT_START | Waiting for arrow key input
[2025-12-07 01:11:11] INTERACTIVE_WAIT_END | Key received: VK=123
[2025-12-07 01:11:11] INTERACTIVE_WAIT_START | Waiting for arrow key input
[2025-12-07 01:11:11] INTERACTIVE_WAIT_END | Key received: VK=67
[2025-12-07 01:11:11] INTERACTIVE_WAIT_START | Waiting for arrow key input
[2025-12-07 01:11:11] INTERACTIVE_WAIT_END | Key received: VK=123
[2025-12-07 01:11:11] INTERACTIVE_WAIT_START | Waiting for arrow key input
[2025-12-07 01:11:11] INTERACTIVE_WAIT_END | Key received: VK=67
[2025-12-07 01:11:11] INTERACTIVE_WAIT_START | Waiting for arrow key input
[2025-12-07 01:11:11] INTERACTIVE_WAIT_END | Key received: VK=123
[2025-12-07 01:11:11] INTERACTIVE_WAIT_START | Waiting for arrow key input
[2025-12-07 01:11:11] INTERACTIVE_WAIT_END | Key received: VK=67
[2025-12-07 01:11:11] INTERACTIVE_WAIT_START | Waiting for arrow key input
[2025-12-07 01:11:11] INTERACTIVE_WAIT_END | Key received: VK=123
[2025-12-07 01:11:12] INTERACTIVE_WAIT_START | Waiting for arrow key input
[2025-12-07 01:11:12] INTERACTIVE_WAIT_END | Key received: VK=67
[2025-12-07 01:11:12] INTERACTIVE_WAIT_START | Waiting for arrow key input
[2025-12-07 01:11:13] INTERACTIVE_WAIT_END | Key received: VK=13
[2025-12-07 01:14:34] PROMPT_WAIT_START | Numbered menu awaiting input
[2025-12-07 01:14:34] PROMPT_WAIT_END | Input received
[2025-12-07 01:14:34] PROMPT_WAIT_START | Numbered menu awaiting input
[2025-12-07 01:14:34] PROMPT_WAIT_END | Input received
[2025-12-07 01:15:07] INTERACTIVE_WAIT_START | Waiting for keyboard input
[2025-12-07 01:20:06] PROMPT_WAIT_START | Numbered menu awaiting input
[2025-12-07 01:20:06] PROMPT_WAIT_END | Input received
[2025-12-07 01:20:06] PROMPT_WAIT_START | Numbered menu awaiting input
[2025-12-07 01:20:06] PROMPT_WAIT_END | Input received
[2025-12-07 01:25:14] DEBUG_KEY_SIMULATED | VK=40
[2025-12-07 01:25:15] DEBUG_KEY_SIMULATED | VK=40
[2025-12-07 01:25:16] DEBUG_KEY_SIMULATED | VK=40
[2025-12-07 01:25:17] DEBUG_KEY_SIMULATED | VK=38
[2025-12-07 01:25:18] DEBUG_KEY_SIMULATED | VK=13
[2025-12-07 01:25:18] DESCRIPTION_WAIT_START | Displaying description box
[2025-12-07 01:25:18] DESCRIPTION_WAIT_FOR_ENTER_START | Waiting for Enter release
[2025-12-07 01:25:18] DESCRIPTION_WAIT_FOR_ENTER_END | Enter released
[2025-12-07 01:25:18] DESCRIPTION_WAIT_END | User pressed Enter to close description
[2025-12-07 01:25:19] DEBUG_KEY_SIMULATED | VK=13
[2025-12-07 01:25:20] DEBUG_KEY_SIMULATED | VK=40
[2025-12-07 01:25:21] DEBUG_KEY_SIMULATED | VK=13
[2025-12-07 01:25:22] DEBUG_KEY_SIMULATED | VK=8
[2025-12-07 01:25:23] DEBUG_KEY_SIMULATED | VK=40
[2025-12-07 01:25:24] DEBUG_KEY_SIMULATED | VK=13
[2025-12-07 01:25:24] DEBUG_KEY_SIMULATED | VK=81
[2025-12-07 01:25:42] INTERACTIVE_WAIT_START | Waiting for keyboard input
[2025-12-07 01:25:43] INTERACTIVE_WAIT_END | Key received: VK=40, IsDown=True, Shift=False
[2025-12-07 01:25:43] INTERACTIVE_WAIT_START | Waiting for keyboard input
[2025-12-07 01:25:43] INTERACTIVE_WAIT_END | Key received: VK=40, IsDown=True, Shift=False
[2025-12-07 01:25:43] INTERACTIVE_WAIT_START | Waiting for keyboard input
[2025-12-07 01:25:44] INTERACTIVE_WAIT_END | Key received: VK=40, IsDown=True, Shift=False
[2025-12-07 01:25:44] INTERACTIVE_WAIT_START | Waiting for keyboard input
[2025-12-07 01:25:44] INTERACTIVE_WAIT_END | Key received: VK=40, IsDown=True, Shift=False
[2025-12-07 01:27:56] INTERACTIVE_WAIT_START | Waiting for keyboard input
[2025-12-07 01:33:40] INTERACTIVE_WAIT_START | Waiting for keyboard input
[2025-12-07 01:35:26] INTERACTIVE_WAIT_START | Waiting for keyboard input
[2025-12-07 01:49:39] INTERACTIVE_WAIT_START | Waiting for keyboard input
[2025-12-07 01:49:39] INTERACTIVE_WAIT_END | Key received: VK=81, IsDown=True, Shift=False
