[2025-12-06 18:16:04] NAVIGATE: Opened submenu: mainUI.settings
[2025-12-06 18:16:15] NAVIGATE: Opened submenu: mainUI.tools
[2025-12-06 18:16:27] NAVIGATE: Opened submenu: mainUI.tools
[2025-12-06 18:16:31] NAVIGATE: Opened submenu: mainUI.tools.advanced
[2025-12-06 23:05:59] NAVIGATE: Opened submenu: mainUI.tools
[2025-12-06 23:09:28] NAVIGATE: Opened submenu: mainUI.settings
[2025-12-06 23:10:25] NAVIGATE: Opened submenu: mainUI.tools
[2025-12-06 23:10:30] NAVIGATE: Navigated back to: mainUI
[2025-12-06 23:10:32] NAVIGATE: Opened submenu: mainUI.settings
[2025-12-06 23:10:34] NAVIGATE: Navigated back to: mainUI
[2025-12-06 23:10:35] NAVIGATE: Opened submenu: mainUI.settings
[2025-12-06 23:10:36] NAVIGATE: Navigated back to: mainUI
[2025-12-06 23:10:38] NAVIGATE: Opened submenu: mainUI.tools
[2025-12-06 23:10:39] NAVIGATE: Opened submenu: mainUI.tools.advanced
[2025-12-06 23:10:41] NAVIGATE: Navigated back to: mainUI.tools
[2025-12-06 23:13:21] NAVIGATE: Opened submenu: mainUI.settings
[2025-12-06 23:13:25] NAVIGATE: Navigated back to: mainUI
[2025-12-06 23:13:26] NAVIGATE: Opened submenu: mainUI.tools
[2025-12-06 23:13:28] NAVIGATE: Opened submenu: mainUI.tools.advanced
[2025-12-06 23:13:28] NAVIGATE: Navigated back to: mainUI.tools
[2025-12-06 23:13:29] NAVIGATE: Navigated back to: mainUI
[2025-12-06 23:13:30] NAVIGATE: Opened submenu: mainUI.settings
[2025-12-06 23:13:53] NAVIGATE: Opened submenu: mainUI.tools
[2025-12-06 23:14:05] NAVIGATE: Opened submenu: mainUI.settings
[2025-12-06 23:14:06] NAVIGATE: Opened submenu: mainUI.tools
[2025-12-06 23:14:42] NAVIGATE: Opened submenu: mainUI.settings
[2025-12-06 23:14:44] NAVIGATE: Opened submenu: mainUI.tools
[2025-12-06 23:14:45] NAVIGATE: Opened submenu: mainUI.settings
[2025-12-06 23:14:45] NAVIGATE: Navigated back to: mainUI
[2025-12-06 23:14:46] NAVIGATE: Opened submenu: mainUI.tools
[2025-12-06 23:14:46] NAVIGATE: Opened submenu: mainUI.tools.advanced
[2025-12-06 23:14:46] NAVIGATE: Navigated back to: mainUI.tools
[2025-12-06 23:14:46] NAVIGATE: Navigated back to: mainUI
[2025-12-06 23:14:47] NAVIGATE: Opened submenu: mainUI.settings
[2025-12-06 23:18:53] NAVIGATE: Opened submenu: mainUI.settings
[2025-12-06 23:18:54] NAVIGATE: Opened submenu: mainUI.tools
[2025-12-06 23:18:56] NAVIGATE: Opened submenu: mainUI.settings
[2025-12-06 23:18:56] NAVIGATE: Navigated back to: mainUI
[2025-12-06 23:18:57] NAVIGATE: Opened submenu: mainUI.settings
[2025-12-06 23:18:58] NAVIGATE: Opened submenu: mainUI.tools
[2025-12-06 23:18:59] NAVIGATE: Opened submenu: mainUI.tools
[2025-12-06 23:18:59] NAVIGATE: Opened submenu: mainUI.tools.advanced
[2025-12-06 23:19:07] NAVIGATE: Opened submenu: mainUI.tools
[2025-12-06 23:19:07] NAVIGATE: Opened submenu: mainUI.tools.advanced
[2025-12-06 23:19:13] NAVIGATE: Opened submenu: mainUI.settings
[2025-12-06 23:19:14] NAVIGATE: Opened submenu: mainUI.tools
[2025-12-06 23:19:15] NAVIGATE: Opened submenu: mainUI.settings
[2025-12-06 23:19:15] NAVIGATE: Navigated back to: mainUI
[2025-12-06 23:19:16] NAVIGATE: Opened submenu: mainUI.tools
[2025-12-06 23:19:16] NAVIGATE: Opened submenu: mainUI.tools.advanced
[2025-12-06 23:19:17] NAVIGATE: Opened submenu: mainUI.tools
[2025-12-06 23:20:20] NAVIGATE: Opened submenu: mainUI.tools
[2025-12-06 23:20:23] NAVIGATE: Navigated back to: mainUI
[2025-12-06 23:20:28] NAVIGATE: Opened submenu: mainUI.settings
[2025-12-06 23:22:01] NAVIGATE: Opened submenu: mainUI.tools
[2025-12-06 23:22:52] NAVIGATE: Opened submenu: mainUI.tools
[2025-12-06 23:22:53] NAVIGATE: Opened submenu: mainUI.tools.advanced
[2025-12-06 23:23:20] NAVIGATE: Opened submenu: mainUI.tools
[2025-12-06 23:23:52] NAVIGATE: Opened submenu: mainUI.settings
[2025-12-06 23:24:01] NAVIGATE: Opened submenu: mainUI.settings
[2025-12-06 23:24:07] NAVIGATE: Opened submenu: mainUI.tools
[2025-12-06 23:24:12] NAVIGATE: Opened submenu: mainUI.tools.advanced
[2025-12-06 23:24:26] NAVIGATE: Opened submenu: mainUI.tools
[2025-12-06 23:24:28] NAVIGATE: Opened submenu: mainUI.tools.advanced
[2025-12-06 23:24:44] NAVIGATE: Opened submenu: mainUI.settings
[2025-12-06 23:24:49] NAVIGATE: Opened submenu: mainUI.tools
[2025-12-06 23:24:50] NAVIGATE: Opened submenu: mainUI.tools.advanced
[2025-12-06 23:25:24] NAVIGATE: Opened submenu: mainUI.tools
[2025-12-06 23:25:24] NAVIGATE: Opened submenu: mainUI.tools.advanced
[2025-12-06 23:26:02] NAVIGATE: Opened submenu: mainUI.tools
[2025-12-06 23:26:02] NAVIGATE: Opened submenu: mainUI.tools.advanced
[2025-12-06 23:26:14] NAVIGATE: Opened submenu: mainUI.tools
[2025-12-06 23:26:14] NAVIGATE: Opened submenu: mainUI.tools.advanced
[2025-12-06 23:26:31] NAVIGATE: Opened submenu: mainUI.tools
[2025-12-06 23:26:31] NAVIGATE: Opened submenu: mainUI.tools.advanced
[2025-12-06 23:26:45] NAVIGATE: Opened submenu: mainUI.tools
[2025-12-06 23:26:45] NAVIGATE: Opened submenu: mainUI.tools.advanced
[2025-12-06 23:27:07] NAVIGATE: Opened submenu: mainUI.tools
[2025-12-06 23:27:07] NAVIGATE: Opened submenu: mainUI.tools.advanced
[2025-12-06 23:27:11] NAVIGATE: Opened submenu: mainUI.tools
[2025-12-06 23:27:11] NAVIGATE: Opened submenu: mainUI.tools.advanced
[2025-12-06 23:27:26] NAVIGATE: Opened submenu: mainUI.tools
[2025-12-06 23:27:26] NAVIGATE: Opened submenu: mainUI.tools.advanced
[2025-12-06 23:27:41] NAVIGATE: Opened submenu: mainUI.tools
[2025-12-06 23:27:41] NAVIGATE: Opened submenu: mainUI.tools.advanced
[2025-12-06 23:33:36] NAVIGATE: Opened submenu: mainUI.tools
[2025-12-06 23:33:36] NAVIGATE: Opened submenu: mainUI.tools.advanced
[2025-12-06 23:33:59] NAVIGATE: Opened submenu: mainUI.settings
[2025-12-06 23:34:08] NAVIGATE: Opened submenu: mainUI.tools
[2025-12-06 23:34:14] NAVIGATE: Opened submenu: mainUI.tools
[2025-12-06 23:34:15] NAVIGATE: Opened submenu: mainUI.tools.advanced
[2025-12-06 23:34:21] NAVIGATE: Opened submenu: mainUI.settings
[2025-12-06 23:34:41] NAVIGATE: Opened submenu: mainUI.settings
[2025-12-06 23:34:42] NAVIGATE: Navigated back to: mainUI
[2025-12-06 23:34:47] NAVIGATE: Opened submenu: mainUI.settings
[2025-12-06 23:38:16] NAVIGATE: Opened submenu: mainUI.tools
[2025-12-06 23:38:24] NAVIGATE: Opened submenu: mainUI.tools.advanced
[2025-12-06 23:39:39] NAVIGATE: Opened submenu: mainUI.settings
[2025-12-06 23:43:38] NAVIGATE: Opened submenu: mainUI.settings
[2025-12-06 23:43:43] NAVIGATE: Opened submenu: mainUI.tools
[2025-12-06 23:43:58] NAVIGATE: Opened submenu: mainUI.export
[2025-12-06 23:44:02] NAVIGATE: Opened submenu: mainUI.export
[2025-12-06 23:44:07] NAVIGATE: Opened submenu: mainUI.settings
[2025-12-06 23:44:07] NAVIGATE: Opened submenu: mainUI.settings.display
[2025-12-06 23:44:13] NAVIGATE: Opened submenu: mainUI.tools
[2025-12-06 23:44:13] NAVIGATE: Opened submenu: mainUI.tools.plugins
[2025-12-06 23:44:17] NAVIGATE: Opened submenu: mainUI.tools
[2025-12-06 23:44:22] NAVIGATE: Opened submenu: mainUI.help
[2025-12-06 23:44:35] NAVIGATE: Opened submenu: mainUI.settings
[2025-12-06 23:44:35] NAVIGATE: Opened submenu: mainUI.settings.display
[2025-12-06 23:44:40] NAVIGATE: Opened submenu: mainUI.help
[2025-12-06 23:44:45] NAVIGATE: Opened submenu: mainUI.maintenance
[2025-12-06 23:44:50] NAVIGATE: Opened submenu: mainUI.maintenance
[2025-12-06 23:44:55] NAVIGATE: Opened submenu: mainUI.maintenance
[2025-12-06 23:44:55] NAVIGATE: Opened submenu: mainUI.maintenance.autoupdate
[2025-12-06 23:46:58] NAVIGATE: Opened submenu: mainUI.tools
[2025-12-06 23:47:08] NAVIGATE: Opened submenu: mainUI.tools
[2025-12-06 23:54:47] NAVIGATE: Opened submenu: mainUI.export
[2025-12-06 23:56:17] NAVIGATE: Opened submenu: mainUI.maintenance
[2025-12-06 23:56:44] NAVIGATE: Opened submenu: mainUI.settings
[2025-12-06 23:56:44] NAVIGATE: Opened submenu: mainUI.settings.display
[2025-12-06 23:58:35] NAVIGATE: Opened submenu: mainUI.maintenance
[2025-12-07 00:01:36] NAVIGATE: Opened submenu: mainUI.export
[2025-12-07 00:01:44] NAVIGATE: Navigated back to: mainUI
[2025-12-07 00:01:47] NAVIGATE: Opened submenu: mainUI.help
[2025-12-07 00:05:16] NAVIGATE: Opened submenu: mainUI.help
[2025-12-07 00:06:00] NAVIGATE: Opened submenu: mainUI.export
[2025-12-07 00:06:08] NAVIGATE: Navigated back to: mainUI
[2025-12-07 00:06:10] NAVIGATE: Opened submenu: mainUI.tools
[2025-12-07 00:11:31] NAVIGATE: Opened submenu: mainUI.export
[2025-12-07 00:17:28] NAVIGATE: Opened submenu: mainUI.tools
[2025-12-07 00:26:32] NAVIGATE: Opened submenu: mainUI.export
[2025-12-07 00:26:33] NAVIGATE: Opened submenu: mainUI.export.destination
[2025-12-07 00:26:34] NAVIGATE: Navigated back to: mainUI.export
[2025-12-07 00:26:36] NAVIGATE: Opened submenu: mainUI.export.destination
[2025-12-07 00:28:11] NAVIGATE: Opened submenu: mainUI.export
[2025-12-07 00:28:13] NAVIGATE: Opened submenu: mainUI.export.destination
[2025-12-07 00:28:14] NAVIGATE: Navigated back to: mainUI.export
[2025-12-07 00:42:50] NAVIGATE: Opened submenu: mainUI.export
[2025-12-07 00:42:52] NAVIGATE: Opened submenu: mainUI.export.destination
[2025-12-07 00:43:50] NAVIGATE: Opened submenu: mainUI.export
[2025-12-07 00:43:52] NAVIGATE: Opened submenu: mainUI.export.destination
[2025-12-07 00:43:53] NAVIGATE: Navigated back to: mainUI.export
[2025-12-07 00:43:54] NAVIGATE: Opened submenu: mainUI.export.destination
[2025-12-07 00:44:42] NAVIGATE: Opened submenu: mainUI.automation
[2025-12-07 00:44:45] NAVIGATE: Opened submenu: mainUI.automation.workflows
[2025-12-07 00:45:10] NAVIGATE: Opened submenu: mainUI.notifications
[2025-12-07 00:45:15] NAVIGATE: Opened submenu: mainUI.notifications.style
[2025-12-07 00:45:26] NAVIGATE: Opened submenu: mainUI.preferences
[2025-12-07 00:45:28] NAVIGATE: Navigated back to: mainUI
[2025-12-07 00:45:30] NAVIGATE: Opened submenu: mainUI.tools
[2025-12-07 00:45:31] NAVIGATE: Opened submenu: mainUI.tools.advanced
[2025-12-07 00:45:33] NAVIGATE: Opened submenu: mainUI.tools.advanced.devtools
[2025-12-07 00:45:36] NAVIGATE: Navigated back to: mainUI.tools.advanced
[2025-12-07 01:00:07] NAVIGATE: Opened submenu: mainUI.preferences
[2025-12-07 01:00:09] NAVIGATE: Opened submenu: mainUI.preferences.language
[2025-12-07 01:00:17] NAVIGATE: Opened submenu: mainUI.users
[2025-12-07 01:00:20] NAVIGATE: Opened submenu: mainUI.users.permissions
[2025-12-07 01:03:47] NAVIGATE: Opened submenu: mainUI.about
[2025-12-07 01:03:56] NAVIGATE: Opened submenu: mainUI.settings
[2025-12-07 01:03:57] NAVIGATE: Navigated back to: mainUI
[2025-12-07 01:06:33] NAVIGATE: Opened submenu: mainUI.about
[2025-12-07 01:07:09] NAVIGATE: Opened submenu: mainUI.settings
[2025-12-07 01:07:15] NAVIGATE: Opened submenu: mainUI.settings
[2025-12-07 01:08:26] NAVIGATE: Opened submenu: mainUI.tools
[2025-12-07 01:08:35] NAVIGATE: Opened submenu: mainUI.users
[2025-12-07 01:10:28] NAVIGATE: Opened submenu: mainUI.settings
[2025-12-07 01:10:28] NAVIGATE: Opened submenu: mainUI.settings.display
[2025-12-07 01:10:56] NAVIGATE: Opened submenu: mainUI.tools
[2025-12-07 01:14:34] NAVIGATE: Opened submenu: mainUI.settings
[2025-12-07 01:25:19] NAVIGATE: Opened submenu: mainUI.export
[2025-12-07 01:25:21] NAVIGATE: Opened submenu: mainUI.export.destination
[2025-12-07 01:25:22] NAVIGATE: Navigated back to: mainUI.export
[2025-12-07 01:25:24] NAVIGATE: Opened submenu: mainUI.export.destination
