[2025-12-11 11:21:05] INFO: Running in interactive mode (console available)
[2025-12-11 11:21:10] INFO: Selected option: mainUI/About
[2025-12-11 11:21:19] INFO: User quit with Q key (handler-mapped)
[2025-12-11 11:21:41] INFO: Running in interactive mode (console available)
[2025-12-11 11:21:42] INFO: User quit with Q key (handler-mapped)
[2025-12-11 11:43:18] INFO: Running in interactive mode (console available)
[2025-12-11 11:43:24] INFO: Selected option: mainUI/0 - Set Directory
[2025-12-11 11:43:28] INFO: Selected option: mainUI/0 - Set Directory
[2025-12-11 11:43:40] INFO: Selected option: mainUI/0 - Set Directory
[2025-12-11 11:43:41] INFO: Selected option: mainUI/1 - Read Mode
[2025-12-11 11:43:42] INFO: Selected option: mainUI/2 - Write Mode
[2025-12-11 11:43:43] INFO: Selected option: mainUI/2 - Write Mode
[2025-12-11 11:43:43] INFO: Selected option: mainUI/2 - Write Mode
[2025-12-11 11:43:43] INFO: Selected option: mainUI/2 - Write Mode
[2025-12-11 11:43:44] INFO: Selected option: mainUI/2 - Write Mode
[2025-12-11 11:43:44] INFO: User quit with Q key (handler-mapped)
[2025-12-11 11:44:18] INFO: Running in piped input mode (stdin redirected)
[2025-12-11 11:45:02] INFO: Selected option: mainUI/2 - Write Mode
[2025-12-11 11:45:04] INFO: Selected option: mainUI/2 - Write Mode
[2025-12-11 11:45:06] INFO: Selected option: mainUI/2 - Write Mode
[2025-12-11 11:45:07] INFO: Selected option: mainUI/2 - Write Mode
[2025-12-11 11:45:07] INFO: Selected option: mainUI/2 - Write Mode
[2025-12-11 11:45:46] INFO: Running in interactive mode (console available)
[2025-12-11 11:45:48] INFO: Selected option: mainUI/0 - Set Directory
[2025-12-11 11:45:50] INFO: Selected option: mainUI/0 - Set Directory
[2025-12-11 11:45:53] INFO: Selected option: mainUI/1 - Read Mode
[2025-12-11 11:45:54] INFO: Selected option: mainUI/2 - Write Mode
[2025-12-11 11:45:55] INFO: Selected option: mainUI/3 - Dependencies
[2025-12-11 11:48:53] INFO: Selected option: mainUI/0 - Set Directory
[2025-12-11 11:48:54] INFO: User quit with Q key (handler-mapped)
[2025-12-11 11:50:32] INFO: Running in interactive mode (console available)
[2025-12-11 11:50:38] INFO: Selected option: mainUI/0 - Set Directory
[2025-12-11 11:50:38] INFO: Executing script: C:\Users\cmand\OneDrive\Desktop\cmd\termUIPrograms\tagScanner\powershell\..\buttons\mainUI\0 - Set Directory.ps1
[2025-12-11 11:51:59] INFO: Running in interactive mode (console available)
[2025-12-11 11:52:53] INFO: Selected option: mainUI/0 - Set Directory
[2025-12-11 11:52:53] INFO: Executing script: C:\Users\cmand\OneDrive\Desktop\cmd\termUIPrograms\tagScanner\powershell\..\buttons\mainUI\0 - Set Directory.ps1
[2025-12-11 11:53:06] INFO: Running in piped input mode (stdin redirected)
[2025-12-11 11:53:09] INFO: Selected option: mainUI/0 - Set Directory
[2025-12-11 11:53:09] INFO: Executing script: C:\Users\cmand\OneDrive\Desktop\cmd\termUIPrograms\tagScanner\powershell\..\buttons\mainUI\0 - Set Directory.ps1
