[2025-12-09 22:27:53] INPUT #1 [handler] (+2.360s): {"key":"Down","char":null}
[2025-12-09 22:27:53] INPUT #2 [handler] (+0.192s): {"key":"Down","char":null}
[2025-12-09 22:27:53] INPUT #3 [handler] (+0.168s): {"key":"Down","char":null}
[2025-12-09 22:27:54] INPUT #4 [handler] (+0.792s): {"key":"Down","char":null}
[2025-12-09 22:29:33] INPUT #1 [handler] (+5.352s): {"key":"Down","char":null}
[2025-12-09 22:29:34] INPUT #2 [handler] (+0.719s): {"key":"Down","char":null}
[2025-12-09 22:29:34] INPUT #3 [handler] (+0.054s): {"key":"Down","char":null}
[2025-12-09 22:29:34] INPUT #4 [handler] (+0.058s): {"key":"Up","char":null}
[2025-12-09 22:29:34] INPUT #5 [handler] (+0.176s): {"key":"Down","char":null}
[2025-12-09 22:29:36] INPUT #6 [handler] (+1.704s): {"key":"Up","char":null}
[2025-12-09 22:29:36] INPUT #7 [handler] (+0.245s): {"key":"Up","char":null}
[2025-12-09 22:29:37] INPUT #8 [handler] (+1.442s): {"key":"Q","char":"q"}
[2025-12-09 22:35:05] INPUT #1 [handler] (+239.531s): {"key":"Q","char":"q"}
[2025-12-09 22:45:26] INPUT #1 [handler] (+27.533s): {"key":"Enter","char":"\r"}
[2025-12-09 22:45:35] INPUT #2 [handler] (+8.875s) [DELAY: 8.88s - MANUAL INPUT SUSPECTED]: {"key":"Q","char":"q"}
[2025-12-09 23:01:52] INPUT #1 [handler] (+2.186s): {"key":"Enter","char":"\r"}
[2025-12-09 23:24:34] INPUT #1 [handler] (+2.941s): {"key":"Up","char":null}
[2025-12-09 23:24:37] INPUT #2 [handler] (+3.252s) [DELAY: 3.25s - MANUAL INPUT SUSPECTED]: {"key":"Q","char":"q"}
[2025-12-09 23:24:41] INPUT #1 [handler] (+1.693s): {"key":"Q","char":"q"}
[2025-12-09 23:27:20] INPUT #1 [handler] (+6.559s): {"key":"Down","char":null}
[2025-12-09 23:27:20] INPUT #2 [handler] (+0.133s): {"key":"Down","char":null}
[2025-12-09 23:27:20] INPUT #3 [handler] (+0.149s): {"key":"Down","char":null}
[2025-12-09 23:27:20] INPUT #4 [handler] (+0.264s): {"key":"Down","char":null}
[2025-12-09 23:27:21] INPUT #5 [handler] (+0.415s): {"key":"Down","char":null}
[2025-12-09 23:27:21] INPUT #6 [handler] (+0.376s): {"key":"Down","char":null}
[2025-12-09 23:27:21] INPUT #7 [handler] (+0.311s): {"key":"Down","char":null}
[2025-12-09 23:27:22] INPUT #8 [handler] (+0.261s): {"key":"Down","char":null}
[2025-12-09 23:27:22] INPUT #9 [handler] (+0.215s): {"key":"Down","char":null}
[2025-12-09 23:27:22] INPUT #10 [handler] (+0.204s): {"key":"Down","char":null}
[2025-12-09 23:27:22] INPUT #11 [handler] (+0.211s): {"key":"Down","char":null}
[2025-12-09 23:27:22] INPUT #12 [handler] (+0.189s): {"key":"Down","char":null}
[2025-12-09 23:27:23] INPUT #13 [handler] (+0.185s): {"key":"Q","char":"q"}
[2025-12-09 23:27:30] INPUT #1 [handler] (+2.069s): {"key":"Down","char":null}
[2025-12-09 23:27:30] INPUT #2 [handler] (+0.199s): {"key":"Down","char":null}
[2025-12-09 23:27:32] INPUT #3 [handler] (+1.815s): {"key":"Enter","char":"\r"}
[2025-12-09 23:27:39] INPUT #4 [handler] (+7.382s) [DELAY: 7.38s - MANUAL INPUT SUSPECTED]: {"key":"Enter","char":"\r"}
[2025-12-09 23:27:42] INPUT #5 [handler] (+3.018s) [DELAY: 3.02s - MANUAL INPUT SUSPECTED]: {"key":"Enter","char":"\r"}
[2025-12-09 23:27:45] INPUT #6 [handler] (+2.931s) [DELAY: 2.93s - MANUAL INPUT SUSPECTED]: {"key":"Enter","char":"\r"}
[2025-12-09 23:27:45] INPUT #7 [handler] (+0.473s): {"key":"Up","char":null}
[2025-12-09 23:27:46] INPUT #8 [handler] (+0.240s): {"key":"Up","char":null}
[2025-12-09 23:27:46] INPUT #9 [handler] (+0.620s): {"key":"Q","char":"q"}
[2025-12-09 23:27:51] INPUT #1 [handler] (+2.989s): {"key":"Q","char":"q"}
[2025-12-09 23:28:10] INPUT #1 [handler] (+1.844s): {"key":"Char","char":"2"}
[2025-12-09 23:28:11] INPUT #2 [handler] (+0.581s): {"key":"Enter","char":"\r"}
[2025-12-09 23:28:12] INPUT #3 [handler] (+0.761s): {"key":"Char","char":"3"}
[2025-12-09 23:28:12] INPUT #4 [handler] (+0.609s): {"key":"Enter","char":"\r"}
[2025-12-09 23:28:14] INPUT #5 [handler] (+1.894s): {"key":"Char","char":"1"}
[2025-12-09 23:28:16] INPUT #6 [handler] (+2.213s) [DELAY: 2.21s - MANUAL INPUT SUSPECTED]: {"key":"Char","char":"0"}
[2025-12-09 23:28:20] INPUT #7 [handler] (+3.398s) [DELAY: 3.40s - MANUAL INPUT SUSPECTED]: {"key":"Enter","char":"\r"}
[2025-12-09 23:28:21] INPUT #8 [handler] (+0.898s): {"key":"Q","char":"q"}
[2025-12-09 23:29:15] INPUT #1 [handler] (+1.395s): {"key":"Down","char":null}
[2025-12-09 23:29:15] INPUT #2 [handler] (+0.258s): {"key":"Down","char":null}
[2025-12-09 23:29:15] INPUT #3 [handler] (+0.231s): {"key":"Down","char":null}
[2025-12-09 23:29:15] INPUT #4 [handler] (+0.185s): {"key":"Down","char":null}
[2025-12-09 23:29:16] INPUT #5 [handler] (+0.274s): {"key":"Down","char":null}
[2025-12-09 23:29:16] INPUT #6 [handler] (+0.173s): {"key":"Down","char":null}
[2025-12-09 23:29:16] INPUT #7 [handler] (+0.239s): {"key":"Down","char":null}
[2025-12-09 23:29:16] INPUT #8 [handler] (+0.203s): {"key":"Down","char":null}
[2025-12-09 23:29:17] INPUT #9 [handler] (+0.239s): {"key":"Down","char":null}
[2025-12-09 23:29:18] INPUT #10 [handler] (+0.894s): {"key":"Down","char":null}
[2025-12-09 23:29:18] INPUT #11 [handler] (+0.231s): {"key":"Down","char":null}
[2025-12-09 23:29:18] INPUT #12 [handler] (+0.224s): {"key":"Down","char":null}
[2025-12-09 23:29:18] INPUT #13 [handler] (+0.138s): {"key":"Down","char":null}
[2025-12-09 23:29:18] INPUT #14 [handler] (+0.168s): {"key":"Down","char":null}
[2025-12-09 23:29:18] INPUT #15 [handler] (+0.178s): {"key":"Down","char":null}
[2025-12-09 23:29:19] INPUT #16 [handler] (+0.227s): {"key":"Down","char":null}
[2025-12-09 23:29:19] INPUT #17 [handler] (+0.204s): {"key":"Down","char":null}
[2025-12-09 23:29:19] INPUT #18 [handler] (+0.214s): {"key":"Down","char":null}
[2025-12-09 23:29:19] INPUT #19 [handler] (+0.182s): {"key":"Down","char":null}
[2025-12-09 23:29:19] INPUT #20 [handler] (+0.218s): {"key":"Down","char":null}
[2025-12-09 23:29:20] INPUT #21 [handler] (+0.233s): {"key":"Down","char":null}
[2025-12-09 23:29:21] INPUT #22 [handler] (+1.055s): {"key":"Escape","char":"\u001b"}
[2025-12-09 23:29:22] INPUT #23 [handler] (+1.383s): {"key":"Escape","char":"\u001b"}
[2025-12-09 23:29:26] INPUT #24 [handler] (+3.922s) [DELAY: 3.92s - MANUAL INPUT SUSPECTED]: {"key":"Down","char":null}
[2025-12-09 23:29:26] INPUT #25 [handler] (+0.125s): {"key":"Down","char":null}
[2025-12-09 23:29:26] INPUT #26 [handler] (+0.123s): {"key":"Down","char":null}
[2025-12-09 23:29:26] INPUT #27 [handler] (+0.131s): {"key":"Down","char":null}
[2025-12-09 23:29:27] INPUT #28 [handler] (+0.553s): {"key":"Down","char":null}
[2025-12-09 23:29:27] INPUT #29 [handler] (+0.153s): {"key":"Down","char":null}
[2025-12-09 23:29:27] INPUT #30 [handler] (+0.131s): {"key":"Down","char":null}
[2025-12-09 23:29:27] INPUT #31 [handler] (+0.123s): {"key":"Down","char":null}
[2025-12-09 23:29:28] INPUT #32 [handler] (+0.172s): {"key":"Down","char":null}
[2025-12-09 23:29:28] INPUT #33 [handler] (+0.214s): {"key":"Down","char":null}
[2025-12-09 23:29:28] INPUT #34 [handler] (+0.163s): {"key":"Down","char":null}
[2025-12-09 23:29:28] INPUT #35 [handler] (+0.457s): {"key":"Down","char":null}
[2025-12-09 23:29:29] INPUT #36 [handler] (+0.161s): {"key":"Down","char":null}
[2025-12-09 23:29:29] INPUT #37 [handler] (+0.203s): {"key":"Down","char":null}
[2025-12-09 23:29:29] INPUT #38 [handler] (+0.132s): {"key":"Down","char":null}
[2025-12-09 23:29:29] INPUT #39 [handler] (+0.173s): {"key":"Down","char":null}
[2025-12-09 23:29:30] INPUT #40 [handler] (+0.565s): {"key":"Down","char":null}
[2025-12-09 23:29:30] INPUT #41 [handler] (+0.159s): {"key":"Down","char":null}
[2025-12-09 23:29:30] INPUT #42 [handler] (+0.151s): {"key":"Down","char":null}
[2025-12-09 23:29:30] INPUT #43 [handler] (+0.119s): {"key":"Down","char":null}
[2025-12-09 23:29:30] INPUT #44 [handler] (+0.117s): {"key":"Down","char":null}
[2025-12-09 23:29:30] INPUT #45 [handler] (+0.131s): {"key":"Down","char":null}
[2025-12-09 23:29:30] INPUT #46 [handler] (+0.123s): {"key":"Down","char":null}
[2025-12-09 23:29:31] INPUT #47 [handler] (+0.122s): {"key":"Down","char":null}
[2025-12-09 23:29:31] INPUT #48 [handler] (+0.119s): {"key":"Down","char":null}
[2025-12-09 23:29:31] INPUT #49 [handler] (+0.127s): {"key":"Down","char":null}
[2025-12-09 23:29:31] INPUT #50 [handler] (+0.125s): {"key":"Down","char":null}
[2025-12-09 23:29:31] INPUT #51 [handler] (+0.114s): {"key":"Down","char":null}
[2025-12-09 23:29:31] INPUT #52 [handler] (+0.119s): {"key":"Down","char":null}
[2025-12-09 23:29:31] INPUT #53 [handler] (+0.115s): {"key":"Down","char":null}
[2025-12-09 23:29:31] INPUT #54 [handler] (+0.109s): {"key":"Down","char":null}
[2025-12-09 23:29:32] INPUT #55 [handler] (+0.122s): {"key":"Down","char":null}
[2025-12-09 23:29:32] INPUT #56 [handler] (+0.111s): {"key":"Down","char":null}
[2025-12-09 23:29:32] INPUT #57 [handler] (+0.109s): {"key":"Down","char":null}
[2025-12-09 23:29:32] INPUT #58 [handler] (+0.117s): {"key":"Down","char":null}
[2025-12-09 23:29:32] INPUT #59 [handler] (+0.117s): {"key":"Down","char":null}
[2025-12-09 23:29:32] INPUT #60 [handler] (+0.108s): {"key":"Down","char":null}
[2025-12-09 23:29:32] INPUT #61 [handler] (+0.106s): {"key":"Down","char":null}
[2025-12-09 23:29:32] INPUT #62 [handler] (+0.109s): {"key":"Down","char":null}
[2025-12-09 23:29:32] INPUT #63 [handler] (+0.108s): {"key":"Down","char":null}
[2025-12-09 23:29:33] INPUT #64 [handler] (+0.109s): {"key":"Down","char":null}
[2025-12-09 23:29:33] INPUT #65 [handler] (+0.111s): {"key":"Down","char":null}
[2025-12-09 23:29:33] INPUT #66 [handler] (+0.106s): {"key":"Down","char":null}
[2025-12-09 23:29:33] INPUT #67 [handler] (+0.108s): {"key":"Down","char":null}
[2025-12-09 23:29:33] INPUT #68 [handler] (+0.114s): {"key":"Down","char":null}
[2025-12-09 23:29:33] INPUT #69 [handler] (+0.121s): {"key":"Down","char":null}
[2025-12-09 23:29:33] INPUT #70 [handler] (+0.114s): {"key":"Down","char":null}
[2025-12-09 23:29:33] INPUT #71 [handler] (+0.120s): {"key":"Down","char":null}
[2025-12-09 23:29:33] INPUT #72 [handler] (+0.135s): {"key":"Down","char":null}
[2025-12-09 23:29:34] INPUT #73 [handler] (+0.144s): {"key":"Down","char":null}
[2025-12-09 23:29:34] INPUT #74 [handler] (+0.121s): {"key":"Down","char":null}
[2025-12-09 23:29:34] INPUT #75 [handler] (+0.115s): {"key":"Down","char":null}
[2025-12-09 23:29:34] INPUT #76 [handler] (+0.117s): {"key":"Down","char":null}
[2025-12-09 23:29:34] INPUT #77 [handler] (+0.108s): {"key":"Down","char":null}
[2025-12-09 23:29:34] INPUT #78 [handler] (+0.121s): {"key":"Down","char":null}
[2025-12-09 23:29:34] INPUT #79 [handler] (+0.134s): {"key":"Down","char":null}
[2025-12-09 23:29:34] INPUT #80 [handler] (+0.140s): {"key":"Down","char":null}
[2025-12-09 23:29:35] INPUT #81 [handler] (+0.172s): {"key":"Down","char":null}
[2025-12-09 23:29:35] INPUT #82 [handler] (+0.130s): {"key":"Down","char":null}
[2025-12-09 23:29:35] INPUT #83 [handler] (+0.124s): {"key":"Down","char":null}
[2025-12-09 23:29:35] INPUT #84 [handler] (+0.122s): {"key":"Down","char":null}
[2025-12-09 23:29:35] INPUT #85 [handler] (+0.114s): {"key":"Down","char":null}
[2025-12-09 23:29:35] INPUT #86 [handler] (+0.107s): {"key":"Down","char":null}
[2025-12-09 23:29:35] INPUT #87 [handler] (+0.116s): {"key":"Down","char":null}
[2025-12-09 23:29:35] INPUT #88 [handler] (+0.115s): {"key":"Down","char":null}
[2025-12-09 23:29:36] INPUT #89 [handler] (+0.116s): {"key":"Down","char":null}
[2025-12-09 23:29:36] INPUT #90 [handler] (+0.102s): {"key":"Down","char":null}
[2025-12-09 23:29:36] INPUT #91 [handler] (+0.104s): {"key":"Down","char":null}
[2025-12-09 23:29:36] INPUT #92 [handler] (+0.099s): {"key":"Down","char":null}
[2025-12-09 23:29:36] INPUT #93 [handler] (+0.107s): {"key":"Down","char":null}
[2025-12-09 23:29:36] INPUT #94 [handler] (+0.101s): {"key":"Down","char":null}
[2025-12-09 23:29:36] INPUT #95 [handler] (+0.093s): {"key":"Down","char":null}
[2025-12-09 23:29:36] INPUT #96 [handler] (+0.092s): {"key":"Down","char":null}
[2025-12-09 23:29:36] INPUT #97 [handler] (+0.099s): {"key":"Down","char":null}
[2025-12-09 23:29:36] INPUT #98 [handler] (+0.098s): {"key":"Down","char":null}
[2025-12-09 23:29:37] INPUT #99 [handler] (+0.099s): {"key":"Down","char":null}
[2025-12-09 23:29:37] INPUT #100 [handler] (+0.147s): {"key":"Down","char":null}
[2025-12-09 23:29:37] INPUT #101 [handler] (+0.139s): {"key":"Down","char":null}
[2025-12-09 23:29:37] INPUT #102 [handler] (+0.111s): {"key":"Down","char":null}
[2025-12-09 23:29:37] INPUT #103 [handler] (+0.111s): {"key":"Down","char":null}
[2025-12-09 23:29:37] INPUT #104 [handler] (+0.106s): {"key":"Down","char":null}
[2025-12-09 23:29:37] INPUT #105 [handler] (+0.104s): {"key":"Down","char":null}
[2025-12-09 23:29:37] INPUT #106 [handler] (+0.098s): {"key":"Down","char":null}
[2025-12-09 23:29:37] INPUT #107 [handler] (+0.103s): {"key":"Down","char":null}
[2025-12-09 23:29:38] INPUT #108 [handler] (+0.111s): {"key":"Down","char":null}
[2025-12-09 23:29:38] INPUT #109 [handler] (+0.146s): {"key":"Down","char":null}
[2025-12-09 23:29:38] INPUT #110 [handler] (+0.133s): {"key":"Down","char":null}
[2025-12-09 23:29:38] INPUT #111 [handler] (+0.102s): {"key":"Down","char":null}
[2025-12-09 23:29:38] INPUT #112 [handler] (+0.115s): {"key":"Down","char":null}
[2025-12-09 23:29:38] INPUT #113 [handler] (+0.140s): {"key":"Down","char":null}
[2025-12-09 23:29:38] INPUT #114 [handler] (+0.134s): {"key":"Down","char":null}
[2025-12-09 23:29:38] INPUT #115 [handler] (+0.117s): {"key":"Down","char":null}
[2025-12-09 23:29:39] INPUT #116 [handler] (+0.125s): {"key":"Down","char":null}
[2025-12-09 23:29:39] INPUT #117 [handler] (+0.136s): {"key":"Escape","char":"\u001b"}
[2025-12-09 23:29:42] INPUT #118 [handler] (+3.480s) [DELAY: 3.48s - MANUAL INPUT SUSPECTED]: {"key":"Down","char":null}
[2025-12-09 23:29:42] INPUT #119 [handler] (+0.206s): {"key":"Down","char":null}
[2025-12-09 23:29:43] INPUT #120 [handler] (+0.118s): {"key":"Down","char":null}
[2025-12-09 23:29:44] INPUT #121 [handler] (+1.809s): {"key":"Down","char":null}
[2025-12-09 23:29:45] INPUT #122 [handler] (+0.146s): {"key":"Down","char":null}
[2025-12-09 23:29:45] INPUT #123 [handler] (+0.132s): {"key":"Down","char":null}
[2025-12-09 23:29:45] INPUT #124 [handler] (+0.128s): {"key":"Down","char":null}
[2025-12-09 23:29:45] INPUT #125 [handler] (+0.142s): {"key":"Down","char":null}
[2025-12-09 23:29:45] INPUT #126 [handler] (+0.134s): {"key":"Down","char":null}
[2025-12-09 23:29:45] INPUT #127 [handler] (+0.103s): {"key":"Down","char":null}
[2025-12-09 23:29:45] INPUT #128 [handler] (+0.108s): {"key":"Down","char":null}
[2025-12-09 23:29:45] INPUT #129 [handler] (+0.122s): {"key":"Down","char":null}
[2025-12-09 23:29:45] INPUT #130 [handler] (+0.116s): {"key":"Down","char":null}
[2025-12-09 23:29:46] INPUT #131 [handler] (+0.147s): {"key":"Down","char":null}
[2025-12-09 23:29:46] INPUT #132 [handler] (+0.120s): {"key":"Down","char":null}
[2025-12-09 23:29:46] INPUT #133 [handler] (+0.119s): {"key":"Down","char":null}
[2025-12-09 23:29:46] INPUT #134 [handler] (+0.126s): {"key":"Down","char":null}
[2025-12-09 23:29:46] INPUT #135 [handler] (+0.125s): {"key":"Down","char":null}
[2025-12-09 23:29:46] INPUT #136 [handler] (+0.125s): {"key":"Down","char":null}
[2025-12-09 23:29:46] INPUT #137 [handler] (+0.135s): {"key":"Down","char":null}
[2025-12-09 23:29:47] INPUT #138 [handler] (+0.144s): {"key":"Down","char":null}
[2025-12-09 23:29:47] INPUT #139 [handler] (+0.127s): {"key":"Down","char":null}
[2025-12-09 23:29:47] INPUT #140 [handler] (+0.139s): {"key":"Down","char":null}
[2025-12-09 23:29:47] INPUT #141 [handler] (+0.121s): {"key":"Down","char":null}
[2025-12-09 23:30:02] INPUT #142 [handler] (+15.291s) [DELAY: 15.29s - MANUAL INPUT SUSPECTED]: {"key":"Q","char":"q"}
[2025-12-09 23:30:29] INPUT #1 [handler] (+1.474s): {"key":"Down","char":null}
[2025-12-09 23:30:29] INPUT #2 [handler] (+0.176s): {"key":"Down","char":null}
[2025-12-09 23:30:29] INPUT #3 [handler] (+0.222s): {"key":"Down","char":null}
[2025-12-09 23:30:30] INPUT #4 [handler] (+0.155s): {"key":"Down","char":null}
[2025-12-09 23:30:30] INPUT #5 [handler] (+0.207s): {"key":"Down","char":null}
[2025-12-09 23:30:30] INPUT #6 [handler] (+0.218s): {"key":"Down","char":null}
[2025-12-09 23:30:30] INPUT #7 [handler] (+0.265s): {"key":"Down","char":null}
[2025-12-09 23:30:30] INPUT #8 [handler] (+0.234s): {"key":"Down","char":null}
[2025-12-09 23:30:31] INPUT #9 [handler] (+0.248s): {"key":"Down","char":null}
[2025-12-09 23:30:32] INPUT #10 [handler] (+0.790s): {"key":"Q","char":"q"}
[2025-12-09 23:58:36] INPUT #1 [handler] (+12.114s): {"key":"Down","char":null}
[2025-12-09 23:58:37] INPUT #2 [handler] (+0.230s): {"key":"Down","char":null}
[2025-12-09 23:58:37] INPUT #3 [handler] (+0.219s): {"key":"Down","char":null}
[2025-12-09 23:58:46] INPUT #4 [handler] (+8.773s) [DELAY: 8.77s - MANUAL INPUT SUSPECTED]: {"key":"Down","char":null}
[2025-12-09 23:58:46] INPUT #5 [handler] (+0.271s): {"key":"Down","char":null}
[2025-12-09 23:58:46] INPUT #6 [handler] (+0.202s): {"key":"Down","char":null}
[2025-12-09 23:58:46] INPUT #7 [handler] (+0.282s): {"key":"Down","char":null}
