[2025-12-11 08:46:28] MENU FRAME Selected=0 Count=4 Path=mainUI
  >>> [1] (submenu) Settings
      [2] (submenu) SettingsCommand
      [3] (submenu) TextInput
      [4] (submenu) Tools
[2025-12-11 10:26:34] MENU FRAME Selected=0 Count=4 Path=mainUI
  >>> [1] (submenu) Settings
      [2] (submenu) SettingsCommand
      [3] (submenu) TextInput
      [4] (submenu) Tools
[2025-12-11 10:26:35] MENU FRAME Selected=1 Count=4 Path=mainUI
      [1] (submenu) Settings
  >>> [2] (submenu) SettingsCommand
      [3] (submenu) TextInput
      [4] (submenu) Tools
[2025-12-11 10:26:35] MENU FRAME Selected=2 Count=4 Path=mainUI
      [1] (submenu) Settings
      [2] (submenu) SettingsCommand
  >>> [3] (submenu) TextInput
      [4] (submenu) Tools
[2025-12-11 10:26:36] MENU FRAME Selected=3 Count=4 Path=mainUI
      [1] (submenu) Settings
      [2] (submenu) SettingsCommand
      [3] (submenu) TextInput
  >>> [4] (submenu) Tools
[2025-12-11 10:26:36] MENU FRAME Selected=0 Count=4 Path=mainUI
  >>> [1] (submenu) Settings
      [2] (submenu) SettingsCommand
      [3] (submenu) TextInput
      [4] (submenu) Tools
