**********************
Windows PowerShell transcript start
Start time: 20251212231551
Username: THEHULK\cmand
RunAs User: THEHULK\cmand
Configuration Name: 
Machine: THEHULK (Microsoft Windows NT 10.0.26200.0)
Host Application: C:\WINDOWS\System32\WindowsPowerShell\v1.0\powershell.exe -NoProfile -ExecutionPolicy Bypass -File C:\cmdPrograms\cmd\termUIPrograms\tagScanner\powershell\termUI.ps1
Process ID: 35276
PSVersion: 5.1.26100.7462
PSEdition: Desktop
PSCompatibleVersions: 1.0, 2.0, 3.0, 4.0, 5.0, 5.1.26100.7462
BuildVersion: 10.0.26100.7462
CLRVersion: 4.0.30319.42000
WSManStackVersion: 3.0
PSRemotingProtocolVersion: 2.3
SerializationVersion: 1.1.0.1
**********************
[DEBUG] Initializing settings...
[DEBUG] Loading menu tree...
[2J[H
=== termUI
1.5.7
 ===
Path: mainUI

> [1] (submenu) Dependencies
  [2] (submenu) Directories
  [3] (submenu) Read Mode
  [4] (submenu) Write Mode
  [5] (option) Repair Metadata

[Up/Down] Navigate  [#] Quick Select  [Escape] Back  [Q] Quit
[2J[H
=== termUI
1.5.7
 ===
Path: mainUI

  [1] (submenu) Dependencies
> [2] (submenu) Directories
  [3] (submenu) Read Mode
  [4] (submenu) Write Mode
  [5] (option) Repair Metadata

[Up/Down] Navigate  [#] Quick Select  [Escape] Back  [Q] Quit
[2J[H
=== termUI
1.5.7
 ===
Path: mainUI/Directories

> [1] (submenu) Dependencies
  [2] (submenu) Directories
  [3] (submenu) Read Mode
  [4] (submenu) Write Mode
  [5] (option) Repair Metadata

[Up/Down] Navigate  [#] Quick Select  [Escape] Back  [Q] Quit
[2J[H
=== termUI
1.5.7
 ===
Path: mainUI/Directories

> [1] (option) Add Directory
  [2] (option) C_Users_cmand_Music
  [3] (option) C_Users_cmand_OneDrive_Desktop_Junk_Music

[Up/Down] Navigate  [#] Quick Select  [Escape] Back  [Q] Quit
[2J[H
=== termUI
1.5.7
 ===
Path: mainUI/Directories

  [1] (option) Add Directory
> [2] (option) C_Users_cmand_Music
  [3] (option) C_Users_cmand_OneDrive_Desktop_Junk_Music

[Up/Down] Navigate  [#] Quick Select  [Escape] Back  [Q] Quit

========================================
 SELECTED: C_Users_cmand_Music
 Path: mainUI/Directories/C_Users_cmand_Music
========================================
Working directory set: C:\Users\cmand\Music
Press any key to continue...
[2J[H
=== termUI
1.5.7
 ===
Path: mainUI

> [1] (option) Add Directory
  [2] (option) C_Users_cmand_Music
  [3] (option) C_Users_cmand_OneDrive_Desktop_Junk_Music

[Up/Down] Navigate  [#] Quick Select  [Escape] Back  [Q] Quit
[2J[H
=== termUI
1.5.7
 ===
Path: mainUI

> [1] (submenu) Dependencies
  [2] (submenu) Directories
  [3] (submenu) Read Mode
  [4] (submenu) Write Mode
  [5] (option) Repair Metadata

[Up/Down] Navigate  [#] Quick Select  [Escape] Back  [Q] Quit
[2J[H
=== termUI
1.5.7
 ===
Path: mainUI

  [1] (submenu) Dependencies
> [2] (submenu) Directories
  [3] (submenu) Read Mode
  [4] (submenu) Write Mode
  [5] (option) Repair Metadata

[Up/Down] Navigate  [#] Quick Select  [Escape] Back  [Q] Quit
[2J[H
=== termUI
1.5.7
 ===
Path: mainUI

  [1] (submenu) Dependencies
  [2] (submenu) Directories
> [3] (submenu) Read Mode
  [4] (submenu) Write Mode
  [5] (option) Repair Metadata

[Up/Down] Navigate  [#] Quick Select  [Escape] Back  [Q] Quit
[2J[H
=== termUI
1.5.7
 ===
Path: mainUI/Read Mode

> [1] (submenu) Dependencies
  [2] (submenu) Directories
  [3] (submenu) Read Mode
  [4] (submenu) Write Mode
  [5] (option) Repair Metadata

[Up/Down] Navigate  [#] Quick Select  [Escape] Back  [Q] Quit
[2J[H
=== termUI
1.5.7
 ===
Path: mainUI/Read Mode

> [1] (submenu) Extras
  [2] (option) Album
  [3] (option) Artist
  [4] (option) Comment
  [5] (option) Title
  [6] (option) Year

[Up/Down] Navigate  [#] Quick Select  [Escape] Back  [Q] Quit
[2J[H
=== termUI
1.5.7
 ===
Path: mainUI/Read Mode/Extras

> [1] (submenu) Extras
  [2] (option) Album
  [3] (option) Artist
  [4] (option) Comment
  [5] (option) Title
  [6] (option) Year

[Up/Down] Navigate  [#] Quick Select  [Escape] Back  [Q] Quit
[2J[H
=== termUI
1.5.7
 ===
Path: mainUI/Read Mode/Extras

> [1] (option) Album Artist
  [2] (option) Composer
  [3] (option) Conductor
  [4] (option) Copyright
  [5] (option) Disc
  [6] (option) Encoded By
  [7] (option) Genre
  [8] (option) ISRC
  [9] (option) Publisher
  [10] (option) Track

[Up/Down] Navigate  [#] Quick Select  [Escape] Back  [Q] Quit
**********************
Windows PowerShell transcript end
End time: 20251212231609
**********************
