[2025-12-09 23:33:44] [INFO] === termUI Update Check Started ===
[2025-12-09 23:33:44] [INFO] Local version: 1.3.6
[2025-12-09 23:33:44] [INFO] Checking GitHub for latest version...
[2025-12-09 23:33:44] [INFO] Remote version: 1.3.6
[2025-12-09 23:33:44] [INFO] Versions are identical: 1.3.6
[2025-12-09 23:33:44] [SUCCESS] No update needed
[2025-12-09 23:35:25] [INFO] === termUI Update Check Started ===
[2025-12-09 23:35:25] [INFO] Local version: 1.3.6
[2025-12-09 23:35:25] [INFO] Checking GitHub for latest version...
[2025-12-09 23:35:25] [INFO] Remote version: 1.3.6
[2025-12-09 23:35:25] [INFO] Versions are identical: 1.3.6
[2025-12-09 23:35:25] [SUCCESS] No update needed
[2025-12-09 23:35:45] [INFO] === termUI Update Check Started ===
[2025-12-09 23:35:45] [INFO] Local version: 1.3.6
[2025-12-09 23:35:45] [INFO] Checking GitHub for latest version...
[2025-12-09 23:35:46] [INFO] Remote version: 1.3.6
[2025-12-09 23:35:46] [INFO] Versions are identical: 1.3.6
[2025-12-09 23:35:46] [SUCCESS] No update needed
[2025-12-09 23:37:41] [INFO] === termUI Update Check Started ===
[2025-12-09 23:37:41] [INFO] Local version: 1.3.6
[2025-12-09 23:37:41] [INFO] Checking GitHub for latest version...
[2025-12-09 23:37:42] [INFO] Remote version: 1.3.6
[2025-12-09 23:37:42] [INFO] Versions are identical: 1.3.6
[2025-12-09 23:37:42] [SUCCESS] No update needed
