[2025-12-09 23:33:44] [INFO] === termUI Update Check Started ===
[2025-12-09 23:33:44] [INFO] Local version: 1.3.6
[2025-12-09 23:33:44] [INFO] Checking GitHub for latest version...
[2025-12-09 23:33:44] [INFO] Remote version: 1.3.6
[2025-12-09 23:33:44] [INFO] Versions are identical: 1.3.6
[2025-12-09 23:33:44] [SUCCESS] No update needed
[2025-12-09 23:35:25] [INFO] === termUI Update Check Started ===
[2025-12-09 23:35:25] [INFO] Local version: 1.3.6
[2025-12-09 23:35:25] [INFO] Checking GitHub for latest version...
[2025-12-09 23:35:25] [INFO] Remote version: 1.3.6
[2025-12-09 23:35:25] [INFO] Versions are identical: 1.3.6
[2025-12-09 23:35:25] [SUCCESS] No update needed
[2025-12-09 23:35:45] [INFO] === termUI Update Check Started ===
[2025-12-09 23:35:45] [INFO] Local version: 1.3.6
[2025-12-09 23:35:45] [INFO] Checking GitHub for latest version...
[2025-12-09 23:35:46] [INFO] Remote version: 1.3.6
[2025-12-09 23:35:46] [INFO] Versions are identical: 1.3.6
[2025-12-09 23:35:46] [SUCCESS] No update needed
[2025-12-09 23:37:41] [INFO] === termUI Update Check Started ===
[2025-12-09 23:37:41] [INFO] Local version: 1.3.6
[2025-12-09 23:37:41] [INFO] Checking GitHub for latest version...
[2025-12-09 23:37:42] [INFO] Remote version: 1.3.6
[2025-12-09 23:37:42] [INFO] Versions are identical: 1.3.6
[2025-12-09 23:37:42] [SUCCESS] No update needed
[2025-12-09 23:55:18] [INFO] Local version: 1.3.8
[2025-12-09 23:55:22] [INFO] === termUI Update Check Started ===
[2025-12-09 23:55:22] [INFO] Local version: 1.3.8
[2025-12-09 23:55:22] [INFO] Checking GitHub for latest version...
[2025-12-09 23:55:23] [INFO] Remote version: 1.3.8
[2025-12-09 23:55:23] [INFO] Versions are identical: 1.3.8
[2025-12-09 23:55:23] [SUCCESS] No update needed
[2025-12-09 23:55:55] [INFO] === termUI Update Check Started ===
[2025-12-09 23:55:55] [INFO] Local version: 1.3.7
[2025-12-09 23:55:55] [INFO] Checking GitHub for latest version...
[2025-12-09 23:55:55] [INFO] Remote version: 1.3.8
[2025-12-09 23:55:55] [SUCCESS] Update available: 1.3.7 -> 1.3.8
[2025-12-09 23:55:58] [INFO] Starting update from 1.3.7 to 1.3.8
[2025-12-09 23:55:58] [INFO] Creating backup: C:\Users\cmand\OneDrive\Desktop\cmd\termUI\_debug\backups\termUI_v1.3.7_2025-12-09_235558
[2025-12-09 23:55:59] [SUCCESS] Backup created successfully
[2025-12-09 23:55:59] [INFO] Downloading update from GitHub...
[2025-12-09 23:57:21] [INFO] === termUI Update Check Started ===
[2025-12-09 23:57:21] [INFO] Local version: 1.3.8
[2025-12-09 23:57:21] [INFO] Checking GitHub for latest version...
[2025-12-09 23:57:21] [INFO] Remote version: 1.3.8
[2025-12-09 23:57:21] [INFO] Versions are identical: 1.3.8
[2025-12-09 23:57:21] [SUCCESS] No update needed
[2025-12-09 23:58:25] [INFO] === termUI Update Check Started ===
[2025-12-09 23:58:25] [INFO] Local version: 1.3.8
[2025-12-09 23:58:25] [INFO] Checking GitHub for latest version...
[2025-12-09 23:58:25] [INFO] Remote version: 1.3.8
[2025-12-09 23:58:25] [INFO] Versions are identical: 1.3.8
[2025-12-09 23:58:25] [SUCCESS] No update needed
[2025-12-09 23:58:57] [INFO] === termUI Update Check Started ===
[2025-12-09 23:58:57] [INFO] Local version: 1.3.7
[2025-12-09 23:58:57] [INFO] Checking GitHub for latest version...
[2025-12-09 23:58:58] [INFO] Remote version: 1.3.8
[2025-12-09 23:58:58] [SUCCESS] Update available: 1.3.7 -> 1.3.8
[2025-12-09 23:58:59] [INFO] Starting update from 1.3.7 to 1.3.8
[2025-12-09 23:58:59] [INFO] Creating backup: C:\Users\cmand\OneDrive\Desktop\cmd\termUI\_debug\backups\termUI_v1.3.7_2025-12-09_235859
[2025-12-09 23:59:00] [SUCCESS] Backup created successfully
[2025-12-09 23:59:00] [INFO] Downloading update from GitHub...
[2025-12-10 00:00:39] [INFO] Download complete
[2025-12-10 00:00:39] [INFO] Extracting update...
[2025-12-10 00:01:29] [INFO] Extraction complete
[2025-12-10 00:01:29] [INFO] Installing updated files...
[2025-12-10 00:01:29] [WARN] File in use or copy failed for: termUI.exe. Error: The process cannot access the file 'C:\Users\cmand\OneDrive\Desktop\cmd\termUI\termUI.exe' because it is being used by another process.
[2025-12-10 00:01:29] [WARN] Retrying copy after 3 seconds...
[2025-12-10 00:01:32] [ERROR] Retry failed for: termUI.exe. Please close any running termUI instances and re-run update.
[2025-12-10 00:01:32] [ERROR] Update installation failed: The process cannot access the file 'C:\Users\cmand\OneDrive\Desktop\cmd\termUI\termUI.exe' because it is being used by another process.
[2025-12-10 00:01:32] [INFO] === Update Check Completed ===
[2025-12-10 12:15:56] [INFO] === termUI Update Check Started ===
[2025-12-10 12:15:56] [INFO] Local version: 1.3.9
[2025-12-10 12:15:56] [INFO] Checking GitHub for latest version...
[2025-12-10 12:15:57] [INFO] Remote version: 1.3.9
[2025-12-10 12:15:57] [INFO] Versions are identical: 1.3.9
[2025-12-10 12:15:57] [SUCCESS] No update needed
[2025-12-10 12:16:56] [INFO] === termUI Update Check Started ===
[2025-12-10 12:16:56] [INFO] Local version: 1.4.0
[2025-12-10 12:16:56] [INFO] Checking GitHub for latest version...
[2025-12-10 12:16:57] [INFO] Remote version: 1.3.9
[2025-12-10 12:16:57] [WARN] Local version is newer than remote
[2025-12-10 12:16:57] [SUCCESS] No update needed
[2025-12-10 12:21:30] [INFO] === termUI Update Check Started ===
[2025-12-10 12:21:30] [INFO] Local version: 1.4.0
[2025-12-10 12:21:30] [INFO] Checking GitHub for latest version...
[2025-12-10 12:21:31] [INFO] Remote version: 1.4.1
[2025-12-10 12:21:31] [SUCCESS] Update available: 1.4.0 -> 1.4.1
[2025-12-10 17:51:03] [INFO] Starting update from 1.4.0 to 1.4.1
[2025-12-10 17:51:03] [INFO] Creating backup: C:\Users\cmand\OneDrive\Desktop\cmd\termUI\_debug\backups\termUI_v1.4.0_2025-12-10_175103
[2025-12-10 17:51:04] [SUCCESS] Backup created successfully
[2025-12-10 17:51:04] [INFO] Downloading update from GitHub...
[2025-12-10 17:59:55] [INFO] === termUI Update Check Started ===
[2025-12-10 17:59:55] [INFO] Local version: 1.4.0
[2025-12-10 17:59:55] [INFO] Checking GitHub for latest version...
[2025-12-10 17:59:55] [INFO] Remote version: 1.4.1
[2025-12-10 17:59:55] [SUCCESS] Update available: 1.4.0 -> 1.4.1
[2025-12-10 19:50:09] [INFO] === termUI Update Check Started ===
[2025-12-10 19:50:10] [INFO] Local version: 1.4.1
[2025-12-10 19:50:10] [INFO] Checking GitHub for latest version...
[2025-12-10 19:50:10] [INFO] Remote version: 1.4.1
[2025-12-10 19:50:10] [INFO] Versions are identical: 1.4.1
[2025-12-10 19:50:10] [SUCCESS] No update needed
[2025-12-10 19:56:15] [INFO] === termUI Update Check Started ===
[2025-12-10 19:56:15] [INFO] Local version: 1.4.2
[2025-12-10 19:56:15] [INFO] Checking GitHub for latest version...
[2025-12-10 19:56:16] [INFO] Remote version: 1.4.1
[2025-12-10 19:56:16] [WARN] Local version is newer than remote
[2025-12-10 19:56:16] [SUCCESS] No update needed
[2025-12-11 10:48:57] [INFO] === termUI Update Check Started ===
[2025-12-11 10:48:58] [INFO] Local version: 1.4.5
[2025-12-11 10:48:58] [INFO] Checking GitHub for latest version...
[2025-12-11 10:48:58] [INFO] Remote version: 1.4.5
[2025-12-11 10:48:58] [INFO] Versions are identical: 1.4.5
[2025-12-11 10:48:58] [SUCCESS] No update needed
[2025-12-11 10:51:50] [INFO] === termUI Update Check Started ===
[2025-12-11 10:51:50] [INFO] Local version: 1.4.5
[2025-12-11 10:51:50] [INFO] Checking GitHub for latest version...
[2025-12-11 10:51:50] [INFO] Remote version: 1.4.5
[2025-12-11 10:51:50] [INFO] Versions are identical: 1.4.5
[2025-12-11 10:51:50] [SUCCESS] No update needed
[2025-12-11 10:53:53] [INFO] === termUI Update Check Started ===
[2025-12-11 10:53:53] [INFO] Local version: 1.4.5
[2025-12-11 10:53:53] [INFO] Checking GitHub for latest version...
[2025-12-11 10:53:54] [INFO] Remote version: 1.4.5
[2025-12-11 10:53:54] [INFO] Versions are identical: 1.4.5
[2025-12-11 10:53:54] [SUCCESS] No update needed
[2025-12-11 11:17:26] [INFO] === termUI Update Check Started ===
[2025-12-11 11:17:26] [INFO] Local version: 1.4.8
[2025-12-11 11:17:26] [INFO] Checking GitHub for latest version...
[2025-12-11 11:17:26] [INFO] Remote version: 1.4.8
[2025-12-11 11:17:27] [INFO] Versions are identical: 1.4.8
[2025-12-11 11:17:27] [SUCCESS] No update needed
[2025-12-11 11:21:04] [INFO] === termUI Update Check Started ===
[2025-12-11 11:21:04] [INFO] Local version: 1.4.9
[2025-12-11 11:21:04] [INFO] Checking GitHub for latest version...
[2025-12-11 11:21:05] [INFO] Remote version: 1.4.8
[2025-12-11 11:21:05] [WARN] Local version is newer than remote
[2025-12-11 11:21:05] [SUCCESS] No update needed
[2025-12-11 11:21:40] [INFO] === termUI Update Check Started ===
[2025-12-11 11:21:41] [INFO] Local version: 1.4.9
[2025-12-11 11:21:41] [INFO] Checking GitHub for latest version...
[2025-12-11 11:21:41] [INFO] Remote version: 1.4.8
[2025-12-11 11:21:41] [WARN] Local version is newer than remote
[2025-12-11 11:21:41] [SUCCESS] No update needed
[2025-12-11 11:43:17] [INFO] === termUI Update Check Started ===
[2025-12-11 11:43:17] [INFO] Local version: 1.5.0
[2025-12-11 11:43:17] [INFO] Checking GitHub for latest version...
[2025-12-11 11:43:17] [INFO] Remote version: 1.5.0
[2025-12-11 11:43:17] [INFO] Versions are identical: 1.5.0
[2025-12-11 11:43:17] [SUCCESS] No update needed
[2025-12-11 11:44:17] [INFO] === termUI Update Check Started ===
[2025-12-11 11:44:17] [INFO] Local version: 1.5.0
[2025-12-11 11:44:17] [INFO] Checking GitHub for latest version...
[2025-12-11 11:44:18] [INFO] Remote version: 1.5.0
[2025-12-11 11:44:18] [INFO] Versions are identical: 1.5.0
[2025-12-11 11:44:18] [SUCCESS] No update needed
[2025-12-11 11:45:45] [INFO] === termUI Update Check Started ===
[2025-12-11 11:45:45] [INFO] Local version: 1.5.0
[2025-12-11 11:45:45] [INFO] Checking GitHub for latest version...
[2025-12-11 11:45:45] [INFO] Remote version: 1.5.0
[2025-12-11 11:45:45] [INFO] Versions are identical: 1.5.0
[2025-12-11 11:45:45] [SUCCESS] No update needed
[2025-12-11 11:50:32] [INFO] === termUI Update Check Started ===
[2025-12-11 11:50:32] [INFO] Local version: 1.5.0
[2025-12-11 11:50:32] [INFO] Checking GitHub for latest version...
[2025-12-11 11:50:32] [INFO] Remote version: 1.5.0
[2025-12-11 11:50:32] [INFO] Versions are identical: 1.5.0
[2025-12-11 11:50:32] [SUCCESS] No update needed
[2025-12-11 11:51:59] [INFO] === termUI Update Check Started ===
[2025-12-11 11:51:59] [INFO] Local version: 1.5.0
[2025-12-11 11:51:59] [INFO] Checking GitHub for latest version...
[2025-12-11 11:51:59] [INFO] Remote version: 1.5.0
[2025-12-11 11:51:59] [INFO] Versions are identical: 1.5.0
[2025-12-11 11:51:59] [SUCCESS] No update needed
[2025-12-11 11:53:05] [INFO] === termUI Update Check Started ===
[2025-12-11 11:53:05] [INFO] Local version: 1.5.0
[2025-12-11 11:53:05] [INFO] Checking GitHub for latest version...
[2025-12-11 11:53:05] [INFO] Remote version: 1.5.0
[2025-12-11 11:53:05] [INFO] Versions are identical: 1.5.0
[2025-12-11 11:53:05] [SUCCESS] No update needed
[2025-12-11 11:56:10] [INFO] === termUI Update Check Started ===
[2025-12-11 11:56:10] [INFO] Local version: 1.5.0
[2025-12-11 11:56:10] [INFO] Checking GitHub for latest version...
[2025-12-11 11:56:10] [INFO] Remote version: 1.5.1
[2025-12-11 11:56:10] [SUCCESS] Update available: 1.5.0 -> 1.5.1
[2025-12-11 11:56:12] [INFO] Starting update from 1.5.0 to 1.5.1
[2025-12-11 11:56:12] [INFO] Creating backup: C:\Users\cmand\OneDrive\Desktop\cmd\termUIPrograms\tagScanner\_debug\backups\termUI_v1.5.0_2025-12-11_115612
[2025-12-11 11:56:12] [SUCCESS] Backup created successfully
[2025-12-11 11:56:12] [INFO] Downloading update from GitHub...
[2025-12-11 11:56:16] [INFO] Download complete
[2025-12-11 11:56:16] [INFO] Extracting update...
[2025-12-11 11:56:20] [INFO] Extraction complete
[2025-12-11 11:56:20] [INFO] Installing updated files...
[2025-12-11 11:56:20] [SUCCESS] Files installed successfully (robocopy exit code: 3)
[2025-12-11 11:56:20] [INFO] Cleaning up temporary files...
[2025-12-11 11:56:21] [SUCCESS] Update completed successfully: 1.5.0 -> 1.5.1
[2025-12-11 11:56:21] [INFO] === Update Check Completed ===
[2025-12-11 11:56:21] [SUCCESS] Launched updated termUI
[2025-12-11 11:56:23] [INFO] === termUI Update Check Started ===
[2025-12-11 11:56:23] [INFO] Local version: 1.5.1
[2025-12-11 11:56:23] [INFO] Checking GitHub for latest version...
[2025-12-11 11:56:23] [INFO] Remote version: 1.5.1
[2025-12-11 11:56:23] [INFO] Versions are identical: 1.5.1
[2025-12-11 11:56:23] [SUCCESS] No update needed
[2025-12-11 11:56:31] [INFO] === termUI Update Check Started ===
[2025-12-11 11:56:31] [INFO] Local version: 1.5.1
[2025-12-11 11:56:31] [INFO] Checking GitHub for latest version...
[2025-12-11 11:56:31] [INFO] Remote version: 1.5.1
[2025-12-11 11:56:31] [INFO] Versions are identical: 1.5.1
[2025-12-11 11:56:31] [SUCCESS] No update needed
[2025-12-11 12:00:40] [INFO] === termUI Update Check Started ===
[2025-12-11 12:00:41] [INFO] Local version: 1.5.1
[2025-12-11 12:00:41] [INFO] Checking GitHub for latest version...
[2025-12-11 12:00:41] [INFO] Remote version: 1.5.1
[2025-12-11 12:00:41] [INFO] Versions are identical: 1.5.1
[2025-12-11 12:00:41] [SUCCESS] No update needed
[2025-12-11 12:12:26] [INFO] === termUI Update Check Started ===
[2025-12-11 12:12:26] [INFO] Local version: 1.5.1
[2025-12-11 12:12:26] [INFO] Checking GitHub for latest version...
[2025-12-11 12:12:26] [INFO] Remote version: 1.5.1
[2025-12-11 12:12:26] [INFO] Versions are identical: 1.5.1
[2025-12-11 12:12:26] [SUCCESS] No update needed
[2025-12-11 12:12:59] [INFO] === termUI Update Check Started ===
[2025-12-11 12:12:59] [INFO] Local version: 1.5.1
[2025-12-11 12:12:59] [INFO] Checking GitHub for latest version...
[2025-12-11 12:12:59] [INFO] Remote version: 1.5.1
[2025-12-11 12:12:59] [INFO] Versions are identical: 1.5.1
[2025-12-11 12:12:59] [SUCCESS] No update needed
[2025-12-11 12:14:38] [INFO] === termUI Update Check Started ===
[2025-12-11 12:14:38] [INFO] Local version: 1.5.1
[2025-12-11 12:14:38] [INFO] Checking GitHub for latest version...
[2025-12-11 12:14:39] [INFO] Remote version: 1.5.1
[2025-12-11 12:14:39] [INFO] Versions are identical: 1.5.1
[2025-12-11 12:14:39] [SUCCESS] No update needed
[2025-12-11 12:15:44] [INFO] === termUI Update Check Started ===
[2025-12-11 12:15:44] [INFO] Local version: 1.5.1
[2025-12-11 12:15:44] [INFO] Checking GitHub for latest version...
[2025-12-11 12:15:44] [INFO] Remote version: 1.5.1
[2025-12-11 12:15:44] [INFO] Versions are identical: 1.5.1
[2025-12-11 12:15:44] [SUCCESS] No update needed
[2025-12-11 12:22:57] [INFO] === termUI Update Check Started ===
[2025-12-11 12:22:57] [INFO] Local version: 1.5.1
[2025-12-11 12:22:57] [INFO] Checking GitHub for latest version...
[2025-12-11 12:22:57] [INFO] Remote version: 1.5.1
[2025-12-11 12:22:57] [INFO] Versions are identical: 1.5.1
[2025-12-11 12:22:57] [SUCCESS] No update needed
[2025-12-11 12:25:24] [INFO] === termUI Update Check Started ===
[2025-12-11 12:25:25] [INFO] Local version: 1.5.1
[2025-12-11 12:25:25] [INFO] Checking GitHub for latest version...
[2025-12-11 12:25:25] [INFO] Remote version: 1.5.1
[2025-12-11 12:25:25] [INFO] Versions are identical: 1.5.1
[2025-12-11 12:25:25] [SUCCESS] No update needed
[2025-12-11 12:27:06] [INFO] === termUI Update Check Started ===
[2025-12-11 12:27:06] [INFO] Local version: 1.5.1
[2025-12-11 12:27:06] [INFO] Checking GitHub for latest version...
[2025-12-11 12:27:07] [INFO] Remote version: 1.5.1
[2025-12-11 12:27:07] [INFO] Versions are identical: 1.5.1
[2025-12-11 12:27:07] [SUCCESS] No update needed
[2025-12-11 12:29:18] [INFO] === termUI Update Check Started ===
[2025-12-11 12:29:18] [INFO] Local version: 1.5.1
[2025-12-11 12:29:18] [INFO] Checking GitHub for latest version...
[2025-12-11 12:29:18] [INFO] Remote version: 1.5.1
[2025-12-11 12:29:18] [INFO] Versions are identical: 1.5.1
[2025-12-11 12:29:18] [SUCCESS] No update needed
[2025-12-11 12:31:07] [INFO] === termUI Update Check Started ===
[2025-12-11 12:31:07] [INFO] Local version: 1.5.1
[2025-12-11 12:31:07] [INFO] Checking GitHub for latest version...
[2025-12-11 12:31:07] [INFO] Remote version: 1.5.1
[2025-12-11 12:31:07] [INFO] Versions are identical: 1.5.1
[2025-12-11 12:31:07] [SUCCESS] No update needed
[2025-12-11 12:37:23] [INFO] === termUI Update Check Started ===
[2025-12-11 12:37:23] [INFO] Local version: 1.5.1
[2025-12-11 12:37:23] [INFO] Checking GitHub for latest version...
[2025-12-11 12:37:23] [INFO] Remote version: 1.5.1
[2025-12-11 12:37:23] [INFO] Versions are identical: 1.5.1
[2025-12-11 12:37:23] [SUCCESS] No update needed
[2025-12-11 12:38:35] [INFO] === termUI Update Check Started ===
[2025-12-11 12:38:35] [INFO] Local version: 1.5.1
[2025-12-11 12:38:35] [INFO] Checking GitHub for latest version...
[2025-12-11 12:38:35] [INFO] Remote version: 1.5.1
[2025-12-11 12:38:35] [INFO] Versions are identical: 1.5.1
[2025-12-11 12:38:35] [SUCCESS] No update needed
[2025-12-11 12:45:00] [INFO] === termUI Update Check Started ===
[2025-12-11 12:45:00] [INFO] Local version: 1.5.1
[2025-12-11 12:45:00] [INFO] Checking GitHub for latest version...
[2025-12-11 12:45:00] [INFO] Remote version: 1.5.1
[2025-12-11 12:45:00] [INFO] Versions are identical: 1.5.1
[2025-12-11 12:45:00] [SUCCESS] No update needed
[2025-12-11 12:45:15] [INFO] === termUI Update Check Started ===
[2025-12-11 12:45:16] [INFO] Local version: 1.5.1
[2025-12-11 12:45:16] [INFO] Checking GitHub for latest version...
[2025-12-11 12:45:16] [INFO] Remote version: 1.5.1
[2025-12-11 12:45:16] [INFO] Versions are identical: 1.5.1
[2025-12-11 12:45:16] [SUCCESS] No update needed
[2025-12-11 12:45:36] [INFO] === termUI Update Check Started ===
[2025-12-11 12:45:36] [INFO] Local version: 1.5.1
[2025-12-11 12:45:36] [INFO] Checking GitHub for latest version...
[2025-12-11 12:45:37] [INFO] Remote version: 1.5.1
[2025-12-11 12:45:37] [INFO] Versions are identical: 1.5.1
[2025-12-11 12:45:37] [SUCCESS] No update needed
[2025-12-11 12:47:28] [INFO] === termUI Update Check Started ===
[2025-12-11 12:47:28] [INFO] Local version: 1.5.1
[2025-12-11 12:47:28] [INFO] Checking GitHub for latest version...
[2025-12-11 12:47:28] [INFO] Remote version: 1.5.1
[2025-12-11 12:47:28] [INFO] Versions are identical: 1.5.1
[2025-12-11 12:47:28] [SUCCESS] No update needed
[2025-12-11 12:48:24] [INFO] === termUI Update Check Started ===
[2025-12-11 12:48:24] [INFO] Local version: 1.5.1
[2025-12-11 12:48:24] [INFO] Checking GitHub for latest version...
[2025-12-11 12:48:24] [INFO] Remote version: 1.5.1
[2025-12-11 12:48:24] [INFO] Versions are identical: 1.5.1
[2025-12-11 12:48:24] [SUCCESS] No update needed
[2025-12-11 12:53:27] [INFO] === termUI Update Check Started ===
[2025-12-11 12:53:27] [INFO] Local version: 1.5.1
[2025-12-11 12:53:27] [INFO] Checking GitHub for latest version...
[2025-12-11 12:53:28] [INFO] Remote version: 1.5.1
[2025-12-11 12:53:28] [INFO] Versions are identical: 1.5.1
[2025-12-11 12:53:28] [SUCCESS] No update needed
[2025-12-11 12:58:23] [INFO] === termUI Update Check Started ===
[2025-12-11 12:58:23] [INFO] Local version: 1.5.1
[2025-12-11 12:58:23] [INFO] Checking GitHub for latest version...
[2025-12-11 12:58:23] [INFO] Remote version: 1.5.1
[2025-12-11 12:58:23] [INFO] Versions are identical: 1.5.1
[2025-12-11 12:58:23] [SUCCESS] No update needed
[2025-12-11 13:00:19] [INFO] === termUI Update Check Started ===
[2025-12-11 13:00:19] [INFO] Local version: 1.5.1
[2025-12-11 13:00:19] [INFO] Checking GitHub for latest version...
[2025-12-11 13:00:19] [INFO] Remote version: 1.5.1
[2025-12-11 13:00:19] [INFO] Versions are identical: 1.5.1
[2025-12-11 13:00:19] [SUCCESS] No update needed
[2025-12-11 13:05:52] [INFO] === termUI Update Check Started ===
[2025-12-11 13:05:52] [INFO] Local version: 1.5.1
[2025-12-11 13:05:52] [INFO] Checking GitHub for latest version...
[2025-12-11 13:05:52] [INFO] Remote version: 1.5.1
[2025-12-11 13:05:52] [INFO] Versions are identical: 1.5.1
[2025-12-11 13:05:52] [SUCCESS] No update needed
[2025-12-11 13:06:33] [INFO] === termUI Update Check Started ===
[2025-12-11 13:06:33] [INFO] Local version: 1.5.1
[2025-12-11 13:06:33] [INFO] Checking GitHub for latest version...
[2025-12-11 13:06:33] [INFO] Remote version: 1.5.1
[2025-12-11 13:06:33] [INFO] Versions are identical: 1.5.1
[2025-12-11 13:06:33] [SUCCESS] No update needed
[2025-12-11 13:08:56] [INFO] === termUI Update Check Started ===
[2025-12-11 13:08:56] [INFO] Local version: 1.5.1
[2025-12-11 13:08:56] [INFO] Checking GitHub for latest version...
[2025-12-11 13:08:56] [INFO] Remote version: 1.5.1
[2025-12-11 13:08:56] [INFO] Versions are identical: 1.5.1
[2025-12-11 13:08:56] [SUCCESS] No update needed
[2025-12-11 13:09:50] [INFO] === termUI Update Check Started ===
[2025-12-11 13:09:50] [INFO] Local version: 1.5.1
[2025-12-11 13:09:50] [INFO] Checking GitHub for latest version...
[2025-12-11 13:09:51] [INFO] Remote version: 1.5.1
[2025-12-11 13:09:51] [INFO] Versions are identical: 1.5.1
[2025-12-11 13:09:51] [SUCCESS] No update needed
[2025-12-11 13:10:15] [INFO] === termUI Update Check Started ===
[2025-12-11 13:10:16] [INFO] Local version: 1.5.1
[2025-12-11 13:10:16] [INFO] Checking GitHub for latest version...
[2025-12-11 13:10:16] [INFO] Remote version: 1.5.1
[2025-12-11 13:10:16] [INFO] Versions are identical: 1.5.1
[2025-12-11 13:10:16] [SUCCESS] No update needed
[2025-12-11 13:10:59] [INFO] === termUI Update Check Started ===
[2025-12-11 13:10:59] [INFO] Local version: 1.5.1
[2025-12-11 13:10:59] [INFO] Checking GitHub for latest version...
[2025-12-11 13:10:59] [INFO] Remote version: 1.5.1
[2025-12-11 13:10:59] [INFO] Versions are identical: 1.5.1
[2025-12-11 13:10:59] [SUCCESS] No update needed
[2025-12-11 13:18:16] [INFO] === termUI Update Check Started ===
[2025-12-11 13:18:16] [INFO] Local version: 1.5.1
[2025-12-11 13:18:16] [INFO] Checking GitHub for latest version...
[2025-12-11 13:18:17] [INFO] Remote version: 1.5.1
[2025-12-11 13:18:17] [INFO] Versions are identical: 1.5.1
[2025-12-11 13:18:17] [SUCCESS] No update needed
[2025-12-11 13:19:38] [INFO] === termUI Update Check Started ===
[2025-12-11 13:19:38] [INFO] Local version: 1.5.1
[2025-12-11 13:19:38] [INFO] Checking GitHub for latest version...
[2025-12-11 13:19:38] [INFO] Remote version: 1.5.1
[2025-12-11 13:19:38] [INFO] Versions are identical: 1.5.1
[2025-12-11 13:19:38] [SUCCESS] No update needed
[2025-12-11 13:20:21] [INFO] === termUI Update Check Started ===
[2025-12-11 13:20:21] [INFO] Local version: 1.5.1
[2025-12-11 13:20:21] [INFO] Checking GitHub for latest version...
[2025-12-11 13:20:21] [INFO] Remote version: 1.5.1
[2025-12-11 13:20:21] [INFO] Versions are identical: 1.5.1
[2025-12-11 13:20:21] [SUCCESS] No update needed
[2025-12-11 13:20:50] [INFO] === termUI Update Check Started ===
[2025-12-11 13:20:50] [INFO] Local version: 1.5.1
[2025-12-11 13:20:50] [INFO] Checking GitHub for latest version...
[2025-12-11 13:20:51] [INFO] Remote version: 1.5.1
[2025-12-11 13:20:51] [INFO] Versions are identical: 1.5.1
[2025-12-11 13:20:51] [SUCCESS] No update needed
[2025-12-11 13:25:44] [INFO] === termUI Update Check Started ===
[2025-12-11 13:25:44] [INFO] Local version: 1.5.1
[2025-12-11 13:25:44] [INFO] Checking GitHub for latest version...
[2025-12-11 13:25:45] [INFO] Remote version: 1.5.1
[2025-12-11 13:25:45] [INFO] Versions are identical: 1.5.1
[2025-12-11 13:25:45] [SUCCESS] No update needed
[2025-12-11 13:26:30] [INFO] === termUI Update Check Started ===
[2025-12-11 13:26:30] [INFO] Local version: 1.5.1
[2025-12-11 13:26:30] [INFO] Checking GitHub for latest version...
[2025-12-11 13:26:30] [INFO] Remote version: 1.5.1
[2025-12-11 13:26:30] [INFO] Versions are identical: 1.5.1
[2025-12-11 13:26:30] [SUCCESS] No update needed
[2025-12-11 13:27:20] [INFO] === termUI Update Check Started ===
[2025-12-11 13:27:20] [INFO] Local version: 1.5.1
[2025-12-11 13:27:20] [INFO] Checking GitHub for latest version...
[2025-12-11 13:27:21] [INFO] Remote version: 1.5.1
[2025-12-11 13:27:21] [INFO] Versions are identical: 1.5.1
[2025-12-11 13:27:21] [SUCCESS] No update needed
[2025-12-11 13:27:58] [INFO] === termUI Update Check Started ===
[2025-12-11 13:27:58] [INFO] Local version: 1.5.1
[2025-12-11 13:27:58] [INFO] Checking GitHub for latest version...
[2025-12-11 13:27:58] [INFO] Remote version: 1.5.1
[2025-12-11 13:27:58] [INFO] Versions are identical: 1.5.1
[2025-12-11 13:27:58] [SUCCESS] No update needed
[2025-12-11 13:28:56] [INFO] === termUI Update Check Started ===
[2025-12-11 13:28:56] [INFO] Local version: 1.5.1
[2025-12-11 13:28:56] [INFO] Checking GitHub for latest version...
[2025-12-11 13:28:56] [INFO] Remote version: 1.5.1
[2025-12-11 13:28:56] [INFO] Versions are identical: 1.5.1
[2025-12-11 13:28:56] [SUCCESS] No update needed
[2025-12-11 13:29:51] [INFO] === termUI Update Check Started ===
[2025-12-11 13:29:51] [INFO] Local version: 1.5.1
[2025-12-11 13:29:51] [INFO] Checking GitHub for latest version...
[2025-12-11 13:29:51] [INFO] Remote version: 1.5.1
[2025-12-11 13:29:51] [INFO] Versions are identical: 1.5.1
[2025-12-11 13:29:51] [SUCCESS] No update needed
[2025-12-11 13:30:26] [INFO] === termUI Update Check Started ===
[2025-12-11 13:30:26] [INFO] Local version: 1.5.1
[2025-12-11 13:30:26] [INFO] Checking GitHub for latest version...
[2025-12-11 13:30:26] [INFO] Remote version: 1.5.1
[2025-12-11 13:30:26] [INFO] Versions are identical: 1.5.1
[2025-12-11 13:30:26] [SUCCESS] No update needed
[2025-12-11 13:31:14] [INFO] === termUI Update Check Started ===
[2025-12-11 13:31:14] [INFO] Local version: 1.5.1
[2025-12-11 13:31:14] [INFO] Checking GitHub for latest version...
[2025-12-11 13:31:14] [INFO] Remote version: 1.5.1
[2025-12-11 13:31:14] [INFO] Versions are identical: 1.5.1
[2025-12-11 13:31:14] [SUCCESS] No update needed
[2025-12-11 13:31:39] [INFO] === termUI Update Check Started ===
[2025-12-11 13:31:39] [INFO] Local version: 1.5.1
[2025-12-11 13:31:39] [INFO] Checking GitHub for latest version...
[2025-12-11 13:31:39] [INFO] Remote version: 1.5.1
[2025-12-11 13:31:39] [INFO] Versions are identical: 1.5.1
[2025-12-11 13:31:39] [SUCCESS] No update needed
[2025-12-11 13:31:43] [INFO] === termUI Update Check Started ===
[2025-12-11 13:31:43] [INFO] Local version: 1.5.1
[2025-12-11 13:31:43] [INFO] Checking GitHub for latest version...
[2025-12-11 13:31:43] [INFO] Remote version: 1.5.1
[2025-12-11 13:31:44] [INFO] Versions are identical: 1.5.1
[2025-12-11 13:31:44] [SUCCESS] No update needed
[2025-12-11 13:32:10] [INFO] === termUI Update Check Started ===
[2025-12-11 13:32:10] [INFO] Local version: 1.5.1
[2025-12-11 13:32:10] [INFO] Checking GitHub for latest version...
[2025-12-11 13:32:10] [INFO] Remote version: 1.5.1
[2025-12-11 13:32:10] [INFO] Versions are identical: 1.5.1
[2025-12-11 13:32:10] [SUCCESS] No update needed
[2025-12-11 13:32:27] [INFO] === termUI Update Check Started ===
[2025-12-11 13:32:27] [INFO] Local version: 1.5.1
[2025-12-11 13:32:27] [INFO] Checking GitHub for latest version...
[2025-12-11 13:32:28] [INFO] Remote version: 1.5.1
[2025-12-11 13:32:28] [INFO] Versions are identical: 1.5.1
[2025-12-11 13:32:28] [SUCCESS] No update needed
[2025-12-11 13:32:36] [INFO] === termUI Update Check Started ===
[2025-12-11 13:32:37] [INFO] Local version: 1.5.1
[2025-12-11 13:32:37] [INFO] Checking GitHub for latest version...
[2025-12-11 13:32:37] [INFO] Remote version: 1.5.1
[2025-12-11 13:32:37] [INFO] Versions are identical: 1.5.1
[2025-12-11 13:32:37] [SUCCESS] No update needed
[2025-12-11 13:33:06] [INFO] === termUI Update Check Started ===
[2025-12-11 13:33:06] [INFO] Local version: 1.5.1
[2025-12-11 13:33:06] [INFO] Checking GitHub for latest version...
[2025-12-11 13:33:06] [INFO] Remote version: 1.5.1
[2025-12-11 13:33:06] [INFO] Versions are identical: 1.5.1
[2025-12-11 13:33:06] [SUCCESS] No update needed
[2025-12-11 13:34:47] [INFO] === termUI Update Check Started ===
[2025-12-11 13:34:47] [INFO] Local version: 1.5.1
[2025-12-11 13:34:47] [INFO] Checking GitHub for latest version...
[2025-12-11 13:34:48] [INFO] Remote version: 1.5.1
[2025-12-11 13:34:48] [INFO] Versions are identical: 1.5.1
[2025-12-11 13:34:48] [SUCCESS] No update needed
[2025-12-11 13:34:54] [INFO] === termUI Update Check Started ===
[2025-12-11 13:34:54] [INFO] Local version: 1.5.1
[2025-12-11 13:34:54] [INFO] Checking GitHub for latest version...
[2025-12-11 13:34:55] [INFO] Remote version: 1.5.1
[2025-12-11 13:34:55] [INFO] Versions are identical: 1.5.1
[2025-12-11 13:34:55] [SUCCESS] No update needed
[2025-12-11 13:35:17] [INFO] === termUI Update Check Started ===
[2025-12-11 13:35:17] [INFO] Local version: 1.5.1
[2025-12-11 13:35:17] [INFO] Checking GitHub for latest version...
[2025-12-11 13:35:18] [INFO] Remote version: 1.5.1
[2025-12-11 13:35:18] [INFO] Versions are identical: 1.5.1
[2025-12-11 13:35:18] [SUCCESS] No update needed
[2025-12-11 13:35:49] [INFO] === termUI Update Check Started ===
[2025-12-11 13:35:50] [INFO] Local version: 1.5.1
[2025-12-11 13:35:50] [INFO] Checking GitHub for latest version...
[2025-12-11 13:35:50] [INFO] Remote version: 1.5.1
[2025-12-11 13:35:50] [INFO] Versions are identical: 1.5.1
[2025-12-11 13:35:50] [SUCCESS] No update needed
[2025-12-11 13:36:02] [INFO] === termUI Update Check Started ===
[2025-12-11 13:36:02] [INFO] Local version: 1.5.1
[2025-12-11 13:36:02] [INFO] Checking GitHub for latest version...
[2025-12-11 13:36:02] [INFO] Remote version: 1.5.1
[2025-12-11 13:36:02] [INFO] Versions are identical: 1.5.1
[2025-12-11 13:36:02] [SUCCESS] No update needed
[2025-12-11 13:37:04] [INFO] === termUI Update Check Started ===
[2025-12-11 13:37:04] [INFO] Local version: 1.5.1
[2025-12-11 13:37:04] [INFO] Checking GitHub for latest version...
[2025-12-11 13:37:04] [INFO] Remote version: 1.5.1
[2025-12-11 13:37:04] [INFO] Versions are identical: 1.5.1
[2025-12-11 13:37:04] [SUCCESS] No update needed
[2025-12-11 13:37:50] [INFO] === termUI Update Check Started ===
[2025-12-11 13:37:50] [INFO] Local version: 1.5.1
[2025-12-11 13:37:50] [INFO] Checking GitHub for latest version...
[2025-12-11 13:37:50] [INFO] Remote version: 1.5.1
[2025-12-11 13:37:50] [INFO] Versions are identical: 1.5.1
[2025-12-11 13:37:50] [SUCCESS] No update needed
[2025-12-11 13:37:55] [INFO] === termUI Update Check Started ===
[2025-12-11 13:37:55] [INFO] Local version: 1.5.1
[2025-12-11 13:37:55] [INFO] Checking GitHub for latest version...
[2025-12-11 13:37:55] [INFO] Remote version: 1.5.1
[2025-12-11 13:37:55] [INFO] Versions are identical: 1.5.1
[2025-12-11 13:37:55] [SUCCESS] No update needed
[2025-12-11 13:38:45] [INFO] === termUI Update Check Started ===
[2025-12-11 13:38:45] [INFO] Local version: 1.5.1
[2025-12-11 13:38:45] [INFO] Checking GitHub for latest version...
[2025-12-11 13:38:45] [INFO] Remote version: 1.5.1
[2025-12-11 13:38:45] [INFO] Versions are identical: 1.5.1
[2025-12-11 13:38:45] [SUCCESS] No update needed
[2025-12-11 13:39:06] [INFO] === termUI Update Check Started ===
[2025-12-11 13:39:06] [INFO] Local version: 1.5.1
[2025-12-11 13:39:06] [INFO] Checking GitHub for latest version...
[2025-12-11 13:39:06] [INFO] Remote version: 1.5.1
[2025-12-11 13:39:06] [INFO] Versions are identical: 1.5.1
[2025-12-11 13:39:06] [SUCCESS] No update needed
