[2025-12-08 22:55:18] INFO: Running in interactive mode (no subprocess)
[2025-12-08 22:55:25] INFO: Running in interactive mode (no subprocess)
[2025-12-08 23:10:27] INFO: Running in interactive mode (no subprocess)
[2025-12-08 23:11:30] INFO: Running in interactive mode (no subprocess)
[2025-12-08 23:11:57] INFO: Running in interactive mode (no subprocess)
[2025-12-08 23:12:02] INFO: Entered submenu: mainUI/SettingsCommand
[2025-12-08 23:12:04] INFO: Entered submenu: mainUI/SettingsCommand/Operation
[2025-12-08 23:12:06] INFO: Navigated back to: mainUI/SettingsCommand
[2025-12-08 23:12:06] INFO: Navigated back to: mainUI
[2025-12-08 23:13:52] INFO: User quit with Q key (handler-mapped)
[2025-12-08 23:21:46] INFO: Running in interactive mode (no subprocess)
[2025-12-08 23:21:49] INFO: Entered submenu: mainUI/Settings
[2025-12-08 23:21:53] INFO: Navigated back to: mainUI
[2025-12-08 23:21:56] INFO: Entered submenu: mainUI/Settings
[2025-12-08 23:21:59] INFO: Navigated back to: mainUI
[2025-12-08 23:22:00] INFO: User quit with Q key (handler-mapped)
[2025-12-08 23:22:10] INFO: Running in interactive mode (no subprocess)
[2025-12-08 23:22:22] INFO: Entered submenu: mainUI/Settings
[2025-12-08 23:22:26] INFO: Navigated back to: mainUI
[2025-12-08 23:24:17] INFO: Running in interactive mode (no subprocess)
[2025-12-08 23:24:20] INFO: Entered submenu: mainUI/Settings
[2025-12-08 23:24:22] INFO: Navigated back to: mainUI
[2025-12-08 23:24:34] INFO: Entered submenu: mainUI/Tools
[2025-12-08 23:24:36] INFO: Entered submenu: mainUI/Tools/Backup
[2025-12-08 23:24:37] INFO: Selected option: mainUI/Tools/Backup/one
[2025-12-08 23:24:40] INFO: Navigated back to: mainUI/Tools
[2025-12-08 23:24:40] INFO: Navigated back to: mainUI
[2025-12-08 23:24:41] INFO: Entered submenu: mainUI/Settings
[2025-12-08 23:24:41] INFO: Entered submenu: mainUI/Settings/Logging
[2025-12-08 23:24:42] INFO: Navigated back to: mainUI/Settings
[2025-12-08 23:24:42] INFO: Navigated back to: mainUI
[2025-12-08 23:24:43] INFO: Entered submenu: mainUI/TextInput
[2025-12-08 23:24:46] INFO: Input button 'NumberA' received: 3232
[2025-12-08 23:24:51] INFO: Input button 'UserName' received: 2
[2025-12-08 23:24:53] INFO: Navigated back to: mainUI
[2025-12-08 23:24:53] INFO: Entered submenu: mainUI/Settings
[2025-12-08 23:24:54] INFO: Entered submenu: mainUI/Settings/Logging
[2025-12-08 23:24:54] INFO: Entered submenu: mainUI/Settings/Logging/Debugging
[2025-12-08 23:24:57] INFO: Navigated back to: mainUI/Settings/Logging
[2025-12-08 23:24:57] INFO: Navigated back to: mainUI/Settings
[2025-12-08 23:24:58] INFO: Navigated back to: mainUI
[2025-12-08 23:25:36] INFO: User quit with Q key (handler-mapped)
[2025-12-08 23:33:02] INFO: Running in interactive mode (no subprocess)
[2025-12-08 23:34:32] INFO: Running in interactive mode (no subprocess)
[2025-12-08 23:37:47] INFO: Running in interactive mode (no subprocess)
[2025-12-08 23:39:38] INFO: Started input handler in TEST mode: C:\Users\cmand\OneDrive\Desktop\cmd\termUI\_debug\test_navigation_simple.txt (buffered 8 events)
[2025-12-08 23:39:38] INFO: Entered submenu: mainUI/TextInput
[2025-12-08 23:39:49] INFO: Input button 'NumberA' received: pp
[2025-12-08 23:39:49] INFO: Navigated back to: mainUI
[2025-12-08 23:39:49] INFO: User quit with Q key (handler-mapped)
[2025-12-08 23:39:55] INFO: Started input handler in TEST mode: C:\Users\cmand\OneDrive\Desktop\cmd\termUI\_debug\test_navigation_simple.txt (buffered 8 events)
[2025-12-08 23:39:55] INFO: Entered submenu: mainUI/TextInput
[2025-12-08 23:39:59] INFO: Input button 'NumberA' received: p
[2025-12-08 23:39:59] INFO: Navigated back to: mainUI
[2025-12-08 23:39:59] INFO: User quit with Q key (handler-mapped)
[2025-12-08 23:40:47] INFO: Started input handler in TEST mode: C:\Users\cmand\OneDrive\Desktop\cmd\termUI\_debug\test_text_input.txt (buffered 19 events)
[2025-12-08 23:40:47] INFO: Entered submenu: mainUI/Tools
[2025-12-08 23:40:47] INFO: Entered submenu: mainUI/Tools/Backup
[2025-12-08 23:40:47] INFO: Selected option: mainUI/Tools/Backup/one
[2025-12-08 23:40:47] INFO: Navigated back to: mainUI/Tools
[2025-12-08 23:40:48] INFO: Navigated back to: mainUI
[2025-12-08 23:40:48] INFO: User quit with Q key (handler-mapped)
[2025-12-08 23:41:07] INFO: Started input handler in TEST mode: C:\Users\cmand\OneDrive\Desktop\cmd\termUI\_debug\test_full_workflow.txt (buffered 13 events)
[2025-12-08 23:41:07] INFO: Entered submenu: mainUI/Settings
[2025-12-08 23:41:08] INFO: Entered submenu: mainUI/Settings/Logging
[2025-12-08 23:41:08] INFO: Entered submenu: mainUI/Settings/Logging/Debugging
[2025-12-08 23:41:08] INFO: Selected option: mainUI/Settings/Logging/Debugging/error
[2025-12-08 23:41:08] INFO: Navigated back to: mainUI/Settings/Logging
[2025-12-08 23:41:08] INFO: Navigated back to: mainUI/Settings
[2025-12-08 23:41:08] INFO: Navigated back to: mainUI
[2025-12-08 23:41:08] INFO: User quit with Q key (handler-mapped)
[2025-12-08 23:43:50] INFO: Started input handler in TEST mode: C:\Users\cmand\OneDrive\Desktop\cmd\termUI\_debug\test_navigation_simple.txt (buffered 8 events)
[2025-12-08 23:43:50] INFO: Entered submenu: mainUI/TextInput
[2025-12-08 23:43:50] INFO: Input button 'NumberA' received: 
[2025-12-08 23:43:50] INFO: Navigated back to: mainUI
[2025-12-08 23:43:50] INFO: User quit with Q key (handler-mapped)
[2025-12-08 23:43:57] INFO: Started input handler in TEST mode: C:\Users\cmand\OneDrive\Desktop\cmd\termUI\_debug\test_full_workflow.txt (buffered 13 events)
[2025-12-08 23:43:57] INFO: Entered submenu: mainUI/Settings
[2025-12-08 23:43:57] INFO: Entered submenu: mainUI/Settings/Logging
[2025-12-08 23:43:57] INFO: Entered submenu: mainUI/Settings/Logging/Debugging
[2025-12-08 23:43:57] INFO: Selected option: mainUI/Settings/Logging/Debugging/error
[2025-12-08 23:43:57] INFO: Navigated back to: mainUI/Settings/Logging
[2025-12-08 23:43:57] INFO: Navigated back to: mainUI/Settings
[2025-12-08 23:43:58] INFO: Navigated back to: mainUI
[2025-12-08 23:43:58] INFO: User quit with Q key (handler-mapped)
[2025-12-08 23:46:52] INFO: Started input handler in TEST mode: C:\Users\cmand\OneDrive\Desktop\cmd\termUI\_debug\test_navigation_simple.txt (buffered 8 events)
[2025-12-08 23:46:53] INFO: Entered submenu: mainUI/TextInput
[2025-12-08 23:46:53] INFO: Input button 'NumberA' received: 
[2025-12-08 23:46:53] INFO: Navigated back to: mainUI
[2025-12-08 23:46:53] INFO: User quit with Q key (handler-mapped)
[2025-12-08 23:47:14] INFO: Started input handler in TEST mode: C:\Users\cmand\OneDrive\Desktop\cmd\termUI\_debug\test_navigation_simple.txt (buffered 8 events)
[2025-12-08 23:47:14] INFO: Entered submenu: mainUI/TextInput
[2025-12-08 23:47:14] INFO: Input button 'NumberA' received: 
[2025-12-08 23:47:14] INFO: Navigated back to: mainUI
[2025-12-08 23:47:14] INFO: User quit with Q key (handler-mapped)
[2025-12-08 23:48:47] INFO: Running in interactive mode (no subprocess)
[2025-12-08 23:48:49] INFO: Entered submenu: mainUI/Tools
[2025-12-08 23:48:50] INFO: Entered submenu: mainUI/Tools/Backup
[2025-12-08 23:48:51] INFO: Selected option: mainUI/Tools/Backup/one
[2025-12-08 23:48:53] INFO: Navigated back to: mainUI/Tools
[2025-12-08 23:48:54] INFO: Navigated back to: mainUI
[2025-12-08 23:48:57] INFO: Entered submenu: mainUI/TextInput
[2025-12-08 23:49:01] INFO: Input button 'NumberA' received: 45435
[2025-12-08 23:50:13] INFO: User quit with Q key (handler-mapped)
[2025-12-09 00:06:16] INFO: Running in interactive mode (no subprocess)
[2025-12-09 00:06:25] INFO: User quit with Q key (handler-mapped)
[2025-12-09 00:06:53] INFO: Running in interactive mode (no subprocess)
[2025-12-09 00:06:58] INFO: User quit with Q key (handler-mapped)
[2025-12-09 00:07:46] INFO: Running in interactive mode (no subprocess)
[2025-12-09 00:08:00] INFO: User quit with Q key (handler-mapped)
[2025-12-09 21:23:53] INFO: Running in interactive mode (no subprocess)
[2025-12-09 21:24:35] INFO: Running in interactive mode (no subprocess)
[2025-12-09 21:24:41] INFO: Entered submenu: mainUI/SettingsCommand
[2025-12-09 21:24:42] INFO: Entered submenu: mainUI/SettingsCommand/Operation
[2025-12-09 21:24:44] INFO: User quit with Q key (handler-mapped)
[2025-12-09 21:24:48] INFO: Running in interactive mode (no subprocess)
[2025-12-09 21:24:51] INFO: Entered submenu: mainUI/Settings
[2025-12-09 21:24:52] INFO: Navigated back to: mainUI
[2025-12-09 21:24:56] INFO: Entered submenu: mainUI/SettingsCommand
[2025-12-09 21:24:59] INFO: Entered submenu: mainUI/SettingsCommand/ValueB
[2025-12-09 21:25:05] INFO: Selected option: mainUI/SettingsCommand/ValueB/8
[2025-12-09 21:25:09] INFO: Navigated back to: mainUI/SettingsCommand
[2025-12-09 21:25:12] INFO: Navigated back to: mainUI
[2025-12-09 21:25:15] INFO: Entered submenu: mainUI/TextInput
[2025-12-09 21:25:19] INFO: Input button 'CustomValue' received: 20
[2025-12-09 21:25:30] INFO: Input button 'NumberA' received: 
[2025-12-09 21:25:33] INFO: Input button 'NumberA' received: 40
[2025-12-09 21:25:36] INFO: Input button 'NumberB' received: 20
[2025-12-09 21:25:39] INFO: Input button 'CustomValue' received: 50
[2025-12-09 21:25:45] INFO: Input button 'CustomValue' received: 3
[2025-12-09 21:25:50] INFO: Input button 'UserName' received: john
[2025-12-09 21:25:51] INFO: Navigated back to: mainUI
[2025-12-09 21:25:53] INFO: Entered submenu: mainUI/Tools
[2025-12-09 21:25:54] INFO: Entered submenu: mainUI/Tools/Backup
[2025-12-09 21:25:55] INFO: Selected option: mainUI/Tools/Backup/one
[2025-12-09 21:25:55] INFO: Navigated back to: mainUI/Tools
[2025-12-09 21:25:56] INFO: Navigated back to: mainUI
[2025-12-09 21:28:03] INFO: Entered submenu: mainUI/Settings
[2025-12-09 21:28:04] INFO: Entered submenu: mainUI/Settings/Logging
[2025-12-09 21:28:06] INFO: Entered submenu: mainUI/Settings/Logging/Debugging
[2025-12-09 21:30:14] INFO: User quit with Q key (handler-mapped)
[2025-12-09 21:31:03] INFO: Running in interactive mode (no subprocess)
[2025-12-09 21:31:11] INFO: Running in interactive mode (no subprocess)
[2025-12-09 21:32:16] INFO: User quit with Q key (handler-mapped)
[2025-12-09 21:32:36] INFO: Running in interactive mode (no subprocess)
[2025-12-09 21:32:44] INFO: Entered submenu: mainUI/TextInput
[2025-12-09 21:32:53] INFO: Input button 'IPAddress' received: 30.3.2.34
[2025-12-09 21:32:59] INFO: Input button 'SearchQuery' received: helo
[2025-12-09 21:33:22] INFO: User quit with Q key (handler-mapped)
[2025-12-09 21:33:44] INFO: Running in interactive mode (no subprocess)
[2025-12-09 21:33:50] INFO: User quit with Q key (handler-mapped)
[2025-12-09 21:35:51] INFO: Running in interactive mode (no subprocess)
[2025-12-09 21:36:02] INFO: User quit with Q key (handler-mapped)
