[2025-12-09 22:27:53] INPUT_ACTION | Down
[2025-12-09 22:27:53] INPUT_ACTION | Down
[2025-12-09 22:27:53] INPUT_ACTION | Down
[2025-12-09 22:27:54] INPUT_ACTION | Down
[2025-12-09 22:29:33] INPUT_ACTION | Down
[2025-12-09 22:29:34] INPUT_ACTION | Down
[2025-12-09 22:29:34] INPUT_ACTION | Down
[2025-12-09 22:29:34] INPUT_ACTION | Up
[2025-12-09 22:29:34] INPUT_ACTION | Down
[2025-12-09 22:29:36] INPUT_ACTION | Up
[2025-12-09 22:29:36] INPUT_ACTION | Up
[2025-12-09 22:29:37] INPUT_ACTION | Q
[2025-12-09 22:35:05] INPUT_ACTION | Q
[2025-12-09 22:45:26] INPUT_ACTION | Enter
[2025-12-09 22:45:35] INPUT_ACTION | Q
[2025-12-09 23:01:52] INPUT_ACTION | Enter
[2025-12-09 23:24:34] INPUT_ACTION | Up
[2025-12-09 23:24:37] INPUT_ACTION | Q
[2025-12-09 23:24:41] INPUT_ACTION | Q
[2025-12-09 23:27:20] INPUT_ACTION | Down
[2025-12-09 23:27:20] INPUT_ACTION | Down
[2025-12-09 23:27:20] INPUT_ACTION | Down
[2025-12-09 23:27:20] INPUT_ACTION | Down
[2025-12-09 23:27:21] INPUT_ACTION | Down
[2025-12-09 23:27:21] INPUT_ACTION | Down
[2025-12-09 23:27:21] INPUT_ACTION | Down
[2025-12-09 23:27:22] INPUT_ACTION | Down
[2025-12-09 23:27:22] INPUT_ACTION | Down
[2025-12-09 23:27:22] INPUT_ACTION | Down
[2025-12-09 23:27:22] INPUT_ACTION | Down
[2025-12-09 23:27:22] INPUT_ACTION | Down
[2025-12-09 23:27:23] INPUT_ACTION | Q
[2025-12-09 23:27:30] INPUT_ACTION | Down
[2025-12-09 23:27:30] INPUT_ACTION | Down
[2025-12-09 23:27:32] INPUT_ACTION | Enter
[2025-12-09 23:27:39] INPUT_ACTION | Enter
[2025-12-09 23:27:42] INPUT_ACTION | Enter
[2025-12-09 23:27:45] INPUT_ACTION | Enter
[2025-12-09 23:27:45] INPUT_ACTION | Up
[2025-12-09 23:27:46] INPUT_ACTION | Up
[2025-12-09 23:27:46] INPUT_ACTION | Q
[2025-12-09 23:27:51] INPUT_ACTION | Q
[2025-12-09 23:28:10] INPUT_ACTION | Char
[2025-12-09 23:28:11] INPUT_ACTION | Enter
[2025-12-09 23:28:12] INPUT_ACTION | Char
[2025-12-09 23:28:12] INPUT_ACTION | Enter
[2025-12-09 23:28:14] INPUT_ACTION | Char
[2025-12-09 23:28:16] INPUT_ACTION | Char
[2025-12-09 23:28:20] INPUT_ACTION | Enter
[2025-12-09 23:28:21] INPUT_ACTION | Q
[2025-12-09 23:29:15] INPUT_ACTION | Down
[2025-12-09 23:29:15] INPUT_ACTION | Down
[2025-12-09 23:29:15] INPUT_ACTION | Down
[2025-12-09 23:29:15] INPUT_ACTION | Down
[2025-12-09 23:29:16] INPUT_ACTION | Down
[2025-12-09 23:29:16] INPUT_ACTION | Down
[2025-12-09 23:29:16] INPUT_ACTION | Down
[2025-12-09 23:29:16] INPUT_ACTION | Down
[2025-12-09 23:29:17] INPUT_ACTION | Down
[2025-12-09 23:29:18] INPUT_ACTION | Down
[2025-12-09 23:29:18] INPUT_ACTION | Down
[2025-12-09 23:29:18] INPUT_ACTION | Down
[2025-12-09 23:29:18] INPUT_ACTION | Down
[2025-12-09 23:29:18] INPUT_ACTION | Down
[2025-12-09 23:29:18] INPUT_ACTION | Down
[2025-12-09 23:29:19] INPUT_ACTION | Down
[2025-12-09 23:29:19] INPUT_ACTION | Down
[2025-12-09 23:29:19] INPUT_ACTION | Down
[2025-12-09 23:29:19] INPUT_ACTION | Down
[2025-12-09 23:29:20] INPUT_ACTION | Down
[2025-12-09 23:29:20] INPUT_ACTION | Down
[2025-12-09 23:29:21] INPUT_ACTION | Escape
[2025-12-09 23:29:22] INPUT_ACTION | Escape
[2025-12-09 23:29:26] INPUT_ACTION | Down
[2025-12-09 23:29:26] INPUT_ACTION | Down
[2025-12-09 23:29:26] INPUT_ACTION | Down
[2025-12-09 23:29:26] INPUT_ACTION | Down
[2025-12-09 23:29:27] INPUT_ACTION | Down
[2025-12-09 23:29:27] INPUT_ACTION | Down
[2025-12-09 23:29:27] INPUT_ACTION | Down
[2025-12-09 23:29:27] INPUT_ACTION | Down
[2025-12-09 23:29:28] INPUT_ACTION | Down
[2025-12-09 23:29:28] INPUT_ACTION | Down
[2025-12-09 23:29:28] INPUT_ACTION | Down
[2025-12-09 23:29:28] INPUT_ACTION | Down
[2025-12-09 23:29:29] INPUT_ACTION | Down
[2025-12-09 23:29:29] INPUT_ACTION | Down
[2025-12-09 23:29:29] INPUT_ACTION | Down
[2025-12-09 23:29:29] INPUT_ACTION | Down
[2025-12-09 23:29:30] INPUT_ACTION | Down
[2025-12-09 23:29:30] INPUT_ACTION | Down
[2025-12-09 23:29:30] INPUT_ACTION | Down
[2025-12-09 23:29:30] INPUT_ACTION | Down
[2025-12-09 23:29:30] INPUT_ACTION | Down
[2025-12-09 23:29:30] INPUT_ACTION | Down
[2025-12-09 23:29:30] INPUT_ACTION | Down
[2025-12-09 23:29:31] INPUT_ACTION | Down
[2025-12-09 23:29:31] INPUT_ACTION | Down
[2025-12-09 23:29:31] INPUT_ACTION | Down
[2025-12-09 23:29:31] INPUT_ACTION | Down
[2025-12-09 23:29:31] INPUT_ACTION | Down
[2025-12-09 23:29:31] INPUT_ACTION | Down
[2025-12-09 23:29:31] INPUT_ACTION | Down
[2025-12-09 23:29:31] INPUT_ACTION | Down
[2025-12-09 23:29:32] INPUT_ACTION | Down
[2025-12-09 23:29:32] INPUT_ACTION | Down
[2025-12-09 23:29:32] INPUT_ACTION | Down
[2025-12-09 23:29:32] INPUT_ACTION | Down
[2025-12-09 23:29:32] INPUT_ACTION | Down
[2025-12-09 23:29:32] INPUT_ACTION | Down
[2025-12-09 23:29:32] INPUT_ACTION | Down
[2025-12-09 23:29:32] INPUT_ACTION | Down
[2025-12-09 23:29:32] INPUT_ACTION | Down
[2025-12-09 23:29:33] INPUT_ACTION | Down
[2025-12-09 23:29:33] INPUT_ACTION | Down
[2025-12-09 23:29:33] INPUT_ACTION | Down
[2025-12-09 23:29:33] INPUT_ACTION | Down
[2025-12-09 23:29:33] INPUT_ACTION | Down
[2025-12-09 23:29:33] INPUT_ACTION | Down
[2025-12-09 23:29:33] INPUT_ACTION | Down
[2025-12-09 23:29:33] INPUT_ACTION | Down
[2025-12-09 23:29:33] INPUT_ACTION | Down
[2025-12-09 23:29:34] INPUT_ACTION | Down
[2025-12-09 23:29:34] INPUT_ACTION | Down
[2025-12-09 23:29:34] INPUT_ACTION | Down
[2025-12-09 23:29:34] INPUT_ACTION | Down
[2025-12-09 23:29:34] INPUT_ACTION | Down
[2025-12-09 23:29:34] INPUT_ACTION | Down
[2025-12-09 23:29:34] INPUT_ACTION | Down
[2025-12-09 23:29:34] INPUT_ACTION | Down
[2025-12-09 23:29:35] INPUT_ACTION | Down
[2025-12-09 23:29:35] INPUT_ACTION | Down
[2025-12-09 23:29:35] INPUT_ACTION | Down
[2025-12-09 23:29:35] INPUT_ACTION | Down
[2025-12-09 23:29:35] INPUT_ACTION | Down
[2025-12-09 23:29:35] INPUT_ACTION | Down
[2025-12-09 23:29:35] INPUT_ACTION | Down
[2025-12-09 23:29:35] INPUT_ACTION | Down
[2025-12-09 23:29:36] INPUT_ACTION | Down
[2025-12-09 23:29:36] INPUT_ACTION | Down
[2025-12-09 23:29:36] INPUT_ACTION | Down
[2025-12-09 23:29:36] INPUT_ACTION | Down
[2025-12-09 23:29:36] INPUT_ACTION | Down
[2025-12-09 23:29:36] INPUT_ACTION | Down
[2025-12-09 23:29:36] INPUT_ACTION | Down
[2025-12-09 23:29:36] INPUT_ACTION | Down
[2025-12-09 23:29:36] INPUT_ACTION | Down
[2025-12-09 23:29:36] INPUT_ACTION | Down
[2025-12-09 23:29:37] INPUT_ACTION | Down
[2025-12-09 23:29:37] INPUT_ACTION | Down
[2025-12-09 23:29:37] INPUT_ACTION | Down
[2025-12-09 23:29:37] INPUT_ACTION | Down
[2025-12-09 23:29:37] INPUT_ACTION | Down
[2025-12-09 23:29:37] INPUT_ACTION | Down
[2025-12-09 23:29:37] INPUT_ACTION | Down
[2025-12-09 23:29:37] INPUT_ACTION | Down
[2025-12-09 23:29:37] INPUT_ACTION | Down
[2025-12-09 23:29:38] INPUT_ACTION | Down
[2025-12-09 23:29:38] INPUT_ACTION | Down
[2025-12-09 23:29:38] INPUT_ACTION | Down
[2025-12-09 23:29:38] INPUT_ACTION | Down
[2025-12-09 23:29:38] INPUT_ACTION | Down
[2025-12-09 23:29:38] INPUT_ACTION | Down
[2025-12-09 23:29:38] INPUT_ACTION | Down
[2025-12-09 23:29:38] INPUT_ACTION | Down
[2025-12-09 23:29:39] INPUT_ACTION | Down
[2025-12-09 23:29:39] INPUT_ACTION | Escape
[2025-12-09 23:29:42] INPUT_ACTION | Down
[2025-12-09 23:29:42] INPUT_ACTION | Down
[2025-12-09 23:29:43] INPUT_ACTION | Down
[2025-12-09 23:29:44] INPUT_ACTION | Down
[2025-12-09 23:29:45] INPUT_ACTION | Down
[2025-12-09 23:29:45] INPUT_ACTION | Down
[2025-12-09 23:29:45] INPUT_ACTION | Down
[2025-12-09 23:29:45] INPUT_ACTION | Down
[2025-12-09 23:29:45] INPUT_ACTION | Down
[2025-12-09 23:29:45] INPUT_ACTION | Down
[2025-12-09 23:29:45] INPUT_ACTION | Down
[2025-12-09 23:29:45] INPUT_ACTION | Down
[2025-12-09 23:29:46] INPUT_ACTION | Down
[2025-12-09 23:29:46] INPUT_ACTION | Down
[2025-12-09 23:29:46] INPUT_ACTION | Down
[2025-12-09 23:29:46] INPUT_ACTION | Down
[2025-12-09 23:29:46] INPUT_ACTION | Down
[2025-12-09 23:29:46] INPUT_ACTION | Down
[2025-12-09 23:29:46] INPUT_ACTION | Down
[2025-12-09 23:29:46] INPUT_ACTION | Down
[2025-12-09 23:29:47] INPUT_ACTION | Down
[2025-12-09 23:29:47] INPUT_ACTION | Down
[2025-12-09 23:29:47] INPUT_ACTION | Down
[2025-12-09 23:29:47] INPUT_ACTION | Down
[2025-12-09 23:30:02] INPUT_ACTION | Q
[2025-12-09 23:30:29] INPUT_ACTION | Down
[2025-12-09 23:30:29] INPUT_ACTION | Down
[2025-12-09 23:30:29] INPUT_ACTION | Down
[2025-12-09 23:30:30] INPUT_ACTION | Down
[2025-12-09 23:30:30] INPUT_ACTION | Down
[2025-12-09 23:30:30] INPUT_ACTION | Down
[2025-12-09 23:30:30] INPUT_ACTION | Down
[2025-12-09 23:30:31] INPUT_ACTION | Down
[2025-12-09 23:30:31] INPUT_ACTION | Down
[2025-12-09 23:30:32] INPUT_ACTION | Q
[2025-12-09 23:58:36] INPUT_ACTION | Down
[2025-12-09 23:58:37] INPUT_ACTION | Down
[2025-12-09 23:58:37] INPUT_ACTION | Down
[2025-12-09 23:58:46] INPUT_ACTION | Down
[2025-12-09 23:58:46] INPUT_ACTION | Down
[2025-12-09 23:58:46] INPUT_ACTION | Down
[2025-12-09 23:58:46] INPUT_ACTION | Down
