[2025-12-08 20:55:23] INPUT #1 [handler] (+5.102s): {"key":"Down","char":null}
[2025-12-08 20:55:23] INPUT #2 [handler] (+0.534s): {"key":"Enter","char":"\r"}
[2025-12-08 20:55:25] INPUT #3 [handler] (+1.411s): {"key":"Enter","char":"\r"}
[2025-12-08 20:55:27] INPUT #4 [handler] (+1.834s): {"key":"Enter","char":"\r"}
[2025-12-08 20:55:27] INPUT #5 [handler] (+0.441s): {"key":"Down","char":null}
[2025-12-08 20:55:27] INPUT #6 [handler] (+0.459s): {"key":"Enter","char":"\r"}
[2025-12-08 20:55:28] INPUT #7 [handler] (+0.732s): {"key":"Escape","char":"\u001b"}
[2025-12-08 20:55:29] INPUT #8 [handler] (+0.519s): {"key":"Escape","char":"\u001b"}
[2025-12-08 20:55:29] INPUT #9 [handler] (+0.325s): {"key":"Up","char":null}
[2025-12-08 20:55:30] INPUT #10 [handler] (+0.765s): {"key":"Enter","char":"\r"}
[2025-12-08 20:55:31] INPUT #11 [handler] (+1.249s): {"key":"Escape","char":"\u001b"}
[2025-12-08 20:55:32] INPUT #12 [handler] (+0.525s): {"key":"Enter","char":"\r"}
[2025-12-08 20:55:33] INPUT #13 [handler] (+1.023s): {"key":"Down","char":null}
[2025-12-08 20:55:34] INPUT #14 [handler] (+0.954s): {"key":"Enter","char":"\r"}
[2025-12-08 20:55:35] INPUT #15 [handler] (+0.961s): {"key":"Up","char":null}
[2025-12-08 20:55:35] INPUT #16 [handler] (+0.392s): {"key":"Up","char":null}
[2025-12-08 20:55:35] INPUT #17 [handler] (+0.199s): {"key":"Up","char":null}
[2025-12-08 20:55:35] INPUT #18 [handler] (+0.201s): {"key":"Up","char":null}
[2025-12-08 20:55:36] INPUT #19 [handler] (+0.266s): {"key":"Up","char":null}
[2025-12-08 20:55:37] INPUT #20 [handler] (+1.349s): {"key":"Enter","char":"\r"}
[2025-12-08 20:55:37] INPUT #21 [handler] (+0.512s): {"key":"Escape","char":"\u001b"}
[2025-12-08 20:55:38] INPUT #22 [handler] (+0.299s): {"key":"Down","char":null}
[2025-12-08 20:55:38] INPUT #23 [handler] (+0.455s): {"key":"Enter","char":"\r"}
[2025-12-08 20:55:39] INPUT #24 [handler] (+1.067s): {"key":"Escape","char":"\u001b"}
[2025-12-08 20:55:40] INPUT #25 [handler] (+0.323s): {"key":"Down","char":null}
[2025-12-08 20:55:40] INPUT #26 [handler] (+0.216s): {"key":"Down","char":null}
[2025-12-08 20:55:40] INPUT #27 [handler] (+0.333s): {"key":"Enter","char":"\r"}
[2025-12-08 20:55:41] INPUT #28 [handler] (+0.461s): {"key":"Up","char":null}
[2025-12-08 20:55:42] INPUT #29 [handler] (+0.897s): {"key":"Enter","char":"\r"}
[2025-12-08 20:55:43] INPUT #30 [handler] (+1.796s): {"key":"Escape","char":"\u001b"}
[2025-12-08 20:55:45] INPUT #31 [handler] (+1.437s): {"key":"Enter","char":"\r"}
[2025-12-08 20:55:46] INPUT #32 [handler] (+0.865s): {"key":"Up","char":null}
[2025-12-08 20:55:46] INPUT #33 [handler] (+0.387s): {"key":"Up","char":null}
[2025-12-08 20:55:47] INPUT #34 [handler] (+1.234s): {"key":"Enter","char":"\r"}
[2025-12-08 20:55:48] INPUT #35 [handler] (+0.398s): {"key":"Escape","char":"\u001b"}
[2025-12-08 20:55:48] INPUT #36 [handler] (+0.337s): {"key":"Up","char":null}
[2025-12-08 20:55:50] INPUT #37 [handler] (+2.520s) [DELAY: 2.52s - MANUAL INPUT SUSPECTED]: {"key":"Enter","char":"\r"}
[2025-12-08 20:55:51] INPUT #38 [handler] (+0.944s): {"key":"Escape","char":"\u001b"}
[2025-12-08 20:55:52] INPUT #39 [handler] (+0.528s): {"key":"Down","char":null}
[2025-12-08 20:55:52] INPUT #40 [handler] (+0.522s): {"key":"Enter","char":"\r"}
[2025-12-08 20:55:53] INPUT #41 [handler] (+0.579s): {"key":"Enter","char":"\r"}
[2025-12-08 20:55:55] INPUT #42 [handler] (+1.631s): {"key":"Enter","char":"\r"}
[2025-12-08 20:55:55] INPUT #43 [handler] (+0.454s): {"key":"Down","char":null}
[2025-12-08 20:55:56] INPUT #44 [handler] (+0.452s): {"key":"Enter","char":"\r"}
[2025-12-08 20:55:56] INPUT #45 [handler] (+0.632s): {"key":"Down","char":null}
[2025-12-08 20:55:57] INPUT #46 [handler] (+0.322s): {"key":"Escape","char":"\u001b"}
[2025-12-08 20:55:57] INPUT #47 [handler] (+0.592s): {"key":"Escape","char":"\u001b"}
[2025-12-08 20:55:58] INPUT #48 [handler] (+0.826s): {"key":"Enter","char":"\r"}
[2025-12-08 20:55:59] INPUT #49 [handler] (+0.708s): {"key":"Up","char":null}
[2025-12-08 20:56:00] INPUT #50 [handler] (+1.099s): {"key":"Up","char":null}
[2025-12-08 20:56:00] INPUT #51 [handler] (+0.323s): {"key":"Up","char":null}
[2025-12-08 20:56:00] INPUT #52 [handler] (+0.274s): {"key":"Up","char":null}
[2025-12-08 20:56:01] INPUT #53 [handler] (+0.449s): {"key":"Up","char":null}
[2025-12-08 20:56:02] INPUT #54 [handler] (+0.961s): {"key":"Down","char":null}
[2025-12-08 20:56:04] INPUT #55 [handler] (+1.759s): {"key":"Up","char":null}
[2025-12-08 20:56:04] INPUT #56 [handler] (+0.652s): {"key":"Up","char":null}
[2025-12-08 20:56:05] INPUT #57 [handler] (+0.401s): {"key":"Up","char":null}
[2025-12-08 20:56:05] INPUT #58 [handler] (+0.643s): {"key":"Up","char":null}
[2025-12-08 20:56:06] INPUT #59 [handler] (+0.394s): {"key":"Enter","char":"\r"}
[2025-12-08 20:56:07] INPUT #60 [handler] (+1.062s): {"key":"Up","char":null}
[2025-12-08 20:56:08] INPUT #61 [handler] (+1.119s): {"key":"Enter","char":"\r"}
[2025-12-08 20:56:08] INPUT #62 [handler] (+0.402s): {"key":"Up","char":null}
[2025-12-08 20:56:08] INPUT #63 [handler] (+0.263s): {"key":"Escape","char":"\u001b"}
[2025-12-08 20:56:09] INPUT #64 [handler] (+0.385s): {"key":"Up","char":null}
[2025-12-08 20:56:10] INPUT #65 [handler] (+1.444s): {"key":"Enter","char":"\r"}
[2025-12-08 20:56:11] INPUT #66 [handler] (+1.086s): {"key":"Enter","char":"\r"}
[2025-12-08 20:56:12] INPUT #67 [handler] (+0.629s): {"key":"Down","char":null}
[2025-12-08 20:56:13] INPUT #68 [handler] (+0.654s): {"key":"Enter","char":"\r"}
[2025-12-08 20:56:13] INPUT #69 [handler] (+0.469s): {"key":"Up","char":null}
[2025-12-08 20:56:13] INPUT #70 [handler] (+0.278s): {"key":"Up","char":null}
[2025-12-08 20:56:15] INPUT #71 [handler] (+1.506s): {"key":"Enter","char":"\r"}
[2025-12-08 20:56:15] INPUT #72 [handler] (+0.383s): {"key":"Up","char":null}
[2025-12-08 20:56:16] INPUT #73 [handler] (+0.517s): {"key":"Enter","char":"\r"}
[2025-12-08 20:56:16] INPUT #74 [handler] (+0.333s): {"key":"Escape","char":"\u001b"}
[2025-12-08 20:56:17] INPUT #75 [handler] (+0.340s): {"key":"Up","char":null}
[2025-12-08 20:56:18] INPUT #76 [handler] (+1.153s): {"key":"Enter","char":"\r"}
[2025-12-08 20:56:18] INPUT #77 [handler] (+0.506s): {"key":"Down","char":null}
[2025-12-08 20:56:18] INPUT #78 [handler] (+0.327s): {"key":"Enter","char":"\r"}
[2025-12-08 20:56:19] INPUT #79 [handler] (+0.395s): {"key":"Up","char":null}
[2025-12-08 20:56:19] INPUT #80 [handler] (+0.463s): {"key":"Escape","char":"\u001b"}
[2025-12-08 20:56:20] INPUT #81 [handler] (+0.501s): {"key":"Down","char":null}
[2025-12-08 20:56:20] INPUT #82 [handler] (+0.392s): {"key":"Enter","char":"\r"}
[2025-12-08 20:56:21] INPUT #83 [handler] (+0.578s): {"key":"Up","char":null}
[2025-12-08 20:56:21] INPUT #84 [handler] (+0.589s): {"key":"Enter","char":"\r"}
[2025-12-08 20:56:22] INPUT #85 [handler] (+0.533s): {"key":"Escape","char":"\u001b"}
[2025-12-08 20:56:22] INPUT #86 [handler] (+0.387s): {"key":"Up","char":null}
[2025-12-08 20:56:25] INPUT #87 [handler] (+3.105s) [DELAY: 3.10s - MANUAL INPUT SUSPECTED]: {"key":"Enter","char":"\r"}
[2025-12-08 20:56:26] INPUT #88 [handler] (+0.479s): {"key":"Up","char":null}
[2025-12-08 20:56:26] INPUT #89 [handler] (+0.261s): {"key":"Escape","char":"\u001b"}
[2025-12-08 20:56:27] INPUT #90 [handler] (+0.812s): {"key":"Down","char":null}
[2025-12-08 20:56:30] INPUT #91 [handler] (+2.538s) [DELAY: 2.54s - MANUAL INPUT SUSPECTED]: {"key":"Char","char":"1"}
[2025-12-08 20:56:30] INPUT #92 [handler] (+0.442s): {"key":"Enter","char":"\r"}
[2025-12-08 20:56:32] INPUT #93 [handler] (+1.716s): {"key":"Char","char":"3"}
[2025-12-08 20:56:33] INPUT #94 [handler] (+1.420s): {"key":"Enter","char":"\r"}
[2025-12-08 20:56:34] INPUT #95 [handler] (+0.650s): {"key":"Char","char":"3"}
[2025-12-08 20:56:34] INPUT #96 [handler] (+0.203s): {"key":"Char","char":"4"}
[2025-12-08 20:56:35] INPUT #97 [handler] (+0.826s): {"key":"Char","char":"3"}
[2025-12-08 20:56:36] INPUT #98 [handler] (+1.278s): {"key":"Enter","char":"\r"}
[2025-12-08 20:56:39] INPUT #99 [handler] (+2.623s) [DELAY: 2.62s - MANUAL INPUT SUSPECTED]: {"key":"Char","char":"4"}
[2025-12-08 20:56:39] INPUT #100 [handler] (+0.198s): {"key":"Char","char":"3"}
[2025-12-08 20:56:39] INPUT #101 [handler] (+0.150s): {"key":"Char","char":"2"}
[2025-12-08 20:56:40] INPUT #102 [handler] (+0.534s): {"key":"Enter","char":"\r"}
[2025-12-08 20:56:42] INPUT #103 [handler] (+1.969s): {"key":"Char","char":"6"}
[2025-12-08 20:56:43] INPUT #104 [handler] (+1.378s): {"key":"Enter","char":"\r"}
[2025-12-08 20:56:48] INPUT #105 [handler] (+4.970s) [DELAY: 4.97s - MANUAL INPUT SUSPECTED]: {"key":"Escape","char":"\u001b"}
[2025-12-08 20:56:50] INPUT #106 [handler] (+2.183s) [DELAY: 2.18s - MANUAL INPUT SUSPECTED]: {"key":"Up","char":null}
[2025-12-08 20:56:50] INPUT #107 [handler] (+0.252s): {"key":"Down","char":null}
[2025-12-08 20:56:51] INPUT #108 [handler] (+0.252s): {"key":"Up","char":null}
[2025-12-08 20:56:51] INPUT #109 [handler] (+0.145s): {"key":"Down","char":null}
[2025-12-08 20:56:51] INPUT #110 [handler] (+0.133s): {"key":"Up","char":null}
[2025-12-08 20:56:51] INPUT #111 [handler] (+0.196s): {"key":"Down","char":null}
[2025-12-08 20:56:51] INPUT #112 [handler] (+0.138s): {"key":"Up","char":null}
[2025-12-08 20:56:51] INPUT #113 [handler] (+0.133s): {"key":"Down","char":null}
[2025-12-08 20:56:51] INPUT #114 [handler] (+0.150s): {"key":"Up","char":null}
[2025-12-08 20:56:52] INPUT #115 [handler] (+0.134s): {"key":"Down","char":null}
[2025-12-08 20:56:52] INPUT #116 [handler] (+0.086s): {"key":"Up","char":null}
[2025-12-08 20:56:52] INPUT #117 [handler] (+0.149s): {"key":"Down","char":null}
[2025-12-08 20:56:52] INPUT #118 [handler] (+0.132s): {"key":"Up","char":null}
[2025-12-08 20:56:52] INPUT #119 [handler] (+0.134s): {"key":"Down","char":null}
[2025-12-08 20:56:52] INPUT #120 [handler] (+0.134s): {"key":"Up","char":null}
[2025-12-08 20:56:52] INPUT #121 [handler] (+0.151s): {"key":"Down","char":null}
[2025-12-08 20:56:53] INPUT #122 [handler] (+0.130s): {"key":"Up","char":null}
[2025-12-08 20:56:53] INPUT #123 [handler] (+0.139s): {"key":"Down","char":null}
[2025-12-08 20:56:53] INPUT #124 [handler] (+0.078s): {"key":"Up","char":null}
[2025-12-08 20:56:53] INPUT #125 [handler] (+0.139s): {"key":"Down","char":null}
[2025-12-08 20:56:53] INPUT #126 [handler] (+0.140s): {"key":"Up","char":null}
[2025-12-08 20:56:53] INPUT #127 [handler] (+0.140s): {"key":"Down","char":null}
[2025-12-08 20:56:53] INPUT #128 [handler] (+0.078s): {"key":"Up","char":null}
[2025-12-08 20:56:53] INPUT #129 [handler] (+0.140s): {"key":"Down","char":null}
[2025-12-08 20:56:54] INPUT #130 [handler] (+0.140s): {"key":"Up","char":null}
[2025-12-08 20:56:54] INPUT #131 [handler] (+0.077s): {"key":"Down","char":null}
[2025-12-08 20:56:54] INPUT #132 [handler] (+0.138s): {"key":"Up","char":null}
[2025-12-08 20:56:54] INPUT #133 [handler] (+0.078s): {"key":"Down","char":null}
[2025-12-08 20:56:54] INPUT #134 [handler] (+0.141s): {"key":"Up","char":null}
[2025-12-08 20:56:54] INPUT #135 [handler] (+0.138s): {"key":"Down","char":null}
[2025-12-08 20:56:54] INPUT #136 [handler] (+0.139s): {"key":"Up","char":null}
[2025-12-08 20:56:54] INPUT #137 [handler] (+0.138s): {"key":"Down","char":null}
[2025-12-08 20:56:54] INPUT #138 [handler] (+0.135s): {"key":"Up","char":null}
[2025-12-08 20:56:55] INPUT #139 [handler] (+0.076s): {"key":"Down","char":null}
[2025-12-08 20:56:55] INPUT #140 [handler] (+0.132s): {"key":"Up","char":null}
[2025-12-08 20:56:55] INPUT #141 [handler] (+0.133s): {"key":"Down","char":null}
[2025-12-08 20:56:55] INPUT #142 [handler] (+0.133s): {"key":"Up","char":null}
[2025-12-08 20:56:55] INPUT #143 [handler] (+0.133s): {"key":"Down","char":null}
[2025-12-08 20:56:55] INPUT #144 [handler] (+0.086s): {"key":"Up","char":null}
[2025-12-08 20:56:55] INPUT #145 [handler] (+0.131s): {"key":"Down","char":null}
[2025-12-08 20:56:55] INPUT #146 [handler] (+0.149s): {"key":"Up","char":null}
[2025-12-08 20:56:56] INPUT #147 [handler] (+0.133s): {"key":"Down","char":null}
[2025-12-08 20:56:56] INPUT #148 [handler] (+0.134s): {"key":"Up","char":null}
[2025-12-08 20:56:56] INPUT #149 [handler] (+0.148s): {"key":"Down","char":null}
[2025-12-08 20:56:56] INPUT #150 [handler] (+0.071s): {"key":"Up","char":null}
[2025-12-08 20:56:56] INPUT #151 [handler] (+0.195s): {"key":"Down","char":null}
[2025-12-08 20:56:56] INPUT #152 [handler] (+0.137s): {"key":"Up","char":null}
[2025-12-08 20:56:56] INPUT #153 [handler] (+0.150s): {"key":"Down","char":null}
[2025-12-08 20:56:57] INPUT #154 [handler] (+0.146s): {"key":"Up","char":null}
[2025-12-08 20:56:57] INPUT #155 [handler] (+0.263s): {"key":"Down","char":null}
[2025-12-08 20:56:57] INPUT #156 [handler] (+0.264s): {"key":"Up","char":null}
[2025-12-08 20:56:57] INPUT #157 [handler] (+0.141s): {"key":"Down","char":null}
[2025-12-08 20:56:57] INPUT #158 [handler] (+0.139s): {"key":"Up","char":null}
[2025-12-08 20:56:58] INPUT #159 [handler] (+0.203s): {"key":"Down","char":null}
[2025-12-08 20:56:58] INPUT #160 [handler] (+0.078s): {"key":"Up","char":null}
[2025-12-08 20:56:58] INPUT #161 [handler] (+0.140s): {"key":"Down","char":null}
[2025-12-08 20:56:58] INPUT #162 [handler] (+0.140s): {"key":"Up","char":null}
[2025-12-08 20:56:58] INPUT #163 [handler] (+0.138s): {"key":"Down","char":null}
[2025-12-08 20:56:58] INPUT #164 [handler] (+0.142s): {"key":"Up","char":null}
[2025-12-08 20:56:58] INPUT #165 [handler] (+0.141s): {"key":"Down","char":null}
[2025-12-08 20:56:59] INPUT #166 [handler] (+0.139s): {"key":"Up","char":null}
[2025-12-08 20:56:59] INPUT #167 [handler] (+0.256s): {"key":"Up","char":null}
[2025-12-08 20:56:59] INPUT #168 [handler] (+0.137s): {"key":"Down","char":null}
[2025-12-08 20:56:59] INPUT #169 [handler] (+0.132s): {"key":"Up","char":null}
[2025-12-08 20:56:59] INPUT #170 [handler] (+0.186s): {"key":"Down","char":null}
[2025-12-08 20:56:59] INPUT #171 [handler] (+0.149s): {"key":"Up","char":null}
[2025-12-08 20:57:00] INPUT #172 [handler] (+0.147s): {"key":"Down","char":null}
[2025-12-08 20:57:00] INPUT #173 [handler] (+0.135s): {"key":"Up","char":null}
[2025-12-08 20:57:00] INPUT #174 [handler] (+0.151s): {"key":"Down","char":null}
[2025-12-08 20:57:00] INPUT #175 [handler] (+0.133s): {"key":"Up","char":null}
[2025-12-08 20:57:00] INPUT #176 [handler] (+0.214s): {"key":"Up","char":null}
[2025-12-08 20:57:00] INPUT #177 [handler] (+0.267s): {"key":"Up","char":null}
[2025-12-08 20:57:01] INPUT #178 [handler] (+0.266s): {"key":"Down","char":null}
[2025-12-08 20:57:02] INPUT #179 [handler] (+1.188s): {"key":"Enter","char":"\r"}
[2025-12-08 20:57:04] INPUT #180 [handler] (+2.001s) [DELAY: 2.00s - MANUAL INPUT SUSPECTED]: {"key":"Up","char":null}
[2025-12-08 20:57:05] INPUT #181 [handler] (+0.640s): {"key":"Down","char":null}
[2025-12-08 20:57:05] INPUT #182 [handler] (+0.845s): {"key":"Down","char":null}
[2025-12-08 20:57:06] INPUT #183 [handler] (+0.330s): {"key":"Down","char":null}
[2025-12-08 20:57:07] INPUT #184 [handler] (+0.953s): {"key":"Enter","char":"\r"}
[2025-12-08 20:57:07] INPUT #185 [handler] (+0.532s): {"key":"Up","char":null}
[2025-12-08 20:57:08] INPUT #186 [handler] (+0.339s): {"key":"Up","char":null}
[2025-12-08 20:57:08] INPUT #187 [handler] (+0.259s): {"key":"Up","char":null}
[2025-12-08 20:57:08] INPUT #188 [handler] (+0.086s): {"key":"Escape","char":"\u001b"}
[2025-12-08 20:57:09] INPUT #189 [handler] (+0.719s): {"key":"Escape","char":"\u001b"}
[2025-12-08 20:57:09] INPUT #190 [handler] (+0.456s): {"key":"Up","char":null}
[2025-12-08 20:57:10] INPUT #191 [handler] (+1.357s): {"key":"Down","char":null}
[2025-12-08 20:57:11] INPUT #192 [handler] (+0.254s): {"key":"Enter","char":"\r"}
[2025-12-08 20:57:12] INPUT #193 [handler] (+1.116s): {"key":"Up","char":null}
[2025-12-08 20:57:15] INPUT #194 [handler] (+3.234s) [DELAY: 3.23s - MANUAL INPUT SUSPECTED]: {"key":"Enter","char":"\r"}
[2025-12-08 20:57:17] INPUT #195 [handler] (+1.524s): {"key":"Q","char":"q"}
[2025-12-08 21:06:14] INPUT #1 [handler] (+1.930s): {"key":"Up","char":null}
[2025-12-08 21:06:15] INPUT #2 [handler] (+0.200s): {"key":"Up","char":null}
[2025-12-08 21:06:15] INPUT #3 [handler] (+0.264s): {"key":"Up","char":null}
[2025-12-08 21:06:15] INPUT #4 [handler] (+0.201s): {"key":"Up","char":null}
[2025-12-08 21:06:16] INPUT #5 [handler] (+0.521s): {"key":"Enter","char":"\r"}
[2025-12-08 21:06:17] INPUT #6 [handler] (+1.816s): {"key":"Enter","char":"\r"}
[2025-12-08 21:06:18] INPUT #7 [handler] (+0.832s): {"key":"Escape","char":"\u001b"}
[2025-12-08 21:06:19] INPUT #8 [handler] (+1.065s): {"key":"Up","char":null}
[2025-12-08 21:06:20] INPUT #9 [handler] (+0.142s): {"key":"Enter","char":"\r"}
[2025-12-08 21:06:20] INPUT #10 [handler] (+0.696s): {"key":"Enter","char":"\r"}
[2025-12-08 21:06:21] INPUT #11 [handler] (+0.972s): {"key":"Enter","char":"\r"}
[2025-12-08 21:06:24] INPUT #12 [handler] (+2.639s) [DELAY: 2.64s - MANUAL INPUT SUSPECTED]: {"key":"Escape","char":"\u001b"}
[2025-12-08 21:06:24] INPUT #13 [handler] (+0.262s): {"key":"Escape","char":"\u001b"}
[2025-12-08 21:06:28] INPUT #14 [handler] (+3.824s) [DELAY: 3.82s - MANUAL INPUT SUSPECTED]: {"key":"Q","char":"q"}
[2025-12-08 21:11:24] INPUT #1 [handler] (+1.520s): {"key":"Enter","char":"\r"}
[2025-12-08 21:11:25] INPUT #2 [handler] (+0.779s): {"key":"Down","char":null}
[2025-12-08 21:11:25] INPUT #3 [handler] (+0.578s): {"key":"Up","char":null}
[2025-12-08 21:11:26] INPUT #4 [handler] (+0.278s): {"key":"Up","char":null}
[2025-12-08 21:11:27] INPUT #5 [handler] (+1.618s): {"key":"Up","char":null}
[2025-12-08 21:11:28] INPUT #6 [handler] (+0.222s): {"key":"Up","char":null}
[2025-12-08 21:11:28] INPUT #7 [handler] (+0.199s): {"key":"Up","char":null}
[2025-12-08 21:11:28] INPUT #8 [handler] (+0.202s): {"key":"Up","char":null}
[2025-12-08 21:11:29] INPUT #9 [handler] (+0.895s): {"key":"Up","char":null}
[2025-12-08 21:11:29] INPUT #10 [handler] (+0.269s): {"key":"Up","char":null}
[2025-12-08 21:11:29] INPUT #11 [handler] (+0.272s): {"key":"Up","char":null}
[2025-12-08 21:11:30] INPUT #12 [handler] (+0.751s): {"key":"Down","char":null}
[2025-12-08 21:11:30] INPUT #13 [handler] (+0.216s): {"key":"Enter","char":"\r"}
[2025-12-08 21:11:31] INPUT #14 [handler] (+0.723s): {"key":"Up","char":null}
[2025-12-08 21:11:31] INPUT #15 [handler] (+0.281s): {"key":"Up","char":null}
[2025-12-08 21:11:32] INPUT #16 [handler] (+0.528s): {"key":"Up","char":null}
[2025-12-08 21:11:32] INPUT #17 [handler] (+0.279s): {"key":"Up","char":null}
[2025-12-08 21:11:32] INPUT #18 [handler] (+0.218s): {"key":"Up","char":null}
[2025-12-08 21:11:33] INPUT #19 [handler] (+0.268s): {"key":"Up","char":null}
[2025-12-08 21:11:33] INPUT #20 [handler] (+0.251s): {"key":"Up","char":null}
[2025-12-08 21:11:33] INPUT #21 [handler] (+0.251s): {"key":"Up","char":null}
[2025-12-08 21:11:34] INPUT #22 [handler] (+0.318s): {"key":"Up","char":null}
[2025-12-08 21:11:35] INPUT #23 [handler] (+1.513s): {"key":"Enter","char":"\r"}
[2025-12-08 21:11:36] INPUT #24 [handler] (+0.765s): {"key":"Up","char":null}
[2025-12-08 21:11:36] INPUT #25 [handler] (+0.385s): {"key":"Char","char":"1"}
[2025-12-08 21:11:37] INPUT #26 [handler] (+0.745s): {"key":"Char","char":"1"}
[2025-12-08 21:11:48] INPUT #27 [handler] (+11.132s) [DELAY: 11.13s - MANUAL INPUT SUSPECTED]: {"key":"Enter","char":"\r"}
[2025-12-08 21:11:51] INPUT #28 [handler] (+2.738s) [DELAY: 2.74s - MANUAL INPUT SUSPECTED]: {"key":"Escape","char":"\u001b"}
[2025-12-08 21:11:53] INPUT #29 [handler] (+2.282s) [DELAY: 2.28s - MANUAL INPUT SUSPECTED]: {"key":"Enter","char":"\r"}
[2025-12-08 21:11:55] INPUT #30 [handler] (+1.957s): {"key":"Down","char":null}
[2025-12-08 21:11:55] INPUT #31 [handler] (+0.311s): {"key":"Down","char":null}
[2025-12-08 21:11:56] INPUT #32 [handler] (+0.251s): {"key":"Down","char":null}
[2025-12-08 21:11:56] INPUT #33 [handler] (+0.253s): {"key":"Down","char":null}
[2025-12-08 21:11:57] INPUT #34 [handler] (+1.125s): {"key":"Enter","char":"\r"}
[2025-12-08 21:11:57] INPUT #35 [handler] (+0.330s): {"key":"Escape","char":"\u001b"}
[2025-12-08 21:11:58] INPUT #36 [handler] (+0.633s): {"key":"Down","char":null}
[2025-12-08 21:11:58] INPUT #37 [handler] (+0.220s): {"key":"Down","char":null}
[2025-12-08 21:11:58] INPUT #38 [handler] (+0.141s): {"key":"Enter","char":"\r"}
[2025-12-08 21:11:59] INPUT #39 [handler] (+0.592s): {"key":"Down","char":null}
[2025-12-08 21:11:59] INPUT #40 [handler] (+0.468s): {"key":"Up","char":null}
[2025-12-08 21:12:00] INPUT #41 [handler] (+0.280s): {"key":"Up","char":null}
[2025-12-08 21:12:01] INPUT #42 [handler] (+1.203s): {"key":"Enter","char":"\r"}
[2025-12-08 21:12:01] INPUT #43 [handler] (+0.323s): {"key":"Escape","char":"\u001b"}
[2025-12-08 21:12:02] INPUT #44 [handler] (+0.775s): {"key":"Down","char":null}
[2025-12-08 21:12:02] INPUT #45 [handler] (+0.211s): {"key":"Down","char":null}
[2025-12-08 21:12:03] INPUT #46 [handler] (+0.878s): {"key":"Down","char":null}
[2025-12-08 21:12:05] INPUT #47 [handler] (+1.853s): {"key":"Enter","char":"\r"}
[2025-12-08 21:12:05] INPUT #48 [handler] (+0.282s): {"key":"Escape","char":"\u001b"}
[2025-12-08 21:12:12] INPUT #49 [handler] (+6.556s) [DELAY: 6.56s - MANUAL INPUT SUSPECTED]: {"key":"Q","char":"q"}
[2025-12-08 21:17:20] INPUT #1 [handler] (+1.267s): {"key":"Enter","char":"\r"}
[2025-12-08 21:17:21] INPUT #2 [handler] (+0.982s): {"key":"Enter","char":"\r"}
[2025-12-08 21:17:21] INPUT #3 [handler] (+0.397s): {"key":"Down","char":null}
[2025-12-08 21:17:22] INPUT #4 [handler] (+0.458s): {"key":"Up","char":null}
[2025-12-08 21:17:23] INPUT #5 [handler] (+0.828s): {"key":"Enter","char":"\r"}
[2025-12-08 21:17:23] INPUT #6 [handler] (+0.455s): {"key":"Down","char":null}
[2025-12-08 21:17:24] INPUT #7 [handler] (+0.809s): {"key":"Enter","char":"\r"}
[2025-12-08 21:17:24] INPUT #8 [handler] (+0.451s): {"key":"Down","char":null}
[2025-12-08 21:17:26] INPUT #9 [handler] (+1.657s): {"key":"Escape","char":"\u001b"}
[2025-12-08 21:17:26] INPUT #10 [handler] (+0.262s): {"key":"Down","char":null}
[2025-12-08 21:17:27] INPUT #11 [handler] (+0.325s): {"key":"Enter","char":"\r"}
[2025-12-08 21:17:27] INPUT #12 [handler] (+0.591s): {"key":"Up","char":null}
[2025-12-08 21:17:27] INPUT #13 [handler] (+0.029s): {"key":"Down","char":null}
[2025-12-08 21:17:28] INPUT #14 [handler] (+0.391s): {"key":"Up","char":null}
[2025-12-08 21:17:28] INPUT #15 [handler] (+0.646s): {"key":"Enter","char":"\r"}
[2025-12-08 21:17:29] INPUT #16 [handler] (+0.329s): {"key":"Escape","char":"\u001b"}
[2025-12-08 21:17:29] INPUT #17 [handler] (+0.374s): {"key":"Down","char":null}
[2025-12-08 21:17:29] INPUT #18 [handler] (+0.400s): {"key":"Down","char":null}
[2025-12-08 21:17:30] INPUT #19 [handler] (+0.201s): {"key":"Enter","char":"\r"}
[2025-12-08 21:17:30] INPUT #20 [handler] (+0.380s): {"key":"Up","char":null}
[2025-12-08 21:17:30] INPUT #21 [handler] (+0.252s): {"key":"Up","char":null}
[2025-12-08 21:17:30] INPUT #22 [handler] (+0.201s): {"key":"Up","char":null}
[2025-12-08 21:17:31] INPUT #23 [handler] (+0.200s): {"key":"Up","char":null}
[2025-12-08 21:17:31] INPUT #24 [handler] (+0.434s): {"key":"Enter","char":"\r"}
[2025-12-08 21:17:31] INPUT #25 [handler] (+0.395s): {"key":"Down","char":null}
[2025-12-08 21:17:32] INPUT #26 [handler] (+0.284s): {"key":"Escape","char":"\u001b"}
[2025-12-08 21:17:32] INPUT #27 [handler] (+0.317s): {"key":"Down","char":null}
[2025-12-08 21:17:32] INPUT #28 [handler] (+0.265s): {"key":"Down","char":null}
[2025-12-08 21:17:33] INPUT #29 [handler] (+0.254s): {"key":"Down","char":null}
[2025-12-08 21:17:34] INPUT #30 [handler] (+1.497s): {"key":"Enter","char":"\r"}
[2025-12-08 21:17:34] INPUT #31 [handler] (+0.367s): {"key":"Up","char":null}
[2025-12-08 21:17:35] INPUT #32 [handler] (+0.271s): {"key":"Escape","char":"\u001b"}
[2025-12-08 21:17:36] INPUT #33 [handler] (+1.484s): {"key":"Q","char":"q"}
[2025-12-08 21:29:27] INPUT #1 [handler] (+3.442s): {"key":"Down","char":null}
[2025-12-08 21:29:27] INPUT #2 [handler] (+0.217s): {"key":"Down","char":null}
[2025-12-08 21:29:27] INPUT #3 [handler] (+0.275s): {"key":"Down","char":null}
[2025-12-08 22:43:06] INPUT #1 [handler] (+1.012s): {"key":"Down","char":null}
[2025-12-08 22:43:06] INPUT #2 [handler] (+0.270s): {"key":"Down","char":null}
[2025-12-08 22:43:07] INPUT #3 [handler] (+0.171s): {"key":"Down","char":null}
[2025-12-08 22:43:07] INPUT #4 [handler] (+0.367s): {"key":"Down","char":null}
[2025-12-08 22:43:07] INPUT #5 [handler] (+0.384s): {"key":"Down","char":null}
[2025-12-08 22:43:07] INPUT #6 [handler] (+0.067s): {"key":"Up","char":null}
[2025-12-08 22:43:08] INPUT #7 [handler] (+0.531s): {"key":"Up","char":null}
[2025-12-08 22:43:08] INPUT #8 [handler] (+0.221s): {"key":"Enter","char":"\r"}
[2025-12-08 22:43:09] INPUT #9 [handler] (+0.840s): {"key":"Enter","char":"\r"}
[2025-12-08 22:43:09] INPUT #10 [handler] (+0.389s): {"key":"Enter","char":"\r"}
[2025-12-08 22:43:11] INPUT #11 [handler] (+1.290s): {"key":"Escape","char":"\u001b"}
[2025-12-08 22:43:11] INPUT #12 [handler] (+0.311s): {"key":"Escape","char":"\u001b"}
[2025-12-08 22:43:11] INPUT #13 [handler] (+0.318s): {"key":"Escape","char":"\u001b"}
[2025-12-08 22:43:12] INPUT #14 [handler] (+0.499s): {"key":"Enter","char":"\r"}
[2025-12-08 22:43:12] INPUT #15 [handler] (+0.345s): {"key":"Enter","char":"\r"}
[2025-12-08 22:43:13] INPUT #16 [handler] (+0.642s): {"key":"Enter","char":"\r"}
[2025-12-08 22:43:13] INPUT #17 [handler] (+0.644s): {"key":"Down","char":null}
[2025-12-08 22:43:16] INPUT #18 [handler] (+2.041s) [DELAY: 2.04s - MANUAL INPUT SUSPECTED]: {"key":"Enter","char":"\r"}
[2025-12-08 22:43:16] INPUT #19 [handler] (+0.694s): {"key":"Up","char":null}
[2025-12-08 22:43:18] INPUT #20 [handler] (+1.348s): {"key":"Enter","char":"\r"}
[2025-12-08 22:43:18] INPUT #21 [handler] (+0.641s): {"key":"Down","char":null}
[2025-12-08 22:43:20] INPUT #22 [handler] (+1.886s): {"key":"Enter","char":"\r"}
[2025-12-08 22:43:21] INPUT #23 [handler] (+0.458s): {"key":"Up","char":null}
[2025-12-08 22:43:21] INPUT #24 [handler] (+0.249s): {"key":"Escape","char":"\u001b"}
[2025-12-08 22:43:21] INPUT #25 [handler] (+0.523s): {"key":"Escape","char":"\u001b"}
[2025-12-08 22:43:22] INPUT #26 [handler] (+0.264s): {"key":"Escape","char":"\u001b"}
[2025-12-08 22:43:22] INPUT #27 [handler] (+0.444s): {"key":"Down","char":null}
[2025-12-08 22:43:22] INPUT #28 [handler] (+0.336s): {"key":"Enter","char":"\r"}
[2025-12-08 22:43:23] INPUT #29 [handler] (+1.106s): {"key":"Q","char":"q"}
[2025-12-08 22:43:26] INPUT #1 [handler] (+0.813s): {"key":"Enter","char":"\r"}
[2025-12-08 22:43:26] INPUT #2 [handler] (+0.272s): {"key":"Enter","char":"\r"}
[2025-12-08 22:43:27] INPUT #3 [handler] (+0.293s): {"key":"Enter","char":"\r"}
[2025-12-08 22:43:28] INPUT #4 [handler] (+1.037s): {"key":"Enter","char":"\r"}
[2025-12-08 22:43:28] INPUT #5 [handler] (+0.404s): {"key":"Down","char":null}
[2025-12-08 22:43:29] INPUT #6 [handler] (+0.781s): {"key":"Enter","char":"\r"}
[2025-12-08 22:43:29] INPUT #7 [handler] (+0.641s): {"key":"Enter","char":"\r"}
[2025-12-08 22:43:30] INPUT #8 [handler] (+0.599s): {"key":"Enter","char":"\r"}
[2025-12-08 22:43:31] INPUT #9 [handler] (+0.440s): {"key":"Escape","char":"\u001b"}
[2025-12-08 22:43:31] INPUT #10 [handler] (+0.592s): {"key":"Escape","char":"\u001b"}
[2025-12-08 22:43:32] INPUT #11 [handler] (+0.518s): {"key":"Escape","char":"\u001b"}
[2025-12-08 22:43:33] INPUT #12 [handler] (+1.035s): {"key":"Char","char":"3"}
[2025-12-08 22:43:33] INPUT #13 [handler] (+0.262s): {"key":"Char","char":"3"}
[2025-12-08 22:43:33] INPUT #14 [handler] (+0.325s): {"key":"Char","char":"3"}
[2025-12-08 22:43:35] INPUT #15 [handler] (+1.825s): {"key":"Q","char":"q"}
[2025-12-08 22:44:24] INPUT #1 [handler] (+1.784s): {"key":"Char","char":"3"}
[2025-12-08 22:44:24] INPUT #2 [handler] (+0.265s): {"key":"Char","char":"4"}
[2025-12-08 22:44:25] INPUT #3 [handler] (+0.445s): {"key":"Backspace","char":"\b"}
[2025-12-08 22:44:25] INPUT #4 [handler] (+0.332s): {"key":"Backspace","char":"\b"}
[2025-12-08 22:44:25] INPUT #5 [handler] (+0.269s): {"key":"Char","char":"3"}
[2025-12-08 22:44:25] INPUT #6 [handler] (+0.202s): {"key":"Char","char":"4"}
[2025-12-08 22:44:25] INPUT #7 [handler] (+0.069s): {"key":"Char","char":"2"}
[2025-12-08 22:44:26] INPUT #8 [handler] (+0.067s): {"key":"Char","char":"3"}
[2025-12-08 22:44:26] INPUT #9 [handler] (+0.070s): {"key":"Char","char":"4"}
[2025-12-08 22:44:26] INPUT #10 [handler] (+0.080s): {"key":"Char","char":"2"}
[2025-12-08 22:44:26] INPUT #11 [handler] (+0.149s): {"key":"Char","char":"4"}
[2025-12-08 22:44:26] INPUT #12 [handler] (+0.149s): {"key":"Backspace","char":"\b"}
[2025-12-08 22:44:26] INPUT #13 [handler] (+0.136s): {"key":"Backspace","char":"\b"}
[2025-12-08 22:44:26] INPUT #14 [handler] (+0.196s): {"key":"Backspace","char":"\b"}
[2025-12-08 22:44:26] INPUT #15 [handler] (+0.152s): {"key":"Backspace","char":"\b"}
[2025-12-08 22:44:27] INPUT #16 [handler] (+0.140s): {"key":"Backspace","char":"\b"}
[2025-12-08 22:44:27] INPUT #17 [handler] (+0.202s): {"key":"Backspace","char":"\b"}
[2025-12-08 22:44:27] INPUT #18 [handler] (+0.140s): {"key":"Backspace","char":"\b"}
[2025-12-08 22:44:28] INPUT #19 [handler] (+1.149s): {"key":"Char","char":"2"}
[2025-12-08 22:44:29] INPUT #20 [handler] (+0.635s): {"key":"Backspace","char":"\b"}
[2025-12-08 22:44:30] INPUT #21 [handler] (+1.091s): {"key":"Down","char":null}
[2025-12-08 22:44:30] INPUT #22 [handler] (+0.325s): {"key":"Down","char":null}
[2025-12-08 22:44:31] INPUT #23 [handler] (+0.458s): {"key":"Enter","char":"\r"}
[2025-12-08 22:44:32] INPUT #24 [handler] (+0.899s): {"key":"Char","char":"3"}
[2025-12-08 22:44:32] INPUT #25 [handler] (+0.265s): {"key":"Char","char":"4"}
[2025-12-08 22:44:32] INPUT #26 [handler] (+0.203s): {"key":"Char","char":"3"}
[2025-12-08 22:44:32] INPUT #27 [handler] (+0.075s): {"key":"Char","char":"2"}
[2025-12-08 22:44:32] INPUT #28 [handler] (+0.204s): {"key":"Char","char":"4"}
[2025-12-08 22:44:33] INPUT #29 [handler] (+0.450s): {"key":"Backspace","char":"\b"}
[2025-12-08 22:44:33] INPUT #30 [handler] (+0.265s): {"key":"Backspace","char":"\b"}
[2025-12-08 22:44:33] INPUT #31 [handler] (+0.139s): {"key":"Backspace","char":"\b"}
[2025-12-08 22:44:33] INPUT #32 [handler] (+0.202s): {"key":"Backspace","char":"\b"}
[2025-12-08 22:44:33] INPUT #33 [handler] (+0.138s): {"key":"Backspace","char":"\b"}
[2025-12-08 22:44:34] INPUT #34 [handler] (+0.828s): {"key":"Enter","char":"\r"}
[2025-12-08 22:44:35] INPUT #35 [handler] (+1.164s): {"key":"Q","char":"q"}
[2025-12-08 22:49:10] INPUT #1 [handler] (+1.115s): {"key":"Down","char":null}
[2025-12-08 22:49:11] INPUT #2 [handler] (+0.504s): {"key":"Down","char":null}
[2025-12-08 22:49:11] INPUT #3 [handler] (+0.210s): {"key":"Down","char":null}
[2025-12-08 22:49:11] INPUT #4 [handler] (+0.217s): {"key":"Down","char":null}
[2025-12-08 22:49:12] INPUT #5 [handler] (+1.013s): {"key":"Enter","char":"\r"}
[2025-12-08 22:49:13] INPUT #6 [handler] (+0.755s): {"key":"Enter","char":"\r"}
[2025-12-08 22:49:14] INPUT #7 [handler] (+0.587s): {"key":"Enter","char":"\r"}
[2025-12-08 22:49:17] INPUT #8 [handler] (+2.998s) [DELAY: 3.00s - MANUAL INPUT SUSPECTED]: {"key":"Enter","char":"\r"}
[2025-12-08 22:49:18] INPUT #9 [handler] (+1.269s): {"key":"Enter","char":"\r"}
[2025-12-08 22:49:19] INPUT #10 [handler] (+1.502s): {"key":"Escape","char":"\u001b"}
[2025-12-08 22:49:20] INPUT #11 [handler] (+0.204s): {"key":"Escape","char":"\u001b"}
[2025-12-08 22:49:20] INPUT #12 [handler] (+0.450s): {"key":"Escape","char":"\u001b"}
[2025-12-08 22:49:21] INPUT #13 [handler] (+0.446s): {"key":"Down","char":null}
[2025-12-08 22:49:22] INPUT #14 [handler] (+1.142s): {"key":"Down","char":null}
[2025-12-08 22:49:22] INPUT #15 [handler] (+0.766s): {"key":"Enter","char":"\r"}
[2025-12-08 22:49:24] INPUT #16 [handler] (+1.141s): {"key":"Down","char":null}
[2025-12-08 22:49:34] INPUT #17 [handler] (+10.892s) [DELAY: 10.89s - MANUAL INPUT SUSPECTED]: {"key":"Enter","char":"\r"}
[2025-12-08 22:49:37] INPUT #18 [handler] (+2.439s) [DELAY: 2.44s - MANUAL INPUT SUSPECTED]: {"key":"Q","char":"q"}
[2025-12-08 23:10:29] INPUT #1 [handler] (+2.182s): {"key":"Down","char":null}
[2025-12-08 23:10:29] INPUT #2 [handler] (+0.127s): {"key":"Down","char":null}
[2025-12-08 23:11:31] INPUT #1 [handler] (+1.254s): {"key":"Down","char":null}
[2025-12-08 23:11:31] INPUT #2 [handler] (+0.455s): {"key":"Down","char":null}
[2025-12-08 23:11:31] INPUT #3 [handler] (+0.179s): {"key":"Down","char":null}
[2025-12-08 23:11:31] INPUT #4 [handler] (+0.222s): {"key":"Down","char":null}
[2025-12-08 23:11:32] INPUT #5 [handler] (+0.222s): {"key":"Down","char":null}
[2025-12-08 23:11:57] INPUT #1 [handler] (+1.065s): {"key":"Down","char":null}
[2025-12-08 23:11:57] INPUT #2 [handler] (+0.180s): {"key":"Down","char":null}
[2025-12-08 23:11:58] INPUT #3 [handler] (+0.237s): {"key":"Down","char":null}
[2025-12-08 23:11:58] INPUT #4 [handler] (+0.232s): {"key":"Down","char":null}
[2025-12-08 23:11:58] INPUT #5 [handler] (+0.205s): {"key":"Down","char":null}
[2025-12-08 23:11:58] INPUT #6 [handler] (+0.218s): {"key":"Down","char":null}
[2025-12-08 23:11:58] INPUT #7 [handler] (+0.220s): {"key":"Down","char":null}
[2025-12-08 23:11:59] INPUT #8 [handler] (+0.186s): {"key":"Down","char":null}
[2025-12-08 23:11:59] INPUT #9 [handler] (+0.233s): {"key":"Down","char":null}
[2025-12-08 23:11:59] INPUT #10 [handler] (+0.236s): {"key":"Down","char":null}
[2025-12-08 23:11:59] INPUT #11 [handler] (+0.233s): {"key":"Down","char":null}
[2025-12-08 23:12:00] INPUT #12 [handler] (+0.251s): {"key":"Down","char":null}
[2025-12-08 23:12:00] INPUT #13 [handler] (+0.293s): {"key":"Down","char":null}
[2025-12-08 23:12:00] INPUT #14 [handler] (+0.270s): {"key":"Down","char":null}
[2025-12-08 23:12:00] INPUT #15 [handler] (+0.297s): {"key":"Down","char":null}
[2025-12-08 23:12:01] INPUT #16 [handler] (+0.281s): {"key":"Down","char":null}
[2025-12-08 23:12:02] INPUT #17 [handler] (+1.576s): {"key":"Down","char":null}
[2025-12-08 23:12:02] INPUT #18 [handler] (+0.242s): {"key":"Enter","char":"\r"}
[2025-12-08 23:12:04] INPUT #19 [handler] (+1.980s): {"key":"Enter","char":"\r"}
[2025-12-08 23:12:06] INPUT #20 [handler] (+1.643s): {"key":"Escape","char":"\u001b"}
[2025-12-08 23:12:06] INPUT #21 [handler] (+0.304s): {"key":"Escape","char":"\u001b"}
[2025-12-08 23:12:07] INPUT #22 [handler] (+0.856s): {"key":"Down","char":null}
[2025-12-08 23:12:09] INPUT #23 [handler] (+1.323s): {"key":"Down","char":null}
[2025-12-08 23:12:09] INPUT #24 [handler] (+0.360s): {"key":"Down","char":null}
[2025-12-08 23:13:51] INPUT #25 [handler] (+101.694s) [DELAY: 101.69s - MANUAL INPUT SUSPECTED]: {"key":"Down","char":null}
[2025-12-08 23:13:52] INPUT #26 [handler] (+1.113s): {"key":"Q","char":"q"}
[2025-12-08 23:21:49] INPUT #1 [handler] (+3.223s): {"key":"Enter","char":"\r"}
[2025-12-08 23:21:50] INPUT #2 [handler] (+1.085s): {"key":"Down","char":null}
[2025-12-08 23:21:51] INPUT #3 [handler] (+1.036s): {"key":"Up","char":null}
[2025-12-08 23:21:51] INPUT #4 [handler] (+0.406s): {"key":"Up","char":null}
[2025-12-08 23:21:53] INPUT #5 [handler] (+1.922s): {"key":"Escape","char":"\u001b"}
[2025-12-08 23:21:54] INPUT #6 [handler] (+0.716s): {"key":"Down","char":null}
[2025-12-08 23:21:55] INPUT #7 [handler] (+1.353s): {"key":"Down","char":null}
[2025-12-08 23:21:56] INPUT #8 [handler] (+0.736s): {"key":"Up","char":null}
[2025-12-08 23:21:56] INPUT #9 [handler] (+0.232s): {"key":"Up","char":null}
[2025-12-08 23:21:56] INPUT #10 [handler] (+0.176s): {"key":"Enter","char":"\r"}
[2025-12-08 23:21:58] INPUT #11 [handler] (+1.226s): {"key":"Up","char":null}
[2025-12-08 23:21:59] INPUT #12 [handler] (+1.089s): {"key":"Escape","char":"\u001b"}
[2025-12-08 23:22:00] INPUT #13 [handler] (+1.145s): {"key":"Q","char":"q"}
[2025-12-08 23:22:12] INPUT #1 [handler] (+2.126s): {"key":"Down","char":null}
[2025-12-08 23:22:13] INPUT #2 [handler] (+0.624s): {"key":"Down","char":null}
[2025-12-08 23:22:13] INPUT #3 [handler] (+0.418s): {"key":"Down","char":null}
[2025-12-08 23:22:13] INPUT #4 [handler] (+0.419s): {"key":"Down","char":null}
[2025-12-08 23:22:14] INPUT #5 [handler] (+0.359s): {"key":"Down","char":null}
[2025-12-08 23:22:14] INPUT #6 [handler] (+0.358s): {"key":"Down","char":null}
[2025-12-08 23:22:14] INPUT #7 [handler] (+0.171s): {"key":"Down","char":null}
[2025-12-08 23:22:14] INPUT #8 [handler] (+0.171s): {"key":"Down","char":null}
[2025-12-08 23:22:15] INPUT #9 [handler] (+0.390s): {"key":"Down","char":null}
[2025-12-08 23:22:15] INPUT #10 [handler] (+0.609s): {"key":"Down","char":null}
[2025-12-08 23:22:15] INPUT #11 [handler] (+0.050s): {"key":"Down","char":null}
[2025-12-08 23:22:16] INPUT #12 [handler] (+0.072s): {"key":"Down","char":null}
[2025-12-08 23:22:16] INPUT #13 [handler] (+0.054s): {"key":"Down","char":null}
[2025-12-08 23:22:16] INPUT #14 [handler] (+0.061s): {"key":"Down","char":null}
[2025-12-08 23:22:16] INPUT #15 [handler] (+0.048s): {"key":"Down","char":null}
[2025-12-08 23:22:16] INPUT #16 [handler] (+0.044s): {"key":"Down","char":null}
[2025-12-08 23:22:16] INPUT #17 [handler] (+0.050s): {"key":"Down","char":null}
[2025-12-08 23:22:17] INPUT #18 [handler] (+1.671s): {"key":"Down","char":null}
[2025-12-08 23:22:17] INPUT #19 [handler] (+0.047s): {"key":"Down","char":null}
[2025-12-08 23:22:18] INPUT #20 [handler] (+0.052s): {"key":"Down","char":null}
[2025-12-08 23:22:18] INPUT #21 [handler] (+0.054s): {"key":"Down","char":null}
[2025-12-08 23:22:18] INPUT #22 [handler] (+0.041s): {"key":"Down","char":null}
[2025-12-08 23:22:18] INPUT #23 [handler] (+0.047s): {"key":"Down","char":null}
[2025-12-08 23:22:18] INPUT #24 [handler] (+0.047s): {"key":"Down","char":null}
[2025-12-08 23:22:18] INPUT #25 [handler] (+0.046s): {"key":"Down","char":null}
[2025-12-08 23:22:18] INPUT #26 [handler] (+0.050s): {"key":"Down","char":null}
[2025-12-08 23:22:18] INPUT #27 [handler] (+0.051s): {"key":"Down","char":null}
[2025-12-08 23:22:18] INPUT #28 [handler] (+0.047s): {"key":"Down","char":null}
[2025-12-08 23:22:18] INPUT #29 [handler] (+0.049s): {"key":"Down","char":null}
[2025-12-08 23:22:18] INPUT #30 [handler] (+0.045s): {"key":"Down","char":null}
[2025-12-08 23:22:18] INPUT #31 [handler] (+0.047s): {"key":"Down","char":null}
[2025-12-08 23:22:18] INPUT #32 [handler] (+0.066s): {"key":"Down","char":null}
[2025-12-08 23:22:18] INPUT #33 [handler] (+0.046s): {"key":"Down","char":null}
[2025-12-08 23:22:18] INPUT #34 [handler] (+0.051s): {"key":"Down","char":null}
[2025-12-08 23:22:18] INPUT #35 [handler] (+0.044s): {"key":"Down","char":null}
[2025-12-08 23:22:18] INPUT #36 [handler] (+0.048s): {"key":"Down","char":null}
[2025-12-08 23:22:18] INPUT #37 [handler] (+0.058s): {"key":"Down","char":null}
[2025-12-08 23:22:18] INPUT #38 [handler] (+0.049s): {"key":"Down","char":null}
[2025-12-08 23:22:18] INPUT #39 [handler] (+0.046s): {"key":"Down","char":null}
[2025-12-08 23:22:19] INPUT #40 [handler] (+0.046s): {"key":"Down","char":null}
[2025-12-08 23:22:19] INPUT #41 [handler] (+0.047s): {"key":"Down","char":null}
[2025-12-08 23:22:19] INPUT #42 [handler] (+0.047s): {"key":"Down","char":null}
[2025-12-08 23:22:19] INPUT #43 [handler] (+0.071s): {"key":"Down","char":null}
[2025-12-08 23:22:19] INPUT #44 [handler] (+0.046s): {"key":"Down","char":null}
[2025-12-08 23:22:19] INPUT #45 [handler] (+0.048s): {"key":"Down","char":null}
[2025-12-08 23:22:19] INPUT #46 [handler] (+0.052s): {"key":"Down","char":null}
[2025-12-08 23:22:19] INPUT #47 [handler] (+0.048s): {"key":"Down","char":null}
[2025-12-08 23:22:19] INPUT #48 [handler] (+0.070s): {"key":"Down","char":null}
[2025-12-08 23:22:19] INPUT #49 [handler] (+0.042s): {"key":"Down","char":null}
[2025-12-08 23:22:19] INPUT #50 [handler] (+0.057s): {"key":"Down","char":null}
[2025-12-08 23:22:19] INPUT #51 [handler] (+0.051s): {"key":"Down","char":null}
[2025-12-08 23:22:19] INPUT #52 [handler] (+0.048s): {"key":"Down","char":null}
[2025-12-08 23:22:19] INPUT #53 [handler] (+0.059s): {"key":"Up","char":null}
[2025-12-08 23:22:20] INPUT #54 [handler] (+0.610s): {"key":"Up","char":null}
[2025-12-08 23:22:20] INPUT #55 [handler] (+0.231s): {"key":"Up","char":null}
[2025-12-08 23:22:20] INPUT #56 [handler] (+0.235s): {"key":"Up","char":null}
[2025-12-08 23:22:22] INPUT #57 [handler] (+1.555s): {"key":"Enter","char":"\r"}
[2025-12-08 23:22:23] INPUT #58 [handler] (+1.506s): {"key":"Down","char":null}
[2025-12-08 23:22:26] INPUT #59 [handler] (+2.478s) [DELAY: 2.48s - MANUAL INPUT SUSPECTED]: {"key":"Escape","char":"\u001b"}
[2025-12-08 23:24:20] INPUT #1 [handler] (+4.113s): {"key":"Enter","char":"\r"}
[2025-12-08 23:24:22] INPUT #2 [handler] (+2.075s) [DELAY: 2.07s - MANUAL INPUT SUSPECTED]: {"key":"Escape","char":"\u001b"}
[2025-12-08 23:24:23] INPUT #3 [handler] (+0.851s): {"key":"Down","char":null}
[2025-12-08 23:24:25] INPUT #4 [handler] (+1.931s): {"key":"Char","char":"5"}
[2025-12-08 23:24:26] INPUT #5 [handler] (+0.800s): {"key":"Char","char":"4"}
[2025-12-08 23:24:26] INPUT #6 [handler] (+0.421s): {"key":"Char","char":"3"}
[2025-12-08 23:24:26] INPUT #7 [handler] (+0.302s): {"key":"Backspace","char":"\b"}
[2025-12-08 23:24:27] INPUT #8 [handler] (+0.229s): {"key":"Backspace","char":"\b"}
[2025-12-08 23:24:27] INPUT #9 [handler] (+0.235s): {"key":"Backspace","char":"\b"}
[2025-12-08 23:24:28] INPUT #10 [handler] (+1.356s): {"key":"Down","char":null}
[2025-12-08 23:24:28] INPUT #11 [handler] (+0.172s): {"key":"Down","char":null}
[2025-12-08 23:24:29] INPUT #12 [handler] (+0.421s): {"key":"Down","char":null}
[2025-12-08 23:24:33] INPUT #13 [handler] (+4.414s) [DELAY: 4.41s - MANUAL INPUT SUSPECTED]: {"key":"Down","char":null}
[2025-12-08 23:24:34] INPUT #14 [handler] (+0.294s): {"key":"Down","char":null}
[2025-12-08 23:24:34] INPUT #15 [handler] (+0.377s): {"key":"Down","char":null}
[2025-12-08 23:24:34] INPUT #16 [handler] (+0.489s): {"key":"Enter","char":"\r"}
[2025-12-08 23:24:36] INPUT #17 [handler] (+1.076s): {"key":"Enter","char":"\r"}
[2025-12-08 23:24:38] INPUT #18 [handler] (+2.210s) [DELAY: 2.21s - MANUAL INPUT SUSPECTED]: {"key":"Enter","char":"\r"}
[2025-12-08 23:24:40] INPUT #19 [handler] (+1.776s): {"key":"Escape","char":"\u001b"}
[2025-12-08 23:24:40] INPUT #20 [handler] (+0.260s): {"key":"Escape","char":"\u001b"}
[2025-12-08 23:24:41] INPUT #21 [handler] (+0.770s): {"key":"Enter","char":"\r"}
[2025-12-08 23:24:41] INPUT #22 [handler] (+0.677s): {"key":"Enter","char":"\r"}
[2025-12-08 23:24:42] INPUT #23 [handler] (+0.549s): {"key":"Escape","char":"\u001b"}
[2025-12-08 23:24:42] INPUT #24 [handler] (+0.250s): {"key":"Escape","char":"\u001b"}
[2025-12-08 23:24:42] INPUT #25 [handler] (+0.452s): {"key":"Down","char":null}
[2025-12-08 23:24:43] INPUT #26 [handler] (+0.487s): {"key":"Down","char":null}
[2025-12-08 23:24:43] INPUT #27 [handler] (+0.172s): {"key":"Enter","char":"\r"}
[2025-12-08 23:24:44] INPUT #28 [handler] (+0.904s): {"key":"Down","char":null}
[2025-12-08 23:24:48] INPUT #29 [handler] (+4.232s) [DELAY: 4.23s - MANUAL INPUT SUSPECTED]: {"key":"Enter","char":"\r"}
[2025-12-08 23:24:49] INPUT #30 [handler] (+0.797s): {"key":"Down","char":null}
[2025-12-08 23:24:49] INPUT #31 [handler] (+0.236s): {"key":"Down","char":null}
[2025-12-08 23:24:52] INPUT #32 [handler] (+2.318s) [DELAY: 2.32s - MANUAL INPUT SUSPECTED]: {"key":"Enter","char":"\r"}
[2025-12-08 23:24:53] INPUT #33 [handler] (+1.055s): {"key":"Escape","char":"\u001b"}
[2025-12-08 23:24:53] INPUT #34 [handler] (+0.719s): {"key":"Enter","char":"\r"}
[2025-12-08 23:24:54] INPUT #35 [handler] (+0.500s): {"key":"Enter","char":"\r"}
[2025-12-08 23:24:54] INPUT #36 [handler] (+0.481s): {"key":"Enter","char":"\r"}
[2025-12-08 23:24:57] INPUT #37 [handler] (+2.874s) [DELAY: 2.87s - MANUAL INPUT SUSPECTED]: {"key":"Escape","char":"\u001b"}
[2025-12-08 23:24:57] INPUT #38 [handler] (+0.186s): {"key":"Escape","char":"\u001b"}
[2025-12-08 23:24:58] INPUT #39 [handler] (+0.183s): {"key":"Escape","char":"\u001b"}
[2025-12-08 23:24:58] INPUT #40 [handler] (+0.199s): {"key":"Escape","char":"\u001b"}
[2025-12-08 23:24:58] INPUT #41 [handler] (+0.142s): {"key":"Escape","char":"\u001b"}
[2025-12-08 23:24:58] INPUT #42 [handler] (+0.202s): {"key":"Escape","char":"\u001b"}
[2025-12-08 23:25:36] INPUT #43 [handler] (+38.022s) [DELAY: 38.02s - MANUAL INPUT SUSPECTED]: {"key":"Q","char":"q"}
[2025-12-08 23:34:33] INPUT #1 [handler] (+1.566s): {"key":"Down","char":null}
[2025-12-08 23:39:38] INPUT #1 [handler] (+1.951s): {"key":"Down","char":""}
[2025-12-08 23:39:38] INPUT #2 [handler] (+0.062s): {"key":"Down","char":""}
[2025-12-08 23:39:38] INPUT #3 [handler] (+0.065s): {"key":"Enter","char":""}
[2025-12-08 23:39:38] INPUT #4 [handler] (+0.113s): {"key":"Down","char":""}
[2025-12-08 23:39:49] INPUT #5 [handler] (+10.563s) [DELAY: 10.56s - MANUAL INPUT SUSPECTED]: {"key":"Enter","char":""}
[2025-12-08 23:39:49] INPUT #6 [handler] (+0.103s): {"key":"Escape","char":""}
[2025-12-08 23:39:49] INPUT #7 [handler] (+0.104s): {"key":"Escape","char":""}
[2025-12-08 23:39:49] INPUT #8 [handler] (+0.024s): {"key":"Q","char":""}
[2025-12-08 23:39:55] INPUT #1 [handler] (+1.730s): {"key":"Down","char":""}
[2025-12-08 23:39:55] INPUT #2 [handler] (+0.072s): {"key":"Down","char":""}
[2025-12-08 23:39:55] INPUT #3 [handler] (+0.108s): {"key":"Enter","char":""}
[2025-12-08 23:39:55] INPUT #4 [handler] (+0.140s): {"key":"Down","char":""}
[2025-12-08 23:39:59] INPUT #5 [handler] (+3.924s) [DELAY: 3.92s - MANUAL INPUT SUSPECTED]: {"key":"Enter","char":""}
[2025-12-08 23:39:59] INPUT #6 [handler] (+0.082s): {"key":"Escape","char":""}
[2025-12-08 23:39:59] INPUT #7 [handler] (+0.110s): {"key":"Escape","char":""}
[2025-12-08 23:39:59] INPUT #8 [handler] (+0.018s): {"key":"Q","char":""}
[2025-12-08 23:40:47] INPUT #1 [handler] (+1.759s): {"key":"Down","char":""}
[2025-12-08 23:40:47] INPUT #2 [handler] (+0.070s): {"key":"Down","char":""}
[2025-12-08 23:40:47] INPUT #3 [handler] (+0.059s): {"key":"Down","char":""}
[2025-12-08 23:40:47] INPUT #4 [handler] (+0.064s): {"key":"Enter","char":""}
[2025-12-08 23:40:47] INPUT #5 [handler] (+0.104s): {"key":"Down","char":""}
[2025-12-08 23:40:47] INPUT #6 [handler] (+0.045s): {"key":"Enter","char":""}
[2025-12-08 23:40:47] INPUT #7 [handler] (+0.120s): {"key":"Enter","char":""}
[2025-12-08 23:40:47] INPUT #8 [handler] (+0.068s): {"key":"Escape","char":""}
[2025-12-08 23:40:48] INPUT #9 [handler] (+0.090s): {"key":"Escape","char":""}
[2025-12-08 23:40:48] INPUT #10 [handler] (+0.094s): {"key":"Escape","char":""}
[2025-12-08 23:40:48] INPUT #11 [handler] (+0.039s): {"key":"Q","char":""}
[2025-12-08 23:41:07] INPUT #1 [handler] (+1.730s): {"key":"Char","char":"1"}
[2025-12-08 23:41:07] INPUT #2 [handler] (+0.085s): {"key":"Enter","char":""}
[2025-12-08 23:41:08] INPUT #3 [handler] (+0.098s): {"key":"Char","char":"1"}
[2025-12-08 23:41:08] INPUT #4 [handler] (+0.045s): {"key":"Enter","char":""}
[2025-12-08 23:41:08] INPUT #5 [handler] (+0.063s): {"key":"Down","char":""}
[2025-12-08 23:41:08] INPUT #6 [handler] (+0.044s): {"key":"Enter","char":""}
[2025-12-08 23:41:08] INPUT #7 [handler] (+0.101s): {"key":"Enter","char":""}
[2025-12-08 23:41:08] INPUT #8 [handler] (+0.063s): {"key":"Escape","char":""}
[2025-12-08 23:41:08] INPUT #9 [handler] (+0.082s): {"key":"Escape","char":""}
[2025-12-08 23:41:08] INPUT #10 [handler] (+0.075s): {"key":"Escape","char":""}
[2025-12-08 23:41:08] INPUT #11 [handler] (+0.093s): {"key":"Q","char":""}
[2025-12-08 23:43:50] INPUT #1 [handler] (+1.718s): {"key":"Down","char":""}
[2025-12-08 23:43:50] INPUT #2 [handler] (+0.068s): {"key":"Down","char":""}
[2025-12-08 23:43:50] INPUT #3 [handler] (+0.068s): {"key":"Enter","char":""}
[2025-12-08 23:43:50] INPUT #4 [handler] (+0.139s): {"key":"Down","char":""}
[2025-12-08 23:43:50] INPUT #5 [handler] (+0.105s): {"key":"Enter","char":""}
[2025-12-08 23:43:50] INPUT #6 [handler] (+0.069s): {"key":"Escape","char":""}
[2025-12-08 23:43:50] INPUT #7 [handler] (+0.097s): {"key":"Escape","char":""}
[2025-12-08 23:43:50] INPUT #8 [handler] (+0.022s): {"key":"Q","char":""}
[2025-12-08 23:43:57] INPUT #1 [handler] (+1.760s): {"key":"Char","char":"1"}
[2025-12-08 23:43:57] INPUT #2 [handler] (+0.079s): {"key":"Enter","char":""}
[2025-12-08 23:43:57] INPUT #3 [handler] (+0.097s): {"key":"Char","char":"1"}
[2025-12-08 23:43:57] INPUT #4 [handler] (+0.049s): {"key":"Enter","char":""}
[2025-12-08 23:43:57] INPUT #5 [handler] (+0.060s): {"key":"Down","char":""}
[2025-12-08 23:43:57] INPUT #6 [handler] (+0.050s): {"key":"Enter","char":""}
[2025-12-08 23:43:57] INPUT #7 [handler] (+0.116s): {"key":"Enter","char":""}
[2025-12-08 23:43:57] INPUT #8 [handler] (+0.063s): {"key":"Escape","char":""}
[2025-12-08 23:43:57] INPUT #9 [handler] (+0.086s): {"key":"Escape","char":""}
[2025-12-08 23:43:58] INPUT #10 [handler] (+0.072s): {"key":"Escape","char":""}
[2025-12-08 23:43:58] INPUT #11 [handler] (+0.091s): {"key":"Q","char":""}
[2025-12-08 23:46:52] INPUT #1 [handler] (+1.696s): {"key":"Down","char":""}
[2025-12-08 23:46:52] INPUT #2 [handler] (+0.069s): {"key":"Down","char":""}
[2025-12-08 23:46:53] INPUT #3 [handler] (+0.072s): {"key":"Enter","char":""}
[2025-12-08 23:46:53] INPUT #4 [handler] (+0.115s): {"key":"Down","char":""}
[2025-12-08 23:46:53] INPUT #5 [handler] (+0.134s): {"key":"Enter","char":""}
[2025-12-08 23:46:53] INPUT #6 [handler] (+0.071s): {"key":"Escape","char":""}
[2025-12-08 23:46:53] INPUT #7 [handler] (+0.107s): {"key":"Escape","char":""}
[2025-12-08 23:46:53] INPUT #8 [handler] (+0.020s): {"key":"Q","char":""}
[2025-12-08 23:47:14] INPUT #1 [handler] (+1.707s): {"key":"Down","char":""}
[2025-12-08 23:47:14] INPUT #2 [handler] (+0.071s): {"key":"Down","char":""}
[2025-12-08 23:47:14] INPUT #3 [handler] (+0.066s): {"key":"Enter","char":""}
[2025-12-08 23:47:14] INPUT #4 [handler] (+0.121s): {"key":"Down","char":""}
[2025-12-08 23:47:14] INPUT #5 [handler] (+0.100s): {"key":"Enter","char":""}
[2025-12-08 23:47:14] INPUT #6 [handler] (+0.073s): {"key":"Escape","char":""}
[2025-12-08 23:47:14] INPUT #7 [handler] (+0.094s): {"key":"Escape","char":""}
[2025-12-08 23:47:14] INPUT #8 [handler] (+0.022s): {"key":"Q","char":""}
[2025-12-08 23:48:48] INPUT #1 [handler] (+1.965s): {"key":"Down","char":null}
[2025-12-08 23:48:48] INPUT #2 [handler] (+0.082s): {"key":"Down","char":null}
[2025-12-08 23:48:48] INPUT #3 [handler] (+0.070s): {"key":"Down","char":null}
[2025-12-08 23:48:48] INPUT #4 [handler] (+0.198s): {"key":"Down","char":null}
[2025-12-08 23:48:49] INPUT #5 [handler] (+0.180s): {"key":"Down","char":null}
[2025-12-08 23:48:49] INPUT #6 [handler] (+0.180s): {"key":"Down","char":null}
[2025-12-08 23:48:49] INPUT #7 [handler] (+0.264s): {"key":"Down","char":null}
[2025-12-08 23:48:49] INPUT #8 [handler] (+0.508s): {"key":"Enter","char":"\r"}
[2025-12-08 23:48:50] INPUT #9 [handler] (+0.818s): {"key":"Enter","char":"\r"}
[2025-12-08 23:48:52] INPUT #10 [handler] (+1.870s): {"key":"Enter","char":"\r"}
[2025-12-08 23:48:53] INPUT #11 [handler] (+1.120s): {"key":"Escape","char":"\u001b"}
[2025-12-08 23:48:54] INPUT #12 [handler] (+0.846s): {"key":"Escape","char":"\u001b"}
[2025-12-08 23:48:56] INPUT #13 [handler] (+1.829s): {"key":"Down","char":null}
[2025-12-08 23:48:57] INPUT #14 [handler] (+1.177s): {"key":"Down","char":null}
[2025-12-08 23:48:57] INPUT #15 [handler] (+0.361s): {"key":"Enter","char":"\r"}
[2025-12-08 23:48:58] INPUT #16 [handler] (+0.775s): {"key":"Down","char":null}
[2025-12-08 23:49:02] INPUT #17 [handler] (+3.455s) [DELAY: 3.46s - MANUAL INPUT SUSPECTED]: {"key":"Enter","char":"\r"}
[2025-12-08 23:50:13] INPUT #18 [handler] (+70.781s) [DELAY: 70.78s - MANUAL INPUT SUSPECTED]: {"key":"Q","char":"q"}
[2025-12-09 00:06:25] INPUT #1 [handler] (+10.084s): {"key":"Q","char":"q"}
[2025-12-09 00:06:58] INPUT #1 [handler] (+5.528s): {"key":"Q","char":"q"}
[2025-12-09 00:08:00] INPUT #1 [handler] (+14.652s): {"key":"Q","char":"q"}
[2025-12-09 21:24:38] INPUT #1 [handler] (+2.977s): {"key":"Up","char":null}
[2025-12-09 21:24:38] INPUT #2 [handler] (+0.077s): {"key":"Up","char":null}
[2025-12-09 21:24:38] INPUT #3 [handler] (+0.300s): {"key":"Down","char":null}
[2025-12-09 21:24:38] INPUT #4 [handler] (+0.232s): {"key":"Down","char":null}
[2025-12-09 21:24:39] INPUT #5 [handler] (+0.232s): {"key":"Down","char":null}
[2025-12-09 21:24:41] INPUT #6 [handler] (+1.928s): {"key":"Enter","char":"\r"}
[2025-12-09 21:24:42] INPUT #7 [handler] (+1.161s): {"key":"Enter","char":"\r"}
[2025-12-09 21:24:42] INPUT #8 [handler] (+0.528s): {"key":"Down","char":null}
[2025-12-09 21:24:42] INPUT #9 [handler] (+0.062s): {"key":"Up","char":null}
[2025-12-09 21:24:44] INPUT #10 [handler] (+1.551s): {"key":"Q","char":"q"}
[2025-12-09 21:24:49] INPUT #1 [handler] (+1.318s): {"key":"Down","char":null}
[2025-12-09 21:24:50] INPUT #2 [handler] (+0.562s): {"key":"Down","char":null}
[2025-12-09 21:24:50] INPUT #3 [handler] (+0.248s): {"key":"Down","char":null}
[2025-12-09 21:24:50] INPUT #4 [handler] (+0.484s): {"key":"Down","char":null}
[2025-12-09 21:24:51] INPUT #5 [handler] (+0.494s): {"key":"Enter","char":"\r"}
[2025-12-09 21:24:52] INPUT #6 [handler] (+1.577s): {"key":"Escape","char":"\u001b"}
[2025-12-09 21:24:53] INPUT #7 [handler] (+0.375s): {"key":"Down","char":null}
[2025-12-09 21:24:54] INPUT #8 [handler] (+1.069s): {"key":"Char","char":"2"}
[2025-12-09 21:24:56] INPUT #9 [handler] (+2.089s) [DELAY: 2.09s - MANUAL INPUT SUSPECTED]: {"key":"Enter","char":"\r"}
[2025-12-09 21:24:58] INPUT #10 [handler] (+2.465s) [DELAY: 2.47s - MANUAL INPUT SUSPECTED]: {"key":"Char","char":"3"}
[2025-12-09 21:24:59] INPUT #11 [handler] (+0.490s): {"key":"Enter","char":"\r"}
[2025-12-09 21:25:03] INPUT #12 [handler] (+4.159s) [DELAY: 4.16s - MANUAL INPUT SUSPECTED]: {"key":"Char","char":"1"}
[2025-12-09 21:25:03] INPUT #13 [handler] (+0.230s): {"key":"Char","char":"2"}
[2025-12-09 21:25:07] INPUT #14 [handler] (+4.158s) [DELAY: 4.16s - MANUAL INPUT SUSPECTED]: {"key":"Enter","char":"\r"}
[2025-12-09 21:25:09] INPUT #15 [handler] (+2.050s) [DELAY: 2.05s - MANUAL INPUT SUSPECTED]: {"key":"Escape","char":"\u001b"}
[2025-12-09 21:25:12] INPUT #16 [handler] (+2.292s) [DELAY: 2.29s - MANUAL INPUT SUSPECTED]: {"key":"Escape","char":"\u001b"}
[2025-12-09 21:25:14] INPUT #17 [handler] (+2.809s) [DELAY: 2.81s - MANUAL INPUT SUSPECTED]: {"key":"Down","char":null}
[2025-12-09 21:25:15] INPUT #18 [handler] (+0.357s): {"key":"Down","char":null}
[2025-12-09 21:25:15] INPUT #19 [handler] (+0.362s): {"key":"Enter","char":"\r"}
[2025-12-09 21:25:21] INPUT #20 [handler] (+5.739s) [DELAY: 5.74s - MANUAL INPUT SUSPECTED]: {"key":"Enter","char":"\r"}
[2025-12-09 21:25:22] INPUT #21 [handler] (+0.975s): {"key":"Down","char":null}
[2025-12-09 21:25:22] INPUT #22 [handler] (+0.326s): {"key":"Down","char":null}
[2025-12-09 21:25:23] INPUT #23 [handler] (+0.689s): {"key":"Up","char":null}
[2025-12-09 21:25:24] INPUT #24 [handler] (+0.666s): {"key":"Down","char":null}
[2025-12-09 21:25:24] INPUT #25 [handler] (+0.665s): {"key":"Up","char":null}
[2025-12-09 21:25:29] INPUT #26 [handler] (+5.144s) [DELAY: 5.14s - MANUAL INPUT SUSPECTED]: {"key":"Char","char":"2"}
[2025-12-09 21:25:31] INPUT #27 [handler] (+1.603s): {"key":"Enter","char":"\r"}
[2025-12-09 21:25:32] INPUT #28 [handler] (+0.536s): {"key":"Char","char":"2"}
[2025-12-09 21:25:34] INPUT #29 [handler] (+2.275s) [DELAY: 2.28s - MANUAL INPUT SUSPECTED]: {"key":"Enter","char":"\r"}
[2025-12-09 21:25:34] INPUT #30 [handler] (+0.662s): {"key":"Char","char":"3"}
[2025-12-09 21:25:36] INPUT #31 [handler] (+2.005s) [DELAY: 2.01s - MANUAL INPUT SUSPECTED]: {"key":"Enter","char":"\r"}
[2025-12-09 21:25:37] INPUT #32 [handler] (+0.596s): {"key":"Char","char":"1"}
[2025-12-09 21:25:41] INPUT #33 [handler] (+3.483s) [DELAY: 3.48s - MANUAL INPUT SUSPECTED]: {"key":"Enter","char":"\r"}
[2025-12-09 21:25:46] INPUT #34 [handler] (+5.282s) [DELAY: 5.28s - MANUAL INPUT SUSPECTED]: {"key":"Enter","char":"\r"}
[2025-12-09 21:25:46] INPUT #35 [handler] (+0.556s): {"key":"Up","char":null}
[2025-12-09 21:25:50] INPUT #36 [handler] (+3.784s) [DELAY: 3.78s - MANUAL INPUT SUSPECTED]: {"key":"Enter","char":"\r"}
[2025-12-09 21:25:51] INPUT #37 [handler] (+1.127s): {"key":"Escape","char":"\u001b"}
[2025-12-09 21:25:52] INPUT #38 [handler] (+0.680s): {"key":"Down","char":null}
[2025-12-09 21:25:52] INPUT #39 [handler] (+0.233s): {"key":"Down","char":null}
[2025-12-09 21:25:53] INPUT #40 [handler] (+0.295s): {"key":"Down","char":null}
[2025-12-09 21:25:53] INPUT #41 [handler] (+0.240s): {"key":"Enter","char":"\r"}
[2025-12-09 21:25:54] INPUT #42 [handler] (+0.884s): {"key":"Enter","char":"\r"}
[2025-12-09 21:25:55] INPUT #43 [handler] (+1.417s): {"key":"Enter","char":"\r"}
[2025-12-09 21:25:55] INPUT #44 [handler] (+0.347s): {"key":"Escape","char":"\u001b"}
[2025-12-09 21:25:56] INPUT #45 [handler] (+0.308s): {"key":"Escape","char":"\u001b"}
[2025-12-09 21:25:57] INPUT #46 [handler] (+1.005s): {"key":"Up","char":null}
[2025-12-09 21:25:57] INPUT #47 [handler] (+0.234s): {"key":"Up","char":null}
[2025-12-09 21:27:59] INPUT #48 [handler] (+122.410s) [DELAY: 122.41s - MANUAL INPUT SUSPECTED]: {"key":"Escape","char":"\u001b"}
[2025-12-09 21:28:00] INPUT #49 [handler] (+0.891s): {"key":"Down","char":null}
[2025-12-09 21:28:01] INPUT #50 [handler] (+1.139s): {"key":"Escape","char":"\u001b"}
[2025-12-09 21:28:02] INPUT #51 [handler] (+0.387s): {"key":"Down","char":null}
[2025-12-09 21:28:02] INPUT #52 [handler] (+0.372s): {"key":"Down","char":null}
[2025-12-09 21:28:03] INPUT #53 [handler] (+0.555s): {"key":"Up","char":null}
[2025-12-09 21:28:03] INPUT #54 [handler] (+0.300s): {"key":"Enter","char":"\r"}
[2025-12-09 21:28:04] INPUT #55 [handler] (+1.325s): {"key":"Enter","char":"\r"}
[2025-12-09 21:28:06] INPUT #56 [handler] (+1.433s): {"key":"Enter","char":"\r"}
[2025-12-09 21:30:14] INPUT #57 [handler] (+127.883s) [DELAY: 127.88s - MANUAL INPUT SUSPECTED]: {"key":"Q","char":"q"}
[2025-12-09 21:32:16] INPUT #1 [handler] (+65.691s): {"key":"Q","char":"q"}
[2025-12-09 21:32:42] INPUT #1 [handler] (+6.902s): {"key":"Down","char":null}
[2025-12-09 21:32:42] INPUT #2 [handler] (+0.382s): {"key":"Down","char":null}
[2025-12-09 21:32:43] INPUT #3 [handler] (+0.506s): {"key":"Down","char":null}
[2025-12-09 21:32:43] INPUT #4 [handler] (+0.630s): {"key":"Up","char":null}
[2025-12-09 21:32:44] INPUT #5 [handler] (+0.453s): {"key":"Enter","char":"\r"}
[2025-12-09 21:32:45] INPUT #6 [handler] (+0.790s): {"key":"Down","char":null}
[2025-12-09 21:32:45] INPUT #7 [handler] (+0.513s): {"key":"Down","char":null}
[2025-12-09 21:32:45] INPUT #8 [handler] (+0.327s): {"key":"Down","char":null}
[2025-12-09 21:32:46] INPUT #9 [handler] (+0.247s): {"key":"Down","char":null}
[2025-12-09 21:32:46] INPUT #10 [handler] (+0.184s): {"key":"Down","char":null}
[2025-12-09 21:32:46] INPUT #11 [handler] (+0.217s): {"key":"Down","char":null}
[2025-12-09 21:32:46] INPUT #12 [handler] (+0.201s): {"key":"Down","char":null}
[2025-12-09 21:32:46] INPUT #13 [handler] (+0.188s): {"key":"Down","char":null}
[2025-12-09 21:32:47] INPUT #14 [handler] (+0.326s): {"key":"Down","char":null}
[2025-12-09 21:32:55] INPUT #15 [handler] (+8.347s) [DELAY: 8.35s - MANUAL INPUT SUSPECTED]: {"key":"Enter","char":"\r"}
[2025-12-09 21:32:56] INPUT #16 [handler] (+0.766s): {"key":"Down","char":null}
[2025-12-09 21:32:56] INPUT #17 [handler] (+0.248s): {"key":"Down","char":null}
[2025-12-09 21:32:56] INPUT #18 [handler] (+0.202s): {"key":"Down","char":null}
[2025-12-09 21:32:57] INPUT #19 [handler] (+0.217s): {"key":"Down","char":null}
[2025-12-09 21:32:57] INPUT #20 [handler] (+0.217s): {"key":"Down","char":null}
[2025-12-09 21:33:00] INPUT #21 [handler] (+3.063s) [DELAY: 3.06s - MANUAL INPUT SUSPECTED]: {"key":"Enter","char":"\r"}
[2025-12-09 21:33:00] INPUT #22 [handler] (+0.626s): {"key":"Down","char":null}
[2025-12-09 21:33:01] INPUT #23 [handler] (+0.263s): {"key":"Down","char":null}
[2025-12-09 21:33:01] INPUT #24 [handler] (+0.127s): {"key":"Down","char":null}
[2025-12-09 21:33:01] INPUT #25 [handler] (+0.196s): {"key":"Down","char":null}
[2025-12-09 21:33:01] INPUT #26 [handler] (+0.262s): {"key":"Down","char":null}
[2025-12-09 21:33:22] INPUT #27 [handler] (+21.171s) [DELAY: 21.17s - MANUAL INPUT SUSPECTED]: {"key":"Q","char":"q"}
[2025-12-09 21:33:49] INPUT #1 [handler] (+5.643s): {"key":"Up","char":null}
[2025-12-09 21:33:50] INPUT #2 [handler] (+0.700s): {"key":"Q","char":"q"}
[2025-12-09 21:36:02] INPUT #1 [handler] (+10.841s): {"key":"Q","char":"q"}
[2025-12-09 22:04:39] INPUT #1 [handler] (+38.336s): {"key":"Down","char":null}
[2025-12-09 22:04:39] INPUT #2 [handler] (+0.255s): {"key":"Down","char":null}
[2025-12-09 22:04:39] INPUT #3 [handler] (+0.238s): {"key":"Down","char":null}
[2025-12-09 22:04:39] INPUT #4 [handler] (+0.207s): {"key":"Down","char":null}
