[2025-12-09 22:27:51] MENU FRAME Selected=0 Count=4 Path=mainUI
  >>> [1] (submenu) Settings
      [2] (submenu) SettingsCommand
      [3] (submenu) TextInput
      [4] (submenu) Tools
[2025-12-09 22:27:53] MENU FRAME Selected=1 Count=4 Path=mainUI
      [1] (submenu) Settings
  >>> [2] (submenu) SettingsCommand
      [3] (submenu) TextInput
      [4] (submenu) Tools
[2025-12-09 22:27:53] MENU FRAME Selected=2 Count=4 Path=mainUI
      [1] (submenu) Settings
      [2] (submenu) SettingsCommand
  >>> [3] (submenu) TextInput
      [4] (submenu) Tools
[2025-12-09 22:27:53] MENU FRAME Selected=3 Count=4 Path=mainUI
      [1] (submenu) Settings
      [2] (submenu) SettingsCommand
      [3] (submenu) TextInput
  >>> [4] (submenu) Tools
[2025-12-09 22:27:54] MENU FRAME Selected=0 Count=4 Path=mainUI
  >>> [1] (submenu) Settings
      [2] (submenu) SettingsCommand
      [3] (submenu) TextInput
      [4] (submenu) Tools
[2025-12-09 22:29:03] MENU FRAME Selected=0 Count=4 Path=mainUI
  >>> [1] (submenu) Settings
      [2] (submenu) SettingsCommand
      [3] (submenu) TextInput
      [4] (submenu) Tools
[2025-12-09 22:29:28] MENU FRAME Selected=0 Count=4 Path=mainUI
  >>> [1] (submenu) Settings
      [2] (submenu) SettingsCommand
      [3] (submenu) TextInput
      [4] (submenu) Tools
[2025-12-09 22:29:33] MENU FRAME Selected=1 Count=4 Path=mainUI
      [1] (submenu) Settings
  >>> [2] (submenu) SettingsCommand
      [3] (submenu) TextInput
      [4] (submenu) Tools
[2025-12-09 22:29:34] MENU FRAME Selected=2 Count=4 Path=mainUI
      [1] (submenu) Settings
      [2] (submenu) SettingsCommand
  >>> [3] (submenu) TextInput
      [4] (submenu) Tools
[2025-12-09 22:29:34] MENU FRAME Selected=3 Count=4 Path=mainUI
      [1] (submenu) Settings
      [2] (submenu) SettingsCommand
      [3] (submenu) TextInput
  >>> [4] (submenu) Tools
[2025-12-09 22:29:34] MENU FRAME Selected=2 Count=4 Path=mainUI
      [1] (submenu) Settings
      [2] (submenu) SettingsCommand
  >>> [3] (submenu) TextInput
      [4] (submenu) Tools
[2025-12-09 22:29:34] MENU FRAME Selected=3 Count=4 Path=mainUI
      [1] (submenu) Settings
      [2] (submenu) SettingsCommand
      [3] (submenu) TextInput
  >>> [4] (submenu) Tools
[2025-12-09 22:29:36] MENU FRAME Selected=2 Count=4 Path=mainUI
      [1] (submenu) Settings
      [2] (submenu) SettingsCommand
  >>> [3] (submenu) TextInput
      [4] (submenu) Tools
[2025-12-09 22:29:36] MENU FRAME Selected=1 Count=4 Path=mainUI
      [1] (submenu) Settings
  >>> [2] (submenu) SettingsCommand
      [3] (submenu) TextInput
      [4] (submenu) Tools
[2025-12-09 22:30:17] MENU FRAME Selected=0 Count=4 Path=mainUI
  >>> [1] (submenu) Settings
      [2] (submenu) SettingsCommand
      [3] (submenu) TextInput
      [4] (submenu) Tools
[2025-12-09 22:30:30] MENU FRAME Selected=0 Count=4 Path=mainUI
  >>> [1] (submenu) Settings
      [2] (submenu) SettingsCommand
      [3] (submenu) TextInput
      [4] (submenu) Tools
[2025-12-09 22:31:06] MENU FRAME Selected=0 Count=4 Path=mainUI
  >>> [1] (submenu) Settings
      [2] (submenu) SettingsCommand
      [3] (submenu) TextInput
      [4] (submenu) Tools
